2024-05-09 17:40:51.287 [info] Log level: Info
2024-05-09 17:40:51.287 [info] Validating found git in: "git"
2024-05-09 17:40:51.287 [info] Using git "2.39.3" from "git"
2024-05-09 17:40:51.287 [info] > git rev-parse --show-toplevel [82ms]
2024-05-09 17:40:51.287 [info] > git rev-parse --git-dir --git-common-dir [58ms]
2024-05-09 17:40:51.287 [info] Open repository: /home/opc/OCI-Project
2024-05-09 17:40:51.298 [info] > git rev-parse --show-toplevel [39ms]
2024-05-09 17:40:51.305 [info] > git config --get commit.template [67ms]
2024-05-09 17:40:51.511 [info] > git rev-parse --show-toplevel [182ms]
2024-05-09 17:40:51.673 [info] > git show --textconv 67f27ab3373fb4f732d934560f611b19453bf24b:public/style.css [116ms]
2024-05-09 17:40:51.674 [info] > git show --textconv e2be48a12a4f90e635260e8997e42afd72e6073f:public/style.css [90ms]
2024-05-09 17:40:51.675 [info] > git ls-tree -l 67f27ab3373fb4f732d934560f611b19453bf24b -- /home/opc/OCI-Project/public/style.css [66ms]
2024-05-09 17:40:51.695 [info] > git for-each-ref --format=%(refname)%00%(upstream:short)%00%(objectname)%00%(upstream:track)%00%(upstream:remotename)%00%(upstream:remoteref) refs/heads/main refs/remotes/main [330ms]
2024-05-09 17:40:51.720 [info] > git ls-tree -l e2be48a12a4f90e635260e8997e42afd72e6073f -- /home/opc/OCI-Project/public/style.css [80ms]
2024-05-09 17:40:53.198 [info] > git check-ignore -v -z --stdin [8ms]
2024-05-09 17:40:53.201 [info] > git ls-tree -l e2be48a12a4f90e635260e8997e42afd72e6073f -- /home/opc/OCI-Project/public/style.css [135ms]
2024-05-09 17:40:53.202 [info] > git ls-tree -l 67f27ab3373fb4f732d934560f611b19453bf24b -- /home/opc/OCI-Project/public/style.css [154ms]
2024-05-09 17:40:53.408 [info] > git status -z -uall [193ms]
2024-05-09 17:40:53.509 [info] > git merge-base refs/heads/main refs/remotes/origin/main [57ms]
2024-05-09 17:40:53.580 [info] > git config --get commit.template [72ms]
2024-05-09 17:40:53.649 [info] > git rev-list --count --left-right refs/heads/main...refs/remotes/origin/main [106ms]
2024-05-09 17:40:53.705 [info] > git merge-base refs/heads/main refs/remotes/origin/main [68ms]
2024-05-09 17:40:53.805 [info] > git for-each-ref --format=%(refname)%00%(upstream:short)%00%(objectname)%00%(upstream:track)%00%(upstream:remotename)%00%(upstream:remoteref) refs/heads/main refs/remotes/main [103ms]
2024-05-09 17:40:53.805 [info] > git diff --name-status -z --diff-filter=ADMR e2be48a12a4f90e635260e8997e42afd72e6073f...refs/remotes/origin/main [131ms]
2024-05-09 17:40:53.848 [info] > git rev-list --count --left-right refs/heads/main...refs/remotes/origin/main [110ms]
2024-05-09 17:40:53.927 [info] > git status -z -uall [25ms]
2024-05-09 17:58:36.224 [info] > git ls-tree -l 67f27ab3373fb4f732d934560f611b19453bf24b -- /home/opc/OCI-Project/public/style.css [15ms]
2024-05-09 17:58:36.228 [info] > git ls-tree -l e2be48a12a4f90e635260e8997e42afd72e6073f -- /home/opc/OCI-Project/public/style.css [7ms]
2024-05-09 17:58:40.364 [info] > git ls-tree -l 67f27ab3373fb4f732d934560f611b19453bf24b -- /home/opc/OCI-Project/public/style.css [13ms]
2024-05-09 17:58:40.369 [info] > git ls-tree -l e2be48a12a4f90e635260e8997e42afd72e6073f -- /home/opc/OCI-Project/public/style.css [5ms]
2024-05-09 18:02:55.530 [info] > git ls-tree -l 67f27ab3373fb4f732d934560f611b19453bf24b -- /home/opc/OCI-Project/public/style.css [16ms]
2024-05-09 18:02:55.535 [info] > git ls-tree -l e2be48a12a4f90e635260e8997e42afd72e6073f -- /home/opc/OCI-Project/public/style.css [7ms]
2024-05-09 18:02:57.765 [info] > git check-ignore -v -z --stdin [4ms]
2024-05-09 18:03:04.043 [info] > git show --textconv :public/style.css [20ms]
2024-05-09 18:03:04.052 [info] > git ls-files --stage -- /home/opc/OCI-Project/public/style.css [15ms]
2024-05-09 18:03:04.070 [info] > git cat-file -s 0fbd0642b42eb93776393581ea1531c8bc388509 [8ms]
2024-05-09 18:17:46.896 [info] > git ls-files --stage -- /home/opc/OCI-Project/server/schema.SQL [14ms]
2024-05-09 18:17:46.907 [info] > git show --textconv :server/schema.SQL [45ms]
2024-05-09 18:17:46.912 [info] > git cat-file -s 73575d29cc657af56689df9d9008421250c06f02 [4ms]
2024-05-09 18:18:17.032 [info] > git show --textconv :server/server.js [140ms]
2024-05-09 18:18:17.044 [info] > git ls-files --stage -- /home/opc/OCI-Project/server/server.js [122ms]
2024-05-09 18:18:17.088 [info] > git cat-file -s 48d81c1665f49649caecbb0bcb3d8dcfb79d2ebc [18ms]
