2024-05-01 21:13:46.780 [info] Extension host with pid 213484 started
2024-05-01 21:13:46.780 [error] Error: EEXIST: file already exists, open '/home/opc/.vscode-server/data/User/workspaceStorage/7d8eddd239b4018bb456b8e70c5ab943/vscode.lock'
2024-05-01 21:13:46.783 [info] Lock '/home/opc/.vscode-server/data/User/workspaceStorage/7d8eddd239b4018bb456b8e70c5ab943/vscode.lock': Could not acquire lock, checking if the file is stale.
2024-05-01 21:13:46.799 [info] Lock '/home/opc/.vscode-server/data/User/workspaceStorage/7d8eddd239b4018bb456b8e70c5ab943/vscode.lock': The lock does not look stale, elapsed: 384 ms, giving up.
2024-05-01 21:13:46.804 [info] Lock '/home/opc/.vscode-server/data/User/workspaceStorage/7d8eddd239b4018bb456b8e70c5ab943-1/vscode.lock': Lock acquired.
2024-05-01 21:13:47.230 [info] ExtensionService#_doActivateExtension vscode.emmet, startup: false, activationEvent: 'onLanguage'
2024-05-01 21:13:47.231 [info] ExtensionService#_doActivateExtension vscode.typescript-language-features, startup: false, activationEvent: 'onLanguage:javascript'
2024-05-01 21:13:48.774 [info] ExtensionService#_doActivateExtension vscode.git-base, startup: true, activationEvent: '*', root cause: vscode.git
2024-05-01 21:13:48.831 [info] ExtensionService#_doActivateExtension vscode.npm, startup: true, activationEvent: 'workspaceContains:package.json'
2024-05-01 21:13:49.176 [info] ExtensionService#_doActivateExtension vscode.git, startup: true, activationEvent: '*'
2024-05-01 21:13:49.176 [info] ExtensionService#_doActivateExtension vscode.github, startup: true, activationEvent: '*'
2024-05-01 21:13:50.643 [info] Eager extensions activated
2024-05-01 21:13:50.643 [info] ExtensionService#_doActivateExtension vscode.debug-auto-launch, startup: false, activationEvent: 'onStartupFinished'
2024-05-01 21:13:50.645 [info] ExtensionService#_doActivateExtension vscode.merge-conflict, startup: false, activationEvent: 'onStartupFinished'
2024-05-01 21:13:53.154 [warning] [Decorations] CAPPING events from decorations provider vscode.git 2649
2024-05-01 21:13:55.015 [warning] [Decorations] CAPPING events from decorations provider vscode.git 2649
2024-05-01 21:15:06.834 [info] ExtensionService#_doActivateExtension vscode.extension-editing, startup: false, activationEvent: 'onLanguage:markdown'
2024-05-01 21:15:06.835 [info] ExtensionService#_doActivateExtension vscode.markdown-language-features, startup: false, activationEvent: 'onLanguage:markdown'
2024-05-01 21:15:07.600 [info] ExtensionService#_doActivateExtension vscode.markdown-math, startup: false, activationEvent: 'api', root cause: vscode.markdown-language-features
2024-05-01 21:15:16.937 [info] ExtensionService#_doActivateExtension ms-ossdata.vscode-postgresql, startup: false, activationEvent: 'onCommand:extension.pgsql.manageProfiles'
2024-05-01 21:15:17.473 [error] Activating extension ms-ossdata.vscode-postgresql failed due to an error:
2024-05-01 21:15:17.473 [error] TypeError: Cannot read properties of undefined (reading 'toString')
	at ServiceDownloadProvider.getDownloadFileName (/home/opc/.vscode-server/extensions/ms-ossdata.vscode-postgresql-0.3.0/out/src/languageservice/serviceDownloadProvider.js:31:47)
	at /home/opc/.vscode-server/extensions/ms-ossdata.vscode-postgresql-0.3.0/out/src/languageservice/serviceDownloadProvider.js:86:35
	at new Promise (<anonymous>)
	at ServiceDownloadProvider.installSQLToolsService (/home/opc/.vscode-server/extensions/ms-ossdata.vscode-postgresql-0.3.0/out/src/languageservice/serviceDownloadProvider.js:85:16)
	at /home/opc/.vscode-server/extensions/ms-ossdata.vscode-postgresql-0.3.0/out/src/languageservice/server.js:78:43
	at new Promise (<anonymous>)
	at ServerProvider.downloadServerFiles (/home/opc/.vscode-server/extensions/ms-ossdata.vscode-postgresql-0.3.0/out/src/languageservice/server.js:76:16)
	at SqlToolsServiceClient.<anonymous> (/home/opc/.vscode-server/extensions/ms-ossdata.vscode-postgresql-0.3.0/out/src/languageservice/serviceclient.js:164:70)
	at Generator.next (<anonymous>)
	at /home/opc/.vscode-server/extensions/ms-ossdata.vscode-postgresql-0.3.0/out/src/languageservice/serviceclient.js:11:71
	at new Promise (<anonymous>)
	at __awaiter (/home/opc/.vscode-server/extensions/ms-ossdata.vscode-postgresql-0.3.0/out/src/languageservice/serviceclient.js:7:12)
	at /home/opc/.vscode-server/extensions/ms-ossdata.vscode-postgresql-0.3.0/out/src/languageservice/serviceclient.js:157:89
	at tryCatcher (/home/opc/.vscode-server/extensions/ms-ossdata.vscode-postgresql-0.3.0/node_modules/bluebird/js/main/util.js:26:23)
	at Promise._settlePromiseFromHandler (/home/opc/.vscode-server/extensions/ms-ossdata.vscode-postgresql-0.3.0/node_modules/bluebird/js/main/promise.js:510:31)
	at Promise._settlePromiseAt (/home/opc/.vscode-server/extensions/ms-ossdata.vscode-postgresql-0.3.0/node_modules/bluebird/js/main/promise.js:584:18)
	at Promise._settlePromises (/home/opc/.vscode-server/extensions/ms-ossdata.vscode-postgresql-0.3.0/node_modules/bluebird/js/main/promise.js:700:14)
	at Async._drainQueue (/home/opc/.vscode-server/extensions/ms-ossdata.vscode-postgresql-0.3.0/node_modules/bluebird/js/main/async.js:123:16)
	at Async._drainQueues (/home/opc/.vscode-server/extensions/ms-ossdata.vscode-postgresql-0.3.0/node_modules/bluebird/js/main/async.js:133:10)
	at Async.drainQueues (/home/opc/.vscode-server/extensions/ms-ossdata.vscode-postgresql-0.3.0/node_modules/bluebird/js/main/async.js:15:14)
	at process.processImmediate (node:internal/timers:476:21)
2024-05-01 21:26:25.876 [warning] [Decorations] CAPPING events from decorations provider vscode.git 2649
2024-05-01 21:26:30.999 [warning] [Decorations] CAPPING events from decorations provider vscode.git 2648
2024-05-01 21:26:47.132 [warning] [Decorations] CAPPING events from decorations provider vscode.git 2647
2024-05-01 21:34:22.436 [warning] [Decorations] CAPPING events from decorations provider vscode.git 2647
2024-05-01 21:36:10.787 [warning] [Decorations] CAPPING events from decorations provider vscode.git 2647
2024-05-01 21:36:15.871 [warning] [Decorations] CAPPING events from decorations provider vscode.git 2647
2024-05-01 21:36:40.649 [warning] [Decorations] CAPPING events from decorations provider vscode.git 2647
2024-05-01 21:36:56.894 [warning] [Decorations] CAPPING events from decorations provider vscode.git 2647
2024-05-01 21:38:59.567 [warning] [Decorations] CAPPING events from decorations provider vscode.git 2647
2024-05-01 21:39:47.977 [warning] [Decorations] CAPPING events from decorations provider vscode.git 2648
2024-05-01 21:40:17.574 [warning] [Decorations] CAPPING events from decorations provider vscode.git 2648
2024-05-01 21:40:32.639 [warning] [Decorations] CAPPING events from decorations provider vscode.git 2648
2024-05-01 21:40:45.085 [warning] [Decorations] CAPPING events from decorations provider vscode.git 2648
2024-05-01 21:41:32.521 [warning] [Decorations] CAPPING events from decorations provider vscode.git 2648
2024-05-01 21:41:56.996 [warning] [Decorations] CAPPING events from decorations provider vscode.git 2648
2024-05-01 21:42:58.026 [warning] [Decorations] CAPPING events from decorations provider vscode.git 2648
2024-05-01 21:43:27.603 [warning] [Decorations] CAPPING events from decorations provider vscode.git 2648
2024-05-01 21:45:57.939 [warning] [Decorations] CAPPING events from decorations provider vscode.git 2648
2024-05-01 21:46:36.258 [warning] [Decorations] CAPPING events from decorations provider vscode.git 2649
2024-05-01 21:46:59.401 [warning] [Decorations] CAPPING events from decorations provider vscode.git 2649
2024-05-01 21:47:04.936 [warning] [Decorations] CAPPING events from decorations provider vscode.git 2649
2024-05-01 21:47:17.032 [warning] [Decorations] CAPPING events from decorations provider vscode.git 2650
2024-05-01 21:47:32.590 [warning] [Decorations] CAPPING events from decorations provider vscode.git 2649
2024-05-01 21:47:53.972 [warning] [Decorations] CAPPING events from decorations provider vscode.git 2648
2024-05-01 21:48:02.320 [warning] [Decorations] CAPPING events from decorations provider vscode.git 2647
2024-05-01 21:48:37.728 [warning] [Decorations] CAPPING events from decorations provider vscode.git 2647
2024-05-01 22:00:27.377 [info] ExtensionService#_doActivateExtension Postman.postman-for-vscode, startup: false, activationEvent: 'onStartupFinished'
2024-05-01 22:00:38.111 [error] TypeError: Only HTTP(S) protocols are supported
	at /home/opc/.vscode-server/extensions/postman.postman-for-vscode-1.0.1/dist/extension.js:2:6231122
	at /home/opc/.vscode-server/extensions/postman.postman-for-vscode-1.0.1/dist/extension.js:2:6231822
	at new Promise (<anonymous>)
	at tu (/home/opc/.vscode-server/extensions/postman.postman-for-vscode-1.0.1/dist/extension.js:2:6230848)
	at iu.<anonymous> (/home/opc/.vscode-server/extensions/postman.postman-for-vscode-1.0.1/dist/extension.js:2:6236135)
	at Generator.next (<anonymous>)
	at /home/opc/.vscode-server/extensions/postman.postman-for-vscode-1.0.1/dist/extension.js:2:5998550
	at new Promise (<anonymous>)
	at i (/home/opc/.vscode-server/extensions/postman.postman-for-vscode-1.0.1/dist/extension.js:2:5998284)
	at iu.fetch (/home/opc/.vscode-server/extensions/postman.postman-for-vscode-1.0.1/dist/extension.js:2:6236048)
	at Yl.<anonymous> (/home/opc/.vscode-server/extensions/postman.postman-for-vscode-1.0.1/dist/extension.js:2:6279295)
	at Generator.next (<anonymous>)
	at /home/opc/.vscode-server/extensions/postman.postman-for-vscode-1.0.1/dist/extension.js:2:5998550
	at new Promise (<anonymous>)
	at i (/home/opc/.vscode-server/extensions/postman.postman-for-vscode-1.0.1/dist/extension.js:2:5998284)
	at Yl.handlePromiseBasedMessage (/home/opc/.vscode-server/extensions/postman.postman-for-vscode-1.0.1/dist/extension.js:2:6279199)
	at Zl.<anonymous> (/home/opc/.vscode-server/extensions/postman.postman-for-vscode-1.0.1/dist/extension.js:2:6287262)
	at Generator.next (<anonymous>)
	at /home/opc/.vscode-server/extensions/postman.postman-for-vscode-1.0.1/dist/extension.js:2:5998550
	at new Promise (<anonymous>)
	at i (/home/opc/.vscode-server/extensions/postman.postman-for-vscode-1.0.1/dist/extension.js:2:5998284)
	at Zl.handleMessageFromWebview (/home/opc/.vscode-server/extensions/postman.postman-for-vscode-1.0.1/dist/extension.js:2:6286443)
	at o.value (/home/opc/.vscode-server/extensions/postman.postman-for-vscode-1.0.1/dist/extension.js:2:6283851)
	at s.y (/home/opc/.vscode-server/cli/servers/Stable-e170252f762678dec6ca2cc69aba1570769a5d39/server/out/vs/workbench/api/node/extensionHostProcess.js:82:659)
	at s.fire (/home/opc/.vscode-server/cli/servers/Stable-e170252f762678dec6ca2cc69aba1570769a5d39/server/out/vs/workbench/api/node/extensionHostProcess.js:82:876)
	at y.$onMessage (/home/opc/.vscode-server/cli/servers/Stable-e170252f762678dec6ca2cc69aba1570769a5d39/server/out/vs/workbench/api/node/extensionHostProcess.js:146:14048)
	at l.S (/home/opc/.vscode-server/cli/servers/Stable-e170252f762678dec6ca2cc69aba1570769a5d39/server/out/vs/workbench/api/node/extensionHostProcess.js:151:5502)
	at l.Q (/home/opc/.vscode-server/cli/servers/Stable-e170252f762678dec6ca2cc69aba1570769a5d39/server/out/vs/workbench/api/node/extensionHostProcess.js:151:5268)
	at l.M (/home/opc/.vscode-server/cli/servers/Stable-e170252f762678dec6ca2cc69aba1570769a5d39/server/out/vs/workbench/api/node/extensionHostProcess.js:151:4361)
	at l.L (/home/opc/.vscode-server/cli/servers/Stable-e170252f762678dec6ca2cc69aba1570769a5d39/server/out/vs/workbench/api/node/extensionHostProcess.js:151:3579)
	at o.value (/home/opc/.vscode-server/cli/servers/Stable-e170252f762678dec6ca2cc69aba1570769a5d39/server/out/vs/workbench/api/node/extensionHostProcess.js:151:2227)
	at s.y (/home/opc/.vscode-server/cli/servers/Stable-e170252f762678dec6ca2cc69aba1570769a5d39/server/out/vs/workbench/api/node/extensionHostProcess.js:82:659)
	at s.fire (/home/opc/.vscode-server/cli/servers/Stable-e170252f762678dec6ca2cc69aba1570769a5d39/server/out/vs/workbench/api/node/extensionHostProcess.js:82:876)
	at r.fire (/home/opc/.vscode-server/cli/servers/Stable-e170252f762678dec6ca2cc69aba1570769a5d39/server/out/vs/workbench/api/node/extensionHostProcess.js:107:14173)
	at o.value (/home/opc/.vscode-server/cli/servers/Stable-e170252f762678dec6ca2cc69aba1570769a5d39/server/out/vs/workbench/api/node/extensionHostProcess.js:177:8018)
	at s.y (/home/opc/.vscode-server/cli/servers/Stable-e170252f762678dec6ca2cc69aba1570769a5d39/server/out/vs/workbench/api/node/extensionHostProcess.js:82:659)
	at s.fire (/home/opc/.vscode-server/cli/servers/Stable-e170252f762678dec6ca2cc69aba1570769a5d39/server/out/vs/workbench/api/node/extensionHostProcess.js:82:876)
	at r.fire (/home/opc/.vscode-server/cli/servers/Stable-e170252f762678dec6ca2cc69aba1570769a5d39/server/out/vs/workbench/api/node/extensionHostProcess.js:107:14173)
	at d.z (/home/opc/.vscode-server/cli/servers/Stable-e170252f762678dec6ca2cc69aba1570769a5d39/server/out/vs/workbench/api/node/extensionHostProcess.js:107:17238)
	at o.value (/home/opc/.vscode-server/cli/servers/Stable-e170252f762678dec6ca2cc69aba1570769a5d39/server/out/vs/workbench/api/node/extensionHostProcess.js:107:15690)
	at s.y (/home/opc/.vscode-server/cli/servers/Stable-e170252f762678dec6ca2cc69aba1570769a5d39/server/out/vs/workbench/api/node/extensionHostProcess.js:82:659)
	at s.fire (/home/opc/.vscode-server/cli/servers/Stable-e170252f762678dec6ca2cc69aba1570769a5d39/server/out/vs/workbench/api/node/extensionHostProcess.js:82:876)
	at g.acceptChunk (/home/opc/.vscode-server/cli/servers/Stable-e170252f762678dec6ca2cc69aba1570769a5d39/server/out/vs/workbench/api/node/extensionHostProcess.js:107:11947)
	at /home/opc/.vscode-server/cli/servers/Stable-e170252f762678dec6ca2cc69aba1570769a5d39/server/out/vs/workbench/api/node/extensionHostProcess.js:107:11234
	at Socket.k (/home/opc/.vscode-server/cli/servers/Stable-e170252f762678dec6ca2cc69aba1570769a5d39/server/out/vs/workbench/api/node/extensionHostProcess.js:174:13162)
	at Socket.emit (node:events:517:28)
	at Socket.emit (node:domain:489:12)
	at addChunk (node:internal/streams/readable:335:12)
	at readableAddChunk (node:internal/streams/readable:308:9)
	at Readable.push (node:internal/streams/readable:245:10)
	at Pipe.onStreamRead (node:internal/stream_base_commons:190:23)
2024-05-01 22:02:10.081 [error] RangeError: Port should be >= 0 and < 65536. Received type string ('categories').
	at new NodeError (node:internal/errors:405:5)
	at validatePort (node:internal/validators:409:11)
	at lookupAndConnect (node:net:1280:5)
	at Socket.connect (node:net:1237:5)
	at Agent.connect [as createConnection] (node:net:249:17)
	at Agent.createSocket (node:_http_agent:341:26)
	at Agent.addRequest (node:_http_agent:288:10)
	at /home/opc/.vscode-server/cli/servers/Stable-e170252f762678dec6ca2cc69aba1570769a5d39/server/node_modules/agent-base/dist/index.js:77:31
2024-05-01 22:02:25.648 [error] RangeError: Port should be >= 0 and < 65536. Received type string ('categories').
	at new NodeError (node:internal/errors:405:5)
	at validatePort (node:internal/validators:409:11)
	at lookupAndConnect (node:net:1280:5)
	at Socket.connect (node:net:1237:5)
	at Agent.connect [as createConnection] (node:net:249:17)
	at Agent.createSocket (node:_http_agent:341:26)
	at Agent.addRequest (node:_http_agent:288:10)
	at /home/opc/.vscode-server/cli/servers/Stable-e170252f762678dec6ca2cc69aba1570769a5d39/server/node_modules/agent-base/dist/index.js:77:31
2024-05-01 22:17:29.854 [info] ExtensionService#_doActivateExtension vscode.html-language-features, startup: false, activationEvent: 'onLanguage:html'
2024-05-02 05:49:39.143 [info] Extension host terminating: renderer disconnected for too long (1)
2024-05-02 05:49:39.613 [info] Lock '/home/opc/.vscode-server/data/User/workspaceStorage/7d8eddd239b4018bb456b8e70c5ab943-1/vscode.lock': Marking the lockfile as scheduled to be released in 6000 ms.
2024-05-02 05:49:39.872 [error] Canceled: Canceled
	at new O (/home/opc/.vscode-server/cli/servers/Stable-e170252f762678dec6ca2cc69aba1570769a5d39/server/out/vs/workbench/api/node/extensionHostProcess.js:144:46998)
	at l.U (/home/opc/.vscode-server/cli/servers/Stable-e170252f762678dec6ca2cc69aba1570769a5d39/server/out/vs/workbench/api/node/extensionHostProcess.js:151:5539)
	at T.<computed>.F.charCodeAt.T.<computed> (/home/opc/.vscode-server/cli/servers/Stable-e170252f762678dec6ca2cc69aba1570769a5d39/server/out/vs/workbench/api/node/extensionHostProcess.js:151:2993)
	at d.g (/home/opc/.vscode-server/cli/servers/Stable-e170252f762678dec6ca2cc69aba1570769a5d39/server/out/vs/workbench/api/node/extensionHostProcess.js:154:186335)
	at d.executeCommand (/home/opc/.vscode-server/cli/servers/Stable-e170252f762678dec6ca2cc69aba1570769a5d39/server/out/vs/workbench/api/node/extensionHostProcess.js:154:185773)
	at E.registerCommand.description (/home/opc/.vscode-server/cli/servers/Stable-e170252f762678dec6ca2cc69aba1570769a5d39/server/out/vs/workbench/api/node/extensionHostProcess.js:154:185097)
	at d.h (/home/opc/.vscode-server/cli/servers/Stable-e170252f762678dec6ca2cc69aba1570769a5d39/server/out/vs/workbench/api/node/extensionHostProcess.js:154:186874)
	at d.g (/home/opc/.vscode-server/cli/servers/Stable-e170252f762678dec6ca2cc69aba1570769a5d39/server/out/vs/workbench/api/node/extensionHostProcess.js:154:185866)
	at d.executeCommand (/home/opc/.vscode-server/cli/servers/Stable-e170252f762678dec6ca2cc69aba1570769a5d39/server/out/vs/workbench/api/node/extensionHostProcess.js:154:185773)
	at Object.executeCommand (/home/opc/.vscode-server/cli/servers/Stable-e170252f762678dec6ca2cc69aba1570769a5d39/server/out/vs/workbench/api/node/extensionHostProcess.js:164:22785)
	at o.O [as value] (/home/opc/.vscode-server/cli/servers/Stable-e170252f762678dec6ca2cc69aba1570769a5d39/server/extensions/git/dist/main.js:2:945802)
	at s.y (/home/opc/.vscode-server/cli/servers/Stable-e170252f762678dec6ca2cc69aba1570769a5d39/server/out/vs/workbench/api/node/extensionHostProcess.js:82:659)
	at s.z (/home/opc/.vscode-server/cli/servers/Stable-e170252f762678dec6ca2cc69aba1570769a5d39/server/out/vs/workbench/api/node/extensionHostProcess.js:82:729)
	at s.fire (/home/opc/.vscode-server/cli/servers/Stable-e170252f762678dec6ca2cc69aba1570769a5d39/server/out/vs/workbench/api/node/extensionHostProcess.js:82:945)
	at Object.m [as dispose] (/home/opc/.vscode-server/cli/servers/Stable-e170252f762678dec6ca2cc69aba1570769a5d39/server/extensions/git/dist/main.js:2:964886)
	at /home/opc/.vscode-server/cli/servers/Stable-e170252f762678dec6ca2cc69aba1570769a5d39/server/extensions/git/dist/main.js:2:970920
	at Array.forEach (<anonymous>)
	at f.dispose (/home/opc/.vscode-server/cli/servers/Stable-e170252f762678dec6ca2cc69aba1570769a5d39/server/extensions/git/dist/main.js:2:970906)
	at a.<anonymous> (/home/opc/.vscode-server/cli/servers/Stable-e170252f762678dec6ca2cc69aba1570769a5d39/server/out/vs/workbench/api/node/extensionHostProcess.js:152:3830)
	at a.dispose (/home/opc/.vscode-server/cli/servers/Stable-e170252f762678dec6ca2cc69aba1570769a5d39/server/out/vs/workbench/api/node/extensionHostProcess.js:152:3927)
	at a.<anonymous> (/home/opc/.vscode-server/cli/servers/Stable-e170252f762678dec6ca2cc69aba1570769a5d39/server/extensions/git/dist/main.js:2:948059)
	at a.dispose (/home/opc/.vscode-server/cli/servers/Stable-e170252f762678dec6ca2cc69aba1570769a5d39/server/out/vs/workbench/api/node/extensionHostProcess.js:152:3927)
	at o (/home/opc/.vscode-server/cli/servers/Stable-e170252f762678dec6ca2cc69aba1570769a5d39/server/out/vs/workbench/api/node/extensionHostProcess.js:30:714)
	at g.eb (/home/opc/.vscode-server/cli/servers/Stable-e170252f762678dec6ca2cc69aba1570769a5d39/server/out/vs/workbench/api/node/extensionHostProcess.js:160:9967)
	at /home/opc/.vscode-server/cli/servers/Stable-e170252f762678dec6ca2cc69aba1570769a5d39/server/out/vs/workbench/api/node/extensionHostProcess.js:160:7816
	at Array.map (<anonymous>)
	at g.$ (/home/opc/.vscode-server/cli/servers/Stable-e170252f762678dec6ca2cc69aba1570769a5d39/server/out/vs/workbench/api/node/extensionHostProcess.js:160:7803)
	at g.terminate (/home/opc/.vscode-server/cli/servers/Stable-e170252f762678dec6ca2cc69aba1570769a5d39/server/out/vs/workbench/api/node/extensionHostProcess.js:160:8077)
	at o.terminate (/home/opc/.vscode-server/cli/servers/Stable-e170252f762678dec6ca2cc69aba1570769a5d39/server/out/vs/workbench/api/node/extensionHostProcess.js:164:1513)
	at t (/home/opc/.vscode-server/cli/servers/Stable-e170252f762678dec6ca2cc69aba1570769a5d39/server/out/vs/workbench/api/node/extensionHostProcess.js:177:9917)
	at j.a (/home/opc/.vscode-server/cli/servers/Stable-e170252f762678dec6ca2cc69aba1570769a5d39/server/out/vs/workbench/api/node/extensionHostProcess.js:177:6647)
	at j.h (/home/opc/.vscode-server/cli/servers/Stable-e170252f762678dec6ca2cc69aba1570769a5d39/server/out/vs/workbench/api/node/extensionHostProcess.js:99:20622)
	at listOnTimeout (node:internal/timers:569:17)
	at process.processTimers (node:internal/timers:512:7) setContext undefined
2024-05-02 05:49:39.872 [error] Canceled: Canceled
	at new O (/home/opc/.vscode-server/cli/servers/Stable-e170252f762678dec6ca2cc69aba1570769a5d39/server/out/vs/workbench/api/node/extensionHostProcess.js:144:46998)
	at l.U (/home/opc/.vscode-server/cli/servers/Stable-e170252f762678dec6ca2cc69aba1570769a5d39/server/out/vs/workbench/api/node/extensionHostProcess.js:151:5539)
	at T.<computed>.F.charCodeAt.T.<computed> (/home/opc/.vscode-server/cli/servers/Stable-e170252f762678dec6ca2cc69aba1570769a5d39/server/out/vs/workbench/api/node/extensionHostProcess.js:151:2993)
	at d.g (/home/opc/.vscode-server/cli/servers/Stable-e170252f762678dec6ca2cc69aba1570769a5d39/server/out/vs/workbench/api/node/extensionHostProcess.js:154:186335)
	at d.executeCommand (/home/opc/.vscode-server/cli/servers/Stable-e170252f762678dec6ca2cc69aba1570769a5d39/server/out/vs/workbench/api/node/extensionHostProcess.js:154:185773)
	at E.registerCommand.description (/home/opc/.vscode-server/cli/servers/Stable-e170252f762678dec6ca2cc69aba1570769a5d39/server/out/vs/workbench/api/node/extensionHostProcess.js:154:185097)
	at d.h (/home/opc/.vscode-server/cli/servers/Stable-e170252f762678dec6ca2cc69aba1570769a5d39/server/out/vs/workbench/api/node/extensionHostProcess.js:154:186874)
	at d.g (/home/opc/.vscode-server/cli/servers/Stable-e170252f762678dec6ca2cc69aba1570769a5d39/server/out/vs/workbench/api/node/extensionHostProcess.js:154:185866)
	at d.executeCommand (/home/opc/.vscode-server/cli/servers/Stable-e170252f762678dec6ca2cc69aba1570769a5d39/server/out/vs/workbench/api/node/extensionHostProcess.js:154:185773)
	at Object.executeCommand (/home/opc/.vscode-server/cli/servers/Stable-e170252f762678dec6ca2cc69aba1570769a5d39/server/out/vs/workbench/api/node/extensionHostProcess.js:164:22785)
	at set hasGitHubRepositories [as hasGitHubRepositories] (/home/opc/.vscode-server/cli/servers/Stable-e170252f762678dec6ca2cc69aba1570769a5d39/server/extensions/github/dist/extension.js:2:324866)
	at /home/opc/.vscode-server/cli/servers/Stable-e170252f762678dec6ca2cc69aba1570769a5d39/server/extensions/github/dist/extension.js:2:325825
	at o.value (/home/opc/.vscode-server/cli/servers/Stable-e170252f762678dec6ca2cc69aba1570769a5d39/server/extensions/git/dist/main.js:2:1051703)
	at s.y (/home/opc/.vscode-server/cli/servers/Stable-e170252f762678dec6ca2cc69aba1570769a5d39/server/out/vs/workbench/api/node/extensionHostProcess.js:82:659)
	at s.z (/home/opc/.vscode-server/cli/servers/Stable-e170252f762678dec6ca2cc69aba1570769a5d39/server/out/vs/workbench/api/node/extensionHostProcess.js:82:729)
	at s.fire (/home/opc/.vscode-server/cli/servers/Stable-e170252f762678dec6ca2cc69aba1570769a5d39/server/out/vs/workbench/api/node/extensionHostProcess.js:82:945)
	at Object.m [as dispose] (/home/opc/.vscode-server/cli/servers/Stable-e170252f762678dec6ca2cc69aba1570769a5d39/server/extensions/git/dist/main.js:2:964886)
	at /home/opc/.vscode-server/cli/servers/Stable-e170252f762678dec6ca2cc69aba1570769a5d39/server/extensions/git/dist/main.js:2:970920
	at Array.forEach (<anonymous>)
	at f.dispose (/home/opc/.vscode-server/cli/servers/Stable-e170252f762678dec6ca2cc69aba1570769a5d39/server/extensions/git/dist/main.js:2:970906)
	at a.<anonymous> (/home/opc/.vscode-server/cli/servers/Stable-e170252f762678dec6ca2cc69aba1570769a5d39/server/out/vs/workbench/api/node/extensionHostProcess.js:152:3830)
	at a.dispose (/home/opc/.vscode-server/cli/servers/Stable-e170252f762678dec6ca2cc69aba1570769a5d39/server/out/vs/workbench/api/node/extensionHostProcess.js:152:3927)
	at a.<anonymous> (/home/opc/.vscode-server/cli/servers/Stable-e170252f762678dec6ca2cc69aba1570769a5d39/server/extensions/git/dist/main.js:2:948059)
	at a.dispose (/home/opc/.vscode-server/cli/servers/Stable-e170252f762678dec6ca2cc69aba1570769a5d39/server/out/vs/workbench/api/node/extensionHostProcess.js:152:3927)
	at o (/home/opc/.vscode-server/cli/servers/Stable-e170252f762678dec6ca2cc69aba1570769a5d39/server/out/vs/workbench/api/node/extensionHostProcess.js:30:714)
	at g.eb (/home/opc/.vscode-server/cli/servers/Stable-e170252f762678dec6ca2cc69aba1570769a5d39/server/out/vs/workbench/api/node/extensionHostProcess.js:160:9967)
	at /home/opc/.vscode-server/cli/servers/Stable-e170252f762678dec6ca2cc69aba1570769a5d39/server/out/vs/workbench/api/node/extensionHostProcess.js:160:7816
	at Array.map (<anonymous>)
	at g.$ (/home/opc/.vscode-server/cli/servers/Stable-e170252f762678dec6ca2cc69aba1570769a5d39/server/out/vs/workbench/api/node/extensionHostProcess.js:160:7803)
	at g.terminate (/home/opc/.vscode-server/cli/servers/Stable-e170252f762678dec6ca2cc69aba1570769a5d39/server/out/vs/workbench/api/node/extensionHostProcess.js:160:8077)
	at o.terminate (/home/opc/.vscode-server/cli/servers/Stable-e170252f762678dec6ca2cc69aba1570769a5d39/server/out/vs/workbench/api/node/extensionHostProcess.js:164:1513)
	at t (/home/opc/.vscode-server/cli/servers/Stable-e170252f762678dec6ca2cc69aba1570769a5d39/server/out/vs/workbench/api/node/extensionHostProcess.js:177:9917)
	at j.a (/home/opc/.vscode-server/cli/servers/Stable-e170252f762678dec6ca2cc69aba1570769a5d39/server/out/vs/workbench/api/node/extensionHostProcess.js:177:6647)
	at j.h (/home/opc/.vscode-server/cli/servers/Stable-e170252f762678dec6ca2cc69aba1570769a5d39/server/out/vs/workbench/api/node/extensionHostProcess.js:99:20622)
	at listOnTimeout (node:internal/timers:569:17)
	at process.processTimers (node:internal/timers:512:7) setContext undefined
2024-05-02 05:49:50.117 [error] Error: Stopping the server timed out
	at /home/opc/.vscode-server/cli/servers/Stable-e170252f762678dec6ca2cc69aba1570769a5d39/server/extensions/html-language-features/client/dist/node/htmlClientMain.js:1:273504
	at runNextTicks (node:internal/process/task_queues:60:5)
	at listOnTimeout (node:internal/timers:538:9)
	at process.processTimers (node:internal/timers:512:7)
	at async Object.dispose (/home/opc/.vscode-server/cli/servers/Stable-e170252f762678dec6ca2cc69aba1570769a5d39/server/extensions/html-language-features/client/dist/node/htmlClientMain.js:1:503235)
	at async Object.dispose (/home/opc/.vscode-server/cli/servers/Stable-e170252f762678dec6ca2cc69aba1570769a5d39/server/extensions/html-language-features/client/dist/node/htmlClientMain.js:1:498710)
	at async e.deactivate (/home/opc/.vscode-server/cli/servers/Stable-e170252f762678dec6ca2cc69aba1570769a5d39/server/extensions/html-language-features/client/dist/node/htmlClientMain.js:1:544335)
	at async Promise.all (index 6)
	at async g.$ (/home/opc/.vscode-server/cli/servers/Stable-e170252f762678dec6ca2cc69aba1570769a5d39/server/out/vs/workbench/api/node/extensionHostProcess.js:160:7831)
2024-05-02 05:49:50.117 [info] Extension host with pid 213484 exiting with code 0
