2024-05-01 15:28:13.728 [info] Log level: Info
2024-05-01 15:28:13.728 [info] Validating found git in: "git"
2024-05-01 15:28:13.728 [info] Using git "2.39.3" from "git"
2024-05-01 15:28:13.728 [info] > git rev-parse --show-toplevel [16ms]
2024-05-01 15:28:13.738 [info] > git rev-parse --git-dir --git-common-dir [3ms]
2024-05-01 15:28:13.755 [info] Open repository: /home/opc/OCI-Project
2024-05-01 15:28:13.776 [info] > git config --get commit.template [11ms]
2024-05-01 15:28:13.792 [info] > git rev-parse --show-toplevel [15ms]
2024-05-01 15:28:13.815 [info] > git for-each-ref --format=%(refname)%00%(upstream:short)%00%(objectname)%00%(upstream:track)%00%(upstream:remotename)%00%(upstream:remoteref) refs/heads/main refs/remotes/main [29ms]
2024-05-01 15:28:13.818 [info] > git rev-parse --show-toplevel [11ms]
2024-05-01 15:28:13.993 [info] > git status -z -uall [52ms]
2024-05-01 15:28:13.993 [info] > git rev-parse --show-toplevel [169ms]
2024-05-01 15:28:14.148 [info] > git merge-base refs/heads/main refs/remotes/origin/main [90ms]
2024-05-01 15:28:14.190 [info] > git config --get commit.template [31ms]
2024-05-01 15:28:14.191 [info] > git rev-list --count --left-right refs/heads/main...refs/remotes/origin/main [20ms]
2024-05-01 15:28:14.233 [info] > git diff --name-status -z --diff-filter=ADMR 272f6775ea9e4855feae38b4ab7041c87854fa4e...refs/remotes/origin/main [22ms]
2024-05-01 15:28:14.251 [info] > git for-each-ref --format=%(refname)%00%(upstream:short)%00%(objectname)%00%(upstream:track)%00%(upstream:remotename)%00%(upstream:remoteref) refs/heads/main refs/remotes/main [19ms]
2024-05-01 15:28:14.594 [info] > git status -z -uall [312ms]
2024-05-01 15:28:14.594 [info] > git show --textconv :server/schema.SQL [269ms]
2024-05-01 15:28:14.623 [info] > git ls-files --stage -- /home/opc/OCI-Project/server/schema.SQL [267ms]
2024-05-01 15:28:14.638 [info] > git check-ignore -v -z --stdin [31ms]
2024-05-01 15:28:14.660 [info] > git cat-file -s 73575d29cc657af56689df9d9008421250c06f02 [26ms]
2024-05-01 15:51:38.779 [info] > git ls-files --stage -- /home/opc/OCI-Project/server/schema.SQL [9ms]
2024-05-01 15:51:38.787 [info] > git show --textconv :server/schema.SQL [36ms]
2024-05-01 15:51:38.791 [info] > git cat-file -s 73575d29cc657af56689df9d9008421250c06f02 [5ms]
2024-05-01 15:54:33.610 [info] > git check-ignore -v -z --stdin [4ms]
2024-05-01 15:55:42.277 [info] > git show --textconv :server/server.js [303ms]
2024-05-01 15:55:42.278 [info] > git ls-files --stage -- /home/opc/OCI-Project/server/server.js [267ms]
2024-05-01 15:55:42.556 [info] > git cat-file -s b852ab1b0cafdb5bd6d6dc375828daa7fe338d68 [155ms]
2024-05-01 16:23:40.642 [info] > git ls-files --stage -- /home/opc/OCI-Project/server/schema.SQL [11ms]
2024-05-01 16:23:40.650 [info] > git show --textconv :server/schema.SQL [40ms]
2024-05-01 16:23:40.655 [info] > git cat-file -s 73575d29cc657af56689df9d9008421250c06f02 [5ms]
2024-05-01 18:44:54.719 [info] > git ls-files --stage -- /home/opc/OCI-Project/server/app.js [21ms]
2024-05-01 18:44:54.724 [info] > git show --textconv :server/app.js [50ms]
2024-05-01 18:44:54.814 [info] > git check-ignore -v -z --stdin [19ms]
2024-05-01 18:44:55.248 [info] > git config --get commit.template [14ms]
2024-05-01 18:44:55.254 [info] > git for-each-ref --format=%(refname)%00%(upstream:short)%00%(objectname)%00%(upstream:track)%00%(upstream:remotename)%00%(upstream:remoteref) refs/heads/main refs/remotes/main [8ms]
2024-05-01 18:44:55.269 [info] > git status -z -uall [7ms]
2024-05-01 18:46:54.943 [info] > git config --get commit.template [13ms]
2024-05-01 18:46:54.945 [info] > git for-each-ref --format=%(refname)%00%(upstream:short)%00%(objectname)%00%(upstream:track)%00%(upstream:remotename)%00%(upstream:remoteref) refs/heads/main refs/remotes/main [9ms]
2024-05-01 18:46:54.959 [info] > git status -z -uall [4ms]
2024-05-01 18:48:03.633 [info] > git show --textconv :server/server.js [15ms]
2024-05-01 18:48:03.639 [info] > git ls-files --stage -- /home/opc/OCI-Project/server/server.js [10ms]
2024-05-01 18:48:03.657 [info] > git cat-file -s b852ab1b0cafdb5bd6d6dc375828daa7fe338d68 [6ms]
2024-05-01 18:48:26.346 [info] > git show --textconv :server/app.js [9ms]
2024-05-01 18:48:26.349 [info] > git ls-files --stage -- /home/opc/OCI-Project/server/app.js [4ms]
2024-05-01 18:48:33.279 [info] > git show --textconv :server/server.js [23ms]
2024-05-01 18:48:33.287 [info] > git ls-files --stage -- /home/opc/OCI-Project/server/server.js [17ms]
2024-05-01 18:48:33.322 [info] > git cat-file -s b852ab1b0cafdb5bd6d6dc375828daa7fe338d68 [19ms]
2024-05-01 18:48:42.239 [info] > git show --textconv :server/app.js [8ms]
2024-05-01 18:48:42.243 [info] > git ls-files --stage -- /home/opc/OCI-Project/server/app.js [5ms]
2024-05-01 18:48:56.308 [info] > git show --textconv :server/server.js [11ms]
2024-05-01 18:48:56.312 [info] > git ls-files --stage -- /home/opc/OCI-Project/server/server.js [5ms]
2024-05-01 18:48:56.320 [info] > git cat-file -s b852ab1b0cafdb5bd6d6dc375828daa7fe338d68 [3ms]
2024-05-01 18:49:05.718 [info] > git config --get commit.template [11ms]
2024-05-01 18:49:05.721 [info] > git for-each-ref --format=%(refname)%00%(upstream:short)%00%(objectname)%00%(upstream:track)%00%(upstream:remotename)%00%(upstream:remoteref) refs/heads/main refs/remotes/main [4ms]
2024-05-01 18:49:05.732 [info] > git status -z -uall [4ms]
2024-05-01 18:50:02.075 [info] > git config --get commit.template [9ms]
2024-05-01 18:50:02.078 [info] > git for-each-ref --format=%(refname)%00%(upstream:short)%00%(objectname)%00%(upstream:track)%00%(upstream:remotename)%00%(upstream:remoteref) refs/heads/main refs/remotes/main [3ms]
2024-05-01 18:50:02.088 [info] > git status -z -uall [4ms]
2024-05-01 18:50:27.186 [info] > git config --get commit.template [17ms]
2024-05-01 18:50:27.189 [info] > git for-each-ref --format=%(refname)%00%(upstream:short)%00%(objectname)%00%(upstream:track)%00%(upstream:remotename)%00%(upstream:remoteref) refs/heads/main refs/remotes/main [6ms]
2024-05-01 18:50:27.201 [info] > git status -z -uall [4ms]
2024-05-01 18:51:49.148 [info] > git config --get commit.template [9ms]
2024-05-01 18:51:49.151 [info] > git for-each-ref --format=%(refname)%00%(upstream:short)%00%(objectname)%00%(upstream:track)%00%(upstream:remotename)%00%(upstream:remoteref) refs/heads/main refs/remotes/main [5ms]
2024-05-01 18:51:49.160 [info] > git status -z -uall [3ms]
2024-05-01 18:52:01.548 [info] > git show --textconv :server/db.js [14ms]
2024-05-01 18:52:01.552 [info] > git ls-files --stage -- /home/opc/OCI-Project/server/db.js [7ms]
2024-05-01 18:52:01.655 [info] > git check-ignore -v -z --stdin [11ms]
2024-05-01 18:52:02.065 [info] > git config --get commit.template [9ms]
2024-05-01 18:52:02.069 [info] > git for-each-ref --format=%(refname)%00%(upstream:short)%00%(objectname)%00%(upstream:track)%00%(upstream:remotename)%00%(upstream:remoteref) refs/heads/main refs/remotes/main [5ms]
2024-05-01 18:52:02.081 [info] > git status -z -uall [5ms]
2024-05-01 18:55:05.581 [info] > git config --get commit.template [21ms]
2024-05-01 18:55:05.598 [info] > git for-each-ref --format=%(refname)%00%(upstream:short)%00%(objectname)%00%(upstream:track)%00%(upstream:remotename)%00%(upstream:remoteref) refs/heads/main refs/remotes/main [20ms]
2024-05-01 18:55:05.635 [info] > git status -z -uall [18ms]
2024-05-01 18:59:43.505 [info] > git config --get commit.template [39ms]
2024-05-01 18:59:43.510 [info] > git for-each-ref --format=%(refname)%00%(upstream:short)%00%(objectname)%00%(upstream:track)%00%(upstream:remotename)%00%(upstream:remoteref) refs/heads/main refs/remotes/main [16ms]
2024-05-01 18:59:43.528 [info] > git status -z -uall [8ms]
2024-05-01 19:00:02.356 [info] > git config --get commit.template [13ms]
2024-05-01 19:00:02.359 [info] > git for-each-ref --format=%(refname)%00%(upstream:short)%00%(objectname)%00%(upstream:track)%00%(upstream:remotename)%00%(upstream:remoteref) refs/heads/main refs/remotes/main [4ms]
2024-05-01 19:00:02.372 [info] > git status -z -uall [4ms]
2024-05-01 19:00:13.267 [info] > git config --get commit.template [11ms]
2024-05-01 19:00:13.269 [info] > git for-each-ref --format=%(refname)%00%(upstream:short)%00%(objectname)%00%(upstream:track)%00%(upstream:remotename)%00%(upstream:remoteref) refs/heads/main refs/remotes/main [4ms]
2024-05-01 19:00:13.281 [info] > git status -z -uall [4ms]
2024-05-01 19:02:02.161 [info] > git config --get commit.template [13ms]
2024-05-01 19:02:02.164 [info] > git for-each-ref --format=%(refname)%00%(upstream:short)%00%(objectname)%00%(upstream:track)%00%(upstream:remotename)%00%(upstream:remoteref) refs/heads/main refs/remotes/main [4ms]
2024-05-01 19:02:02.178 [info] > git status -z -uall [3ms]
2024-05-01 19:02:26.033 [info] > git config --get commit.template [12ms]
2024-05-01 19:02:26.035 [info] > git for-each-ref --format=%(refname)%00%(upstream:short)%00%(objectname)%00%(upstream:track)%00%(upstream:remotename)%00%(upstream:remoteref) refs/heads/main refs/remotes/main [4ms]
2024-05-01 19:02:26.048 [info] > git status -z -uall [4ms]
2024-05-01 19:03:03.936 [info] > git config --get commit.template [14ms]
2024-05-01 19:03:03.938 [info] > git for-each-ref --format=%(refname)%00%(upstream:short)%00%(objectname)%00%(upstream:track)%00%(upstream:remotename)%00%(upstream:remoteref) refs/heads/main refs/remotes/main [4ms]
2024-05-01 19:03:03.951 [info] > git status -z -uall [4ms]
2024-05-01 19:03:21.620 [info] > git config --get commit.template [12ms]
2024-05-01 19:03:21.622 [info] > git for-each-ref --format=%(refname)%00%(upstream:short)%00%(objectname)%00%(upstream:track)%00%(upstream:remotename)%00%(upstream:remoteref) refs/heads/main refs/remotes/main [5ms]
2024-05-01 19:03:21.635 [info] > git status -z -uall [3ms]
2024-05-01 19:03:31.764 [info] > git config --get commit.template [12ms]
2024-05-01 19:03:31.767 [info] > git for-each-ref --format=%(refname)%00%(upstream:short)%00%(objectname)%00%(upstream:track)%00%(upstream:remotename)%00%(upstream:remoteref) refs/heads/main refs/remotes/main [4ms]
2024-05-01 19:03:31.781 [info] > git status -z -uall [3ms]
2024-05-01 19:03:48.738 [info] > git config --get commit.template [12ms]
2024-05-01 19:03:48.740 [info] > git for-each-ref --format=%(refname)%00%(upstream:short)%00%(objectname)%00%(upstream:track)%00%(upstream:remotename)%00%(upstream:remoteref) refs/heads/main refs/remotes/main [6ms]
2024-05-01 19:03:48.751 [info] > git status -z -uall [4ms]
2024-05-01 19:05:11.906 [info] > git config --get commit.template [12ms]
2024-05-01 19:05:11.909 [info] > git for-each-ref --format=%(refname)%00%(upstream:short)%00%(objectname)%00%(upstream:track)%00%(upstream:remotename)%00%(upstream:remoteref) refs/heads/main refs/remotes/main [6ms]
2024-05-01 19:05:11.921 [info] > git status -z -uall [4ms]
2024-05-01 19:05:24.918 [info] > git config --get commit.template [16ms]
2024-05-01 19:05:24.921 [info] > git for-each-ref --format=%(refname)%00%(upstream:short)%00%(objectname)%00%(upstream:track)%00%(upstream:remotename)%00%(upstream:remoteref) refs/heads/main refs/remotes/main [8ms]
2024-05-01 19:05:24.939 [info] > git status -z -uall [9ms]
2024-05-01 19:05:44.265 [info] > git config --get commit.template [11ms]
2024-05-01 19:05:44.268 [info] > git for-each-ref --format=%(refname)%00%(upstream:short)%00%(objectname)%00%(upstream:track)%00%(upstream:remotename)%00%(upstream:remoteref) refs/heads/main refs/remotes/main [3ms]
2024-05-01 19:05:44.281 [info] > git status -z -uall [4ms]
2024-05-01 19:05:59.527 [info] > git config --get commit.template [11ms]
2024-05-01 19:05:59.529 [info] > git for-each-ref --format=%(refname)%00%(upstream:short)%00%(objectname)%00%(upstream:track)%00%(upstream:remotename)%00%(upstream:remoteref) refs/heads/main refs/remotes/main [3ms]
2024-05-01 19:05:59.540 [info] > git status -z -uall [3ms]
2024-05-01 19:06:34.318 [info] > git config --get commit.template [10ms]
2024-05-01 19:06:34.321 [info] > git for-each-ref --format=%(refname)%00%(upstream:short)%00%(objectname)%00%(upstream:track)%00%(upstream:remotename)%00%(upstream:remoteref) refs/heads/main refs/remotes/main [4ms]
2024-05-01 19:06:34.333 [info] > git status -z -uall [4ms]
2024-05-01 19:07:26.527 [info] > git config --get commit.template [11ms]
2024-05-01 19:07:26.530 [info] > git for-each-ref --format=%(refname)%00%(upstream:short)%00%(objectname)%00%(upstream:track)%00%(upstream:remotename)%00%(upstream:remoteref) refs/heads/main refs/remotes/main [4ms]
2024-05-01 19:07:26.543 [info] > git status -z -uall [4ms]
2024-05-01 19:08:29.791 [info] > git config --get commit.template [10ms]
2024-05-01 19:08:29.795 [info] > git for-each-ref --format=%(refname)%00%(upstream:short)%00%(objectname)%00%(upstream:track)%00%(upstream:remotename)%00%(upstream:remoteref) refs/heads/main refs/remotes/main [5ms]
2024-05-01 19:08:29.806 [info] > git status -z -uall [3ms]
2024-05-01 20:12:46.217 [info] > git config --get commit.template [26ms]
2024-05-01 20:12:46.223 [info] > git for-each-ref --format=%(refname)%00%(upstream:short)%00%(objectname)%00%(upstream:track)%00%(upstream:remotename)%00%(upstream:remoteref) refs/heads/main refs/remotes/main [14ms]
2024-05-01 20:12:46.241 [info] > git status -z -uall [9ms]
2024-05-01 20:13:08.804 [info] > git config --get commit.template [17ms]
2024-05-01 20:13:08.806 [info] > git for-each-ref --format=%(refname)%00%(upstream:short)%00%(objectname)%00%(upstream:track)%00%(upstream:remotename)%00%(upstream:remoteref) refs/heads/main refs/remotes/main [7ms]
2024-05-01 20:13:08.820 [info] > git status -z -uall [5ms]
2024-05-01 20:13:13.842 [info] > git config --get commit.template [11ms]
2024-05-01 20:13:13.845 [info] > git for-each-ref --format=%(refname)%00%(upstream:short)%00%(objectname)%00%(upstream:track)%00%(upstream:remotename)%00%(upstream:remoteref) refs/heads/main refs/remotes/main [4ms]
2024-05-01 20:13:13.858 [info] > git status -z -uall [3ms]
2024-05-01 20:13:34.166 [info] > git config --get commit.template [11ms]
2024-05-01 20:13:34.169 [info] > git for-each-ref --format=%(refname)%00%(upstream:short)%00%(objectname)%00%(upstream:track)%00%(upstream:remotename)%00%(upstream:remoteref) refs/heads/main refs/remotes/main [4ms]
2024-05-01 20:13:34.180 [info] > git status -z -uall [3ms]
2024-05-01 20:15:30.665 [info] > git config --get commit.template [12ms]
2024-05-01 20:15:30.670 [info] > git for-each-ref --format=%(refname)%00%(upstream:short)%00%(objectname)%00%(upstream:track)%00%(upstream:remotename)%00%(upstream:remoteref) refs/heads/main refs/remotes/main [5ms]
2024-05-01 20:15:30.682 [info] > git status -z -uall [6ms]
2024-05-01 20:16:12.350 [info] > git config --get commit.template [11ms]
2024-05-01 20:16:12.353 [info] > git for-each-ref --format=%(refname)%00%(upstream:short)%00%(objectname)%00%(upstream:track)%00%(upstream:remotename)%00%(upstream:remoteref) refs/heads/main refs/remotes/main [5ms]
2024-05-01 20:16:12.367 [info] > git status -z -uall [3ms]
2024-05-01 20:37:42.977 [info] > git config --get commit.template [44ms]
2024-05-01 20:37:43.000 [info] > git for-each-ref --format=%(refname)%00%(upstream:short)%00%(objectname)%00%(upstream:track)%00%(upstream:remotename)%00%(upstream:remoteref) refs/heads/main refs/remotes/main [40ms]
2024-05-01 20:37:43.078 [info] > git status -z -uall [44ms]
2024-05-01 20:37:48.132 [info] > git show --textconv :package-lock.json [27ms]
2024-05-01 20:37:48.140 [info] > git ls-files --stage -- /home/opc/OCI-Project/package-lock.json [10ms]
2024-05-01 20:37:48.172 [info] > git cat-file -s f80b54a5da410fe3c7de2ea5dc40f9ce84750cc2 [10ms]
2024-05-01 20:37:48.491 [info] > git config --get commit.template [13ms]
2024-05-01 20:37:48.494 [info] > git for-each-ref --format=%(refname)%00%(upstream:short)%00%(objectname)%00%(upstream:track)%00%(upstream:remotename)%00%(upstream:remoteref) refs/heads/main refs/remotes/main [3ms]
2024-05-01 20:37:48.518 [info] > git status -z -uall [14ms]
2024-05-01 20:38:04.663 [info] > git show --textconv :server/server.js [15ms]
2024-05-01 20:38:04.668 [info] > git ls-files --stage -- /home/opc/OCI-Project/server/server.js [5ms]
2024-05-01 20:38:04.688 [info] > git cat-file -s b852ab1b0cafdb5bd6d6dc375828daa7fe338d68 [8ms]
2024-05-01 20:41:01.841 [info] > git config --get commit.template [31ms]
2024-05-01 20:41:01.847 [info] > git for-each-ref --format=%(refname)%00%(upstream:short)%00%(objectname)%00%(upstream:track)%00%(upstream:remotename)%00%(upstream:remoteref) refs/heads/main refs/remotes/main [15ms]
2024-05-01 20:41:01.882 [info] > git status -z -uall [23ms]
2024-05-01 20:42:03.041 [info] > git show --textconv :server/db.js [17ms]
2024-05-01 20:42:03.050 [info] > git ls-files --stage -- /home/opc/OCI-Project/server/db.js [14ms]
2024-05-01 20:42:40.436 [info] > git show --textconv :server/server.js [12ms]
2024-05-01 20:42:40.442 [info] > git ls-files --stage -- /home/opc/OCI-Project/server/server.js [7ms]
2024-05-01 20:42:40.453 [info] > git cat-file -s b852ab1b0cafdb5bd6d6dc375828daa7fe338d68 [3ms]
2024-05-01 20:42:57.971 [info] > git config --get commit.template [12ms]
2024-05-01 20:42:57.975 [info] > git for-each-ref --format=%(refname)%00%(upstream:short)%00%(objectname)%00%(upstream:track)%00%(upstream:remotename)%00%(upstream:remoteref) refs/heads/main refs/remotes/main [5ms]
2024-05-01 20:42:57.997 [info] > git status -z -uall [14ms]
2024-05-01 20:44:29.320 [info] > git config --get commit.template [18ms]
2024-05-01 20:44:29.327 [info] > git for-each-ref --format=%(refname)%00%(upstream:short)%00%(objectname)%00%(upstream:track)%00%(upstream:remotename)%00%(upstream:remoteref) refs/heads/main refs/remotes/main [8ms]
2024-05-01 20:44:29.354 [info] > git status -z -uall [16ms]
2024-05-01 20:44:29.800 [info] > git check-ignore -v -z --stdin [4ms]
2024-05-01 20:46:32.025 [info] > git rev-parse --show-toplevel [11ms]
2024-05-01 20:46:32.025 [info] fatal: not a git repository (or any of the parent directories): .git
2024-05-01 20:46:45.557 [info] > git show --textconv :server/server.js [21ms]
2024-05-01 20:46:45.561 [info] > git ls-files --stage -- /home/opc/OCI-Project/server/server.js [7ms]
2024-05-01 20:46:45.580 [info] > git cat-file -s b852ab1b0cafdb5bd6d6dc375828daa7fe338d68 [8ms]
2024-05-01 20:47:13.014 [info] > git config --get commit.template [15ms]
2024-05-01 20:47:13.017 [info] > git for-each-ref --format=%(refname)%00%(upstream:short)%00%(objectname)%00%(upstream:track)%00%(upstream:remotename)%00%(upstream:remoteref) refs/heads/main refs/remotes/main [4ms]
2024-05-01 20:47:13.041 [info] > git status -z -uall [11ms]
2024-05-01 20:47:13.577 [info] > git check-ignore -v -z --stdin [4ms]
2024-05-01 20:48:23.547 [info] > git show --textconv :server/db.js [13ms]
2024-05-01 20:48:23.551 [info] > git ls-files --stage -- /home/opc/OCI-Project/server/db.js [4ms]
2024-05-01 20:53:42.492 [info] > git config --get commit.template [25ms]
2024-05-01 20:53:42.497 [info] > git for-each-ref --format=%(refname)%00%(upstream:short)%00%(objectname)%00%(upstream:track)%00%(upstream:remotename)%00%(upstream:remoteref) refs/heads/main refs/remotes/main [12ms]
2024-05-01 20:53:42.532 [info] > git status -z -uall [23ms]
2024-05-01 20:53:52.136 [info] > git config --get commit.template [18ms]
2024-05-01 20:53:52.139 [info] > git for-each-ref --format=%(refname)%00%(upstream:short)%00%(objectname)%00%(upstream:track)%00%(upstream:remotename)%00%(upstream:remoteref) refs/heads/main refs/remotes/main [5ms]
2024-05-01 20:53:52.165 [info] > git status -z -uall [15ms]
2024-05-01 20:56:06.602 [info] > git config --get commit.template [14ms]
2024-05-01 20:56:06.606 [info] > git for-each-ref --format=%(refname)%00%(upstream:short)%00%(objectname)%00%(upstream:track)%00%(upstream:remotename)%00%(upstream:remoteref) refs/heads/main refs/remotes/main [6ms]
2024-05-01 20:56:06.628 [info] > git status -z -uall [12ms]
2024-05-01 20:57:03.528 [info] > git config --get commit.template [12ms]
2024-05-01 20:57:03.533 [info] > git for-each-ref --format=%(refname)%00%(upstream:short)%00%(objectname)%00%(upstream:track)%00%(upstream:remotename)%00%(upstream:remoteref) refs/heads/main refs/remotes/main [7ms]
2024-05-01 20:57:03.555 [info] > git status -z -uall [11ms]
2024-05-01 20:57:30.087 [info] > git config --get commit.template [14ms]
2024-05-01 20:57:30.090 [info] > git for-each-ref --format=%(refname)%00%(upstream:short)%00%(objectname)%00%(upstream:track)%00%(upstream:remotename)%00%(upstream:remoteref) refs/heads/main refs/remotes/main [5ms]
2024-05-01 20:57:30.116 [info] > git status -z -uall [16ms]
2024-05-01 20:57:51.954 [info] > git config --get commit.template [18ms]
2024-05-01 20:57:51.961 [info] > git for-each-ref --format=%(refname)%00%(upstream:short)%00%(objectname)%00%(upstream:track)%00%(upstream:remotename)%00%(upstream:remoteref) refs/heads/main refs/remotes/main [9ms]
2024-05-01 20:57:51.989 [info] > git status -z -uall [15ms]
2024-05-01 20:58:07.667 [info] > git config --get commit.template [14ms]
2024-05-01 20:58:07.670 [info] > git for-each-ref --format=%(refname)%00%(upstream:short)%00%(objectname)%00%(upstream:track)%00%(upstream:remotename)%00%(upstream:remoteref) refs/heads/main refs/remotes/main [4ms]
2024-05-01 20:58:07.693 [info] > git status -z -uall [13ms]
2024-05-01 20:58:36.323 [info] > git config --get commit.template [12ms]
2024-05-01 20:58:36.326 [info] > git for-each-ref --format=%(refname)%00%(upstream:short)%00%(objectname)%00%(upstream:track)%00%(upstream:remotename)%00%(upstream:remoteref) refs/heads/main refs/remotes/main [4ms]
2024-05-01 20:58:36.354 [info] > git status -z -uall [17ms]
2024-05-01 20:58:41.579 [info] > git config --get commit.template [14ms]
2024-05-01 20:58:41.582 [info] > git for-each-ref --format=%(refname)%00%(upstream:short)%00%(objectname)%00%(upstream:track)%00%(upstream:remotename)%00%(upstream:remoteref) refs/heads/main refs/remotes/main [4ms]
2024-05-01 20:58:41.610 [info] > git status -z -uall [16ms]
2024-05-01 20:59:22.856 [info] > git config --get commit.template [17ms]
2024-05-01 20:59:22.859 [info] > git for-each-ref --format=%(refname)%00%(upstream:short)%00%(objectname)%00%(upstream:track)%00%(upstream:remotename)%00%(upstream:remoteref) refs/heads/main refs/remotes/main [5ms]
2024-05-01 20:59:22.882 [info] > git status -z -uall [11ms]
2024-05-01 20:59:45.024 [info] > git config --get commit.template [13ms]
2024-05-01 20:59:45.027 [info] > git for-each-ref --format=%(refname)%00%(upstream:short)%00%(objectname)%00%(upstream:track)%00%(upstream:remotename)%00%(upstream:remoteref) refs/heads/main refs/remotes/main [5ms]
2024-05-01 20:59:45.047 [info] > git status -z -uall [10ms]
2024-05-01 21:01:58.842 [info] > git config --get commit.template [16ms]
2024-05-01 21:01:58.845 [info] > git for-each-ref --format=%(refname)%00%(upstream:short)%00%(objectname)%00%(upstream:track)%00%(upstream:remotename)%00%(upstream:remoteref) refs/heads/main refs/remotes/main [6ms]
2024-05-01 21:01:58.874 [info] > git status -z -uall [19ms]
2024-05-01 21:04:51.082 [info] > git config --get commit.template [20ms]
2024-05-01 21:04:51.091 [info] > git for-each-ref --format=%(refname)%00%(upstream:short)%00%(objectname)%00%(upstream:track)%00%(upstream:remotename)%00%(upstream:remoteref) refs/heads/main refs/remotes/main [12ms]
2024-05-01 21:04:51.118 [info] > git status -z -uall [15ms]
2024-05-01 21:05:16.516 [info] > git config --get commit.template [12ms]
2024-05-01 21:05:16.519 [info] > git for-each-ref --format=%(refname)%00%(upstream:short)%00%(objectname)%00%(upstream:track)%00%(upstream:remotename)%00%(upstream:remoteref) refs/heads/main refs/remotes/main [4ms]
2024-05-01 21:05:16.547 [info] > git status -z -uall [20ms]
2024-05-01 21:05:39.118 [info] > git config --get commit.template [12ms]
2024-05-01 21:05:39.120 [info] > git for-each-ref --format=%(refname)%00%(upstream:short)%00%(objectname)%00%(upstream:track)%00%(upstream:remotename)%00%(upstream:remoteref) refs/heads/main refs/remotes/main [3ms]
2024-05-01 21:05:39.140 [info] > git status -z -uall [11ms]
2024-05-01 21:06:17.253 [info] > git config --get commit.template [13ms]
2024-05-01 21:06:17.256 [info] > git for-each-ref --format=%(refname)%00%(upstream:short)%00%(objectname)%00%(upstream:track)%00%(upstream:remotename)%00%(upstream:remoteref) refs/heads/main refs/remotes/main [5ms]
2024-05-01 21:06:17.283 [info] > git status -z -uall [17ms]
2024-05-01 21:06:51.420 [info] > git config --get commit.template [17ms]
2024-05-01 21:06:51.424 [info] > git for-each-ref --format=%(refname)%00%(upstream:short)%00%(objectname)%00%(upstream:track)%00%(upstream:remotename)%00%(upstream:remoteref) refs/heads/main refs/remotes/main [4ms]
2024-05-01 21:06:51.448 [info] > git status -z -uall [11ms]
2024-05-01 21:08:03.514 [info] > git config --get commit.template [21ms]
2024-05-01 21:08:03.519 [info] > git for-each-ref --format=%(refname)%00%(upstream:short)%00%(objectname)%00%(upstream:track)%00%(upstream:remotename)%00%(upstream:remoteref) refs/heads/main refs/remotes/main [12ms]
2024-05-01 21:08:03.548 [info] > git status -z -uall [19ms]
2024-05-01 21:08:19.569 [info] > git config --get commit.template [16ms]
2024-05-01 21:08:19.572 [info] > git for-each-ref --format=%(refname)%00%(upstream:short)%00%(objectname)%00%(upstream:track)%00%(upstream:remotename)%00%(upstream:remoteref) refs/heads/main refs/remotes/main [7ms]
2024-05-01 21:08:19.597 [info] > git status -z -uall [13ms]
