2024-05-01 15:28:11.664 [info] Extension host with pid 192956 started
2024-05-01 15:28:11.711 [info] Lock '/home/opc/.vscode-server/data/User/workspaceStorage/7d8eddd239b4018bb456b8e70c5ab943/vscode.lock': Lock acquired.
2024-05-01 15:28:12.238 [info] ExtensionService#_doActivateExtension vscode.emmet, startup: false, activationEvent: 'onLanguage'
2024-05-01 15:28:12.723 [info] ExtensionService#_doActivateExtension vscode.git-base, startup: true, activationEvent: '*', root cause: vscode.git
2024-05-01 15:28:12.764 [info] ExtensionService#_doActivateExtension vscode.npm, startup: true, activationEvent: 'workspaceContains:package.json'
2024-05-01 15:28:13.160 [info] ExtensionService#_doActivateExtension vscode.git, startup: true, activationEvent: '*'
2024-05-01 15:28:13.160 [info] ExtensionService#_doActivateExtension vscode.github, startup: true, activationEvent: '*'
2024-05-01 15:28:13.670 [info] Eager extensions activated
2024-05-01 15:28:13.670 [info] ExtensionService#_doActivateExtension vscode.debug-auto-launch, startup: false, activationEvent: 'onStartupFinished'
2024-05-01 15:28:13.671 [info] ExtensionService#_doActivateExtension vscode.merge-conflict, startup: false, activationEvent: 'onStartupFinished'
2024-05-01 15:55:41.097 [info] ExtensionService#_doActivateExtension vscode.typescript-language-features, startup: false, activationEvent: 'onLanguage:javascript'
2024-05-01 15:58:37.405 [info] ExtensionService#_doActivateExtension vscode.tunnel-forwarding, startup: false, activationEvent: 'onTunnel'
2024-05-01 20:21:56.707 [info] ExtensionService#_doActivateExtension ckolkman.vscode-postgres, startup: false, activationEvent: '*'
2024-05-01 20:37:43.297 [warning] [Decorations] CAPPING events from decorations provider vscode.git 2389
2024-05-01 20:37:47.841 [info] ExtensionService#_doActivateExtension vscode.extension-editing, startup: false, activationEvent: 'onLanguage:json'
2024-05-01 20:37:47.842 [info] ExtensionService#_doActivateExtension vscode.json-language-features, startup: false, activationEvent: 'onLanguage:json'
2024-05-01 20:37:48.582 [warning] [Decorations] CAPPING events from decorations provider vscode.git 5034
2024-05-01 20:41:01.932 [warning] [Decorations] CAPPING events from decorations provider vscode.git 2648
2024-05-01 20:42:58.028 [warning] [Decorations] CAPPING events from decorations provider vscode.git 2648
2024-05-01 20:44:29.395 [warning] [Decorations] CAPPING events from decorations provider vscode.git 2648
2024-05-01 20:47:13.132 [warning] [Decorations] CAPPING events from decorations provider vscode.git 2649
2024-05-01 20:53:42.565 [warning] [Decorations] CAPPING events from decorations provider vscode.git 2649
2024-05-01 20:53:52.205 [warning] [Decorations] CAPPING events from decorations provider vscode.git 2649
2024-05-01 20:56:06.664 [warning] [Decorations] CAPPING events from decorations provider vscode.git 2649
2024-05-01 20:57:03.596 [warning] [Decorations] CAPPING events from decorations provider vscode.git 2649
2024-05-01 20:57:30.146 [warning] [Decorations] CAPPING events from decorations provider vscode.git 2649
2024-05-01 20:57:52.039 [warning] [Decorations] CAPPING events from decorations provider vscode.git 2649
2024-05-01 20:58:07.732 [warning] [Decorations] CAPPING events from decorations provider vscode.git 2649
2024-05-01 20:58:36.385 [warning] [Decorations] CAPPING events from decorations provider vscode.git 2649
2024-05-01 20:58:41.639 [warning] [Decorations] CAPPING events from decorations provider vscode.git 2649
2024-05-01 20:59:22.913 [warning] [Decorations] CAPPING events from decorations provider vscode.git 2649
2024-05-01 20:59:45.095 [warning] [Decorations] CAPPING events from decorations provider vscode.git 2649
2024-05-01 21:01:58.919 [warning] [Decorations] CAPPING events from decorations provider vscode.git 2649
2024-05-01 21:04:51.149 [warning] [Decorations] CAPPING events from decorations provider vscode.git 2649
2024-05-01 21:05:16.588 [warning] [Decorations] CAPPING events from decorations provider vscode.git 2649
2024-05-01 21:05:39.168 [warning] [Decorations] CAPPING events from decorations provider vscode.git 2649
2024-05-01 21:06:17.315 [warning] [Decorations] CAPPING events from decorations provider vscode.git 2649
2024-05-01 21:06:51.488 [warning] [Decorations] CAPPING events from decorations provider vscode.git 2649
2024-05-01 21:08:03.586 [warning] [Decorations] CAPPING events from decorations provider vscode.git 2649
2024-05-01 21:08:19.639 [warning] [Decorations] CAPPING events from decorations provider vscode.git 2649
2024-05-01 21:18:44.962 [info] Extension host terminating: renderer disconnected for too long (2)
2024-05-01 21:18:44.965 [info] Lock '/home/opc/.vscode-server/data/User/workspaceStorage/7d8eddd239b4018bb456b8e70c5ab943/vscode.lock': Marking the lockfile as scheduled to be released in 6000 ms.
2024-05-01 21:18:45.119 [error] Canceled: Canceled
	at new O (/home/opc/.vscode-server/cli/servers/Stable-e170252f762678dec6ca2cc69aba1570769a5d39/server/out/vs/workbench/api/node/extensionHostProcess.js:144:46998)
	at l.U (/home/opc/.vscode-server/cli/servers/Stable-e170252f762678dec6ca2cc69aba1570769a5d39/server/out/vs/workbench/api/node/extensionHostProcess.js:151:5539)
	at T.<computed>.F.charCodeAt.T.<computed> (/home/opc/.vscode-server/cli/servers/Stable-e170252f762678dec6ca2cc69aba1570769a5d39/server/out/vs/workbench/api/node/extensionHostProcess.js:151:2993)
	at d.g (/home/opc/.vscode-server/cli/servers/Stable-e170252f762678dec6ca2cc69aba1570769a5d39/server/out/vs/workbench/api/node/extensionHostProcess.js:154:186335)
	at d.executeCommand (/home/opc/.vscode-server/cli/servers/Stable-e170252f762678dec6ca2cc69aba1570769a5d39/server/out/vs/workbench/api/node/extensionHostProcess.js:154:185773)
	at E.registerCommand.description (/home/opc/.vscode-server/cli/servers/Stable-e170252f762678dec6ca2cc69aba1570769a5d39/server/out/vs/workbench/api/node/extensionHostProcess.js:154:185097)
	at d.h (/home/opc/.vscode-server/cli/servers/Stable-e170252f762678dec6ca2cc69aba1570769a5d39/server/out/vs/workbench/api/node/extensionHostProcess.js:154:186874)
	at d.g (/home/opc/.vscode-server/cli/servers/Stable-e170252f762678dec6ca2cc69aba1570769a5d39/server/out/vs/workbench/api/node/extensionHostProcess.js:154:185866)
	at d.executeCommand (/home/opc/.vscode-server/cli/servers/Stable-e170252f762678dec6ca2cc69aba1570769a5d39/server/out/vs/workbench/api/node/extensionHostProcess.js:154:185773)
	at Object.executeCommand (/home/opc/.vscode-server/cli/servers/Stable-e170252f762678dec6ca2cc69aba1570769a5d39/server/out/vs/workbench/api/node/extensionHostProcess.js:164:22785)
	at o.O [as value] (/home/opc/.vscode-server/cli/servers/Stable-e170252f762678dec6ca2cc69aba1570769a5d39/server/extensions/git/dist/main.js:2:945802)
	at s.y (/home/opc/.vscode-server/cli/servers/Stable-e170252f762678dec6ca2cc69aba1570769a5d39/server/out/vs/workbench/api/node/extensionHostProcess.js:82:659)
	at s.z (/home/opc/.vscode-server/cli/servers/Stable-e170252f762678dec6ca2cc69aba1570769a5d39/server/out/vs/workbench/api/node/extensionHostProcess.js:82:729)
	at s.fire (/home/opc/.vscode-server/cli/servers/Stable-e170252f762678dec6ca2cc69aba1570769a5d39/server/out/vs/workbench/api/node/extensionHostProcess.js:82:945)
	at Object.m [as dispose] (/home/opc/.vscode-server/cli/servers/Stable-e170252f762678dec6ca2cc69aba1570769a5d39/server/extensions/git/dist/main.js:2:964886)
	at /home/opc/.vscode-server/cli/servers/Stable-e170252f762678dec6ca2cc69aba1570769a5d39/server/extensions/git/dist/main.js:2:970920
	at Array.forEach (<anonymous>)
	at f.dispose (/home/opc/.vscode-server/cli/servers/Stable-e170252f762678dec6ca2cc69aba1570769a5d39/server/extensions/git/dist/main.js:2:970906)
	at a.<anonymous> (/home/opc/.vscode-server/cli/servers/Stable-e170252f762678dec6ca2cc69aba1570769a5d39/server/out/vs/workbench/api/node/extensionHostProcess.js:152:3830)
	at a.dispose (/home/opc/.vscode-server/cli/servers/Stable-e170252f762678dec6ca2cc69aba1570769a5d39/server/out/vs/workbench/api/node/extensionHostProcess.js:152:3927)
	at a.<anonymous> (/home/opc/.vscode-server/cli/servers/Stable-e170252f762678dec6ca2cc69aba1570769a5d39/server/extensions/git/dist/main.js:2:948059)
	at a.dispose (/home/opc/.vscode-server/cli/servers/Stable-e170252f762678dec6ca2cc69aba1570769a5d39/server/out/vs/workbench/api/node/extensionHostProcess.js:152:3927)
	at o (/home/opc/.vscode-server/cli/servers/Stable-e170252f762678dec6ca2cc69aba1570769a5d39/server/out/vs/workbench/api/node/extensionHostProcess.js:30:714)
	at g.eb (/home/opc/.vscode-server/cli/servers/Stable-e170252f762678dec6ca2cc69aba1570769a5d39/server/out/vs/workbench/api/node/extensionHostProcess.js:160:9967)
	at /home/opc/.vscode-server/cli/servers/Stable-e170252f762678dec6ca2cc69aba1570769a5d39/server/out/vs/workbench/api/node/extensionHostProcess.js:160:7816
	at Array.map (<anonymous>)
	at g.$ (/home/opc/.vscode-server/cli/servers/Stable-e170252f762678dec6ca2cc69aba1570769a5d39/server/out/vs/workbench/api/node/extensionHostProcess.js:160:7803)
	at g.terminate (/home/opc/.vscode-server/cli/servers/Stable-e170252f762678dec6ca2cc69aba1570769a5d39/server/out/vs/workbench/api/node/extensionHostProcess.js:160:8077)
	at o.terminate (/home/opc/.vscode-server/cli/servers/Stable-e170252f762678dec6ca2cc69aba1570769a5d39/server/out/vs/workbench/api/node/extensionHostProcess.js:164:1513)
	at t (/home/opc/.vscode-server/cli/servers/Stable-e170252f762678dec6ca2cc69aba1570769a5d39/server/out/vs/workbench/api/node/extensionHostProcess.js:177:9917)
	at j.a (/home/opc/.vscode-server/cli/servers/Stable-e170252f762678dec6ca2cc69aba1570769a5d39/server/out/vs/workbench/api/node/extensionHostProcess.js:177:6710)
	at j.h (/home/opc/.vscode-server/cli/servers/Stable-e170252f762678dec6ca2cc69aba1570769a5d39/server/out/vs/workbench/api/node/extensionHostProcess.js:99:20622)
	at listOnTimeout (node:internal/timers:569:17)
	at process.processTimers (node:internal/timers:512:7) setContext undefined
2024-05-01 21:18:45.119 [error] Canceled: Canceled
	at new O (/home/opc/.vscode-server/cli/servers/Stable-e170252f762678dec6ca2cc69aba1570769a5d39/server/out/vs/workbench/api/node/extensionHostProcess.js:144:46998)
	at l.U (/home/opc/.vscode-server/cli/servers/Stable-e170252f762678dec6ca2cc69aba1570769a5d39/server/out/vs/workbench/api/node/extensionHostProcess.js:151:5539)
	at T.<computed>.F.charCodeAt.T.<computed> (/home/opc/.vscode-server/cli/servers/Stable-e170252f762678dec6ca2cc69aba1570769a5d39/server/out/vs/workbench/api/node/extensionHostProcess.js:151:2993)
	at d.g (/home/opc/.vscode-server/cli/servers/Stable-e170252f762678dec6ca2cc69aba1570769a5d39/server/out/vs/workbench/api/node/extensionHostProcess.js:154:186335)
	at d.executeCommand (/home/opc/.vscode-server/cli/servers/Stable-e170252f762678dec6ca2cc69aba1570769a5d39/server/out/vs/workbench/api/node/extensionHostProcess.js:154:185773)
	at E.registerCommand.description (/home/opc/.vscode-server/cli/servers/Stable-e170252f762678dec6ca2cc69aba1570769a5d39/server/out/vs/workbench/api/node/extensionHostProcess.js:154:185097)
	at d.h (/home/opc/.vscode-server/cli/servers/Stable-e170252f762678dec6ca2cc69aba1570769a5d39/server/out/vs/workbench/api/node/extensionHostProcess.js:154:186874)
	at d.g (/home/opc/.vscode-server/cli/servers/Stable-e170252f762678dec6ca2cc69aba1570769a5d39/server/out/vs/workbench/api/node/extensionHostProcess.js:154:185866)
	at d.executeCommand (/home/opc/.vscode-server/cli/servers/Stable-e170252f762678dec6ca2cc69aba1570769a5d39/server/out/vs/workbench/api/node/extensionHostProcess.js:154:185773)
	at Object.executeCommand (/home/opc/.vscode-server/cli/servers/Stable-e170252f762678dec6ca2cc69aba1570769a5d39/server/out/vs/workbench/api/node/extensionHostProcess.js:164:22785)
	at set hasGitHubRepositories [as hasGitHubRepositories] (/home/opc/.vscode-server/cli/servers/Stable-e170252f762678dec6ca2cc69aba1570769a5d39/server/extensions/github/dist/extension.js:2:324866)
	at /home/opc/.vscode-server/cli/servers/Stable-e170252f762678dec6ca2cc69aba1570769a5d39/server/extensions/github/dist/extension.js:2:325825
	at o.value (/home/opc/.vscode-server/cli/servers/Stable-e170252f762678dec6ca2cc69aba1570769a5d39/server/extensions/git/dist/main.js:2:1051703)
	at s.y (/home/opc/.vscode-server/cli/servers/Stable-e170252f762678dec6ca2cc69aba1570769a5d39/server/out/vs/workbench/api/node/extensionHostProcess.js:82:659)
	at s.z (/home/opc/.vscode-server/cli/servers/Stable-e170252f762678dec6ca2cc69aba1570769a5d39/server/out/vs/workbench/api/node/extensionHostProcess.js:82:729)
	at s.fire (/home/opc/.vscode-server/cli/servers/Stable-e170252f762678dec6ca2cc69aba1570769a5d39/server/out/vs/workbench/api/node/extensionHostProcess.js:82:945)
	at Object.m [as dispose] (/home/opc/.vscode-server/cli/servers/Stable-e170252f762678dec6ca2cc69aba1570769a5d39/server/extensions/git/dist/main.js:2:964886)
	at /home/opc/.vscode-server/cli/servers/Stable-e170252f762678dec6ca2cc69aba1570769a5d39/server/extensions/git/dist/main.js:2:970920
	at Array.forEach (<anonymous>)
	at f.dispose (/home/opc/.vscode-server/cli/servers/Stable-e170252f762678dec6ca2cc69aba1570769a5d39/server/extensions/git/dist/main.js:2:970906)
	at a.<anonymous> (/home/opc/.vscode-server/cli/servers/Stable-e170252f762678dec6ca2cc69aba1570769a5d39/server/out/vs/workbench/api/node/extensionHostProcess.js:152:3830)
	at a.dispose (/home/opc/.vscode-server/cli/servers/Stable-e170252f762678dec6ca2cc69aba1570769a5d39/server/out/vs/workbench/api/node/extensionHostProcess.js:152:3927)
	at a.<anonymous> (/home/opc/.vscode-server/cli/servers/Stable-e170252f762678dec6ca2cc69aba1570769a5d39/server/extensions/git/dist/main.js:2:948059)
	at a.dispose (/home/opc/.vscode-server/cli/servers/Stable-e170252f762678dec6ca2cc69aba1570769a5d39/server/out/vs/workbench/api/node/extensionHostProcess.js:152:3927)
	at o (/home/opc/.vscode-server/cli/servers/Stable-e170252f762678dec6ca2cc69aba1570769a5d39/server/out/vs/workbench/api/node/extensionHostProcess.js:30:714)
	at g.eb (/home/opc/.vscode-server/cli/servers/Stable-e170252f762678dec6ca2cc69aba1570769a5d39/server/out/vs/workbench/api/node/extensionHostProcess.js:160:9967)
	at /home/opc/.vscode-server/cli/servers/Stable-e170252f762678dec6ca2cc69aba1570769a5d39/server/out/vs/workbench/api/node/extensionHostProcess.js:160:7816
	at Array.map (<anonymous>)
	at g.$ (/home/opc/.vscode-server/cli/servers/Stable-e170252f762678dec6ca2cc69aba1570769a5d39/server/out/vs/workbench/api/node/extensionHostProcess.js:160:7803)
	at g.terminate (/home/opc/.vscode-server/cli/servers/Stable-e170252f762678dec6ca2cc69aba1570769a5d39/server/out/vs/workbench/api/node/extensionHostProcess.js:160:8077)
	at o.terminate (/home/opc/.vscode-server/cli/servers/Stable-e170252f762678dec6ca2cc69aba1570769a5d39/server/out/vs/workbench/api/node/extensionHostProcess.js:164:1513)
	at t (/home/opc/.vscode-server/cli/servers/Stable-e170252f762678dec6ca2cc69aba1570769a5d39/server/out/vs/workbench/api/node/extensionHostProcess.js:177:9917)
	at j.a (/home/opc/.vscode-server/cli/servers/Stable-e170252f762678dec6ca2cc69aba1570769a5d39/server/out/vs/workbench/api/node/extensionHostProcess.js:177:6710)
	at j.h (/home/opc/.vscode-server/cli/servers/Stable-e170252f762678dec6ca2cc69aba1570769a5d39/server/out/vs/workbench/api/node/extensionHostProcess.js:99:20622)
	at listOnTimeout (node:internal/timers:569:17)
	at process.processTimers (node:internal/timers:512:7) setContext undefined
2024-05-01 21:18:45.145 [info] Extension host with pid 192956 exiting with code 0
