2024-07-11 23:04:48.444 [info] Extension host with pid 31431 started
2024-07-11 23:04:48.464 [info] Lock '/home/opc/.vscode-server/data/User/workspaceStorage/2d9c299e2c12030729f71e20b0614d17/vscode.lock': Lock acquired.
2024-07-11 23:04:49.225 [info] Eager extensions activated
2024-07-11 23:04:49.383 [info] ExtensionService#_doActivateExtension vscode.debug-auto-launch, startup: false, activationEvent: 'onStartupFinished'
2024-07-11 23:04:49.400 [info] ExtensionService#_doActivateExtension vscode.git-base, startup: false, activationEvent: '*', root cause: vscode.git
2024-07-11 23:04:49.400 [info] ExtensionService#_doActivateExtension vscode.merge-conflict, startup: false, activationEvent: 'onStartupFinished'
2024-07-11 23:04:49.401 [info] ExtensionService#_doActivateExtension Postman.postman-for-vscode, startup: false, activationEvent: 'onStartupFinished'
2024-07-11 23:04:50.932 [info] ExtensionService#_doActivateExtension vscode.git, startup: false, activationEvent: '*'
2024-07-11 23:04:50.933 [info] ExtensionService#_doActivateExtension vscode.github, startup: false, activationEvent: '*'
2024-07-11 23:04:51.529 [info] ExtensionService#_doActivateExtension vscode.emmet, startup: false, activationEvent: 'onLanguage'
2024-07-11 23:05:48.270 [info] ExtensionService#_doActivateExtension vscode.typescript-language-features, startup: false, activationEvent: 'onLanguage:javascript'
2024-07-11 23:08:50.305 [info] ExtensionService#_doActivateExtension vscode.npm, startup: false, activationEvent: 'onTerminalQuickFixRequest:ms-vscode.npm-command'
2024-07-12 00:40:45.105 [info] ExtensionService#_doActivateExtension ms-azuretools.vscode-docker, startup: false, activationEvent: 'onLanguage:dockerfile'
2024-07-12 00:59:21.672 [info] ExtensionService#_doActivateExtension vscode.configuration-editing, startup: false, activationEvent: 'onLanguage:json'
2024-07-12 00:59:21.674 [info] ExtensionService#_doActivateExtension vscode.extension-editing, startup: false, activationEvent: 'onLanguage:json'
2024-07-12 00:59:21.674 [info] ExtensionService#_doActivateExtension vscode.json-language-features, startup: false, activationEvent: 'onLanguage:json'
2024-07-12 01:00:51.518 [warning] vscode.json-language-features - Code actions of kind 'quickfix' requested but returned code action is of kind 'source.sort.json'. Code action will be dropped. Please check 'CodeActionContext.only' to only return requested code actions.
2024-07-12 01:00:58.998 [warning] vscode.json-language-features - Code actions of kind 'quickfix' requested but returned code action is of kind 'source.sort.json'. Code action will be dropped. Please check 'CodeActionContext.only' to only return requested code actions.
2024-07-12 01:00:59.139 [warning] vscode.json-language-features - Code actions of kind 'quickfix' requested but returned code action is of kind 'source.sort.json'. Code action will be dropped. Please check 'CodeActionContext.only' to only return requested code actions.
2024-07-12 01:00:59.252 [warning] vscode.json-language-features - Code actions of kind 'quickfix' requested but returned code action is of kind 'source.sort.json'. Code action will be dropped. Please check 'CodeActionContext.only' to only return requested code actions.
2024-07-12 01:00:59.471 [warning] vscode.json-language-features - Code actions of kind 'quickfix' requested but returned code action is of kind 'source.sort.json'. Code action will be dropped. Please check 'CodeActionContext.only' to only return requested code actions.
2024-07-12 01:00:59.680 [warning] vscode.json-language-features - Code actions of kind 'quickfix' requested but returned code action is of kind 'source.sort.json'. Code action will be dropped. Please check 'CodeActionContext.only' to only return requested code actions.
2024-07-12 01:00:59.880 [warning] vscode.json-language-features - Code actions of kind 'quickfix' requested but returned code action is of kind 'source.sort.json'. Code action will be dropped. Please check 'CodeActionContext.only' to only return requested code actions.
2024-07-12 01:01:00.099 [warning] vscode.json-language-features - Code actions of kind 'quickfix' requested but returned code action is of kind 'source.sort.json'. Code action will be dropped. Please check 'CodeActionContext.only' to only return requested code actions.
2024-07-12 01:01:00.285 [warning] vscode.json-language-features - Code actions of kind 'quickfix' requested but returned code action is of kind 'source.sort.json'. Code action will be dropped. Please check 'CodeActionContext.only' to only return requested code actions.
2024-07-12 01:01:00.492 [warning] vscode.json-language-features - Code actions of kind 'quickfix' requested but returned code action is of kind 'source.sort.json'. Code action will be dropped. Please check 'CodeActionContext.only' to only return requested code actions.
2024-07-12 01:01:00.822 [warning] vscode.json-language-features - Code actions of kind 'quickfix' requested but returned code action is of kind 'source.sort.json'. Code action will be dropped. Please check 'CodeActionContext.only' to only return requested code actions.
2024-07-12 01:01:01.196 [warning] vscode.json-language-features - Code actions of kind 'quickfix' requested but returned code action is of kind 'source.sort.json'. Code action will be dropped. Please check 'CodeActionContext.only' to only return requested code actions.
2024-07-12 01:01:03.269 [warning] vscode.json-language-features - Code actions of kind 'quickfix' requested but returned code action is of kind 'source.sort.json'. Code action will be dropped. Please check 'CodeActionContext.only' to only return requested code actions.
2024-07-12 01:01:03.451 [warning] vscode.json-language-features - Code actions of kind 'quickfix' requested but returned code action is of kind 'source.sort.json'. Code action will be dropped. Please check 'CodeActionContext.only' to only return requested code actions.
2024-07-12 01:01:04.803 [warning] vscode.json-language-features - Code actions of kind 'quickfix' requested but returned code action is of kind 'source.sort.json'. Code action will be dropped. Please check 'CodeActionContext.only' to only return requested code actions.
2024-07-12 01:01:05.056 [warning] vscode.json-language-features - Code actions of kind 'quickfix' requested but returned code action is of kind 'source.sort.json'. Code action will be dropped. Please check 'CodeActionContext.only' to only return requested code actions.
2024-07-12 01:01:05.277 [warning] vscode.json-language-features - Code actions of kind 'quickfix' requested but returned code action is of kind 'source.sort.json'. Code action will be dropped. Please check 'CodeActionContext.only' to only return requested code actions.
2024-07-12 01:01:05.729 [warning] vscode.json-language-features - Code actions of kind 'quickfix' requested but returned code action is of kind 'source.sort.json'. Code action will be dropped. Please check 'CodeActionContext.only' to only return requested code actions.
2024-07-12 01:01:06.235 [warning] vscode.json-language-features - Code actions of kind 'quickfix' requested but returned code action is of kind 'source.sort.json'. Code action will be dropped. Please check 'CodeActionContext.only' to only return requested code actions.
2024-07-12 01:01:06.682 [warning] vscode.json-language-features - Code actions of kind 'quickfix' requested but returned code action is of kind 'source.sort.json'. Code action will be dropped. Please check 'CodeActionContext.only' to only return requested code actions.
2024-07-12 01:01:06.796 [warning] vscode.json-language-features - Code actions of kind 'quickfix' requested but returned code action is of kind 'source.sort.json'. Code action will be dropped. Please check 'CodeActionContext.only' to only return requested code actions.
2024-07-12 01:01:07.050 [warning] vscode.json-language-features - Code actions of kind 'quickfix' requested but returned code action is of kind 'source.sort.json'. Code action will be dropped. Please check 'CodeActionContext.only' to only return requested code actions.
2024-07-12 01:01:07.235 [warning] vscode.json-language-features - Code actions of kind 'quickfix' requested but returned code action is of kind 'source.sort.json'. Code action will be dropped. Please check 'CodeActionContext.only' to only return requested code actions.
2024-07-12 01:01:07.333 [warning] vscode.json-language-features - Code actions of kind 'quickfix' requested but returned code action is of kind 'source.sort.json'. Code action will be dropped. Please check 'CodeActionContext.only' to only return requested code actions.
2024-07-12 01:01:08.422 [warning] vscode.json-language-features - Code actions of kind 'quickfix' requested but returned code action is of kind 'source.sort.json'. Code action will be dropped. Please check 'CodeActionContext.only' to only return requested code actions.
2024-07-12 01:01:09.504 [warning] vscode.json-language-features - Code actions of kind 'quickfix' requested but returned code action is of kind 'source.sort.json'. Code action will be dropped. Please check 'CodeActionContext.only' to only return requested code actions.
2024-07-12 01:01:59.053 [warning] [Decorations] CAPPING events from decorations provider vscode.git 10000
2024-07-12 01:02:03.402 [warning] [Decorations] CAPPING events from decorations provider vscode.git 10004
2024-07-12 01:02:07.576 [warning] [Decorations] CAPPING events from decorations provider vscode.git 10004
2024-07-12 01:02:09.443 [warning] [Decorations] CAPPING events from decorations provider vscode.git 10006
2024-07-12 01:02:11.333 [warning] [Decorations] CAPPING events from decorations provider vscode.git 5954
2024-07-12 01:02:17.335 [warning] [Decorations] CAPPING events from decorations provider vscode.git 5955
2024-07-12 01:02:22.468 [warning] [Decorations] CAPPING events from decorations provider vscode.git 5955
2024-07-12 01:02:27.622 [warning] [Decorations] CAPPING events from decorations provider vscode.git 5955
2024-07-12 01:02:32.783 [warning] [Decorations] CAPPING events from decorations provider vscode.git 5955
2024-07-12 01:02:42.317 [warning] [Decorations] CAPPING events from decorations provider vscode.git 5955
2024-07-12 01:02:47.452 [warning] [Decorations] CAPPING events from decorations provider vscode.git 5955
2024-07-12 01:02:52.586 [warning] [Decorations] CAPPING events from decorations provider vscode.git 5955
2024-07-12 01:02:57.724 [warning] [Decorations] CAPPING events from decorations provider vscode.git 5955
2024-07-12 01:03:02.860 [warning] [Decorations] CAPPING events from decorations provider vscode.git 5955
2024-07-12 01:03:07.993 [warning] [Decorations] CAPPING events from decorations provider vscode.git 5955
2024-07-12 01:03:13.125 [warning] [Decorations] CAPPING events from decorations provider vscode.git 5955
2024-07-12 01:03:18.255 [warning] [Decorations] CAPPING events from decorations provider vscode.git 5955
2024-07-12 01:03:23.399 [warning] [Decorations] CAPPING events from decorations provider vscode.git 5956
2024-07-12 01:03:24.737 [warning] vscode.json-language-features - Code actions of kind 'quickfix' requested but returned code action is of kind 'source.sort.json'. Code action will be dropped. Please check 'CodeActionContext.only' to only return requested code actions.
2024-07-12 01:03:28.401 [warning] vscode.json-language-features - Code actions of kind 'quickfix' requested but returned code action is of kind 'source.sort.json'. Code action will be dropped. Please check 'CodeActionContext.only' to only return requested code actions.
2024-07-12 01:03:34.841 [warning] [Decorations] CAPPING events from decorations provider vscode.git 5956
2024-07-12 01:03:40.096 [warning] [Decorations] CAPPING events from decorations provider vscode.git 5956
2024-07-12 01:03:42.395 [warning] vscode.json-language-features - Code actions of kind 'quickfix' requested but returned code action is of kind 'source.sort.json'. Code action will be dropped. Please check 'CodeActionContext.only' to only return requested code actions.
2024-07-12 01:03:48.147 [warning] [Decorations] CAPPING events from decorations provider vscode.git 5956
2024-07-12 01:03:53.509 [warning] [Decorations] CAPPING events from decorations provider vscode.git 5957
2024-07-12 01:03:58.643 [warning] [Decorations] CAPPING events from decorations provider vscode.git 5957
2024-07-12 01:04:04.617 [warning] [Decorations] CAPPING events from decorations provider vscode.git 5957
2024-07-12 01:04:09.751 [warning] [Decorations] CAPPING events from decorations provider vscode.git 5958
2024-07-12 01:04:14.885 [warning] [Decorations] CAPPING events from decorations provider vscode.git 5958
2024-07-12 01:04:20.028 [warning] [Decorations] CAPPING events from decorations provider vscode.git 5958
2024-07-12 01:04:25.167 [warning] [Decorations] CAPPING events from decorations provider vscode.git 5958
2024-07-12 01:04:30.294 [warning] [Decorations] CAPPING events from decorations provider vscode.git 5959
2024-07-12 01:04:35.419 [warning] [Decorations] CAPPING events from decorations provider vscode.git 5959
2024-07-12 01:04:40.563 [warning] [Decorations] CAPPING events from decorations provider vscode.git 5959
2024-07-12 01:04:45.687 [warning] [Decorations] CAPPING events from decorations provider vscode.git 5958
2024-07-12 01:04:50.842 [warning] [Decorations] CAPPING events from decorations provider vscode.git 5958
2024-07-12 01:04:55.974 [warning] [Decorations] CAPPING events from decorations provider vscode.git 5958
2024-07-12 01:05:02.267 [warning] [Decorations] CAPPING events from decorations provider vscode.git 5958
2024-07-12 01:05:08.254 [warning] [Decorations] CAPPING events from decorations provider vscode.git 5958
2024-07-12 01:05:15.162 [warning] [Decorations] CAPPING events from decorations provider vscode.git 5957
2024-07-12 01:05:20.318 [warning] [Decorations] CAPPING events from decorations provider vscode.git 5955
2024-07-12 01:05:25.440 [warning] [Decorations] CAPPING events from decorations provider vscode.git 5954
2024-07-12 01:05:30.571 [warning] [Decorations] CAPPING events from decorations provider vscode.git 5953
2024-07-12 01:05:35.705 [warning] [Decorations] CAPPING events from decorations provider vscode.git 5953
2024-07-12 01:05:40.836 [warning] [Decorations] CAPPING events from decorations provider vscode.git 5953
2024-07-12 01:05:48.741 [warning] [Decorations] CAPPING events from decorations provider vscode.git 5953
2024-07-12 01:05:53.895 [warning] [Decorations] CAPPING events from decorations provider vscode.git 5953
2024-07-12 01:05:59.023 [warning] [Decorations] CAPPING events from decorations provider vscode.git 5953
2024-07-12 01:06:04.359 [warning] [Decorations] CAPPING events from decorations provider vscode.git 5953
2024-07-12 01:06:09.492 [warning] [Decorations] CAPPING events from decorations provider vscode.git 5953
2024-07-12 01:06:14.622 [warning] [Decorations] CAPPING events from decorations provider vscode.git 5953
2024-07-12 01:06:19.773 [warning] [Decorations] CAPPING events from decorations provider vscode.git 5953
2024-07-12 01:06:24.904 [warning] [Decorations] CAPPING events from decorations provider vscode.git 5953
2024-07-12 01:06:30.031 [warning] [Decorations] CAPPING events from decorations provider vscode.git 5953
2024-07-12 01:06:35.158 [warning] [Decorations] CAPPING events from decorations provider vscode.git 5953
2024-07-12 01:06:40.300 [warning] [Decorations] CAPPING events from decorations provider vscode.git 5953
2024-07-12 01:06:45.447 [warning] [Decorations] CAPPING events from decorations provider vscode.git 5953
2024-07-12 01:06:50.597 [warning] [Decorations] CAPPING events from decorations provider vscode.git 5953
2024-07-12 01:06:55.734 [warning] [Decorations] CAPPING events from decorations provider vscode.git 5954
2024-07-12 01:07:00.866 [warning] [Decorations] CAPPING events from decorations provider vscode.git 5954
2024-07-12 01:07:06.142 [warning] [Decorations] CAPPING events from decorations provider vscode.git 5954
2024-07-12 01:07:11.278 [warning] [Decorations] CAPPING events from decorations provider vscode.git 5954
2024-07-12 01:07:16.405 [warning] [Decorations] CAPPING events from decorations provider vscode.git 5954
2024-07-12 01:07:21.542 [warning] [Decorations] CAPPING events from decorations provider vscode.git 5954
2024-07-12 01:07:26.672 [warning] [Decorations] CAPPING events from decorations provider vscode.git 5954
2024-07-12 01:07:31.805 [warning] [Decorations] CAPPING events from decorations provider vscode.git 5954
2024-07-12 01:07:36.964 [warning] [Decorations] CAPPING events from decorations provider vscode.git 5954
2024-07-12 01:07:42.102 [warning] [Decorations] CAPPING events from decorations provider vscode.git 5954
2024-07-12 01:07:47.248 [warning] [Decorations] CAPPING events from decorations provider vscode.git 5954
2024-07-12 01:07:52.405 [warning] [Decorations] CAPPING events from decorations provider vscode.git 5954
2024-07-12 01:07:57.534 [warning] [Decorations] CAPPING events from decorations provider vscode.git 5954
2024-07-12 01:08:02.677 [warning] [Decorations] CAPPING events from decorations provider vscode.git 5954
2024-07-12 01:08:07.811 [warning] [Decorations] CAPPING events from decorations provider vscode.git 5954
2024-07-12 01:08:12.962 [warning] [Decorations] CAPPING events from decorations provider vscode.git 5954
2024-07-12 01:08:18.093 [warning] [Decorations] CAPPING events from decorations provider vscode.git 5954
2024-07-12 01:08:23.235 [warning] [Decorations] CAPPING events from decorations provider vscode.git 5954
2024-07-12 01:08:28.392 [warning] [Decorations] CAPPING events from decorations provider vscode.git 5954
2024-07-12 01:08:33.543 [warning] [Decorations] CAPPING events from decorations provider vscode.git 5954
2024-07-12 01:08:38.673 [warning] [Decorations] CAPPING events from decorations provider vscode.git 5954
2024-07-12 01:08:43.818 [warning] [Decorations] CAPPING events from decorations provider vscode.git 5954
2024-07-12 01:08:48.989 [warning] [Decorations] CAPPING events from decorations provider vscode.git 5954
2024-07-12 01:08:54.124 [warning] [Decorations] CAPPING events from decorations provider vscode.git 5954
2024-07-12 01:09:01.974 [warning] [Decorations] CAPPING events from decorations provider vscode.git 5963
2024-07-12 01:09:07.098 [warning] [Decorations] CAPPING events from decorations provider vscode.git 5959
2024-07-12 01:09:12.235 [warning] [Decorations] CAPPING events from decorations provider vscode.git 5956
2024-07-12 01:09:17.368 [warning] [Decorations] CAPPING events from decorations provider vscode.git 5956
2024-07-12 01:09:22.504 [warning] [Decorations] CAPPING events from decorations provider vscode.git 5956
2024-07-12 01:09:27.644 [warning] [Decorations] CAPPING events from decorations provider vscode.git 5956
2024-07-12 01:09:32.775 [warning] [Decorations] CAPPING events from decorations provider vscode.git 5956
2024-07-12 01:09:37.931 [warning] [Decorations] CAPPING events from decorations provider vscode.git 5956
2024-07-12 01:09:43.076 [warning] [Decorations] CAPPING events from decorations provider vscode.git 5956
2024-07-12 01:09:49.045 [warning] [Decorations] CAPPING events from decorations provider vscode.git 5956
2024-07-12 01:09:55.959 [warning] [Decorations] CAPPING events from decorations provider vscode.git 5956
2024-07-12 01:10:03.590 [warning] [Decorations] CAPPING events from decorations provider vscode.git 5956
2024-07-12 01:10:09.150 [warning] [Decorations] CAPPING events from decorations provider vscode.git 5956
2024-07-12 01:10:14.931 [warning] [Decorations] CAPPING events from decorations provider vscode.git 5956
2024-07-12 01:10:20.209 [warning] [Decorations] CAPPING events from decorations provider vscode.git 5956
2024-07-12 01:10:25.711 [warning] [Decorations] CAPPING events from decorations provider vscode.git 5956
2024-07-12 01:10:33.703 [warning] [Decorations] CAPPING events from decorations provider vscode.git 5956
2024-07-12 01:10:39.474 [warning] [Decorations] CAPPING events from decorations provider vscode.git 5956
2024-07-12 01:10:44.708 [warning] [Decorations] CAPPING events from decorations provider vscode.git 5956
2024-07-12 01:10:51.916 [warning] [Decorations] CAPPING events from decorations provider vscode.git 5956
2024-07-12 01:10:57.331 [warning] [Decorations] CAPPING events from decorations provider vscode.git 5956
2024-07-12 01:11:02.553 [warning] [Decorations] CAPPING events from decorations provider vscode.git 5956
2024-07-12 01:11:08.165 [warning] [Decorations] CAPPING events from decorations provider vscode.git 5956
2024-07-12 01:11:13.967 [warning] [Decorations] CAPPING events from decorations provider vscode.git 5956
2024-07-12 01:11:19.230 [warning] [Decorations] CAPPING events from decorations provider vscode.git 5956
2024-07-12 01:11:24.447 [warning] [Decorations] CAPPING events from decorations provider vscode.git 5956
2024-07-12 01:11:29.860 [warning] [Decorations] CAPPING events from decorations provider vscode.git 5956
2024-07-12 01:11:35.412 [warning] [Decorations] CAPPING events from decorations provider vscode.git 5956
2024-07-12 01:11:40.702 [warning] [Decorations] CAPPING events from decorations provider vscode.git 5956
2024-07-12 01:11:46.183 [warning] [Decorations] CAPPING events from decorations provider vscode.git 5956
2024-07-12 01:11:51.754 [warning] [Decorations] CAPPING events from decorations provider vscode.git 5956
2024-07-12 01:11:57.344 [warning] [Decorations] CAPPING events from decorations provider vscode.git 5956
2024-07-12 01:12:02.525 [warning] [Decorations] CAPPING events from decorations provider vscode.git 5956
2024-07-12 01:12:07.669 [warning] [Decorations] CAPPING events from decorations provider vscode.git 5956
2024-07-12 01:12:12.801 [warning] [Decorations] CAPPING events from decorations provider vscode.git 5956
2024-07-12 01:12:17.948 [warning] [Decorations] CAPPING events from decorations provider vscode.git 5956
2024-07-12 01:12:23.101 [warning] [Decorations] CAPPING events from decorations provider vscode.git 5956
2024-07-12 01:12:28.238 [warning] [Decorations] CAPPING events from decorations provider vscode.git 5956
2024-07-12 01:12:33.426 [warning] [Decorations] CAPPING events from decorations provider vscode.git 5956
2024-07-12 01:12:38.561 [warning] [Decorations] CAPPING events from decorations provider vscode.git 5956
2024-07-12 01:12:43.688 [warning] [Decorations] CAPPING events from decorations provider vscode.git 5956
2024-07-12 01:12:48.830 [warning] [Decorations] CAPPING events from decorations provider vscode.git 5956
2024-07-12 01:12:53.962 [warning] [Decorations] CAPPING events from decorations provider vscode.git 5956
2024-07-12 01:12:59.102 [warning] [Decorations] CAPPING events from decorations provider vscode.git 5956
2024-07-12 01:13:04.223 [warning] [Decorations] CAPPING events from decorations provider vscode.git 5956
2024-07-12 01:13:09.362 [warning] [Decorations] CAPPING events from decorations provider vscode.git 5956
2024-07-12 01:13:14.492 [warning] [Decorations] CAPPING events from decorations provider vscode.git 5956
2024-07-12 01:13:19.638 [warning] [Decorations] CAPPING events from decorations provider vscode.git 5956
2024-07-12 01:13:24.773 [warning] [Decorations] CAPPING events from decorations provider vscode.git 5956
2024-07-12 01:13:29.911 [warning] [Decorations] CAPPING events from decorations provider vscode.git 5956
2024-07-12 01:13:35.039 [warning] [Decorations] CAPPING events from decorations provider vscode.git 5956
2024-07-12 01:13:40.195 [warning] [Decorations] CAPPING events from decorations provider vscode.git 5956
2024-07-12 01:13:45.335 [warning] [Decorations] CAPPING events from decorations provider vscode.git 5956
2024-07-12 01:13:51.195 [warning] [Decorations] CAPPING events from decorations provider vscode.git 5956
2024-07-12 01:13:56.343 [warning] [Decorations] CAPPING events from decorations provider vscode.git 5956
2024-07-12 01:14:01.490 [warning] [Decorations] CAPPING events from decorations provider vscode.git 5956
2024-07-12 01:14:06.624 [warning] [Decorations] CAPPING events from decorations provider vscode.git 5956
2024-07-12 01:14:11.757 [warning] [Decorations] CAPPING events from decorations provider vscode.git 5956
2024-07-12 01:14:16.888 [warning] [Decorations] CAPPING events from decorations provider vscode.git 5956
2024-07-12 01:14:22.027 [warning] [Decorations] CAPPING events from decorations provider vscode.git 5956
2024-07-12 01:14:27.158 [warning] [Decorations] CAPPING events from decorations provider vscode.git 5956
2024-07-12 01:14:32.297 [warning] [Decorations] CAPPING events from decorations provider vscode.git 5956
2024-07-12 01:14:37.426 [warning] [Decorations] CAPPING events from decorations provider vscode.git 5956
2024-07-12 01:14:42.575 [warning] [Decorations] CAPPING events from decorations provider vscode.git 5956
2024-07-12 01:14:47.699 [warning] [Decorations] CAPPING events from decorations provider vscode.git 5956
2024-07-12 01:14:52.839 [warning] [Decorations] CAPPING events from decorations provider vscode.git 5956
2024-07-12 01:15:32.150 [warning] [Decorations] CAPPING events from decorations provider vscode.git 5956
2024-07-12 01:15:37.294 [warning] [Decorations] CAPPING events from decorations provider vscode.git 5956
2024-07-12 01:15:42.535 [warning] [Decorations] CAPPING events from decorations provider vscode.git 5956
2024-07-12 01:15:49.494 [warning] [Decorations] CAPPING events from decorations provider vscode.git 5957
2024-07-12 01:15:54.630 [warning] [Decorations] CAPPING events from decorations provider vscode.git 5957
2024-07-12 01:15:59.786 [warning] [Decorations] CAPPING events from decorations provider vscode.git 5958
2024-07-12 01:16:04.920 [warning] [Decorations] CAPPING events from decorations provider vscode.git 5958
2024-07-12 01:16:10.042 [warning] [Decorations] CAPPING events from decorations provider vscode.git 5958
2024-07-12 01:16:15.184 [warning] [Decorations] CAPPING events from decorations provider vscode.git 5958
2024-07-12 01:16:20.324 [warning] [Decorations] CAPPING events from decorations provider vscode.git 5958
2024-07-12 01:16:25.468 [warning] [Decorations] CAPPING events from decorations provider vscode.git 5958
2024-07-12 01:16:31.361 [warning] [Decorations] CAPPING events from decorations provider vscode.git 5958
2024-07-12 01:16:36.491 [warning] [Decorations] CAPPING events from decorations provider vscode.git 5958
2024-07-12 01:16:41.620 [warning] [Decorations] CAPPING events from decorations provider vscode.git 5958
2024-07-12 01:16:46.755 [warning] [Decorations] CAPPING events from decorations provider vscode.git 5958
2024-07-12 01:16:52.067 [warning] [Decorations] CAPPING events from decorations provider vscode.git 5958
2024-07-12 01:16:57.219 [warning] [Decorations] CAPPING events from decorations provider vscode.git 5958
2024-07-12 01:17:02.563 [warning] [Decorations] CAPPING events from decorations provider vscode.git 5958
2024-07-12 01:17:07.731 [warning] [Decorations] CAPPING events from decorations provider vscode.git 5958
2024-07-12 01:17:12.861 [warning] [Decorations] CAPPING events from decorations provider vscode.git 5958
2024-07-12 01:17:36.812 [warning] [Decorations] CAPPING events from decorations provider vscode.git 5958
2024-07-12 01:17:41.958 [warning] [Decorations] CAPPING events from decorations provider vscode.git 5958
2024-07-12 01:17:47.888 [warning] [Decorations] CAPPING events from decorations provider vscode.git 5968
2024-07-12 01:17:53.039 [warning] [Decorations] CAPPING events from decorations provider vscode.git 5959
2024-07-12 01:17:58.184 [warning] [Decorations] CAPPING events from decorations provider vscode.git 5959
2024-07-12 01:18:03.338 [warning] [Decorations] CAPPING events from decorations provider vscode.git 5959
2024-07-12 01:18:09.199 [warning] [Decorations] CAPPING events from decorations provider vscode.git 5959
2024-07-12 01:18:18.496 [warning] [Decorations] CAPPING events from decorations provider vscode.git 5959
2024-07-12 01:18:23.630 [warning] [Decorations] CAPPING events from decorations provider vscode.git 5959
2024-07-12 01:18:28.800 [warning] [Decorations] CAPPING events from decorations provider vscode.git 5959
2024-07-12 01:18:37.827 [warning] [Decorations] CAPPING events from decorations provider vscode.git 5959
2024-07-12 01:18:44.182 [warning] [Decorations] CAPPING events from decorations provider vscode.git 5960
2024-07-12 01:18:49.326 [warning] [Decorations] CAPPING events from decorations provider vscode.git 5966
2024-07-12 01:19:00.881 [warning] [Decorations] CAPPING events from decorations provider vscode.git 5960
2024-07-12 01:19:06.016 [warning] [Decorations] CAPPING events from decorations provider vscode.git 5960
2024-07-12 01:19:29.518 [warning] [Decorations] CAPPING events from decorations provider vscode.git 5960
2024-07-12 01:19:34.667 [warning] [Decorations] CAPPING events from decorations provider vscode.git 5960
2024-07-12 01:19:39.812 [warning] [Decorations] CAPPING events from decorations provider vscode.git 5961
2024-07-12 01:19:44.946 [warning] [Decorations] CAPPING events from decorations provider vscode.git 5961
2024-07-12 01:19:50.112 [warning] [Decorations] CAPPING events from decorations provider vscode.git 5961
2024-07-12 01:19:55.250 [warning] [Decorations] CAPPING events from decorations provider vscode.git 5961
2024-07-12 01:20:00.372 [warning] [Decorations] CAPPING events from decorations provider vscode.git 5961
2024-07-12 01:20:05.531 [warning] [Decorations] CAPPING events from decorations provider vscode.git 5961
2024-07-12 01:20:10.669 [warning] [Decorations] CAPPING events from decorations provider vscode.git 5961
2024-07-12 01:20:15.802 [warning] [Decorations] CAPPING events from decorations provider vscode.git 5961
2024-07-12 01:20:20.937 [warning] [Decorations] CAPPING events from decorations provider vscode.git 5961
2024-07-12 01:20:26.083 [warning] [Decorations] CAPPING events from decorations provider vscode.git 5961
2024-07-12 01:20:31.226 [warning] [Decorations] CAPPING events from decorations provider vscode.git 5961
2024-07-12 01:20:36.360 [warning] [Decorations] CAPPING events from decorations provider vscode.git 5961
2024-07-12 01:20:41.486 [warning] [Decorations] CAPPING events from decorations provider vscode.git 5961
2024-07-12 01:21:02.004 [warning] [Decorations] CAPPING events from decorations provider vscode.git 5961
2024-07-12 01:21:07.138 [warning] [Decorations] CAPPING events from decorations provider vscode.git 5961
2024-07-12 01:21:12.284 [warning] [Decorations] CAPPING events from decorations provider vscode.git 5961
2024-07-12 01:21:17.413 [warning] [Decorations] CAPPING events from decorations provider vscode.git 5961
2024-07-12 01:21:22.553 [warning] [Decorations] CAPPING events from decorations provider vscode.git 5962
2024-07-12 01:21:27.694 [warning] [Decorations] CAPPING events from decorations provider vscode.git 5962
2024-07-12 01:21:32.829 [warning] [Decorations] CAPPING events from decorations provider vscode.git 5962
2024-07-12 01:21:37.958 [warning] [Decorations] CAPPING events from decorations provider vscode.git 5962
2024-07-12 01:21:43.099 [warning] [Decorations] CAPPING events from decorations provider vscode.git 5962
2024-07-12 01:21:48.223 [warning] [Decorations] CAPPING events from decorations provider vscode.git 5962
2024-07-12 01:21:53.364 [warning] [Decorations] CAPPING events from decorations provider vscode.git 5962
2024-07-12 01:21:58.497 [warning] [Decorations] CAPPING events from decorations provider vscode.git 5962
2024-07-12 01:22:03.669 [warning] [Decorations] CAPPING events from decorations provider vscode.git 5962
2024-07-12 01:22:08.818 [warning] [Decorations] CAPPING events from decorations provider vscode.git 5962
2024-07-12 01:22:13.955 [warning] [Decorations] CAPPING events from decorations provider vscode.git 5962
2024-07-12 01:22:19.111 [warning] [Decorations] CAPPING events from decorations provider vscode.git 5962
2024-07-12 01:22:24.251 [warning] [Decorations] CAPPING events from decorations provider vscode.git 5962
2024-07-12 01:22:29.389 [warning] [Decorations] CAPPING events from decorations provider vscode.git 5962
2024-07-12 01:22:34.534 [warning] [Decorations] CAPPING events from decorations provider vscode.git 5962
2024-07-12 01:22:39.657 [warning] [Decorations] CAPPING events from decorations provider vscode.git 5962
2024-07-12 01:22:44.814 [warning] [Decorations] CAPPING events from decorations provider vscode.git 5962
2024-07-12 01:22:49.965 [warning] [Decorations] CAPPING events from decorations provider vscode.git 5962
2024-07-12 01:22:55.100 [warning] [Decorations] CAPPING events from decorations provider vscode.git 5962
2024-07-12 01:23:00.245 [warning] [Decorations] CAPPING events from decorations provider vscode.git 5962
2024-07-12 01:23:05.387 [warning] [Decorations] CAPPING events from decorations provider vscode.git 5962
2024-07-12 01:23:10.528 [warning] [Decorations] CAPPING events from decorations provider vscode.git 5962
2024-07-12 01:23:15.671 [warning] [Decorations] CAPPING events from decorations provider vscode.git 5962
2024-07-12 01:23:20.818 [warning] [Decorations] CAPPING events from decorations provider vscode.git 5962
2024-07-12 01:23:25.953 [warning] [Decorations] CAPPING events from decorations provider vscode.git 5962
2024-07-12 01:23:31.082 [warning] [Decorations] CAPPING events from decorations provider vscode.git 5962
2024-07-12 01:23:36.221 [warning] [Decorations] CAPPING events from decorations provider vscode.git 5962
2024-07-12 01:23:41.356 [warning] [Decorations] CAPPING events from decorations provider vscode.git 5962
2024-07-12 01:23:46.489 [warning] [Decorations] CAPPING events from decorations provider vscode.git 5962
2024-07-12 01:23:51.627 [warning] [Decorations] CAPPING events from decorations provider vscode.git 5962
2024-07-12 01:23:56.758 [warning] [Decorations] CAPPING events from decorations provider vscode.git 5962
2024-07-12 01:24:03.605 [warning] [Decorations] CAPPING events from decorations provider vscode.git 5963
2024-07-12 01:24:08.740 [warning] [Decorations] CAPPING events from decorations provider vscode.git 5963
2024-07-12 01:24:13.878 [warning] [Decorations] CAPPING events from decorations provider vscode.git 5963
2024-07-12 01:24:19.029 [warning] [Decorations] CAPPING events from decorations provider vscode.git 5963
2024-07-12 01:25:11.036 [warning] [Decorations] CAPPING events from decorations provider vscode.git 5963
2024-07-12 01:25:16.177 [warning] [Decorations] CAPPING events from decorations provider vscode.git 5963
2024-07-12 01:25:21.304 [warning] [Decorations] CAPPING events from decorations provider vscode.git 5963
2024-07-12 01:25:26.442 [warning] [Decorations] CAPPING events from decorations provider vscode.git 5963
2024-07-12 01:25:31.573 [warning] [Decorations] CAPPING events from decorations provider vscode.git 5963
2024-07-12 01:25:36.697 [warning] [Decorations] CAPPING events from decorations provider vscode.git 5963
2024-07-12 01:25:41.831 [warning] [Decorations] CAPPING events from decorations provider vscode.git 5963
2024-07-12 01:25:46.992 [warning] [Decorations] CAPPING events from decorations provider vscode.git 5963
2024-07-12 01:25:52.120 [warning] [Decorations] CAPPING events from decorations provider vscode.git 5963
2024-07-12 01:25:57.257 [warning] [Decorations] CAPPING events from decorations provider vscode.git 5963
2024-07-12 01:26:02.388 [warning] [Decorations] CAPPING events from decorations provider vscode.git 5963
2024-07-12 01:26:07.549 [warning] [Decorations] CAPPING events from decorations provider vscode.git 5963
2024-07-12 01:26:12.676 [warning] [Decorations] CAPPING events from decorations provider vscode.git 5963
2024-07-12 01:26:17.815 [warning] [Decorations] CAPPING events from decorations provider vscode.git 5963
2024-07-12 01:26:22.963 [warning] [Decorations] CAPPING events from decorations provider vscode.git 5963
2024-07-12 01:26:28.099 [warning] [Decorations] CAPPING events from decorations provider vscode.git 5963
2024-07-12 01:26:33.221 [warning] [Decorations] CAPPING events from decorations provider vscode.git 5963
2024-07-12 01:26:41.658 [warning] [Decorations] CAPPING events from decorations provider vscode.git 5972
2024-07-12 01:26:46.797 [warning] [Decorations] CAPPING events from decorations provider vscode.git 5976
2024-07-12 01:26:51.929 [warning] [Decorations] CAPPING events from decorations provider vscode.git 5965
2024-07-12 01:26:57.059 [warning] [Decorations] CAPPING events from decorations provider vscode.git 5965
2024-07-12 01:27:02.186 [warning] [Decorations] CAPPING events from decorations provider vscode.git 5965
2024-07-12 01:27:08.077 [warning] [Decorations] CAPPING events from decorations provider vscode.git 5965
2024-07-12 01:27:13.222 [warning] [Decorations] CAPPING events from decorations provider vscode.git 5966
2024-07-12 01:27:18.419 [warning] [Decorations] CAPPING events from decorations provider vscode.git 5966
2024-07-12 01:27:23.569 [warning] [Decorations] CAPPING events from decorations provider vscode.git 5967
2024-07-12 01:27:28.729 [warning] [Decorations] CAPPING events from decorations provider vscode.git 5967
2024-07-12 01:27:33.877 [warning] [Decorations] CAPPING events from decorations provider vscode.git 5967
2024-07-12 01:27:39.004 [warning] [Decorations] CAPPING events from decorations provider vscode.git 5967
2024-07-12 01:27:44.153 [warning] [Decorations] CAPPING events from decorations provider vscode.git 5967
2024-07-12 01:27:49.310 [warning] [Decorations] CAPPING events from decorations provider vscode.git 5967
2024-07-12 01:27:54.444 [warning] [Decorations] CAPPING events from decorations provider vscode.git 5967
2024-07-12 01:27:59.588 [warning] [Decorations] CAPPING events from decorations provider vscode.git 5967
2024-07-12 01:28:04.726 [warning] [Decorations] CAPPING events from decorations provider vscode.git 5967
2024-07-12 01:28:09.871 [warning] [Decorations] CAPPING events from decorations provider vscode.git 5967
2024-07-12 01:28:15.003 [warning] [Decorations] CAPPING events from decorations provider vscode.git 5967
2024-07-12 01:28:20.136 [warning] [Decorations] CAPPING events from decorations provider vscode.git 5967
2024-07-12 01:28:25.276 [warning] [Decorations] CAPPING events from decorations provider vscode.git 5967
2024-07-12 01:28:30.420 [warning] [Decorations] CAPPING events from decorations provider vscode.git 5967
2024-07-12 01:28:35.565 [warning] [Decorations] CAPPING events from decorations provider vscode.git 5967
2024-07-12 01:28:40.694 [warning] [Decorations] CAPPING events from decorations provider vscode.git 5967
2024-07-12 01:28:45.825 [warning] [Decorations] CAPPING events from decorations provider vscode.git 5968
2024-07-12 01:28:50.971 [warning] [Decorations] CAPPING events from decorations provider vscode.git 5968
2024-07-12 01:28:56.120 [warning] [Decorations] CAPPING events from decorations provider vscode.git 5968
2024-07-12 01:29:01.239 [warning] [Decorations] CAPPING events from decorations provider vscode.git 5968
2024-07-12 01:29:06.375 [warning] [Decorations] CAPPING events from decorations provider vscode.git 5968
2024-07-12 01:29:11.521 [warning] [Decorations] CAPPING events from decorations provider vscode.git 5968
2024-07-12 01:29:16.657 [warning] [Decorations] CAPPING events from decorations provider vscode.git 5968
2024-07-12 01:29:21.793 [warning] [Decorations] CAPPING events from decorations provider vscode.git 5968
2024-07-12 01:29:26.940 [warning] [Decorations] CAPPING events from decorations provider vscode.git 5968
2024-07-12 01:29:32.371 [warning] [Decorations] CAPPING events from decorations provider vscode.git 5968
2024-07-12 01:29:37.588 [warning] [Decorations] CAPPING events from decorations provider vscode.git 5968
2024-07-12 01:29:42.946 [warning] [Decorations] CAPPING events from decorations provider vscode.git 5968
2024-07-12 01:29:48.901 [warning] [Decorations] CAPPING events from decorations provider vscode.git 5968
2024-07-12 01:30:08.874 [warning] [Decorations] CAPPING events from decorations provider vscode.git 5968
2024-07-12 01:30:14.690 [warning] [Decorations] CAPPING events from decorations provider vscode.git 5968
2024-07-12 01:30:19.833 [warning] [Decorations] CAPPING events from decorations provider vscode.git 5968
2024-07-12 01:30:24.963 [warning] [Decorations] CAPPING events from decorations provider vscode.git 5968
2024-07-12 01:30:30.101 [warning] [Decorations] CAPPING events from decorations provider vscode.git 5968
2024-07-12 01:30:35.238 [warning] [Decorations] CAPPING events from decorations provider vscode.git 5968
2024-07-12 01:30:40.381 [warning] [Decorations] CAPPING events from decorations provider vscode.git 5968
2024-07-12 01:30:45.518 [warning] [Decorations] CAPPING events from decorations provider vscode.git 5968
2024-07-12 01:30:51.436 [warning] [Decorations] CAPPING events from decorations provider vscode.git 5968
2024-07-12 01:30:56.589 [warning] [Decorations] CAPPING events from decorations provider vscode.git 5968
2024-07-12 01:31:01.718 [warning] [Decorations] CAPPING events from decorations provider vscode.git 5968
2024-07-12 01:31:06.852 [warning] [Decorations] CAPPING events from decorations provider vscode.git 5968
2024-07-12 01:31:11.997 [warning] [Decorations] CAPPING events from decorations provider vscode.git 5968
2024-07-12 01:31:17.129 [warning] [Decorations] CAPPING events from decorations provider vscode.git 5968
2024-07-12 01:31:22.261 [warning] [Decorations] CAPPING events from decorations provider vscode.git 5968
2024-07-12 01:31:27.390 [warning] [Decorations] CAPPING events from decorations provider vscode.git 5968
2024-07-12 01:31:32.524 [warning] [Decorations] CAPPING events from decorations provider vscode.git 5968
2024-07-12 01:31:37.669 [warning] [Decorations] CAPPING events from decorations provider vscode.git 5968
2024-07-12 01:31:42.794 [warning] [Decorations] CAPPING events from decorations provider vscode.git 5968
2024-07-12 01:31:47.950 [warning] [Decorations] CAPPING events from decorations provider vscode.git 5968
2024-07-12 01:31:53.086 [warning] [Decorations] CAPPING events from decorations provider vscode.git 5968
2024-07-12 01:31:58.229 [warning] [Decorations] CAPPING events from decorations provider vscode.git 5968
2024-07-12 01:32:03.371 [warning] [Decorations] CAPPING events from decorations provider vscode.git 5968
2024-07-12 01:32:08.506 [warning] [Decorations] CAPPING events from decorations provider vscode.git 5968
2024-07-12 01:32:13.640 [warning] [Decorations] CAPPING events from decorations provider vscode.git 5968
2024-07-12 01:32:18.785 [warning] [Decorations] CAPPING events from decorations provider vscode.git 5968
2024-07-12 01:32:23.932 [warning] [Decorations] CAPPING events from decorations provider vscode.git 5968
2024-07-12 01:32:29.061 [warning] [Decorations] CAPPING events from decorations provider vscode.git 5968
2024-07-12 01:32:34.203 [warning] [Decorations] CAPPING events from decorations provider vscode.git 5968
2024-07-12 01:32:39.344 [warning] [Decorations] CAPPING events from decorations provider vscode.git 5968
2024-07-12 01:32:44.490 [warning] [Decorations] CAPPING events from decorations provider vscode.git 5968
2024-07-12 01:32:49.613 [warning] [Decorations] CAPPING events from decorations provider vscode.git 5968
2024-07-12 01:32:54.740 [warning] [Decorations] CAPPING events from decorations provider vscode.git 5968
2024-07-12 01:32:59.894 [warning] [Decorations] CAPPING events from decorations provider vscode.git 5968
2024-07-12 01:33:05.030 [warning] [Decorations] CAPPING events from decorations provider vscode.git 5967
2024-07-12 01:33:10.154 [warning] [Decorations] CAPPING events from decorations provider vscode.git 5967
2024-07-12 01:33:15.293 [warning] [Decorations] CAPPING events from decorations provider vscode.git 5968
2024-07-12 01:33:20.426 [warning] [Decorations] CAPPING events from decorations provider vscode.git 5968
2024-07-12 01:33:25.742 [warning] [Decorations] CAPPING events from decorations provider vscode.git 5968
2024-07-12 01:33:31.048 [warning] [Decorations] CAPPING events from decorations provider vscode.git 5968
2024-07-12 01:33:46.949 [warning] [Decorations] CAPPING events from decorations provider vscode.git 5969
2024-07-12 01:33:52.132 [warning] [Decorations] CAPPING events from decorations provider vscode.git 5970
2024-07-12 01:33:58.096 [warning] [Decorations] CAPPING events from decorations provider vscode.git 5970
2024-07-12 01:34:58.143 [warning] [Decorations] CAPPING events from decorations provider vscode.git 5970
2024-07-12 01:35:03.513 [warning] [Decorations] CAPPING events from decorations provider vscode.git 5970
2024-07-12 01:35:09.002 [warning] [Decorations] CAPPING events from decorations provider vscode.git 5970
2024-07-12 01:35:14.171 [warning] [Decorations] CAPPING events from decorations provider vscode.git 5970
2024-07-12 01:35:19.299 [warning] [Decorations] CAPPING events from decorations provider vscode.git 5970
2024-07-12 01:35:24.477 [warning] [Decorations] CAPPING events from decorations provider vscode.git 5970
2024-07-12 01:35:29.613 [warning] [Decorations] CAPPING events from decorations provider vscode.git 5970
2024-07-12 01:35:34.738 [warning] [Decorations] CAPPING events from decorations provider vscode.git 5970
2024-07-12 01:35:39.864 [warning] [Decorations] CAPPING events from decorations provider vscode.git 5970
2024-07-12 01:35:45.002 [warning] [Decorations] CAPPING events from decorations provider vscode.git 5970
2024-07-12 01:35:50.132 [warning] [Decorations] CAPPING events from decorations provider vscode.git 5970
2024-07-12 01:35:55.764 [warning] [Decorations] CAPPING events from decorations provider vscode.git 5970
2024-07-12 01:36:03.060 [warning] [Decorations] CAPPING events from decorations provider vscode.git 5982
2024-07-12 01:36:08.356 [warning] [Decorations] CAPPING events from decorations provider vscode.git 5971
2024-07-12 01:36:17.778 [warning] [Decorations] CAPPING events from decorations provider vscode.git 5971
2024-07-12 01:36:23.109 [warning] [Decorations] CAPPING events from decorations provider vscode.git 5971
2024-07-12 01:36:28.245 [warning] [Decorations] CAPPING events from decorations provider vscode.git 5971
2024-07-12 01:36:33.400 [warning] [Decorations] CAPPING events from decorations provider vscode.git 5971
2024-07-12 01:36:38.527 [warning] [Decorations] CAPPING events from decorations provider vscode.git 5971
2024-07-12 01:36:43.799 [warning] [Decorations] CAPPING events from decorations provider vscode.git 5971
2024-07-12 01:36:48.951 [warning] [Decorations] CAPPING events from decorations provider vscode.git 5971
2024-07-12 01:36:54.097 [warning] [Decorations] CAPPING events from decorations provider vscode.git 5971
2024-07-12 01:37:00.045 [warning] [Decorations] CAPPING events from decorations provider vscode.git 5971
2024-07-12 01:37:05.173 [warning] [Decorations] CAPPING events from decorations provider vscode.git 5971
2024-07-12 01:37:10.311 [warning] [Decorations] CAPPING events from decorations provider vscode.git 5971
2024-07-12 01:37:15.452 [warning] [Decorations] CAPPING events from decorations provider vscode.git 5971
2024-07-12 01:37:20.588 [warning] [Decorations] CAPPING events from decorations provider vscode.git 5971
2024-07-12 01:37:27.178 [warning] [Decorations] CAPPING events from decorations provider vscode.git 5982
2024-07-12 01:37:32.332 [warning] [Decorations] CAPPING events from decorations provider vscode.git 5972
2024-07-12 01:37:44.621 [warning] [Decorations] CAPPING events from decorations provider vscode.git 5972
2024-07-12 01:37:50.231 [warning] [Decorations] CAPPING events from decorations provider vscode.git 5974
2024-07-12 01:38:01.397 [warning] [Decorations] CAPPING events from decorations provider vscode.git 5995
2024-07-12 01:38:06.578 [warning] [Decorations] CAPPING events from decorations provider vscode.git 5974
2024-07-12 01:38:12.959 [warning] [Decorations] CAPPING events from decorations provider vscode.git 5974
2024-07-12 01:38:19.215 [warning] [Decorations] CAPPING events from decorations provider vscode.git 5974
2024-07-12 01:38:24.485 [warning] [Decorations] CAPPING events from decorations provider vscode.git 5974
2024-07-12 01:38:29.757 [warning] [Decorations] CAPPING events from decorations provider vscode.git 5974
2024-07-12 01:38:35.140 [warning] [Decorations] CAPPING events from decorations provider vscode.git 5974
2024-07-12 01:38:40.277 [warning] [Decorations] CAPPING events from decorations provider vscode.git 5974
2024-07-12 01:38:45.408 [warning] [Decorations] CAPPING events from decorations provider vscode.git 5974
2024-07-12 01:38:50.563 [warning] [Decorations] CAPPING events from decorations provider vscode.git 5974
2024-07-12 01:38:55.694 [warning] [Decorations] CAPPING events from decorations provider vscode.git 5974
2024-07-12 01:39:00.900 [warning] [Decorations] CAPPING events from decorations provider vscode.git 5974
2024-07-12 01:39:06.026 [warning] [Decorations] CAPPING events from decorations provider vscode.git 5974
2024-07-12 01:39:11.155 [warning] [Decorations] CAPPING events from decorations provider vscode.git 5974
2024-07-12 01:39:16.297 [warning] [Decorations] CAPPING events from decorations provider vscode.git 5974
2024-07-12 01:39:21.448 [warning] [Decorations] CAPPING events from decorations provider vscode.git 5974
2024-07-12 01:39:26.572 [warning] [Decorations] CAPPING events from decorations provider vscode.git 5974
2024-07-12 01:39:31.713 [warning] [Decorations] CAPPING events from decorations provider vscode.git 5974
2024-07-12 01:39:36.848 [warning] [Decorations] CAPPING events from decorations provider vscode.git 5974
2024-07-12 01:39:41.981 [warning] [Decorations] CAPPING events from decorations provider vscode.git 5974
2024-07-12 01:39:47.110 [warning] [Decorations] CAPPING events from decorations provider vscode.git 5974
2024-07-12 01:39:52.307 [warning] [Decorations] CAPPING events from decorations provider vscode.git 5974
2024-07-12 01:39:57.441 [warning] [Decorations] CAPPING events from decorations provider vscode.git 5974
2024-07-12 01:40:02.577 [warning] [Decorations] CAPPING events from decorations provider vscode.git 5974
2024-07-12 01:40:07.707 [warning] [Decorations] CAPPING events from decorations provider vscode.git 5974
2024-07-12 01:40:12.854 [warning] [Decorations] CAPPING events from decorations provider vscode.git 5974
2024-07-12 01:40:17.985 [warning] [Decorations] CAPPING events from decorations provider vscode.git 5974
2024-07-12 01:40:23.136 [warning] [Decorations] CAPPING events from decorations provider vscode.git 5974
2024-07-12 01:40:28.262 [warning] [Decorations] CAPPING events from decorations provider vscode.git 5979
2024-07-12 01:40:36.252 [warning] [Decorations] CAPPING events from decorations provider vscode.git 6001
2024-07-12 01:40:42.446 [warning] [Decorations] CAPPING events from decorations provider vscode.git 5991
2024-07-12 01:40:48.818 [warning] [Decorations] CAPPING events from decorations provider vscode.git 5977
2024-07-12 01:40:53.965 [warning] [Decorations] CAPPING events from decorations provider vscode.git 5977
2024-07-12 01:40:59.286 [warning] [Decorations] CAPPING events from decorations provider vscode.git 5978
2024-07-12 01:41:04.601 [warning] [Decorations] CAPPING events from decorations provider vscode.git 5983
2024-07-12 01:41:09.744 [warning] [Decorations] CAPPING events from decorations provider vscode.git 5980
2024-07-12 01:41:14.877 [warning] [Decorations] CAPPING events from decorations provider vscode.git 5978
2024-07-12 01:41:20.014 [warning] [Decorations] CAPPING events from decorations provider vscode.git 5978
2024-07-12 01:41:25.263 [warning] [Decorations] CAPPING events from decorations provider vscode.git 5978
2024-07-12 01:41:30.423 [warning] [Decorations] CAPPING events from decorations provider vscode.git 5978
2024-07-12 01:41:35.558 [warning] [Decorations] CAPPING events from decorations provider vscode.git 5978
2024-07-12 01:41:40.691 [warning] [Decorations] CAPPING events from decorations provider vscode.git 5978
2024-07-12 01:41:45.834 [warning] [Decorations] CAPPING events from decorations provider vscode.git 5980
2024-07-12 01:41:50.971 [warning] [Decorations] CAPPING events from decorations provider vscode.git 5987
2024-07-12 01:41:56.718 [warning] [Decorations] CAPPING events from decorations provider vscode.git 5995
2024-07-12 01:42:03.316 [warning] [Decorations] CAPPING events from decorations provider vscode.git 5999
2024-07-12 01:42:11.208 [warning] [Decorations] CAPPING events from decorations provider vscode.git 5994
2024-07-12 01:42:16.365 [warning] [Decorations] CAPPING events from decorations provider vscode.git 5982
2024-07-12 01:42:21.502 [warning] [Decorations] CAPPING events from decorations provider vscode.git 5982
2024-07-12 01:42:26.646 [warning] [Decorations] CAPPING events from decorations provider vscode.git 5982
2024-07-12 01:42:31.783 [warning] [Decorations] CAPPING events from decorations provider vscode.git 5982
2024-07-12 01:42:37.135 [warning] [Decorations] CAPPING events from decorations provider vscode.git 5982
2024-07-12 01:42:42.401 [warning] [Decorations] CAPPING events from decorations provider vscode.git 5982
2024-07-12 01:42:47.679 [warning] [Decorations] CAPPING events from decorations provider vscode.git 5982
