0 info it worked if it ends with ok
1 verbose cli [ '/usr/bin/node', '/usr/bin/npm', 'start' ]
2 info using npm@6.14.11
3 info using node@v10.24.0
4 verbose stack Error: Failed to parse json
4 verbose stack Unexpected string in JSON at position 169 while parsing '{
4 verbose stack   "name": "OCI-Project",
4 verbose stack   "version": '
4 verbose stack     at parseError (/usr/lib/node_modules/npm/node_modules/read-package-json/read-json.js:470:11)
4 verbose stack     at parseJson (/usr/lib/node_modules/npm/node_modules/read-package-json/read-json.js:105:26)
4 verbose stack     at /usr/lib/node_modules/npm/node_modules/read-package-json/read-json.js:52:5
4 verbose stack     at /usr/lib/node_modules/npm/node_modules/graceful-fs/graceful-fs.js:123:16
4 verbose stack     at FSReqWrap.readFileAfterClose [as oncomplete] (internal/fs/read_file_context.js:53:3)
5 verbose cwd /home/opc/OCI-Project/public/react/components
6 verbose Linux 5.15.0-205.149.5.1.el8uek.aarch64
7 verbose argv "/usr/bin/node" "/usr/bin/npm" "start"
8 verbose node v10.24.0
9 verbose npm  v6.14.11
10 error code EJSONPARSE
11 error file /home/opc/OCI-Project/package.json
12 error JSON.parse Failed to parse json
12 error JSON.parse Unexpected string in JSON at position 169 while parsing '{
12 error JSON.parse   "name": "OCI-Project",
12 error JSON.parse   "version": '
13 error JSON.parse Failed to parse package.json data.
13 error JSON.parse package.json must be actual JSON, not just JavaScript.
14 verbose exit [ 1, true ]
