0 info it worked if it ends with ok
1 verbose cli [ '/usr/bin/node',
1 verbose cli   '/usr/bin/npm',
1 verbose cli   'install',
1 verbose cli   '--global',
1 verbose cli   'http-server' ]
2 info using npm@6.14.11
3 info using node@v10.24.0
4 verbose npm-session 5cb90d5c94f01306
5 silly install loadCurrentTree
6 silly install readGlobalPackageData
7 http fetch GET 304 https://registry.npmjs.org/http-server 147ms (from cache)
8 silly pacote tag manifest for http-server@latest fetched in 158ms
9 timing stage:loadCurrentTree Completed in 293ms
10 silly install loadIdealTree
11 silly install cloneCurrentTreeToIdealTree
12 timing stage:loadIdealTree:cloneCurrentTree Completed in 1ms
13 silly install loadShrinkwrap
14 timing stage:loadIdealTree:loadShrinkwrap Completed in 36ms
15 silly install loadAllDepsIntoIdealTree
16 silly resolveWithNewModule http-server@14.1.1 checking installable status
17 silly removeObsoleteDep removing http-server@14.1.1 from the tree as its been replaced by a newer version or is no longer required
18 silly removeObsoleteDep removing basic-auth@2.0.1 from the tree as its been replaced by a newer version or is no longer required
19 silly removeObsoleteDep removing safe-buffer@5.1.2 from the tree as its been replaced by a newer version or is no longer required
20 silly removeObsoleteDep removing chalk@4.1.2 from the tree as its been replaced by a newer version or is no longer required
21 silly removeObsoleteDep removing ansi-styles@4.3.0 from the tree as its been replaced by a newer version or is no longer required
22 silly removeObsoleteDep removing color-convert@2.0.1 from the tree as its been replaced by a newer version or is no longer required
23 silly removeObsoleteDep removing color-name@1.1.4 from the tree as its been replaced by a newer version or is no longer required
24 silly removeObsoleteDep removing supports-color@7.2.0 from the tree as its been replaced by a newer version or is no longer required
25 silly removeObsoleteDep removing has-flag@4.0.0 from the tree as its been replaced by a newer version or is no longer required
26 silly removeObsoleteDep removing corser@2.0.1 from the tree as its been replaced by a newer version or is no longer required
27 silly removeObsoleteDep removing he@1.2.0 from the tree as its been replaced by a newer version or is no longer required
28 silly removeObsoleteDep removing html-encoding-sniffer@3.0.0 from the tree as its been replaced by a newer version or is no longer required
29 silly removeObsoleteDep removing whatwg-encoding@2.0.0 from the tree as its been replaced by a newer version or is no longer required
30 silly removeObsoleteDep removing iconv-lite@0.6.3 from the tree as its been replaced by a newer version or is no longer required
31 silly removeObsoleteDep removing safer-buffer@2.1.2 from the tree as its been replaced by a newer version or is no longer required
32 silly removeObsoleteDep removing http-proxy@1.18.1 from the tree as its been replaced by a newer version or is no longer required
33 silly removeObsoleteDep removing eventemitter3@4.0.7 from the tree as its been replaced by a newer version or is no longer required
34 silly removeObsoleteDep removing follow-redirects@1.15.6 from the tree as its been replaced by a newer version or is no longer required
35 silly removeObsoleteDep removing requires-port@1.0.0 from the tree as its been replaced by a newer version or is no longer required
36 silly removeObsoleteDep removing mime@1.6.0 from the tree as its been replaced by a newer version or is no longer required
37 silly removeObsoleteDep removing opener@1.5.2 from the tree as its been replaced by a newer version or is no longer required
38 silly removeObsoleteDep removing portfinder@1.0.32 from the tree as its been replaced by a newer version or is no longer required
39 silly removeObsoleteDep removing async@2.6.4 from the tree as its been replaced by a newer version or is no longer required
40 silly removeObsoleteDep removing lodash@4.17.21 from the tree as its been replaced by a newer version or is no longer required
41 silly removeObsoleteDep removing debug@3.2.7 from the tree as its been replaced by a newer version or is no longer required
42 silly removeObsoleteDep removing ms@2.1.3 from the tree as its been replaced by a newer version or is no longer required
43 silly removeObsoleteDep removing mkdirp@0.5.6 from the tree as its been replaced by a newer version or is no longer required
44 silly removeObsoleteDep removing minimist@1.2.8 from the tree as its been replaced by a newer version or is no longer required
45 silly removeObsoleteDep removing secure-compare@3.0.1 from the tree as its been replaced by a newer version or is no longer required
46 silly removeObsoleteDep removing union@0.5.0 from the tree as its been replaced by a newer version or is no longer required
47 silly removeObsoleteDep removing qs@6.12.1 from the tree as its been replaced by a newer version or is no longer required
48 silly removeObsoleteDep removing side-channel@1.0.6 from the tree as its been replaced by a newer version or is no longer required
49 silly removeObsoleteDep removing call-bind@1.0.7 from the tree as its been replaced by a newer version or is no longer required
50 silly removeObsoleteDep removing es-define-property@1.0.0 from the tree as its been replaced by a newer version or is no longer required
51 silly removeObsoleteDep removing get-intrinsic@1.2.4 from the tree as its been replaced by a newer version or is no longer required
52 silly removeObsoleteDep removing es-errors@1.3.0 from the tree as its been replaced by a newer version or is no longer required
53 silly removeObsoleteDep removing function-bind@1.1.2 from the tree as its been replaced by a newer version or is no longer required
54 silly removeObsoleteDep removing has-proto@1.0.3 from the tree as its been replaced by a newer version or is no longer required
55 silly removeObsoleteDep removing has-symbols@1.0.3 from the tree as its been replaced by a newer version or is no longer required
56 silly removeObsoleteDep removing hasown@2.0.2 from the tree as its been replaced by a newer version or is no longer required
57 silly removeObsoleteDep removing set-function-length@1.2.2 from the tree as its been replaced by a newer version or is no longer required
58 silly removeObsoleteDep removing define-data-property@1.1.4 from the tree as its been replaced by a newer version or is no longer required
59 silly removeObsoleteDep removing gopd@1.0.1 from the tree as its been replaced by a newer version or is no longer required
60 silly removeObsoleteDep removing has-property-descriptors@1.0.2 from the tree as its been replaced by a newer version or is no longer required
61 silly removeObsoleteDep removing object-inspect@1.13.1 from the tree as its been replaced by a newer version or is no longer required
62 silly removeObsoleteDep removing url-join@4.0.1 from the tree as its been replaced by a newer version or is no longer required
63 http fetch GET 304 https://registry.npmjs.org/basic-auth 140ms (from cache)
64 http fetch GET 304 https://registry.npmjs.org/html-encoding-sniffer 130ms (from cache)
65 silly pacote range manifest for basic-auth@^2.0.1 fetched in 145ms
66 silly resolveWithNewModule basic-auth@2.0.1 checking installable status
67 silly pacote range manifest for html-encoding-sniffer@^3.0.0 fetched in 136ms
68 silly resolveWithNewModule html-encoding-sniffer@3.0.0 checking installable status
69 http fetch GET 304 https://registry.npmjs.org/chalk 147ms (from cache)
70 http fetch GET 304 https://registry.npmjs.org/corser 149ms (from cache)
71 silly pacote range manifest for chalk@^4.1.2 fetched in 158ms
72 silly resolveWithNewModule chalk@4.1.2 checking installable status
73 http fetch GET 304 https://registry.npmjs.org/portfinder 145ms (from cache)
74 http fetch GET 304 https://registry.npmjs.org/minimist 150ms (from cache)
75 http fetch GET 304 https://registry.npmjs.org/opener 150ms (from cache)
76 silly pacote range manifest for corser@^2.0.1 fetched in 160ms
77 silly resolveWithNewModule corser@2.0.1 checking installable status
78 http fetch GET 304 https://registry.npmjs.org/he 162ms (from cache)
79 silly pacote range manifest for portfinder@^1.0.28 fetched in 152ms
80 silly resolveWithNewModule portfinder@1.0.32 checking installable status
81 silly pacote range manifest for minimist@^1.2.6 fetched in 156ms
82 silly resolveWithNewModule minimist@1.2.8 checking installable status
83 silly pacote range manifest for opener@^1.5.1 fetched in 156ms
84 silly resolveWithNewModule opener@1.5.2 checking installable status
85 http fetch GET 304 https://registry.npmjs.org/http-proxy 159ms (from cache)
86 http fetch GET 304 https://registry.npmjs.org/mime 160ms (from cache)
87 silly pacote range manifest for he@^1.2.0 fetched in 171ms
88 silly resolveWithNewModule he@1.2.0 checking installable status
89 silly pacote range manifest for http-proxy@^1.18.1 fetched in 163ms
90 silly resolveWithNewModule http-proxy@1.18.1 checking installable status
91 silly pacote range manifest for mime@^1.6.0 fetched in 163ms
92 silly resolveWithNewModule mime@1.6.0 checking installable status
93 http fetch GET 304 https://registry.npmjs.org/union 38ms (from cache)
94 silly pacote range manifest for union@~0.5.0 fetched in 39ms
95 silly resolveWithNewModule union@0.5.0 checking installable status
96 http fetch GET 304 https://registry.npmjs.org/secure-compare 57ms (from cache)
97 silly pacote version manifest for secure-compare@3.0.1 fetched in 59ms
98 silly resolveWithNewModule secure-compare@3.0.1 checking installable status
99 http fetch GET 304 https://registry.npmjs.org/url-join 46ms (from cache)
100 silly pacote range manifest for url-join@^4.0.1 fetched in 48ms
101 silly resolveWithNewModule url-join@4.0.1 checking installable status
102 http fetch GET 304 https://registry.npmjs.org/safe-buffer 37ms (from cache)
103 silly pacote version manifest for safe-buffer@5.1.2 fetched in 38ms
104 silly resolveWithNewModule safe-buffer@5.1.2 checking installable status
105 http fetch GET 304 https://registry.npmjs.org/ansi-styles 40ms (from cache)
106 http fetch GET 304 https://registry.npmjs.org/supports-color 42ms (from cache)
107 silly pacote range manifest for ansi-styles@^4.1.0 fetched in 43ms
108 silly resolveWithNewModule ansi-styles@4.3.0 checking installable status
109 silly pacote range manifest for supports-color@^7.1.0 fetched in 44ms
110 silly resolveWithNewModule supports-color@7.2.0 checking installable status
111 http fetch GET 304 https://registry.npmjs.org/color-convert 35ms (from cache)
112 silly pacote range manifest for color-convert@^2.0.1 fetched in 37ms
113 silly resolveWithNewModule color-convert@2.0.1 checking installable status
114 http fetch GET 304 https://registry.npmjs.org/color-name 34ms (from cache)
115 silly pacote range manifest for color-name@~1.1.4 fetched in 35ms
116 silly resolveWithNewModule color-name@1.1.4 checking installable status
117 http fetch GET 304 https://registry.npmjs.org/has-flag 34ms (from cache)
118 silly pacote range manifest for has-flag@^4.0.0 fetched in 35ms
119 silly resolveWithNewModule has-flag@4.0.0 checking installable status
120 http fetch GET 304 https://registry.npmjs.org/whatwg-encoding 42ms (from cache)
121 silly pacote range manifest for whatwg-encoding@^2.0.0 fetched in 43ms
122 silly resolveWithNewModule whatwg-encoding@2.0.0 checking installable status
123 http fetch GET 304 https://registry.npmjs.org/iconv-lite 36ms (from cache)
124 silly pacote version manifest for iconv-lite@0.6.3 fetched in 37ms
125 silly resolveWithNewModule iconv-lite@0.6.3 checking installable status
126 http fetch GET 304 https://registry.npmjs.org/safer-buffer 31ms (from cache)
127 silly pacote range manifest for safer-buffer@>= 2.1.2 < 3.0.0 fetched in 40ms
128 silly resolveWithNewModule safer-buffer@2.1.2 checking installable status
129 http fetch GET 304 https://registry.npmjs.org/requires-port 35ms (from cache)
130 silly pacote range manifest for requires-port@^1.0.0 fetched in 36ms
131 silly resolveWithNewModule requires-port@1.0.0 checking installable status
132 http fetch GET 304 https://registry.npmjs.org/follow-redirects 37ms (from cache)
133 silly pacote range manifest for follow-redirects@^1.0.0 fetched in 39ms
134 silly resolveWithNewModule follow-redirects@1.15.6 checking installable status
135 http fetch GET 304 https://registry.npmjs.org/eventemitter3 51ms (from cache)
136 silly pacote range manifest for eventemitter3@^4.0.0 fetched in 59ms
137 silly resolveWithNewModule eventemitter3@4.0.7 checking installable status
138 http fetch GET 304 https://registry.npmjs.org/async 29ms (from cache)
139 silly pacote range manifest for async@^2.6.4 fetched in 34ms
140 silly resolveWithNewModule async@2.6.4 checking installable status
141 http fetch GET 304 https://registry.npmjs.org/mkdirp 42ms (from cache)
142 http fetch GET 304 https://registry.npmjs.org/debug 44ms (from cache)
143 silly pacote range manifest for mkdirp@^0.5.6 fetched in 47ms
144 silly resolveWithNewModule mkdirp@0.5.6 checking installable status
145 silly pacote range manifest for debug@^3.2.7 fetched in 56ms
146 silly resolveWithNewModule debug@3.2.7 checking installable status
147 http fetch GET 304 https://registry.npmjs.org/lodash 33ms (from cache)
148 silly pacote range manifest for lodash@^4.17.14 fetched in 37ms
149 silly resolveWithNewModule lodash@4.17.21 checking installable status
150 http fetch GET 304 https://registry.npmjs.org/ms 31ms (from cache)
151 silly pacote range manifest for ms@^2.1.1 fetched in 33ms
152 silly resolveWithNewModule ms@2.1.3 checking installable status
153 http fetch GET 304 https://registry.npmjs.org/qs 34ms (from cache)
154 silly pacote range manifest for qs@^6.4.0 fetched in 37ms
155 silly resolveWithNewModule qs@6.12.1 checking installable status
156 http fetch GET 304 https://registry.npmjs.org/side-channel 30ms (from cache)
157 silly pacote range manifest for side-channel@^1.0.6 fetched in 31ms
158 silly resolveWithNewModule side-channel@1.0.6 checking installable status
159 http fetch GET 304 https://registry.npmjs.org/es-errors 49ms (from cache)
160 http fetch GET 304 https://registry.npmjs.org/call-bind 50ms (from cache)
161 http fetch GET 304 https://registry.npmjs.org/get-intrinsic 51ms (from cache)
162 silly pacote range manifest for es-errors@^1.3.0 fetched in 52ms
163 silly resolveWithNewModule es-errors@1.3.0 checking installable status
164 silly pacote range manifest for call-bind@^1.0.7 fetched in 55ms
165 silly resolveWithNewModule call-bind@1.0.7 checking installable status
166 silly pacote range manifest for get-intrinsic@^1.2.4 fetched in 54ms
167 silly resolveWithNewModule get-intrinsic@1.2.4 checking installable status
168 http fetch GET 304 https://registry.npmjs.org/object-inspect 59ms (from cache)
169 silly pacote range manifest for object-inspect@^1.13.1 fetched in 61ms
170 silly resolveWithNewModule object-inspect@1.13.1 checking installable status
171 http fetch GET 304 https://registry.npmjs.org/function-bind 28ms (from cache)
172 silly pacote range manifest for function-bind@^1.1.2 fetched in 30ms
173 silly resolveWithNewModule function-bind@1.1.2 checking installable status
174 http fetch GET 304 https://registry.npmjs.org/set-function-length 44ms (from cache)
175 silly pacote range manifest for set-function-length@^1.2.1 fetched in 47ms
176 silly resolveWithNewModule set-function-length@1.2.2 checking installable status
177 http fetch GET 304 https://registry.npmjs.org/es-define-property 48ms (from cache)
178 silly pacote range manifest for es-define-property@^1.0.0 fetched in 49ms
179 silly resolveWithNewModule es-define-property@1.0.0 checking installable status
180 http fetch GET 304 https://registry.npmjs.org/has-symbols 35ms (from cache)
181 silly pacote range manifest for has-symbols@^1.0.3 fetched in 37ms
182 silly resolveWithNewModule has-symbols@1.0.3 checking installable status
183 http fetch GET 304 https://registry.npmjs.org/has-proto 40ms (from cache)
184 http fetch GET 304 https://registry.npmjs.org/hasown 40ms (from cache)
185 silly pacote range manifest for has-proto@^1.0.1 fetched in 42ms
186 silly resolveWithNewModule has-proto@1.0.3 checking installable status
187 silly pacote range manifest for hasown@^2.0.0 fetched in 42ms
188 silly resolveWithNewModule hasown@2.0.2 checking installable status
189 http fetch GET 304 https://registry.npmjs.org/has-property-descriptors 36ms (from cache)
190 silly pacote range manifest for has-property-descriptors@^1.0.2 fetched in 37ms
191 silly resolveWithNewModule has-property-descriptors@1.0.2 checking installable status
192 http fetch GET 304 https://registry.npmjs.org/define-data-property 62ms (from cache)
193 http fetch GET 304 https://registry.npmjs.org/gopd 67ms (from cache)
194 silly pacote range manifest for define-data-property@^1.1.4 fetched in 67ms
195 silly resolveWithNewModule define-data-property@1.1.4 checking installable status
196 silly pacote range manifest for gopd@^1.0.1 fetched in 68ms
197 silly resolveWithNewModule gopd@1.0.1 checking installable status
198 timing stage:loadIdealTree:loadAllDepsIntoIdealTree Completed in 1050ms
199 timing stage:loadIdealTree Completed in 1114ms
200 silly currentTree lib
200 silly currentTree └─┬ http-server@14.1.1
200 silly currentTree   ├── ansi-styles@4.3.0
200 silly currentTree   ├── async@2.6.4
200 silly currentTree   ├── basic-auth@2.0.1
200 silly currentTree   ├── call-bind@1.0.7
200 silly currentTree   ├── chalk@4.1.2
200 silly currentTree   ├── color-convert@2.0.1
200 silly currentTree   ├── color-name@1.1.4
200 silly currentTree   ├── corser@2.0.1
200 silly currentTree   ├── debug@3.2.7
200 silly currentTree   ├── define-data-property@1.1.4
200 silly currentTree   ├── es-define-property@1.0.0
200 silly currentTree   ├── es-errors@1.3.0
200 silly currentTree   ├── eventemitter3@4.0.7
200 silly currentTree   ├── follow-redirects@1.15.6
200 silly currentTree   ├── function-bind@1.1.2
200 silly currentTree   ├── get-intrinsic@1.2.4
200 silly currentTree   ├── gopd@1.0.1
200 silly currentTree   ├── has-flag@4.0.0
200 silly currentTree   ├── has-property-descriptors@1.0.2
200 silly currentTree   ├── has-proto@1.0.3
200 silly currentTree   ├── has-symbols@1.0.3
200 silly currentTree   ├── hasown@2.0.2
200 silly currentTree   ├── he@1.2.0
200 silly currentTree   ├── html-encoding-sniffer@3.0.0
200 silly currentTree   ├── http-proxy@1.18.1
200 silly currentTree   ├── iconv-lite@0.6.3
200 silly currentTree   ├── lodash@4.17.21
200 silly currentTree   ├── mime@1.6.0
200 silly currentTree   ├── minimist@1.2.8
200 silly currentTree   ├── mkdirp@0.5.6
200 silly currentTree   ├── ms@2.1.3
200 silly currentTree   ├── object-inspect@1.13.1
200 silly currentTree   ├── opener@1.5.2
200 silly currentTree   ├── portfinder@1.0.32
200 silly currentTree   ├── qs@6.12.1
200 silly currentTree   ├── requires-port@1.0.0
200 silly currentTree   ├── safe-buffer@5.1.2
200 silly currentTree   ├── safer-buffer@2.1.2
200 silly currentTree   ├── secure-compare@3.0.1
200 silly currentTree   ├── set-function-length@1.2.2
200 silly currentTree   ├── side-channel@1.0.6
200 silly currentTree   ├── supports-color@7.2.0
200 silly currentTree   ├── union@0.5.0
200 silly currentTree   ├── url-join@4.0.1
200 silly currentTree   └── whatwg-encoding@2.0.0
201 silly idealTree lib
201 silly idealTree └─┬ http-server@14.1.1
201 silly idealTree   ├── ansi-styles@4.3.0
201 silly idealTree   ├── async@2.6.4
201 silly idealTree   ├── basic-auth@2.0.1
201 silly idealTree   ├── call-bind@1.0.7
201 silly idealTree   ├── chalk@4.1.2
201 silly idealTree   ├── color-convert@2.0.1
201 silly idealTree   ├── color-name@1.1.4
201 silly idealTree   ├── corser@2.0.1
201 silly idealTree   ├── debug@3.2.7
201 silly idealTree   ├── define-data-property@1.1.4
201 silly idealTree   ├── es-define-property@1.0.0
201 silly idealTree   ├── es-errors@1.3.0
201 silly idealTree   ├── eventemitter3@4.0.7
201 silly idealTree   ├── follow-redirects@1.15.6
201 silly idealTree   ├── function-bind@1.1.2
201 silly idealTree   ├── get-intrinsic@1.2.4
201 silly idealTree   ├── gopd@1.0.1
201 silly idealTree   ├── has-flag@4.0.0
201 silly idealTree   ├── has-property-descriptors@1.0.2
201 silly idealTree   ├── has-proto@1.0.3
201 silly idealTree   ├── has-symbols@1.0.3
201 silly idealTree   ├── hasown@2.0.2
201 silly idealTree   ├── he@1.2.0
201 silly idealTree   ├── html-encoding-sniffer@3.0.0
201 silly idealTree   ├── http-proxy@1.18.1
201 silly idealTree   ├── iconv-lite@0.6.3
201 silly idealTree   ├── lodash@4.17.21
201 silly idealTree   ├── mime@1.6.0
201 silly idealTree   ├── minimist@1.2.8
201 silly idealTree   ├── mkdirp@0.5.6
201 silly idealTree   ├── ms@2.1.3
201 silly idealTree   ├── object-inspect@1.13.1
201 silly idealTree   ├── opener@1.5.2
201 silly idealTree   ├── portfinder@1.0.32
201 silly idealTree   ├── qs@6.12.1
201 silly idealTree   ├── requires-port@1.0.0
201 silly idealTree   ├── safe-buffer@5.1.2
201 silly idealTree   ├── safer-buffer@2.1.2
201 silly idealTree   ├── secure-compare@3.0.1
201 silly idealTree   ├── set-function-length@1.2.2
201 silly idealTree   ├── side-channel@1.0.6
201 silly idealTree   ├── supports-color@7.2.0
201 silly idealTree   ├── union@0.5.0
201 silly idealTree   ├── url-join@4.0.1
201 silly idealTree   └── whatwg-encoding@2.0.0
202 silly install generateActionsToTake
203 warn checkPermissions Missing write access to /usr/local/lib/node_modules/http-server
204 warn checkPermissions Missing write access to /usr/local/lib/node_modules
205 timing stage:rollbackFailedOptional Completed in 0ms
206 timing stage:runTopLevelLifecycles Completed in 1419ms
207 warn notsup Unsupported engine for http-server@14.1.1: wanted: {"node":">=12"} (current: {"node":"10.24.0","npm":"6.14.11"})
208 warn notsup Not compatible with your version of node/npm: http-server@14.1.1
209 verbose notsup Not compatible with your version of node/npm: http-server@14.1.1
209 verbose notsup Required: {"node":">=12"}
209 verbose notsup Actual:   {"npm":"6.14.11","node":"10.24.0"}
210 warn notsup Unsupported engine for html-encoding-sniffer@3.0.0: wanted: {"node":">=12"} (current: {"node":"10.24.0","npm":"6.14.11"})
211 warn notsup Not compatible with your version of node/npm: html-encoding-sniffer@3.0.0
212 verbose notsup Not compatible with your version of node/npm: html-encoding-sniffer@3.0.0
212 verbose notsup Required: {"node":">=12"}
212 verbose notsup Actual:   {"npm":"6.14.11","node":"10.24.0"}
213 warn notsup Unsupported engine for whatwg-encoding@2.0.0: wanted: {"node":">=12"} (current: {"node":"10.24.0","npm":"6.14.11"})
214 warn notsup Not compatible with your version of node/npm: whatwg-encoding@2.0.0
215 verbose notsup Not compatible with your version of node/npm: whatwg-encoding@2.0.0
215 verbose notsup Required: {"node":">=12"}
215 verbose notsup Actual:   {"npm":"6.14.11","node":"10.24.0"}
216 verbose stack Error: EACCES: permission denied, access '/usr/local/lib/node_modules/http-server'
217 verbose cwd /home/opc
218 verbose Linux 5.15.0-205.149.5.1.el8uek.aarch64
219 verbose argv "/usr/bin/node" "/usr/bin/npm" "install" "--global" "http-server"
220 verbose node v10.24.0
221 verbose npm  v6.14.11
222 error code EACCES
223 error syscall access
224 error path /usr/local/lib/node_modules/http-server
225 error errno -13
226 error Error: EACCES: permission denied, access '/usr/local/lib/node_modules/http-server'
226 error  { [Error: EACCES: permission denied, access '/usr/local/lib/node_modules/http-server']
226 error   stack:
226 error    'Error: EACCES: permission denied, access \'/usr/local/lib/node_modules/http-server\'',
226 error   errno: -13,
226 error   code: 'EACCES',
226 error   syscall: 'access',
226 error   path: '/usr/local/lib/node_modules/http-server' }
227 error The operation was rejected by your operating system.
227 error It is likely you do not have the permissions to access this file as the current user
227 error
227 error If you believe this might be a permissions issue, please double-check the
227 error permissions of the file and its containing directories, or try running
227 error the command again as root/Administrator.
228 verbose exit [ -13, true ]
