0 info it worked if it ends with ok
1 verbose cli [ '/usr/bin/node',
1 verbose cli   '/usr/bin/npm',
1 verbose cli   'install',
1 verbose cli   '-g',
1 verbose cli   'http-server',
1 verbose cli   '80' ]
2 info using npm@6.14.11
3 info using node@v10.24.0
4 verbose npm-session 31e78824af8758cf
5 silly install loadCurrentTree
6 silly install readGlobalPackageData
7 http fetch GET 304 https://registry.npmjs.org/http-server 153ms (from cache)
8 silly pacote tag manifest for http-server@latest fetched in 165ms
9 http fetch GET 404 https://registry.npmjs.org/80 258ms
10 http fetch GET 404 https://registry.npmjs.org/80 389ms
11 silly fetchPackageMetaData error for 80@latest 404 Not Found - GET https://registry.npmjs.org/80 - Not found
12 timing stage:rollbackFailedOptional Completed in 0ms
13 timing stage:runTopLevelLifecycles Completed in 673ms
14 verbose stack Error: 404 Not Found - GET https://registry.npmjs.org/80 - Not found
14 verbose stack     at res.buffer.catch.then.body (/usr/lib/node_modules/npm/node_modules/npm-registry-fetch/check-response.js:117:15)
14 verbose stack     at process._tickCallback (internal/process/next_tick.js:68:7)
15 verbose statusCode 404
16 verbose pkgid 80@latest
17 verbose cwd /home/opc
18 verbose Linux 5.15.0-205.149.5.1.el8uek.aarch64
19 verbose argv "/usr/bin/node" "/usr/bin/npm" "install" "-g" "http-server" "80"
20 verbose node v10.24.0
21 verbose npm  v6.14.11
22 error code E404
23 error 404 Not Found - GET https://registry.npmjs.org/80 - Not found
24 error 404
25 error 404 '80@latest' is not in the npm registry.
26 error 404 You should bug the author to publish it (or use the name yourself!)
27 error 404 Note that you can also install from a
28 error 404 tarball, folder, http url, or git url.
29 verbose exit [ 1, true ]
