2024-05-31 17:15:21.372 [info] Log level: Info
2024-05-31 17:15:21.372 [info] Validating found git in: "git"
2024-05-31 17:15:21.372 [info] Using git "2.39.3" from "git"
2024-05-31 17:15:21.372 [info] > git rev-parse --show-toplevel [31ms]
2024-05-31 17:15:21.372 [info] > git rev-parse --git-dir --git-common-dir [257ms]
2024-05-31 17:15:21.372 [info] Open repository: /home/opc/OCI-Project
2024-05-31 17:15:21.372 [info] > git rev-parse --show-toplevel [17ms]
2024-05-31 17:15:21.372 [info] > git config --get commit.template [55ms]
2024-05-31 17:15:21.499 [info] > git for-each-ref --format=%(refname)%00%(upstream:short)%00%(objectname)%00%(upstream:track)%00%(upstream:remotename)%00%(upstream:remoteref) refs/heads/main refs/remotes/main [66ms]
2024-05-31 17:15:21.504 [info] > git rev-parse --show-toplevel [95ms]
2024-05-31 17:15:21.595 [info] > git rev-parse --show-toplevel [49ms]
2024-05-31 17:15:21.625 [info] > git status -z -uall [36ms]
2024-05-31 17:15:21.731 [info] > git merge-base refs/heads/main refs/remotes/origin/main [64ms]
2024-05-31 17:15:21.799 [info] > git config --get commit.template [67ms]
2024-05-31 17:15:21.804 [info] > git rev-list --count --left-right refs/heads/main...refs/remotes/origin/main [21ms]
2024-05-31 17:15:21.886 [info] > git diff --name-status -z --diff-filter=ADMR e2be48a12a4f90e635260e8997e42afd72e6073f...refs/remotes/origin/main [57ms]
2024-05-31 17:15:22.004 [info] > git for-each-ref --format=%(refname)%00%(upstream:short)%00%(objectname)%00%(upstream:track)%00%(upstream:remotename)%00%(upstream:remoteref) refs/heads/main refs/remotes/main [135ms]
2024-05-31 17:15:22.042 [info] > git show --textconv :server/server.js [124ms]
2024-05-31 17:15:22.042 [info] > git ls-files --stage -- /home/opc/OCI-Project/server/server.js [86ms]
2024-05-31 17:15:22.081 [info] > git check-ignore -v -z --stdin [42ms]
2024-05-31 17:15:22.123 [info] > git cat-file -s 48d81c1665f49649caecbb0bcb3d8dcfb79d2ebc [46ms]
2024-05-31 17:15:22.202 [info] > git status -z -uall [35ms]
