2024-05-08 16:52:32.308 [info] Log level: Info
2024-05-08 16:52:32.308 [info] Validating found git in: "git"
2024-05-08 16:52:32.308 [info] Using git "2.39.3" from "git"
2024-05-08 16:52:32.308 [info] > git rev-parse --show-toplevel [109ms]
2024-05-08 16:52:32.308 [info] > git rev-parse --git-dir --git-common-dir [31ms]
2024-05-08 16:52:32.308 [info] Open repository: /home/opc/OCI-Project
2024-05-08 16:52:32.308 [info] > git rev-parse --show-toplevel [15ms]
2024-05-08 16:52:32.308 [info] > git config --get commit.template [29ms]
2024-05-08 16:52:32.337 [info] > git rev-parse --show-toplevel [19ms]
2024-05-08 16:52:32.350 [info] > git for-each-ref --format=%(refname)%00%(upstream:short)%00%(objectname)%00%(upstream:track)%00%(upstream:remotename)%00%(upstream:remoteref) refs/heads/main refs/remotes/main [22ms]
2024-05-08 16:52:32.354 [info] > git rev-parse --show-toplevel [5ms]
2024-05-08 16:52:32.389 [info] > git status -z -uall [18ms]
2024-05-08 16:52:32.424 [info] > git merge-base refs/heads/main refs/remotes/origin/main [23ms]
2024-05-08 16:52:32.448 [info] > git config --get commit.template [20ms]
2024-05-08 16:52:32.449 [info] > git rev-list --count --left-right refs/heads/main...refs/remotes/origin/main [9ms]
2024-05-08 16:52:32.483 [info] > git diff --name-status -z --diff-filter=ADMR 67f27ab3373fb4f732d934560f611b19453bf24b...refs/remotes/origin/main [25ms]
2024-05-08 16:52:32.494 [info] > git for-each-ref --format=%(refname)%00%(upstream:short)%00%(objectname)%00%(upstream:track)%00%(upstream:remotename)%00%(upstream:remoteref) refs/heads/main refs/remotes/main [22ms]
2024-05-08 16:52:32.524 [info] > git status -z -uall [14ms]
2024-05-08 16:52:32.885 [info] > git show --textconv :public/style.css [54ms]
2024-05-08 16:52:32.885 [info] > git ls-files --stage -- /home/opc/OCI-Project/public/style.css [30ms]
2024-05-08 16:52:32.916 [info] > git cat-file -s 13f5b7cc33c6da9a4308a486e09d34dbb43aefc2 [9ms]
2024-05-08 16:52:33.028 [info] > git check-ignore -v -z --stdin [26ms]
2024-05-08 16:54:37.188 [info] > git config --get commit.template [20ms]
2024-05-08 16:54:37.190 [info] > git for-each-ref --format=%(refname)%00%(upstream:short)%00%(objectname)%00%(upstream:track)%00%(upstream:remotename)%00%(upstream:remoteref) refs/heads/main refs/remotes/main [12ms]
2024-05-08 16:54:37.215 [info] > git status -z -uall [15ms]
2024-05-08 16:56:06.046 [info] > git config --get commit.template [18ms]
2024-05-08 16:56:06.051 [info] > git for-each-ref --format=%(refname)%00%(upstream:short)%00%(objectname)%00%(upstream:track)%00%(upstream:remotename)%00%(upstream:remoteref) refs/heads/main refs/remotes/main [9ms]
2024-05-08 16:56:06.075 [info] > git status -z -uall [13ms]
2024-05-08 16:56:19.543 [info] > git config --get commit.template [12ms]
2024-05-08 16:56:19.546 [info] > git for-each-ref --format=%(refname)%00%(upstream:short)%00%(objectname)%00%(upstream:track)%00%(upstream:remotename)%00%(upstream:remoteref) refs/heads/main refs/remotes/main [4ms]
2024-05-08 16:56:19.565 [info] > git status -z -uall [12ms]
2024-05-08 16:56:38.031 [info] > git config --get commit.template [12ms]
2024-05-08 16:56:38.034 [info] > git for-each-ref --format=%(refname)%00%(upstream:short)%00%(objectname)%00%(upstream:track)%00%(upstream:remotename)%00%(upstream:remoteref) refs/heads/main refs/remotes/main [4ms]
2024-05-08 16:56:38.053 [info] > git status -z -uall [11ms]
2024-05-08 16:56:49.173 [info] > git config --get commit.template [14ms]
2024-05-08 16:56:49.176 [info] > git for-each-ref --format=%(refname)%00%(upstream:short)%00%(objectname)%00%(upstream:track)%00%(upstream:remotename)%00%(upstream:remoteref) refs/heads/main refs/remotes/main [7ms]
2024-05-08 16:56:49.197 [info] > git status -z -uall [12ms]
2024-05-08 16:58:00.637 [info] > git config --get commit.template [12ms]
2024-05-08 16:58:00.640 [info] > git for-each-ref --format=%(refname)%00%(upstream:short)%00%(objectname)%00%(upstream:track)%00%(upstream:remotename)%00%(upstream:remoteref) refs/heads/main refs/remotes/main [6ms]
2024-05-08 16:58:00.663 [info] > git status -z -uall [12ms]
2024-05-08 16:58:15.453 [info] > git config --get commit.template [11ms]
2024-05-08 16:58:15.456 [info] > git for-each-ref --format=%(refname)%00%(upstream:short)%00%(objectname)%00%(upstream:track)%00%(upstream:remotename)%00%(upstream:remoteref) refs/heads/main refs/remotes/main [5ms]
2024-05-08 16:58:15.476 [info] > git status -z -uall [11ms]
2024-05-08 17:01:00.627 [info] > git config --get commit.template [40ms]
2024-05-08 17:01:00.635 [info] > git for-each-ref --format=%(refname)%00%(upstream:short)%00%(objectname)%00%(upstream:track)%00%(upstream:remotename)%00%(upstream:remoteref) refs/heads/main refs/remotes/main [10ms]
2024-05-08 17:01:00.658 [info] > git status -z -uall [11ms]
2024-05-08 17:01:18.499 [info] > git config --get commit.template [13ms]
2024-05-08 17:01:18.502 [info] > git for-each-ref --format=%(refname)%00%(upstream:short)%00%(objectname)%00%(upstream:track)%00%(upstream:remotename)%00%(upstream:remoteref) refs/heads/main refs/remotes/main [4ms]
2024-05-08 17:01:18.524 [info] > git status -z -uall [12ms]
2024-05-08 17:01:31.938 [info] > git config --get commit.template [14ms]
2024-05-08 17:01:31.942 [info] > git for-each-ref --format=%(refname)%00%(upstream:short)%00%(objectname)%00%(upstream:track)%00%(upstream:remotename)%00%(upstream:remoteref) refs/heads/main refs/remotes/main [6ms]
2024-05-08 17:01:31.965 [info] > git status -z -uall [12ms]
2024-05-08 17:01:57.859 [info] > git config --get commit.template [13ms]
2024-05-08 17:01:57.862 [info] > git for-each-ref --format=%(refname)%00%(upstream:short)%00%(objectname)%00%(upstream:track)%00%(upstream:remotename)%00%(upstream:remoteref) refs/heads/main refs/remotes/main [5ms]
2024-05-08 17:01:57.885 [info] > git status -z -uall [12ms]
2024-05-08 17:02:33.716 [info] > git config --get commit.template [14ms]
2024-05-08 17:02:33.720 [info] > git for-each-ref --format=%(refname)%00%(upstream:short)%00%(objectname)%00%(upstream:track)%00%(upstream:remotename)%00%(upstream:remoteref) refs/heads/main refs/remotes/main [4ms]
2024-05-08 17:02:33.746 [info] > git status -z -uall [14ms]
2024-05-08 17:03:05.269 [info] > git config --get commit.template [14ms]
2024-05-08 17:03:05.273 [info] > git for-each-ref --format=%(refname)%00%(upstream:short)%00%(objectname)%00%(upstream:track)%00%(upstream:remotename)%00%(upstream:remoteref) refs/heads/main refs/remotes/main [4ms]
2024-05-08 17:03:05.298 [info] > git status -z -uall [14ms]
2024-05-08 17:03:16.371 [info] > git config --get commit.template [16ms]
2024-05-08 17:03:16.374 [info] > git for-each-ref --format=%(refname)%00%(upstream:short)%00%(objectname)%00%(upstream:track)%00%(upstream:remotename)%00%(upstream:remoteref) refs/heads/main refs/remotes/main [4ms]
2024-05-08 17:03:16.400 [info] > git status -z -uall [15ms]
2024-05-08 17:03:36.183 [info] > git config --get commit.template [13ms]
2024-05-08 17:03:36.186 [info] > git for-each-ref --format=%(refname)%00%(upstream:short)%00%(objectname)%00%(upstream:track)%00%(upstream:remotename)%00%(upstream:remoteref) refs/heads/main refs/remotes/main [4ms]
2024-05-08 17:03:36.211 [info] > git status -z -uall [14ms]
2024-05-08 17:03:47.191 [info] > git config --get commit.template [12ms]
2024-05-08 17:03:47.194 [info] > git for-each-ref --format=%(refname)%00%(upstream:short)%00%(objectname)%00%(upstream:track)%00%(upstream:remotename)%00%(upstream:remoteref) refs/heads/main refs/remotes/main [4ms]
2024-05-08 17:03:47.218 [info] > git status -z -uall [14ms]
2024-05-08 17:03:59.705 [info] > git config --get commit.template [19ms]
2024-05-08 17:03:59.709 [info] > git for-each-ref --format=%(refname)%00%(upstream:short)%00%(objectname)%00%(upstream:track)%00%(upstream:remotename)%00%(upstream:remoteref) refs/heads/main refs/remotes/main [4ms]
2024-05-08 17:03:59.732 [info] > git status -z -uall [12ms]
2024-05-08 17:04:16.782 [info] > git config --get commit.template [20ms]
2024-05-08 17:04:16.789 [info] > git for-each-ref --format=%(refname)%00%(upstream:short)%00%(objectname)%00%(upstream:track)%00%(upstream:remotename)%00%(upstream:remoteref) refs/heads/main refs/remotes/main [15ms]
2024-05-08 17:04:16.815 [info] > git status -z -uall [16ms]
2024-05-08 17:04:23.239 [info] > git config --get commit.template [14ms]
2024-05-08 17:04:23.241 [info] > git for-each-ref --format=%(refname)%00%(upstream:short)%00%(objectname)%00%(upstream:track)%00%(upstream:remotename)%00%(upstream:remoteref) refs/heads/main refs/remotes/main [4ms]
2024-05-08 17:04:23.265 [info] > git status -z -uall [13ms]
2024-05-08 17:04:35.342 [info] > git config --get commit.template [13ms]
2024-05-08 17:04:35.345 [info] > git for-each-ref --format=%(refname)%00%(upstream:short)%00%(objectname)%00%(upstream:track)%00%(upstream:remotename)%00%(upstream:remoteref) refs/heads/main refs/remotes/main [4ms]
2024-05-08 17:04:35.370 [info] > git status -z -uall [14ms]
2024-05-08 17:05:03.771 [info] > git config --get commit.template [13ms]
2024-05-08 17:05:03.774 [info] > git for-each-ref --format=%(refname)%00%(upstream:short)%00%(objectname)%00%(upstream:track)%00%(upstream:remotename)%00%(upstream:remoteref) refs/heads/main refs/remotes/main [4ms]
2024-05-08 17:05:03.798 [info] > git status -z -uall [12ms]
2024-05-08 17:05:12.278 [info] > git config --get commit.template [14ms]
2024-05-08 17:05:12.281 [info] > git for-each-ref --format=%(refname)%00%(upstream:short)%00%(objectname)%00%(upstream:track)%00%(upstream:remotename)%00%(upstream:remoteref) refs/heads/main refs/remotes/main [4ms]
2024-05-08 17:05:12.304 [info] > git status -z -uall [12ms]
2024-05-08 17:05:21.927 [info] > git config --get commit.template [13ms]
2024-05-08 17:05:21.930 [info] > git for-each-ref --format=%(refname)%00%(upstream:short)%00%(objectname)%00%(upstream:track)%00%(upstream:remotename)%00%(upstream:remoteref) refs/heads/main refs/remotes/main [4ms]
2024-05-08 17:05:21.951 [info] > git status -z -uall [11ms]
2024-05-08 17:05:34.471 [info] > git config --get commit.template [12ms]
2024-05-08 17:05:34.473 [info] > git for-each-ref --format=%(refname)%00%(upstream:short)%00%(objectname)%00%(upstream:track)%00%(upstream:remotename)%00%(upstream:remoteref) refs/heads/main refs/remotes/main [4ms]
2024-05-08 17:05:34.495 [info] > git status -z -uall [12ms]
2024-05-08 17:05:43.173 [info] > git config --get commit.template [14ms]
2024-05-08 17:05:43.176 [info] > git for-each-ref --format=%(refname)%00%(upstream:short)%00%(objectname)%00%(upstream:track)%00%(upstream:remotename)%00%(upstream:remoteref) refs/heads/main refs/remotes/main [4ms]
2024-05-08 17:05:43.197 [info] > git status -z -uall [11ms]
2024-05-08 17:06:11.625 [info] > git config --get commit.template [16ms]
2024-05-08 17:06:11.628 [info] > git for-each-ref --format=%(refname)%00%(upstream:short)%00%(objectname)%00%(upstream:track)%00%(upstream:remotename)%00%(upstream:remoteref) refs/heads/main refs/remotes/main [5ms]
2024-05-08 17:06:11.653 [info] > git status -z -uall [14ms]
2024-05-08 17:06:14.435 [info] > git show --textconv :public/index.html [26ms]
2024-05-08 17:06:14.442 [info] > git ls-files --stage -- /home/opc/OCI-Project/public/index.html [7ms]
2024-05-08 17:06:14.480 [info] > git cat-file -s 700a7fb7570a9aec6110bb646da2a3d14211ef5f [18ms]
2024-05-08 17:06:24.987 [info] > git config --get commit.template [15ms]
2024-05-08 17:06:24.990 [info] > git for-each-ref --format=%(refname)%00%(upstream:short)%00%(objectname)%00%(upstream:track)%00%(upstream:remotename)%00%(upstream:remoteref) refs/heads/main refs/remotes/main [4ms]
2024-05-08 17:06:25.012 [info] > git status -z -uall [12ms]
2024-05-08 17:06:25.601 [info] > git show --textconv :public/style.css [17ms]
2024-05-08 17:06:25.606 [info] > git ls-files --stage -- /home/opc/OCI-Project/public/style.css [9ms]
2024-05-08 17:06:25.623 [info] > git cat-file -s 13f5b7cc33c6da9a4308a486e09d34dbb43aefc2 [3ms]
2024-05-08 17:06:30.906 [info] > git show --textconv :public/index.html [18ms]
2024-05-08 17:06:30.910 [info] > git ls-files --stage -- /home/opc/OCI-Project/public/index.html [6ms]
2024-05-08 17:06:30.922 [info] > git cat-file -s 700a7fb7570a9aec6110bb646da2a3d14211ef5f [2ms]
2024-05-08 17:06:32.071 [info] > git show --textconv :public/style.css [16ms]
2024-05-08 17:06:32.075 [info] > git ls-files --stage -- /home/opc/OCI-Project/public/style.css [6ms]
2024-05-08 17:06:32.093 [info] > git cat-file -s 13f5b7cc33c6da9a4308a486e09d34dbb43aefc2 [7ms]
2024-05-08 17:06:56.516 [info] > git config --get commit.template [13ms]
2024-05-08 17:06:56.519 [info] > git for-each-ref --format=%(refname)%00%(upstream:short)%00%(objectname)%00%(upstream:track)%00%(upstream:remotename)%00%(upstream:remoteref) refs/heads/main refs/remotes/main [5ms]
2024-05-08 17:06:56.545 [info] > git status -z -uall [11ms]
2024-05-08 17:07:01.615 [info] > git config --get commit.template [14ms]
2024-05-08 17:07:01.618 [info] > git for-each-ref --format=%(refname)%00%(upstream:short)%00%(objectname)%00%(upstream:track)%00%(upstream:remotename)%00%(upstream:remoteref) refs/heads/main refs/remotes/main [4ms]
2024-05-08 17:07:01.640 [info] > git status -z -uall [12ms]
2024-05-08 17:07:15.474 [info] > git config --get commit.template [13ms]
2024-05-08 17:07:15.477 [info] > git for-each-ref --format=%(refname)%00%(upstream:short)%00%(objectname)%00%(upstream:track)%00%(upstream:remotename)%00%(upstream:remoteref) refs/heads/main refs/remotes/main [4ms]
2024-05-08 17:07:15.499 [info] > git status -z -uall [12ms]
2024-05-08 17:07:37.893 [info] > git config --get commit.template [19ms]
2024-05-08 17:07:37.900 [info] > git for-each-ref --format=%(refname)%00%(upstream:short)%00%(objectname)%00%(upstream:track)%00%(upstream:remotename)%00%(upstream:remoteref) refs/heads/main refs/remotes/main [8ms]
2024-05-08 17:07:37.950 [info] > git status -z -uall [28ms]
2024-05-08 17:07:48.394 [info] > git config --get commit.template [22ms]
2024-05-08 17:07:48.404 [info] > git for-each-ref --format=%(refname)%00%(upstream:short)%00%(objectname)%00%(upstream:track)%00%(upstream:remotename)%00%(upstream:remoteref) refs/heads/main refs/remotes/main [19ms]
2024-05-08 17:07:48.452 [info] > git status -z -uall [26ms]
2024-05-08 17:08:03.817 [info] > git config --get commit.template [13ms]
2024-05-08 17:08:03.820 [info] > git for-each-ref --format=%(refname)%00%(upstream:short)%00%(objectname)%00%(upstream:track)%00%(upstream:remotename)%00%(upstream:remoteref) refs/heads/main refs/remotes/main [3ms]
2024-05-08 17:08:03.842 [info] > git status -z -uall [11ms]
2024-05-08 17:08:17.007 [info] > git config --get commit.template [20ms]
2024-05-08 17:08:17.012 [info] > git for-each-ref --format=%(refname)%00%(upstream:short)%00%(objectname)%00%(upstream:track)%00%(upstream:remotename)%00%(upstream:remoteref) refs/heads/main refs/remotes/main [7ms]
2024-05-08 17:08:17.037 [info] > git status -z -uall [13ms]
2024-05-08 17:08:28.712 [info] > git config --get commit.template [14ms]
2024-05-08 17:08:28.714 [info] > git for-each-ref --format=%(refname)%00%(upstream:short)%00%(objectname)%00%(upstream:track)%00%(upstream:remotename)%00%(upstream:remoteref) refs/heads/main refs/remotes/main [3ms]
2024-05-08 17:08:28.737 [info] > git status -z -uall [11ms]
2024-05-08 17:08:46.993 [info] > git config --get commit.template [12ms]
2024-05-08 17:08:46.996 [info] > git for-each-ref --format=%(refname)%00%(upstream:short)%00%(objectname)%00%(upstream:track)%00%(upstream:remotename)%00%(upstream:remoteref) refs/heads/main refs/remotes/main [4ms]
2024-05-08 17:08:47.016 [info] > git status -z -uall [11ms]
2024-05-08 17:09:07.533 [info] > git config --get commit.template [15ms]
2024-05-08 17:09:07.536 [info] > git for-each-ref --format=%(refname)%00%(upstream:short)%00%(objectname)%00%(upstream:track)%00%(upstream:remotename)%00%(upstream:remoteref) refs/heads/main refs/remotes/main [5ms]
2024-05-08 17:09:07.560 [info] > git status -z -uall [13ms]
2024-05-08 17:09:23.708 [info] > git config --get commit.template [15ms]
2024-05-08 17:09:23.711 [info] > git for-each-ref --format=%(refname)%00%(upstream:short)%00%(objectname)%00%(upstream:track)%00%(upstream:remotename)%00%(upstream:remoteref) refs/heads/main refs/remotes/main [4ms]
2024-05-08 17:09:23.733 [info] > git status -z -uall [12ms]
2024-05-08 17:09:35.635 [info] > git config --get commit.template [13ms]
2024-05-08 17:09:35.638 [info] > git for-each-ref --format=%(refname)%00%(upstream:short)%00%(objectname)%00%(upstream:track)%00%(upstream:remotename)%00%(upstream:remoteref) refs/heads/main refs/remotes/main [4ms]
2024-05-08 17:09:35.661 [info] > git status -z -uall [12ms]
2024-05-08 17:09:45.480 [info] > git config --get commit.template [14ms]
2024-05-08 17:09:45.483 [info] > git for-each-ref --format=%(refname)%00%(upstream:short)%00%(objectname)%00%(upstream:track)%00%(upstream:remotename)%00%(upstream:remoteref) refs/heads/main refs/remotes/main [4ms]
2024-05-08 17:09:45.506 [info] > git status -z -uall [12ms]
2024-05-08 17:09:50.532 [info] > git config --get commit.template [13ms]
2024-05-08 17:09:50.535 [info] > git for-each-ref --format=%(refname)%00%(upstream:short)%00%(objectname)%00%(upstream:track)%00%(upstream:remotename)%00%(upstream:remoteref) refs/heads/main refs/remotes/main [3ms]
2024-05-08 17:09:50.556 [info] > git status -z -uall [11ms]
2024-05-08 17:10:01.720 [info] > git config --get commit.template [18ms]
2024-05-08 17:10:01.725 [info] > git for-each-ref --format=%(refname)%00%(upstream:short)%00%(objectname)%00%(upstream:track)%00%(upstream:remotename)%00%(upstream:remoteref) refs/heads/main refs/remotes/main [7ms]
2024-05-08 17:10:01.752 [info] > git status -z -uall [13ms]
2024-05-08 17:10:39.822 [info] > git config --get commit.template [16ms]
2024-05-08 17:10:39.824 [info] > git for-each-ref --format=%(refname)%00%(upstream:short)%00%(objectname)%00%(upstream:track)%00%(upstream:remotename)%00%(upstream:remoteref) refs/heads/main refs/remotes/main [7ms]
2024-05-08 17:10:39.847 [info] > git status -z -uall [11ms]
2024-05-08 17:12:14.894 [info] > git config --get commit.template [13ms]
2024-05-08 17:12:14.897 [info] > git for-each-ref --format=%(refname)%00%(upstream:short)%00%(objectname)%00%(upstream:track)%00%(upstream:remotename)%00%(upstream:remoteref) refs/heads/main refs/remotes/main [5ms]
2024-05-08 17:12:14.919 [info] > git status -z -uall [13ms]
2024-05-08 17:14:08.393 [info] > git config --get commit.template [13ms]
2024-05-08 17:14:08.396 [info] > git for-each-ref --format=%(refname)%00%(upstream:short)%00%(objectname)%00%(upstream:track)%00%(upstream:remotename)%00%(upstream:remoteref) refs/heads/main refs/remotes/main [5ms]
2024-05-08 17:14:08.416 [info] > git status -z -uall [10ms]
2024-05-08 17:14:18.363 [info] > git config --get commit.template [20ms]
2024-05-08 17:14:18.366 [info] > git for-each-ref --format=%(refname)%00%(upstream:short)%00%(objectname)%00%(upstream:track)%00%(upstream:remotename)%00%(upstream:remoteref) refs/heads/main refs/remotes/main [4ms]
2024-05-08 17:14:18.391 [info] > git status -z -uall [13ms]
2024-05-08 17:16:03.583 [info] > git config --get commit.template [13ms]
2024-05-08 17:16:03.586 [info] > git for-each-ref --format=%(refname)%00%(upstream:short)%00%(objectname)%00%(upstream:track)%00%(upstream:remotename)%00%(upstream:remoteref) refs/heads/main refs/remotes/main [4ms]
2024-05-08 17:16:03.608 [info] > git status -z -uall [12ms]
2024-05-08 17:16:39.018 [info] > git config --get commit.template [10ms]
2024-05-08 17:16:39.021 [info] > git for-each-ref --format=%(refname)%00%(upstream:short)%00%(objectname)%00%(upstream:track)%00%(upstream:remotename)%00%(upstream:remoteref) refs/heads/main refs/remotes/main [4ms]
2024-05-08 17:16:39.041 [info] > git status -z -uall [11ms]
2024-05-08 17:16:54.960 [info] > git config --get commit.template [12ms]
2024-05-08 17:16:54.964 [info] > git for-each-ref --format=%(refname)%00%(upstream:short)%00%(objectname)%00%(upstream:track)%00%(upstream:remotename)%00%(upstream:remoteref) refs/heads/main refs/remotes/main [5ms]
2024-05-08 17:16:54.988 [info] > git status -z -uall [12ms]
2024-05-08 17:17:01.644 [info] > git config --get commit.template [29ms]
2024-05-08 17:17:01.647 [info] > git for-each-ref --format=%(refname)%00%(upstream:short)%00%(objectname)%00%(upstream:track)%00%(upstream:remotename)%00%(upstream:remoteref) refs/heads/main refs/remotes/main [9ms]
2024-05-08 17:17:01.705 [info] > git status -z -uall [34ms]
2024-05-08 17:18:02.425 [info] > git config --get commit.template [11ms]
2024-05-08 17:18:02.427 [info] > git for-each-ref --format=%(refname)%00%(upstream:short)%00%(objectname)%00%(upstream:track)%00%(upstream:remotename)%00%(upstream:remoteref) refs/heads/main refs/remotes/main [4ms]
2024-05-08 17:18:02.448 [info] > git status -z -uall [12ms]
2024-05-08 17:18:21.558 [info] > git config --get commit.template [10ms]
2024-05-08 17:18:21.561 [info] > git for-each-ref --format=%(refname)%00%(upstream:short)%00%(objectname)%00%(upstream:track)%00%(upstream:remotename)%00%(upstream:remoteref) refs/heads/main refs/remotes/main [4ms]
2024-05-08 17:18:21.582 [info] > git status -z -uall [12ms]
2024-05-08 17:18:37.593 [info] > git config --get commit.template [12ms]
2024-05-08 17:18:37.596 [info] > git for-each-ref --format=%(refname)%00%(upstream:short)%00%(objectname)%00%(upstream:track)%00%(upstream:remotename)%00%(upstream:remoteref) refs/heads/main refs/remotes/main [5ms]
2024-05-08 17:18:37.618 [info] > git status -z -uall [12ms]
2024-05-08 17:18:51.995 [info] > git config --get commit.template [10ms]
2024-05-08 17:18:51.998 [info] > git for-each-ref --format=%(refname)%00%(upstream:short)%00%(objectname)%00%(upstream:track)%00%(upstream:remotename)%00%(upstream:remoteref) refs/heads/main refs/remotes/main [4ms]
2024-05-08 17:18:52.017 [info] > git status -z -uall [11ms]
2024-05-08 17:19:31.826 [info] > git config --get commit.template [13ms]
2024-05-08 17:19:31.829 [info] > git for-each-ref --format=%(refname)%00%(upstream:short)%00%(objectname)%00%(upstream:track)%00%(upstream:remotename)%00%(upstream:remoteref) refs/heads/main refs/remotes/main [4ms]
2024-05-08 17:19:31.852 [info] > git status -z -uall [11ms]
2024-05-08 17:19:50.037 [info] > git config --get commit.template [15ms]
2024-05-08 17:19:50.040 [info] > git for-each-ref --format=%(refname)%00%(upstream:short)%00%(objectname)%00%(upstream:track)%00%(upstream:remotename)%00%(upstream:remoteref) refs/heads/main refs/remotes/main [4ms]
2024-05-08 17:19:50.065 [info] > git status -z -uall [12ms]
2024-05-08 17:20:13.404 [info] > git config --get commit.template [14ms]
2024-05-08 17:20:13.407 [info] > git for-each-ref --format=%(refname)%00%(upstream:short)%00%(objectname)%00%(upstream:track)%00%(upstream:remotename)%00%(upstream:remoteref) refs/heads/main refs/remotes/main [4ms]
2024-05-08 17:20:13.431 [info] > git status -z -uall [12ms]
2024-05-08 17:20:20.016 [info] > git config --get commit.template [13ms]
2024-05-08 17:20:20.019 [info] > git for-each-ref --format=%(refname)%00%(upstream:short)%00%(objectname)%00%(upstream:track)%00%(upstream:remotename)%00%(upstream:remoteref) refs/heads/main refs/remotes/main [4ms]
2024-05-08 17:20:20.041 [info] > git status -z -uall [12ms]
2024-05-08 17:21:04.625 [info] > git config --get commit.template [12ms]
2024-05-08 17:21:04.628 [info] > git for-each-ref --format=%(refname)%00%(upstream:short)%00%(objectname)%00%(upstream:track)%00%(upstream:remotename)%00%(upstream:remoteref) refs/heads/main refs/remotes/main [4ms]
2024-05-08 17:21:04.647 [info] > git status -z -uall [11ms]
2024-05-08 17:21:21.299 [info] > git config --get commit.template [13ms]
2024-05-08 17:21:21.302 [info] > git for-each-ref --format=%(refname)%00%(upstream:short)%00%(objectname)%00%(upstream:track)%00%(upstream:remotename)%00%(upstream:remoteref) refs/heads/main refs/remotes/main [5ms]
2024-05-08 17:21:21.322 [info] > git status -z -uall [11ms]
2024-05-08 17:21:29.472 [info] > git config --get commit.template [15ms]
2024-05-08 17:21:29.475 [info] > git for-each-ref --format=%(refname)%00%(upstream:short)%00%(objectname)%00%(upstream:track)%00%(upstream:remotename)%00%(upstream:remoteref) refs/heads/main refs/remotes/main [5ms]
2024-05-08 17:21:29.498 [info] > git status -z -uall [11ms]
2024-05-08 17:21:47.201 [info] > git config --get commit.template [14ms]
2024-05-08 17:21:47.204 [info] > git for-each-ref --format=%(refname)%00%(upstream:short)%00%(objectname)%00%(upstream:track)%00%(upstream:remotename)%00%(upstream:remoteref) refs/heads/main refs/remotes/main [5ms]
2024-05-08 17:21:47.226 [info] > git status -z -uall [11ms]
2024-05-08 17:22:10.299 [info] > git config --get commit.template [31ms]
2024-05-08 17:22:10.302 [info] > git for-each-ref --format=%(refname)%00%(upstream:short)%00%(objectname)%00%(upstream:track)%00%(upstream:remotename)%00%(upstream:remoteref) refs/heads/main refs/remotes/main [6ms]
2024-05-08 17:22:10.328 [info] > git status -z -uall [13ms]
2024-05-08 17:22:58.328 [info] > git config --get commit.template [13ms]
2024-05-08 17:22:58.331 [info] > git for-each-ref --format=%(refname)%00%(upstream:short)%00%(objectname)%00%(upstream:track)%00%(upstream:remotename)%00%(upstream:remoteref) refs/heads/main refs/remotes/main [5ms]
2024-05-08 17:22:58.353 [info] > git status -z -uall [12ms]
2024-05-08 17:23:12.048 [info] > git config --get commit.template [12ms]
2024-05-08 17:23:12.051 [info] > git for-each-ref --format=%(refname)%00%(upstream:short)%00%(objectname)%00%(upstream:track)%00%(upstream:remotename)%00%(upstream:remoteref) refs/heads/main refs/remotes/main [3ms]
2024-05-08 17:23:12.073 [info] > git status -z -uall [12ms]
2024-05-08 17:28:48.656 [info] > git config --get commit.template [21ms]
2024-05-08 17:28:48.657 [info] > git for-each-ref --format=%(refname)%00%(upstream:short)%00%(objectname)%00%(upstream:track)%00%(upstream:remotename)%00%(upstream:remoteref) refs/heads/main refs/remotes/main [9ms]
2024-05-08 17:28:48.684 [info] > git status -z -uall [14ms]
2024-05-08 17:29:07.971 [info] > git config --get commit.template [16ms]
2024-05-08 17:29:07.974 [info] > git for-each-ref --format=%(refname)%00%(upstream:short)%00%(objectname)%00%(upstream:track)%00%(upstream:remotename)%00%(upstream:remoteref) refs/heads/main refs/remotes/main [4ms]
2024-05-08 17:29:07.997 [info] > git status -z -uall [12ms]
2024-05-08 17:29:20.992 [info] > git config --get commit.template [11ms]
2024-05-08 17:29:20.994 [info] > git for-each-ref --format=%(refname)%00%(upstream:short)%00%(objectname)%00%(upstream:track)%00%(upstream:remotename)%00%(upstream:remoteref) refs/heads/main refs/remotes/main [4ms]
2024-05-08 17:29:21.016 [info] > git status -z -uall [11ms]
2024-05-08 17:30:32.552 [info] > git show --textconv :public/index.html [18ms]
2024-05-08 17:30:32.560 [info] > git ls-files --stage -- /home/opc/OCI-Project/public/index.html [12ms]
2024-05-08 17:30:32.575 [info] > git cat-file -s 700a7fb7570a9aec6110bb646da2a3d14211ef5f [5ms]
2024-05-08 17:30:42.666 [info] > git show --textconv :public/style.css [20ms]
2024-05-08 17:30:42.674 [info] > git ls-files --stage -- /home/opc/OCI-Project/public/style.css [9ms]
2024-05-08 17:30:42.693 [info] > git cat-file -s 13f5b7cc33c6da9a4308a486e09d34dbb43aefc2 [9ms]
2024-05-08 17:31:06.873 [info] > git config --get commit.template [15ms]
2024-05-08 17:31:06.877 [info] > git for-each-ref --format=%(refname)%00%(upstream:short)%00%(objectname)%00%(upstream:track)%00%(upstream:remotename)%00%(upstream:remoteref) refs/heads/main refs/remotes/main [5ms]
2024-05-08 17:31:06.902 [info] > git status -z -uall [13ms]
2024-05-08 17:32:13.707 [info] > git config --get commit.template [12ms]
2024-05-08 17:32:13.710 [info] > git for-each-ref --format=%(refname)%00%(upstream:short)%00%(objectname)%00%(upstream:track)%00%(upstream:remotename)%00%(upstream:remoteref) refs/heads/main refs/remotes/main [4ms]
2024-05-08 17:32:13.730 [info] > git status -z -uall [12ms]
2024-05-08 17:32:31.099 [info] > git config --get commit.template [13ms]
2024-05-08 17:32:31.102 [info] > git for-each-ref --format=%(refname)%00%(upstream:short)%00%(objectname)%00%(upstream:track)%00%(upstream:remotename)%00%(upstream:remoteref) refs/heads/main refs/remotes/main [4ms]
2024-05-08 17:32:31.124 [info] > git status -z -uall [11ms]
2024-05-08 17:32:46.190 [info] > git config --get commit.template [14ms]
2024-05-08 17:32:46.193 [info] > git for-each-ref --format=%(refname)%00%(upstream:short)%00%(objectname)%00%(upstream:track)%00%(upstream:remotename)%00%(upstream:remoteref) refs/heads/main refs/remotes/main [3ms]
2024-05-08 17:32:46.221 [info] > git status -z -uall [12ms]
2024-05-08 17:33:41.270 [info] > git config --get commit.template [13ms]
2024-05-08 17:33:41.273 [info] > git for-each-ref --format=%(refname)%00%(upstream:short)%00%(objectname)%00%(upstream:track)%00%(upstream:remotename)%00%(upstream:remoteref) refs/heads/main refs/remotes/main [4ms]
2024-05-08 17:33:41.298 [info] > git status -z -uall [12ms]
2024-05-08 17:33:59.303 [info] > git config --get commit.template [12ms]
2024-05-08 17:33:59.305 [info] > git for-each-ref --format=%(refname)%00%(upstream:short)%00%(objectname)%00%(upstream:track)%00%(upstream:remotename)%00%(upstream:remoteref) refs/heads/main refs/remotes/main [4ms]
2024-05-08 17:33:59.327 [info] > git status -z -uall [12ms]
2024-05-08 17:34:28.548 [info] > git config --get commit.template [14ms]
2024-05-08 17:34:28.550 [info] > git for-each-ref --format=%(refname)%00%(upstream:short)%00%(objectname)%00%(upstream:track)%00%(upstream:remotename)%00%(upstream:remoteref) refs/heads/main refs/remotes/main [4ms]
2024-05-08 17:34:28.575 [info] > git status -z -uall [13ms]
2024-05-08 17:35:00.253 [info] > git config --get commit.template [15ms]
2024-05-08 17:35:00.256 [info] > git for-each-ref --format=%(refname)%00%(upstream:short)%00%(objectname)%00%(upstream:track)%00%(upstream:remotename)%00%(upstream:remoteref) refs/heads/main refs/remotes/main [4ms]
2024-05-08 17:35:00.280 [info] > git status -z -uall [12ms]
2024-05-08 17:35:25.811 [info] > git config --get commit.template [13ms]
2024-05-08 17:35:25.814 [info] > git for-each-ref --format=%(refname)%00%(upstream:short)%00%(objectname)%00%(upstream:track)%00%(upstream:remotename)%00%(upstream:remoteref) refs/heads/main refs/remotes/main [4ms]
2024-05-08 17:35:25.836 [info] > git status -z -uall [12ms]
2024-05-08 17:35:43.867 [info] > git config --get commit.template [16ms]
2024-05-08 17:35:43.870 [info] > git for-each-ref --format=%(refname)%00%(upstream:short)%00%(objectname)%00%(upstream:track)%00%(upstream:remotename)%00%(upstream:remoteref) refs/heads/main refs/remotes/main [4ms]
2024-05-08 17:35:43.894 [info] > git status -z -uall [12ms]
2024-05-08 17:39:50.866 [info] > git config --get commit.template [15ms]
2024-05-08 17:39:50.867 [info] > git for-each-ref --format=%(refname)%00%(upstream:short)%00%(objectname)%00%(upstream:track)%00%(upstream:remotename)%00%(upstream:remoteref) refs/heads/main refs/remotes/main [5ms]
2024-05-08 17:39:50.892 [info] > git status -z -uall [12ms]
2024-05-08 17:46:29.079 [info] > git config --get commit.template [16ms]
2024-05-08 17:46:29.084 [info] > git for-each-ref --format=%(refname)%00%(upstream:short)%00%(objectname)%00%(upstream:track)%00%(upstream:remotename)%00%(upstream:remoteref) refs/heads/main refs/remotes/main [7ms]
2024-05-08 17:46:29.136 [info] > git status -z -uall [26ms]
2024-05-08 17:46:37.481 [info] > git config --get commit.template [14ms]
2024-05-08 17:46:37.484 [info] > git for-each-ref --format=%(refname)%00%(upstream:short)%00%(objectname)%00%(upstream:track)%00%(upstream:remotename)%00%(upstream:remoteref) refs/heads/main refs/remotes/main [4ms]
2024-05-08 17:46:37.533 [info] > git status -z -uall [23ms]
2024-05-08 17:46:38.465 [info] > git show --textconv :public/index.html [17ms]
2024-05-08 17:46:38.472 [info] > git ls-files --stage -- /home/opc/OCI-Project/public/index.html [9ms]
2024-05-08 17:46:38.485 [info] > git cat-file -s 700a7fb7570a9aec6110bb646da2a3d14211ef5f [3ms]
2024-05-08 17:46:48.554 [info] > git show --textconv :public/style.css [19ms]
2024-05-08 17:46:48.559 [info] > git ls-files --stage -- /home/opc/OCI-Project/public/style.css [9ms]
2024-05-08 17:46:48.579 [info] > git cat-file -s 13f5b7cc33c6da9a4308a486e09d34dbb43aefc2 [8ms]
2024-05-08 17:47:05.490 [info] > git config --get commit.template [15ms]
2024-05-08 17:47:05.493 [info] > git for-each-ref --format=%(refname)%00%(upstream:short)%00%(objectname)%00%(upstream:track)%00%(upstream:remotename)%00%(upstream:remoteref) refs/heads/main refs/remotes/main [4ms]
2024-05-08 17:47:05.516 [info] > git status -z -uall [12ms]
2024-05-08 17:47:16.883 [info] > git config --get commit.template [13ms]
2024-05-08 17:47:16.886 [info] > git for-each-ref --format=%(refname)%00%(upstream:short)%00%(objectname)%00%(upstream:track)%00%(upstream:remotename)%00%(upstream:remoteref) refs/heads/main refs/remotes/main [4ms]
2024-05-08 17:47:16.908 [info] > git status -z -uall [11ms]
2024-05-08 17:47:32.817 [info] > git config --get commit.template [12ms]
2024-05-08 17:47:32.820 [info] > git for-each-ref --format=%(refname)%00%(upstream:short)%00%(objectname)%00%(upstream:track)%00%(upstream:remotename)%00%(upstream:remoteref) refs/heads/main refs/remotes/main [4ms]
2024-05-08 17:47:32.841 [info] > git status -z -uall [11ms]
2024-05-08 17:48:02.615 [info] > git config --get commit.template [12ms]
2024-05-08 17:48:02.618 [info] > git for-each-ref --format=%(refname)%00%(upstream:short)%00%(objectname)%00%(upstream:track)%00%(upstream:remotename)%00%(upstream:remoteref) refs/heads/main refs/remotes/main [4ms]
2024-05-08 17:48:02.640 [info] > git status -z -uall [13ms]
2024-05-08 17:48:16.897 [info] > git config --get commit.template [11ms]
2024-05-08 17:48:16.899 [info] > git for-each-ref --format=%(refname)%00%(upstream:short)%00%(objectname)%00%(upstream:track)%00%(upstream:remotename)%00%(upstream:remoteref) refs/heads/main refs/remotes/main [3ms]
2024-05-08 17:48:16.920 [info] > git status -z -uall [11ms]
2024-05-08 17:48:32.013 [info] > git config --get commit.template [16ms]
2024-05-08 17:48:32.017 [info] > git for-each-ref --format=%(refname)%00%(upstream:short)%00%(objectname)%00%(upstream:track)%00%(upstream:remotename)%00%(upstream:remoteref) refs/heads/main refs/remotes/main [6ms]
2024-05-08 17:48:32.040 [info] > git status -z -uall [13ms]
2024-05-08 17:48:39.612 [info] > git config --get commit.template [15ms]
2024-05-08 17:48:39.615 [info] > git for-each-ref --format=%(refname)%00%(upstream:short)%00%(objectname)%00%(upstream:track)%00%(upstream:remotename)%00%(upstream:remoteref) refs/heads/main refs/remotes/main [4ms]
2024-05-08 17:48:39.637 [info] > git status -z -uall [12ms]
2024-05-08 17:48:49.817 [info] > git config --get commit.template [10ms]
2024-05-08 17:48:49.819 [info] > git for-each-ref --format=%(refname)%00%(upstream:short)%00%(objectname)%00%(upstream:track)%00%(upstream:remotename)%00%(upstream:remoteref) refs/heads/main refs/remotes/main [3ms]
2024-05-08 17:48:49.837 [info] > git status -z -uall [11ms]
2024-05-08 17:49:00.555 [info] > git config --get commit.template [14ms]
2024-05-08 17:49:00.558 [info] > git for-each-ref --format=%(refname)%00%(upstream:short)%00%(objectname)%00%(upstream:track)%00%(upstream:remotename)%00%(upstream:remoteref) refs/heads/main refs/remotes/main [4ms]
2024-05-08 17:49:00.581 [info] > git status -z -uall [12ms]
2024-05-08 17:49:12.909 [info] > git config --get commit.template [12ms]
2024-05-08 17:49:12.912 [info] > git for-each-ref --format=%(refname)%00%(upstream:short)%00%(objectname)%00%(upstream:track)%00%(upstream:remotename)%00%(upstream:remoteref) refs/heads/main refs/remotes/main [4ms]
2024-05-08 17:49:12.934 [info] > git status -z -uall [12ms]
2024-05-08 17:49:23.689 [info] > git config --get commit.template [11ms]
2024-05-08 17:49:23.692 [info] > git for-each-ref --format=%(refname)%00%(upstream:short)%00%(objectname)%00%(upstream:track)%00%(upstream:remotename)%00%(upstream:remoteref) refs/heads/main refs/remotes/main [4ms]
2024-05-08 17:49:23.711 [info] > git status -z -uall [11ms]
2024-05-08 17:49:37.018 [info] > git config --get commit.template [11ms]
2024-05-08 17:49:37.021 [info] > git for-each-ref --format=%(refname)%00%(upstream:short)%00%(objectname)%00%(upstream:track)%00%(upstream:remotename)%00%(upstream:remoteref) refs/heads/main refs/remotes/main [3ms]
2024-05-08 17:49:37.042 [info] > git status -z -uall [12ms]
2024-05-08 17:49:47.033 [info] > git config --get commit.template [14ms]
2024-05-08 17:49:47.036 [info] > git for-each-ref --format=%(refname)%00%(upstream:short)%00%(objectname)%00%(upstream:track)%00%(upstream:remotename)%00%(upstream:remoteref) refs/heads/main refs/remotes/main [4ms]
2024-05-08 17:49:47.057 [info] > git status -z -uall [12ms]
2024-05-08 17:50:05.577 [info] > git config --get commit.template [13ms]
2024-05-08 17:50:05.580 [info] > git for-each-ref --format=%(refname)%00%(upstream:short)%00%(objectname)%00%(upstream:track)%00%(upstream:remotename)%00%(upstream:remoteref) refs/heads/main refs/remotes/main [4ms]
2024-05-08 17:50:05.601 [info] > git status -z -uall [11ms]
2024-05-08 17:50:11.792 [info] > git config --get commit.template [17ms]
2024-05-08 17:50:11.797 [info] > git for-each-ref --format=%(refname)%00%(upstream:short)%00%(objectname)%00%(upstream:track)%00%(upstream:remotename)%00%(upstream:remoteref) refs/heads/main refs/remotes/main [6ms]
2024-05-08 17:50:11.820 [info] > git status -z -uall [13ms]
2024-05-08 17:50:34.493 [info] > git config --get commit.template [11ms]
2024-05-08 17:50:34.496 [info] > git for-each-ref --format=%(refname)%00%(upstream:short)%00%(objectname)%00%(upstream:track)%00%(upstream:remotename)%00%(upstream:remoteref) refs/heads/main refs/remotes/main [4ms]
2024-05-08 17:50:34.519 [info] > git status -z -uall [13ms]
2024-05-08 17:50:57.715 [info] > git config --get commit.template [13ms]
2024-05-08 17:50:57.717 [info] > git for-each-ref --format=%(refname)%00%(upstream:short)%00%(objectname)%00%(upstream:track)%00%(upstream:remotename)%00%(upstream:remoteref) refs/heads/main refs/remotes/main [5ms]
2024-05-08 17:50:57.738 [info] > git status -z -uall [11ms]
2024-05-08 17:51:21.625 [info] > git config --get commit.template [11ms]
2024-05-08 17:51:21.628 [info] > git for-each-ref --format=%(refname)%00%(upstream:short)%00%(objectname)%00%(upstream:track)%00%(upstream:remotename)%00%(upstream:remoteref) refs/heads/main refs/remotes/main [4ms]
2024-05-08 17:51:21.651 [info] > git status -z -uall [11ms]
2024-05-08 17:51:35.504 [info] > git config --get commit.template [12ms]
2024-05-08 17:51:35.506 [info] > git for-each-ref --format=%(refname)%00%(upstream:short)%00%(objectname)%00%(upstream:track)%00%(upstream:remotename)%00%(upstream:remoteref) refs/heads/main refs/remotes/main [4ms]
2024-05-08 17:51:35.529 [info] > git status -z -uall [12ms]
2024-05-08 17:51:56.897 [info] > git config --get commit.template [18ms]
2024-05-08 17:51:56.902 [info] > git for-each-ref --format=%(refname)%00%(upstream:short)%00%(objectname)%00%(upstream:track)%00%(upstream:remotename)%00%(upstream:remoteref) refs/heads/main refs/remotes/main [7ms]
2024-05-08 17:51:56.927 [info] > git status -z -uall [14ms]
2024-05-08 17:52:07.096 [info] > git config --get commit.template [12ms]
2024-05-08 17:52:07.103 [info] > git for-each-ref --format=%(refname)%00%(upstream:short)%00%(objectname)%00%(upstream:track)%00%(upstream:remotename)%00%(upstream:remoteref) refs/heads/main refs/remotes/main [8ms]
2024-05-08 17:52:07.123 [info] > git status -z -uall [11ms]
2024-05-08 17:52:34.997 [info] > git config --get commit.template [15ms]
2024-05-08 17:52:35.001 [info] > git for-each-ref --format=%(refname)%00%(upstream:short)%00%(objectname)%00%(upstream:track)%00%(upstream:remotename)%00%(upstream:remoteref) refs/heads/main refs/remotes/main [7ms]
2024-05-08 17:52:35.024 [info] > git status -z -uall [12ms]
2024-05-08 17:53:01.381 [info] > git config --get commit.template [15ms]
2024-05-08 17:53:01.384 [info] > git for-each-ref --format=%(refname)%00%(upstream:short)%00%(objectname)%00%(upstream:track)%00%(upstream:remotename)%00%(upstream:remoteref) refs/heads/main refs/remotes/main [5ms]
2024-05-08 17:53:01.411 [info] > git status -z -uall [13ms]
2024-05-08 17:53:09.268 [info] > git config --get commit.template [12ms]
2024-05-08 17:53:09.270 [info] > git for-each-ref --format=%(refname)%00%(upstream:short)%00%(objectname)%00%(upstream:track)%00%(upstream:remotename)%00%(upstream:remoteref) refs/heads/main refs/remotes/main [3ms]
2024-05-08 17:53:09.292 [info] > git status -z -uall [11ms]
2024-05-08 17:53:27.233 [info] > git config --get commit.template [15ms]
2024-05-08 17:53:27.236 [info] > git for-each-ref --format=%(refname)%00%(upstream:short)%00%(objectname)%00%(upstream:track)%00%(upstream:remotename)%00%(upstream:remoteref) refs/heads/main refs/remotes/main [5ms]
2024-05-08 17:53:27.259 [info] > git status -z -uall [12ms]
2024-05-08 17:54:27.684 [info] > git config --get commit.template [18ms]
2024-05-08 17:54:27.687 [info] > git for-each-ref --format=%(refname)%00%(upstream:short)%00%(objectname)%00%(upstream:track)%00%(upstream:remotename)%00%(upstream:remoteref) refs/heads/main refs/remotes/main [4ms]
2024-05-08 17:54:27.711 [info] > git status -z -uall [12ms]
2024-05-08 17:54:32.810 [info] > git config --get commit.template [12ms]
2024-05-08 17:54:32.812 [info] > git for-each-ref --format=%(refname)%00%(upstream:short)%00%(objectname)%00%(upstream:track)%00%(upstream:remotename)%00%(upstream:remoteref) refs/heads/main refs/remotes/main [3ms]
2024-05-08 17:54:32.834 [info] > git status -z -uall [11ms]
2024-05-08 17:55:59.606 [info] > git config --get commit.template [15ms]
2024-05-08 17:55:59.609 [info] > git for-each-ref --format=%(refname)%00%(upstream:short)%00%(objectname)%00%(upstream:track)%00%(upstream:remotename)%00%(upstream:remoteref) refs/heads/main refs/remotes/main [5ms]
2024-05-08 17:55:59.633 [info] > git status -z -uall [11ms]
2024-05-08 17:56:16.205 [info] > git config --get commit.template [13ms]
2024-05-08 17:56:16.208 [info] > git for-each-ref --format=%(refname)%00%(upstream:short)%00%(objectname)%00%(upstream:track)%00%(upstream:remotename)%00%(upstream:remoteref) refs/heads/main refs/remotes/main [4ms]
2024-05-08 17:56:16.231 [info] > git status -z -uall [12ms]
2024-05-08 17:58:36.396 [info] > git config --get commit.template [15ms]
2024-05-08 17:58:36.398 [info] > git for-each-ref --format=%(refname)%00%(upstream:short)%00%(objectname)%00%(upstream:track)%00%(upstream:remotename)%00%(upstream:remoteref) refs/heads/main refs/remotes/main [3ms]
2024-05-08 17:58:36.420 [info] > git status -z -uall [11ms]
2024-05-08 17:58:56.719 [info] > git config --get commit.template [15ms]
2024-05-08 17:58:56.722 [info] > git for-each-ref --format=%(refname)%00%(upstream:short)%00%(objectname)%00%(upstream:track)%00%(upstream:remotename)%00%(upstream:remoteref) refs/heads/main refs/remotes/main [7ms]
2024-05-08 17:58:56.744 [info] > git status -z -uall [11ms]
2024-05-08 17:59:06.947 [info] > git config --get commit.template [11ms]
2024-05-08 17:59:06.949 [info] > git for-each-ref --format=%(refname)%00%(upstream:short)%00%(objectname)%00%(upstream:track)%00%(upstream:remotename)%00%(upstream:remoteref) refs/heads/main refs/remotes/main [3ms]
2024-05-08 17:59:06.971 [info] > git status -z -uall [11ms]
2024-05-08 17:59:12.000 [info] > git config --get commit.template [13ms]
2024-05-08 17:59:12.003 [info] > git for-each-ref --format=%(refname)%00%(upstream:short)%00%(objectname)%00%(upstream:track)%00%(upstream:remotename)%00%(upstream:remoteref) refs/heads/main refs/remotes/main [4ms]
2024-05-08 17:59:12.027 [info] > git status -z -uall [14ms]
2024-05-08 17:59:42.633 [info] > git config --get commit.template [15ms]
2024-05-08 17:59:42.636 [info] > git for-each-ref --format=%(refname)%00%(upstream:short)%00%(objectname)%00%(upstream:track)%00%(upstream:remotename)%00%(upstream:remoteref) refs/heads/main refs/remotes/main [4ms]
2024-05-08 17:59:42.659 [info] > git status -z -uall [12ms]
2024-05-08 17:59:56.945 [info] > git config --get commit.template [13ms]
2024-05-08 17:59:56.948 [info] > git for-each-ref --format=%(refname)%00%(upstream:short)%00%(objectname)%00%(upstream:track)%00%(upstream:remotename)%00%(upstream:remoteref) refs/heads/main refs/remotes/main [4ms]
2024-05-08 17:59:56.973 [info] > git status -z -uall [13ms]
2024-05-08 18:00:10.492 [info] > git config --get commit.template [14ms]
2024-05-08 18:00:10.495 [info] > git for-each-ref --format=%(refname)%00%(upstream:short)%00%(objectname)%00%(upstream:track)%00%(upstream:remotename)%00%(upstream:remoteref) refs/heads/main refs/remotes/main [4ms]
2024-05-08 18:00:10.520 [info] > git status -z -uall [11ms]
2024-05-08 18:00:15.546 [info] > git config --get commit.template [12ms]
2024-05-08 18:00:15.548 [info] > git for-each-ref --format=%(refname)%00%(upstream:short)%00%(objectname)%00%(upstream:track)%00%(upstream:remotename)%00%(upstream:remoteref) refs/heads/main refs/remotes/main [4ms]
2024-05-08 18:00:15.570 [info] > git status -z -uall [11ms]
2024-05-08 18:00:28.325 [info] > git config --get commit.template [11ms]
2024-05-08 18:00:28.327 [info] > git for-each-ref --format=%(refname)%00%(upstream:short)%00%(objectname)%00%(upstream:track)%00%(upstream:remotename)%00%(upstream:remoteref) refs/heads/main refs/remotes/main [3ms]
2024-05-08 18:00:28.348 [info] > git status -z -uall [12ms]
2024-05-08 18:00:44.846 [info] > git config --get commit.template [17ms]
2024-05-08 18:00:44.850 [info] > git for-each-ref --format=%(refname)%00%(upstream:short)%00%(objectname)%00%(upstream:track)%00%(upstream:remotename)%00%(upstream:remoteref) refs/heads/main refs/remotes/main [5ms]
2024-05-08 18:00:44.873 [info] > git status -z -uall [12ms]
2024-05-08 18:01:27.422 [info] > git config --get commit.template [12ms]
2024-05-08 18:01:27.425 [info] > git for-each-ref --format=%(refname)%00%(upstream:short)%00%(objectname)%00%(upstream:track)%00%(upstream:remotename)%00%(upstream:remoteref) refs/heads/main refs/remotes/main [4ms]
2024-05-08 18:01:27.446 [info] > git status -z -uall [12ms]
2024-05-08 18:01:32.476 [info] > git config --get commit.template [16ms]
2024-05-08 18:01:32.482 [info] > git for-each-ref --format=%(refname)%00%(upstream:short)%00%(objectname)%00%(upstream:track)%00%(upstream:remotename)%00%(upstream:remoteref) refs/heads/main refs/remotes/main [5ms]
2024-05-08 18:01:32.505 [info] > git status -z -uall [11ms]
2024-05-08 18:02:03.648 [info] > git config --get commit.template [16ms]
2024-05-08 18:02:03.650 [info] > git for-each-ref --format=%(refname)%00%(upstream:short)%00%(objectname)%00%(upstream:track)%00%(upstream:remotename)%00%(upstream:remoteref) refs/heads/main refs/remotes/main [4ms]
2024-05-08 18:02:03.674 [info] > git status -z -uall [11ms]
2024-05-08 18:13:45.111 [info] > git config --get commit.template [17ms]
2024-05-08 18:13:45.116 [info] > git for-each-ref --format=%(refname)%00%(upstream:short)%00%(objectname)%00%(upstream:track)%00%(upstream:remotename)%00%(upstream:remoteref) refs/heads/main refs/remotes/main [7ms]
2024-05-08 18:13:45.141 [info] > git status -z -uall [13ms]
2024-05-08 18:14:05.795 [info] > git config --get commit.template [10ms]
2024-05-08 18:14:05.798 [info] > git for-each-ref --format=%(refname)%00%(upstream:short)%00%(objectname)%00%(upstream:track)%00%(upstream:remotename)%00%(upstream:remoteref) refs/heads/main refs/remotes/main [4ms]
2024-05-08 18:14:05.818 [info] > git status -z -uall [12ms]
2024-05-08 18:14:33.730 [info] > git config --get commit.template [14ms]
2024-05-08 18:14:33.733 [info] > git for-each-ref --format=%(refname)%00%(upstream:short)%00%(objectname)%00%(upstream:track)%00%(upstream:remotename)%00%(upstream:remoteref) refs/heads/main refs/remotes/main [3ms]
2024-05-08 18:14:33.785 [info] > git status -z -uall [42ms]
2024-05-08 18:14:38.870 [info] > git config --get commit.template [12ms]
2024-05-08 18:14:38.873 [info] > git for-each-ref --format=%(refname)%00%(upstream:short)%00%(objectname)%00%(upstream:track)%00%(upstream:remotename)%00%(upstream:remoteref) refs/heads/main refs/remotes/main [7ms]
2024-05-08 18:14:38.895 [info] > git status -z -uall [11ms]
2024-05-08 18:14:39.075 [info] > git ls-files --stage -- /home/opc/OCI-Project/public/style.css [3ms]
2024-05-08 18:14:39.089 [info] > git cat-file -s 0fbd0642b42eb93776393581ea1531c8bc388509 [3ms]
2024-05-08 18:14:39.194 [info] > git show --textconv :public/style.css [5ms]
2024-05-08 18:14:51.694 [info] > git config --get commit.template [14ms]
2024-05-08 18:14:51.697 [info] > git for-each-ref --format=%(refname)%00%(upstream:short)%00%(objectname)%00%(upstream:track)%00%(upstream:remotename)%00%(upstream:remoteref) refs/heads/main refs/remotes/main [4ms]
2024-05-08 18:14:51.720 [info] > git status -z -uall [11ms]
2024-05-08 18:14:51.738 [info] > git merge-base refs/heads/main refs/remotes/origin/main [7ms]
2024-05-08 18:14:51.755 [info] > git rev-list --count --left-right refs/heads/main...refs/remotes/origin/main [6ms]
2024-05-08 18:14:51.772 [info] > git diff --name-status -z --diff-filter=ADMR 67f27ab3373fb4f732d934560f611b19453bf24b...refs/remotes/origin/main [4ms]
2024-05-08 18:14:51.856 [info] > git ls-files --stage -- /home/opc/OCI-Project/public/style.css [4ms]
2024-05-08 18:14:51.873 [info] > git cat-file -s 0fbd0642b42eb93776393581ea1531c8bc388509 [4ms]
2024-05-08 18:14:51.965 [info] > git show --textconv :public/style.css [5ms]
2024-05-08 18:15:43.527 [info] > git merge-base refs/heads/main refs/remotes/origin/main [3ms]
2024-05-08 18:15:43.543 [info] > git rev-list --count --left-right refs/heads/main...refs/remotes/origin/main [6ms]
2024-05-08 18:15:46.743 [info] > git log --format=%H%n%aN%n%aE%n%at%n%ct%n%P%n%D%n%B -z --shortstat --diff-merges=first-parent --author-date-order 67f27ab3373fb4f732d934560f611b19453bf24b..e2be48a12a4f90e635260e8997e42afd72e6073f [5ms]
2024-05-08 18:16:03.045 [info] > git diff --name-status -z --diff-filter=ADMR 67f27ab3373fb4f732d934560f611b19453bf24b...e2be48a12a4f90e635260e8997e42afd72e6073f [4ms]
2024-05-08 18:16:03.660 [info] > git check-ignore -v -z --stdin [4ms]
2024-05-08 18:16:04.943 [info] > git show --textconv 67f27ab3373fb4f732d934560f611b19453bf24b:public/style.css [45ms]
2024-05-08 18:16:04.943 [info] > git show --textconv e2be48a12a4f90e635260e8997e42afd72e6073f:public/style.css [32ms]
2024-05-08 18:16:04.943 [info] > git ls-tree -l 67f27ab3373fb4f732d934560f611b19453bf24b -- /home/opc/OCI-Project/public/style.css [16ms]
2024-05-08 18:16:04.949 [info] > git ls-tree -l e2be48a12a4f90e635260e8997e42afd72e6073f -- /home/opc/OCI-Project/public/style.css [7ms]
2024-05-08 18:16:05.402 [info] > git check-ignore -v -z --stdin [4ms]
2024-05-08 18:16:22.132 [info] > git ls-tree -l 67f27ab3373fb4f732d934560f611b19453bf24b -- /home/opc/OCI-Project/public/style.css [13ms]
2024-05-08 18:16:22.137 [info] > git ls-tree -l e2be48a12a4f90e635260e8997e42afd72e6073f -- /home/opc/OCI-Project/public/style.css [7ms]
2024-05-08 18:16:24.548 [info] > git ls-tree -l 67f27ab3373fb4f732d934560f611b19453bf24b -- /home/opc/OCI-Project/public/style.css [20ms]
2024-05-08 18:16:24.552 [info] > git ls-tree -l e2be48a12a4f90e635260e8997e42afd72e6073f -- /home/opc/OCI-Project/public/style.css [6ms]
2024-05-08 18:16:24.585 [info] > git log --oneline --cherry main...main@{upstream} -- [7ms]
2024-05-08 18:16:24.755 [info] > git pull --tags origin main [158ms]
2024-05-08 18:16:24.755 [info] From https://github.com/Diamondd01/OCI-Project1
 * branch            main       -> FETCH_HEAD
2024-05-08 18:16:25.614 [info] > git push origin main:main [849ms]
2024-05-08 18:16:25.614 [info] To https://github.com/Diamondd01/OCI-Project1.git
   67f27ab..e2be48a  main -> main
2024-05-08 18:16:25.637 [info] > git config --get commit.template [12ms]
2024-05-08 18:16:25.641 [info] > git for-each-ref --format=%(refname)%00%(upstream:short)%00%(objectname)%00%(upstream:track)%00%(upstream:remotename)%00%(upstream:remoteref) refs/heads/main refs/remotes/main [4ms]
2024-05-08 18:16:25.665 [info] > git status -z -uall [12ms]
2024-05-08 18:16:25.691 [info] > git merge-base refs/heads/main refs/remotes/origin/main [15ms]
2024-05-08 18:16:25.705 [info] > git rev-list --count --left-right refs/heads/main...refs/remotes/origin/main [3ms]
2024-05-08 18:16:25.720 [info] > git diff --name-status -z --diff-filter=ADMR e2be48a12a4f90e635260e8997e42afd72e6073f...refs/remotes/origin/main [4ms]
2024-05-08 18:16:25.759 [info] > git merge-base refs/heads/main refs/remotes/origin/main [3ms]
2024-05-08 18:16:25.775 [info] > git rev-list --count --left-right refs/heads/main...refs/remotes/origin/main [4ms]
2024-05-08 18:16:26.896 [info] > git config --get commit.template [15ms]
2024-05-08 18:16:26.899 [info] > git for-each-ref --format=%(refname)%00%(upstream:short)%00%(objectname)%00%(upstream:track)%00%(upstream:remotename)%00%(upstream:remoteref) refs/heads/main refs/remotes/main [4ms]
2024-05-08 18:16:26.922 [info] > git status -z -uall [11ms]
2024-05-08 18:16:27.050 [info] > git ls-tree -l 67f27ab3373fb4f732d934560f611b19453bf24b -- /home/opc/OCI-Project/public/style.css [13ms]
2024-05-08 18:16:27.054 [info] > git ls-tree -l e2be48a12a4f90e635260e8997e42afd72e6073f -- /home/opc/OCI-Project/public/style.css [8ms]
2024-05-08 18:16:27.162 [info] > git show --textconv 67f27ab3373fb4f732d934560f611b19453bf24b:public/style.css [14ms]
2024-05-08 18:16:27.167 [info] > git show --textconv e2be48a12a4f90e635260e8997e42afd72e6073f:public/style.css [6ms]
