2024-05-01 21:13:51.859 [info] Log level: Info
2024-05-01 21:13:51.859 [info] Validating found git in: "git"
2024-05-01 21:13:51.859 [info] Using git "2.39.3" from "git"
2024-05-01 21:13:51.859 [info] > git rev-parse --show-toplevel [276ms]
2024-05-01 21:13:51.859 [info] > git rev-parse --git-dir --git-common-dir [531ms]
2024-05-01 21:13:51.859 [info] Open repository: /home/opc/OCI-Project
2024-05-01 21:13:52.107 [info] > git rev-parse --show-toplevel [108ms]
2024-05-01 21:13:52.128 [info] > git config --get commit.template [208ms]
2024-05-01 21:13:52.299 [info] > git rev-parse --show-toplevel [102ms]
2024-05-01 21:13:52.403 [info] > git for-each-ref --format=%(refname)%00%(upstream:short)%00%(objectname)%00%(upstream:track)%00%(upstream:remotename)%00%(upstream:remoteref) refs/heads/main refs/remotes/main [132ms]
2024-05-01 21:13:52.424 [info] > git rev-parse --show-toplevel [47ms]
2024-05-01 21:13:52.548 [info] > git show --textconv :server/db.js [50ms]
2024-05-01 21:13:52.675 [info] > git check-ignore -v -z --stdin [44ms]
2024-05-01 21:13:52.677 [info] > git ls-files --stage -- /home/opc/OCI-Project/server/db.js [131ms]
2024-05-01 21:13:52.749 [info] > git status -z -uall [75ms]
2024-05-01 21:13:54.496 [info] > git merge-base refs/heads/main refs/remotes/origin/main [1560ms]
2024-05-01 21:13:54.636 [info] > git config --get commit.template [140ms]
2024-05-01 21:13:54.645 [info] > git rev-list --count --left-right refs/heads/main...refs/remotes/origin/main [50ms]
2024-05-01 21:13:54.806 [info] > git for-each-ref --format=%(refname)%00%(upstream:short)%00%(objectname)%00%(upstream:track)%00%(upstream:remotename)%00%(upstream:remoteref) refs/heads/main refs/remotes/main [41ms]
2024-05-01 21:13:54.807 [info] > git diff --name-status -z --diff-filter=ADMR 272f6775ea9e4855feae38b4ab7041c87854fa4e...refs/remotes/origin/main [68ms]
2024-05-01 21:13:54.931 [info] > git status -z -uall [83ms]
2024-05-01 21:14:12.388 [info] > git check-ignore -v -z --stdin [3ms]
2024-05-01 21:15:02.617 [info] > git show --textconv :server/db.js [17ms]
2024-05-01 21:15:02.622 [info] > git ls-files --stage -- /home/opc/OCI-Project/server/db.js [6ms]
2024-05-01 21:15:04.840 [info] > git show --textconv :server/db.js [14ms]
2024-05-01 21:15:04.844 [info] > git ls-files --stage -- /home/opc/OCI-Project/server/db.js [6ms]
2024-05-01 21:15:07.285 [info] > git show --textconv :README.md [27ms]
2024-05-01 21:15:07.290 [info] > git ls-files --stage -- /home/opc/OCI-Project/README.md [7ms]
2024-05-01 21:15:07.316 [info] > git cat-file -s 26db0b84f3bc4ddef91ddeee42813cbc0731bd2b [6ms]
2024-05-01 21:22:41.112 [info] > git show --textconv :README.md [23ms]
2024-05-01 21:22:41.116 [info] > git ls-files --stage -- /home/opc/OCI-Project/README.md [15ms]
2024-05-01 21:22:41.128 [info] > git cat-file -s 26db0b84f3bc4ddef91ddeee42813cbc0731bd2b [3ms]
2024-05-01 21:24:27.593 [info] > git show --textconv :server/server.js [64ms]
2024-05-01 21:24:27.594 [info] > git ls-files --stage -- /home/opc/OCI-Project/server/server.js [27ms]
2024-05-01 21:24:27.662 [info] > git cat-file -s b852ab1b0cafdb5bd6d6dc375828daa7fe338d68 [28ms]
2024-05-01 21:24:28.013 [info] > git show --textconv :server/schema.SQL [28ms]
2024-05-01 21:24:28.015 [info] > git ls-files --stage -- /home/opc/OCI-Project/server/schema.SQL [8ms]
2024-05-01 21:24:28.029 [info] > git cat-file -s 73575d29cc657af56689df9d9008421250c06f02 [3ms]
2024-05-01 21:25:54.481 [info] > git show --textconv :README.mdgit [31ms]
2024-05-01 21:25:54.490 [info] > git ls-files --stage -- /home/opc/OCI-Project/README.mdgit [13ms]
2024-05-01 21:25:54.517 [info] > git cat-file -s 376aac8f51e1d1efc9a371c71c566cccbfacdb10 [5ms]
2024-05-01 21:26:10.369 [info] > git show --textconv :pg_hga.conf [13ms]
2024-05-01 21:26:10.373 [info] > git ls-files --stage -- /home/opc/OCI-Project/pg_hga.conf [6ms]
2024-05-01 21:26:20.303 [info] > git show --textconv :server/schema.SQL [15ms]
2024-05-01 21:26:20.307 [info] > git ls-files --stage -- /home/opc/OCI-Project/server/schema.SQL [6ms]
2024-05-01 21:26:20.322 [info] > git cat-file -s 73575d29cc657af56689df9d9008421250c06f02 [4ms]
2024-05-01 21:26:25.777 [info] > git config --get commit.template [17ms]
2024-05-01 21:26:25.781 [info] > git for-each-ref --format=%(refname)%00%(upstream:short)%00%(objectname)%00%(upstream:track)%00%(upstream:remotename)%00%(upstream:remoteref) refs/heads/main refs/remotes/main [7ms]
2024-05-01 21:26:25.813 [info] > git status -z -uall [22ms]
2024-05-01 21:26:30.926 [info] > git config --get commit.template [17ms]
2024-05-01 21:26:30.931 [info] > git for-each-ref --format=%(refname)%00%(upstream:short)%00%(objectname)%00%(upstream:track)%00%(upstream:remotename)%00%(upstream:remoteref) refs/heads/main refs/remotes/main [9ms]
2024-05-01 21:26:30.963 [info] > git status -z -uall [18ms]
2024-05-01 21:26:47.051 [info] > git config --get commit.template [17ms]
2024-05-01 21:26:47.052 [info] > git for-each-ref --format=%(refname)%00%(upstream:short)%00%(objectname)%00%(upstream:track)%00%(upstream:remotename)%00%(upstream:remoteref) refs/heads/main refs/remotes/main [8ms]
2024-05-01 21:26:47.075 [info] > git status -z -uall [10ms]
2024-05-01 21:27:07.260 [info] > git show --textconv :server/schema.SQL [16ms]
2024-05-01 21:27:07.264 [info] > git ls-files --stage -- /home/opc/OCI-Project/server/schema.SQL [6ms]
2024-05-01 21:27:07.278 [info] > git cat-file -s 73575d29cc657af56689df9d9008421250c06f02 [3ms]
2024-05-01 21:34:08.312 [info] > git show --textconv :server/db.js [14ms]
2024-05-01 21:34:08.316 [info] > git ls-files --stage -- /home/opc/OCI-Project/server/db.js [6ms]
2024-05-01 21:34:22.374 [info] > git config --get commit.template [16ms]
2024-05-01 21:34:22.378 [info] > git for-each-ref --format=%(refname)%00%(upstream:short)%00%(objectname)%00%(upstream:track)%00%(upstream:remotename)%00%(upstream:remoteref) refs/heads/main refs/remotes/main [6ms]
2024-05-01 21:34:22.403 [info] > git status -z -uall [14ms]
2024-05-01 21:36:10.727 [info] > git config --get commit.template [12ms]
2024-05-01 21:36:10.730 [info] > git for-each-ref --format=%(refname)%00%(upstream:short)%00%(objectname)%00%(upstream:track)%00%(upstream:remotename)%00%(upstream:remoteref) refs/heads/main refs/remotes/main [5ms]
2024-05-01 21:36:10.751 [info] > git status -z -uall [13ms]
2024-05-01 21:36:15.821 [info] > git config --get commit.template [12ms]
2024-05-01 21:36:15.824 [info] > git for-each-ref --format=%(refname)%00%(upstream:short)%00%(objectname)%00%(upstream:track)%00%(upstream:remotename)%00%(upstream:remoteref) refs/heads/main refs/remotes/main [4ms]
2024-05-01 21:36:15.842 [info] > git status -z -uall [10ms]
2024-05-01 21:36:40.569 [info] > git config --get commit.template [14ms]
2024-05-01 21:36:40.572 [info] > git for-each-ref --format=%(refname)%00%(upstream:short)%00%(objectname)%00%(upstream:track)%00%(upstream:remotename)%00%(upstream:remoteref) refs/heads/main refs/remotes/main [6ms]
2024-05-01 21:36:40.596 [info] > git status -z -uall [13ms]
2024-05-01 21:36:56.837 [info] > git config --get commit.template [18ms]
2024-05-01 21:36:56.839 [info] > git for-each-ref --format=%(refname)%00%(upstream:short)%00%(objectname)%00%(upstream:track)%00%(upstream:remotename)%00%(upstream:remoteref) refs/heads/main refs/remotes/main [7ms]
2024-05-01 21:36:56.865 [info] > git status -z -uall [15ms]
2024-05-01 21:38:59.494 [info] > git config --get commit.template [16ms]
2024-05-01 21:38:59.498 [info] > git for-each-ref --format=%(refname)%00%(upstream:short)%00%(objectname)%00%(upstream:track)%00%(upstream:remotename)%00%(upstream:remoteref) refs/heads/main refs/remotes/main [6ms]
2024-05-01 21:38:59.525 [info] > git status -z -uall [18ms]
2024-05-01 21:39:47.293 [info] > git show --textconv :server/ca-cert.crt [23ms]
2024-05-01 21:39:47.299 [info] > git ls-files --stage -- /home/opc/OCI-Project/server/ca-cert.crt [8ms]
2024-05-01 21:39:47.399 [info] > git check-ignore -v -z --stdin [5ms]
2024-05-01 21:39:47.913 [info] > git config --get commit.template [16ms]
2024-05-01 21:39:47.917 [info] > git for-each-ref --format=%(refname)%00%(upstream:short)%00%(objectname)%00%(upstream:track)%00%(upstream:remotename)%00%(upstream:remoteref) refs/heads/main refs/remotes/main [6ms]
2024-05-01 21:39:47.942 [info] > git status -z -uall [13ms]
2024-05-01 21:39:59.972 [info] > git show --textconv :server/db.js [17ms]
2024-05-01 21:39:59.975 [info] > git ls-files --stage -- /home/opc/OCI-Project/server/db.js [4ms]
2024-05-01 21:40:17.513 [info] > git config --get commit.template [12ms]
2024-05-01 21:40:17.516 [info] > git for-each-ref --format=%(refname)%00%(upstream:short)%00%(objectname)%00%(upstream:track)%00%(upstream:remotename)%00%(upstream:remoteref) refs/heads/main refs/remotes/main [6ms]
2024-05-01 21:40:17.540 [info] > git status -z -uall [14ms]
2024-05-01 21:40:32.566 [info] > git config --get commit.template [18ms]
2024-05-01 21:40:32.571 [info] > git for-each-ref --format=%(refname)%00%(upstream:short)%00%(objectname)%00%(upstream:track)%00%(upstream:remotename)%00%(upstream:remoteref) refs/heads/main refs/remotes/main [7ms]
2024-05-01 21:40:32.605 [info] > git status -z -uall [21ms]
2024-05-01 21:40:45.006 [info] > git config --get commit.template [15ms]
2024-05-01 21:40:45.009 [info] > git for-each-ref --format=%(refname)%00%(upstream:short)%00%(objectname)%00%(upstream:track)%00%(upstream:remotename)%00%(upstream:remoteref) refs/heads/main refs/remotes/main [4ms]
2024-05-01 21:40:45.038 [info] > git status -z -uall [17ms]
2024-05-01 21:41:03.864 [info] > git show --textconv :server/ca-cert.crt [18ms]
2024-05-01 21:41:03.871 [info] > git ls-files --stage -- /home/opc/OCI-Project/server/ca-cert.crt [9ms]
2024-05-01 21:41:06.452 [info] > git show --textconv :server/db.js [15ms]
2024-05-01 21:41:06.456 [info] > git ls-files --stage -- /home/opc/OCI-Project/server/db.js [6ms]
2024-05-01 21:41:14.742 [info] > git show --textconv :server/ca-cert.crt [13ms]
2024-05-01 21:41:14.746 [info] > git ls-files --stage -- /home/opc/OCI-Project/server/ca-cert.crt [5ms]
2024-05-01 21:41:20.327 [info] > git show --textconv :server/db.js [14ms]
2024-05-01 21:41:20.331 [info] > git ls-files --stage -- /home/opc/OCI-Project/server/db.js [5ms]
2024-05-01 21:41:32.472 [info] > git for-each-ref --format=%(refname)%00%(upstream:short)%00%(objectname)%00%(upstream:track)%00%(upstream:remotename)%00%(upstream:remoteref) refs/heads/main refs/remotes/main [44ms]
2024-05-01 21:41:32.472 [info] > git config --get commit.template [57ms]
2024-05-01 21:41:32.496 [info] > git status -z -uall [13ms]
2024-05-01 21:41:56.930 [info] > git config --get commit.template [13ms]
2024-05-01 21:41:56.933 [info] > git for-each-ref --format=%(refname)%00%(upstream:short)%00%(objectname)%00%(upstream:track)%00%(upstream:remotename)%00%(upstream:remoteref) refs/heads/main refs/remotes/main [5ms]
2024-05-01 21:41:56.957 [info] > git status -z -uall [15ms]
2024-05-01 21:42:57.972 [info] > git config --get commit.template [14ms]
2024-05-01 21:42:57.975 [info] > git for-each-ref --format=%(refname)%00%(upstream:short)%00%(objectname)%00%(upstream:track)%00%(upstream:remotename)%00%(upstream:remoteref) refs/heads/main refs/remotes/main [5ms]
2024-05-01 21:42:57.994 [info] > git status -z -uall [10ms]
2024-05-01 21:43:27.543 [info] > git config --get commit.template [16ms]
2024-05-01 21:43:27.546 [info] > git for-each-ref --format=%(refname)%00%(upstream:short)%00%(objectname)%00%(upstream:track)%00%(upstream:remotename)%00%(upstream:remoteref) refs/heads/main refs/remotes/main [4ms]
2024-05-01 21:43:27.568 [info] > git status -z -uall [11ms]
2024-05-01 21:45:57.871 [info] > git config --get commit.template [17ms]
2024-05-01 21:45:57.874 [info] > git for-each-ref --format=%(refname)%00%(upstream:short)%00%(objectname)%00%(upstream:track)%00%(upstream:remotename)%00%(upstream:remoteref) refs/heads/main refs/remotes/main [6ms]
2024-05-01 21:45:57.905 [info] > git status -z -uall [19ms]
2024-05-01 21:46:35.565 [info] > git show --textconv :.env [13ms]
2024-05-01 21:46:35.569 [info] > git ls-files --stage -- /home/opc/OCI-Project/.env [5ms]
2024-05-01 21:46:35.685 [info] > git check-ignore -v -z --stdin [4ms]
2024-05-01 21:46:36.197 [info] > git config --get commit.template [14ms]
2024-05-01 21:46:36.200 [info] > git for-each-ref --format=%(refname)%00%(upstream:short)%00%(objectname)%00%(upstream:track)%00%(upstream:remotename)%00%(upstream:remoteref) refs/heads/main refs/remotes/main [4ms]
2024-05-01 21:46:36.228 [info] > git status -z -uall [15ms]
2024-05-01 21:46:58.546 [info] > git show --textconv :server/db.js [20ms]
2024-05-01 21:46:58.548 [info] > git ls-files --stage -- /home/opc/OCI-Project/server/db.js [6ms]
2024-05-01 21:46:59.337 [info] > git config --get commit.template [16ms]
2024-05-01 21:46:59.340 [info] > git for-each-ref --format=%(refname)%00%(upstream:short)%00%(objectname)%00%(upstream:track)%00%(upstream:remotename)%00%(upstream:remoteref) refs/heads/main refs/remotes/main [5ms]
2024-05-01 21:46:59.366 [info] > git status -z -uall [15ms]
2024-05-01 21:47:04.238 [info] > git show --textconv :gitignore [13ms]
2024-05-01 21:47:04.242 [info] > git ls-files --stage -- /home/opc/OCI-Project/gitignore [5ms]
2024-05-01 21:47:04.358 [info] > git check-ignore -v -z --stdin [6ms]
2024-05-01 21:47:04.875 [info] > git config --get commit.template [18ms]
2024-05-01 21:47:04.878 [info] > git for-each-ref --format=%(refname)%00%(upstream:short)%00%(objectname)%00%(upstream:track)%00%(upstream:remotename)%00%(upstream:remoteref) refs/heads/main refs/remotes/main [5ms]
2024-05-01 21:47:04.904 [info] > git status -z -uall [12ms]
2024-05-01 21:47:16.322 [info] > git show --textconv :.gitignore [15ms]
2024-05-01 21:47:16.326 [info] > git ls-files --stage -- /home/opc/OCI-Project/.gitignore [6ms]
2024-05-01 21:47:16.477 [info] > git check-ignore -v -z --stdin [3ms]
2024-05-01 21:47:16.987 [info] > git config --get commit.template [12ms]
2024-05-01 21:47:16.990 [info] > git for-each-ref --format=%(refname)%00%(upstream:short)%00%(objectname)%00%(upstream:track)%00%(upstream:remotename)%00%(upstream:remoteref) refs/heads/main refs/remotes/main [4ms]
2024-05-01 21:47:17.009 [info] > git status -z -uall [10ms]
2024-05-01 21:47:32.149 [info] > git check-ignore -v -z --stdin [4ms]
2024-05-01 21:47:32.512 [info] > git config --get commit.template [16ms]
2024-05-01 21:47:32.515 [info] > git for-each-ref --format=%(refname)%00%(upstream:short)%00%(objectname)%00%(upstream:track)%00%(upstream:remotename)%00%(upstream:remoteref) refs/heads/main refs/remotes/main [4ms]
2024-05-01 21:47:32.542 [info] > git status -z -uall [11ms]
2024-05-01 21:47:53.514 [info] > git check-ignore -v -z --stdin [4ms]
2024-05-01 21:47:53.906 [info] > git config --get commit.template [14ms]
2024-05-01 21:47:53.909 [info] > git for-each-ref --format=%(refname)%00%(upstream:short)%00%(objectname)%00%(upstream:track)%00%(upstream:remotename)%00%(upstream:remoteref) refs/heads/main refs/remotes/main [5ms]
2024-05-01 21:47:53.935 [info] > git status -z -uall [16ms]
2024-05-01 21:48:02.236 [info] > git config --get commit.template [11ms]
2024-05-01 21:48:02.238 [info] > git for-each-ref --format=%(refname)%00%(upstream:short)%00%(objectname)%00%(upstream:track)%00%(upstream:remotename)%00%(upstream:remoteref) refs/heads/main refs/remotes/main [3ms]
2024-05-01 21:48:02.266 [info] > git status -z -uall [15ms]
2024-05-01 21:48:02.966 [info] > git ls-files --stage -- /home/opc/OCI-Project/.gitignore [570ms]
2024-05-01 21:48:02.992 [info] > git cat-file -s c966d7d1c8fdecea809e55782e5a52c6c9433c9b [13ms]
2024-05-01 21:48:03.253 [info] > git show --textconv :.gitignore [5ms]
2024-05-01 21:48:37.680 [info] > git config --get commit.template [13ms]
2024-05-01 21:48:37.682 [info] > git for-each-ref --format=%(refname)%00%(upstream:short)%00%(objectname)%00%(upstream:track)%00%(upstream:remotename)%00%(upstream:remoteref) refs/heads/main refs/remotes/main [5ms]
2024-05-01 21:48:37.703 [info] > git status -z -uall [11ms]
2024-05-01 21:48:37.738 [info] > git merge-base refs/heads/main refs/remotes/origin/main [21ms]
2024-05-01 21:48:37.756 [info] > git rev-list --count --left-right refs/heads/main...refs/remotes/origin/main [5ms]
2024-05-01 21:48:37.768 [info] > git diff --name-status -z --diff-filter=ADMR 272f6775ea9e4855feae38b4ab7041c87854fa4e...refs/remotes/origin/main [4ms]
2024-05-01 21:48:37.849 [info] > git ls-files --stage -- /home/opc/OCI-Project/.gitignore [6ms]
2024-05-01 21:48:37.866 [info] > git cat-file -s c966d7d1c8fdecea809e55782e5a52c6c9433c9b [4ms]
2024-05-01 21:48:37.931 [info] > git show --textconv :.gitignore [4ms]
2024-05-01 21:48:45.733 [info] > git config --get commit.template [18ms]
2024-05-01 21:48:45.736 [info] > git for-each-ref --format=%(refname)%00%(upstream:short)%00%(objectname)%00%(upstream:track)%00%(upstream:remotename)%00%(upstream:remoteref) refs/heads/main refs/remotes/main [8ms]
2024-05-01 21:48:45.760 [info] > git status -z -uall [13ms]
2024-05-01 21:48:45.781 [info] > git merge-base refs/heads/main refs/remotes/origin/main [8ms]
2024-05-01 21:48:45.800 [info] > git rev-list --count --left-right refs/heads/main...refs/remotes/origin/main [7ms]
2024-05-01 21:48:45.814 [info] > git diff --name-status -z --diff-filter=ADMR 31e8ea585b56ed255c3f581d914d2831061d19be...refs/remotes/origin/main [3ms]
2024-05-01 21:48:45.874 [info] > git ls-files --stage -- /home/opc/OCI-Project/.gitignore [5ms]
2024-05-01 21:48:45.889 [info] > git cat-file -s c966d7d1c8fdecea809e55782e5a52c6c9433c9b [2ms]
2024-05-01 21:48:45.958 [info] > git show --textconv :.gitignore [4ms]
2024-05-01 21:54:08.326 [info] > git show --textconv :server/db.js [19ms]
2024-05-01 21:54:08.331 [info] > git ls-files --stage -- /home/opc/OCI-Project/server/db.js [7ms]
2024-05-01 21:54:24.142 [info] > git show --textconv :server/app.js [36ms]
2024-05-01 21:54:24.149 [info] > git ls-files --stage -- /home/opc/OCI-Project/server/app.js [12ms]
2024-05-01 21:54:24.182 [info] > git cat-file -s c715ec63680c5a81bf2cd1a3bb4f7ae5ee724fb7 [10ms]
2024-05-01 21:57:51.558 [info] > git config --get commit.template [31ms]
2024-05-01 21:57:51.572 [info] > git for-each-ref --format=%(refname)%00%(upstream:short)%00%(objectname)%00%(upstream:track)%00%(upstream:remotename)%00%(upstream:remoteref) refs/heads/main refs/remotes/main [17ms]
2024-05-01 21:57:51.606 [info] > git status -z -uall [22ms]
2024-05-01 21:58:21.661 [info] > git config --get commit.template [14ms]
2024-05-01 21:58:21.664 [info] > git for-each-ref --format=%(refname)%00%(upstream:short)%00%(objectname)%00%(upstream:track)%00%(upstream:remotename)%00%(upstream:remoteref) refs/heads/main refs/remotes/main [4ms]
2024-05-01 21:58:21.685 [info] > git status -z -uall [11ms]
2024-05-01 21:58:35.667 [info] > git config --get commit.template [1ms]
2024-05-01 21:58:35.681 [info] > git for-each-ref --format=%(refname)%00%(upstream:short)%00%(objectname)%00%(upstream:track)%00%(upstream:remotename)%00%(upstream:remoteref) refs/heads/main refs/remotes/main [3ms]
2024-05-01 21:58:35.701 [info] > git status -z -uall [11ms]
2024-05-01 21:59:00.499 [info] > git show --textconv :server/schema.SQL [13ms]
2024-05-01 21:59:00.503 [info] > git ls-files --stage -- /home/opc/OCI-Project/server/schema.SQL [5ms]
2024-05-01 21:59:00.515 [info] > git cat-file -s 73575d29cc657af56689df9d9008421250c06f02 [3ms]
2024-05-01 21:59:03.726 [info] > git show --textconv :server/app.js [12ms]
2024-05-01 21:59:03.733 [info] > git ls-files --stage -- /home/opc/OCI-Project/server/app.js [8ms]
2024-05-01 21:59:03.750 [info] > git cat-file -s c715ec63680c5a81bf2cd1a3bb4f7ae5ee724fb7 [6ms]
2024-05-01 21:59:11.134 [info] > git config --get commit.template [13ms]
2024-05-01 21:59:11.137 [info] > git for-each-ref --format=%(refname)%00%(upstream:short)%00%(objectname)%00%(upstream:track)%00%(upstream:remotename)%00%(upstream:remoteref) refs/heads/main refs/remotes/main [4ms]
2024-05-01 21:59:11.159 [info] > git status -z -uall [11ms]
2024-05-01 21:59:32.960 [info] > git config --get commit.template [10ms]
2024-05-01 21:59:32.963 [info] > git for-each-ref --format=%(refname)%00%(upstream:short)%00%(objectname)%00%(upstream:track)%00%(upstream:remotename)%00%(upstream:remoteref) refs/heads/main refs/remotes/main [3ms]
2024-05-01 21:59:32.981 [info] > git status -z -uall [10ms]
2024-05-01 21:59:40.793 [info] > git config --get commit.template [14ms]
2024-05-01 21:59:40.796 [info] > git for-each-ref --format=%(refname)%00%(upstream:short)%00%(objectname)%00%(upstream:track)%00%(upstream:remotename)%00%(upstream:remoteref) refs/heads/main refs/remotes/main [5ms]
2024-05-01 21:59:40.818 [info] > git status -z -uall [11ms]
2024-05-01 22:02:32.247 [info] > git show --textconv :server/app.js [51ms]
2024-05-01 22:02:32.250 [info] > git ls-files --stage -- /home/opc/OCI-Project/server/app.js [19ms]
2024-05-01 22:02:32.272 [info] > git cat-file -s c715ec63680c5a81bf2cd1a3bb4f7ae5ee724fb7 [5ms]
2024-05-01 22:02:48.217 [info] > git config --get commit.template [18ms]
2024-05-01 22:02:48.221 [info] > git for-each-ref --format=%(refname)%00%(upstream:short)%00%(objectname)%00%(upstream:track)%00%(upstream:remotename)%00%(upstream:remoteref) refs/heads/main refs/remotes/main [6ms]
2024-05-01 22:02:48.249 [info] > git status -z -uall [13ms]
2024-05-01 22:03:30.509 [info] > git config --get commit.template [15ms]
2024-05-01 22:03:30.511 [info] > git for-each-ref --format=%(refname)%00%(upstream:short)%00%(objectname)%00%(upstream:track)%00%(upstream:remotename)%00%(upstream:remoteref) refs/heads/main refs/remotes/main [4ms]
2024-05-01 22:03:30.534 [info] > git status -z -uall [11ms]
2024-05-01 22:03:36.432 [info] > git config --get commit.template [15ms]
2024-05-01 22:03:36.434 [info] > git for-each-ref --format=%(refname)%00%(upstream:short)%00%(objectname)%00%(upstream:track)%00%(upstream:remotename)%00%(upstream:remoteref) refs/heads/main refs/remotes/main [3ms]
2024-05-01 22:03:36.456 [info] > git status -z -uall [11ms]
2024-05-01 22:04:01.266 [info] > git config --get commit.template [18ms]
2024-05-01 22:04:01.269 [info] > git for-each-ref --format=%(refname)%00%(upstream:short)%00%(objectname)%00%(upstream:track)%00%(upstream:remotename)%00%(upstream:remoteref) refs/heads/main refs/remotes/main [5ms]
2024-05-01 22:04:01.295 [info] > git status -z -uall [12ms]
2024-05-01 22:04:25.838 [info] > git config --get commit.template [15ms]
2024-05-01 22:04:25.841 [info] > git for-each-ref --format=%(refname)%00%(upstream:short)%00%(objectname)%00%(upstream:track)%00%(upstream:remotename)%00%(upstream:remoteref) refs/heads/main refs/remotes/main [5ms]
2024-05-01 22:04:25.866 [info] > git status -z -uall [11ms]
2024-05-01 22:04:42.883 [info] > git show --textconv :server/db.js [17ms]
2024-05-01 22:04:42.887 [info] > git ls-files --stage -- /home/opc/OCI-Project/server/db.js [6ms]
2024-05-01 22:04:56.281 [info] > git config --get commit.template [17ms]
2024-05-01 22:04:56.288 [info] > git for-each-ref --format=%(refname)%00%(upstream:short)%00%(objectname)%00%(upstream:track)%00%(upstream:remotename)%00%(upstream:remoteref) refs/heads/main refs/remotes/main [10ms]
2024-05-01 22:04:56.313 [info] > git status -z -uall [11ms]
2024-05-01 22:04:56.851 [info] > git show --textconv :server/app.js [18ms]
2024-05-01 22:04:56.855 [info] > git ls-files --stage -- /home/opc/OCI-Project/server/app.js [4ms]
2024-05-01 22:04:56.879 [info] > git cat-file -s c715ec63680c5a81bf2cd1a3bb4f7ae5ee724fb7 [11ms]
2024-05-01 22:05:13.539 [info] > git config --get commit.template [16ms]
2024-05-01 22:05:13.542 [info] > git for-each-ref --format=%(refname)%00%(upstream:short)%00%(objectname)%00%(upstream:track)%00%(upstream:remotename)%00%(upstream:remoteref) refs/heads/main refs/remotes/main [6ms]
2024-05-01 22:05:13.565 [info] > git status -z -uall [10ms]
2024-05-01 22:05:59.171 [info] > git config --get commit.template [14ms]
2024-05-01 22:05:59.174 [info] > git for-each-ref --format=%(refname)%00%(upstream:short)%00%(objectname)%00%(upstream:track)%00%(upstream:remotename)%00%(upstream:remoteref) refs/heads/main refs/remotes/main [5ms]
2024-05-01 22:05:59.199 [info] > git status -z -uall [12ms]
2024-05-01 22:07:09.729 [info] > git config --get commit.template [18ms]
2024-05-01 22:07:09.732 [info] > git for-each-ref --format=%(refname)%00%(upstream:short)%00%(objectname)%00%(upstream:track)%00%(upstream:remotename)%00%(upstream:remoteref) refs/heads/main refs/remotes/main [5ms]
2024-05-01 22:07:09.757 [info] > git status -z -uall [11ms]
2024-05-01 22:07:32.421 [info] > git config --get commit.template [16ms]
2024-05-01 22:07:32.425 [info] > git for-each-ref --format=%(refname)%00%(upstream:short)%00%(objectname)%00%(upstream:track)%00%(upstream:remotename)%00%(upstream:remoteref) refs/heads/main refs/remotes/main [5ms]
2024-05-01 22:07:32.449 [info] > git status -z -uall [11ms]
2024-05-01 22:08:27.065 [info] > git config --get commit.template [22ms]
2024-05-01 22:08:27.072 [info] > git for-each-ref --format=%(refname)%00%(upstream:short)%00%(objectname)%00%(upstream:track)%00%(upstream:remotename)%00%(upstream:remoteref) refs/heads/main refs/remotes/main [9ms]
2024-05-01 22:08:27.100 [info] > git status -z -uall [14ms]
2024-05-01 22:08:36.981 [info] > git config --get commit.template [18ms]
2024-05-01 22:08:36.984 [info] > git for-each-ref --format=%(refname)%00%(upstream:short)%00%(objectname)%00%(upstream:track)%00%(upstream:remotename)%00%(upstream:remoteref) refs/heads/main refs/remotes/main [4ms]
2024-05-01 22:08:37.012 [info] > git status -z -uall [13ms]
2024-05-01 22:11:30.476 [info] > git config --get commit.template [22ms]
2024-05-01 22:11:30.480 [info] > git for-each-ref --format=%(refname)%00%(upstream:short)%00%(objectname)%00%(upstream:track)%00%(upstream:remotename)%00%(upstream:remoteref) refs/heads/main refs/remotes/main [6ms]
2024-05-01 22:11:30.508 [info] > git status -z -uall [13ms]
2024-05-01 22:14:27.361 [info] > git show --textconv :server/server.js [47ms]
2024-05-01 22:14:27.373 [info] > git ls-files --stage -- /home/opc/OCI-Project/server/server.js [20ms]
2024-05-01 22:14:27.396 [info] > git cat-file -s b852ab1b0cafdb5bd6d6dc375828daa7fe338d68 [4ms]
2024-05-01 22:14:33.062 [info] > git config --get commit.template [18ms]
2024-05-01 22:14:33.065 [info] > git for-each-ref --format=%(refname)%00%(upstream:short)%00%(objectname)%00%(upstream:track)%00%(upstream:remotename)%00%(upstream:remoteref) refs/heads/main refs/remotes/main [4ms]
2024-05-01 22:14:33.093 [info] > git status -z -uall [12ms]
2024-05-01 22:14:59.738 [info] > git show --textconv :server/server.js [26ms]
2024-05-01 22:14:59.742 [info] > git ls-files --stage -- /home/opc/OCI-Project/server/server.js [8ms]
2024-05-01 22:14:59.762 [info] > git cat-file -s b852ab1b0cafdb5bd6d6dc375828daa7fe338d68 [3ms]
2024-05-01 22:15:05.426 [info] > git config --get commit.template [18ms]
2024-05-01 22:15:05.429 [info] > git for-each-ref --format=%(refname)%00%(upstream:short)%00%(objectname)%00%(upstream:track)%00%(upstream:remotename)%00%(upstream:remoteref) refs/heads/main refs/remotes/main [5ms]
2024-05-01 22:15:05.454 [info] > git status -z -uall [11ms]
2024-05-01 22:16:06.227 [info] > git show --textconv :server/server.js [31ms]
2024-05-01 22:16:06.232 [info] > git ls-files --stage -- /home/opc/OCI-Project/server/server.js [11ms]
2024-05-01 22:16:06.251 [info] > git cat-file -s b852ab1b0cafdb5bd6d6dc375828daa7fe338d68 [3ms]
2024-05-01 22:16:10.262 [info] > git config --get commit.template [22ms]
2024-05-01 22:16:10.266 [info] > git for-each-ref --format=%(refname)%00%(upstream:short)%00%(objectname)%00%(upstream:track)%00%(upstream:remotename)%00%(upstream:remoteref) refs/heads/main refs/remotes/main [6ms]
2024-05-01 22:16:10.298 [info] > git status -z -uall [14ms]
2024-05-01 22:17:16.440 [info] > git show --textconv :server/db.js [32ms]
2024-05-01 22:17:16.447 [info] > git ls-files --stage -- /home/opc/OCI-Project/server/db.js [14ms]
2024-05-01 22:17:20.468 [info] > git show --textconv :server/server.js [24ms]
2024-05-01 22:17:20.475 [info] > git ls-files --stage -- /home/opc/OCI-Project/server/server.js [9ms]
2024-05-01 22:17:20.500 [info] > git cat-file -s b852ab1b0cafdb5bd6d6dc375828daa7fe338d68 [7ms]
2024-05-01 22:17:25.448 [info] > git show --textconv :server/ca-cert.crt [39ms]
2024-05-01 22:17:25.457 [info] > git ls-files --stage -- /home/opc/OCI-Project/server/ca-cert.crt [32ms]
2024-05-01 22:17:28.356 [info] > git show --textconv :.gitignore [21ms]
2024-05-01 22:17:28.360 [info] > git ls-files --stage -- /home/opc/OCI-Project/.gitignore [6ms]
2024-05-01 22:17:28.381 [info] > git cat-file -s c966d7d1c8fdecea809e55782e5a52c6c9433c9b [2ms]
2024-05-01 22:17:28.446 [info] > git config --get commit.template [22ms]
2024-05-01 22:17:28.450 [info] > git for-each-ref --format=%(refname)%00%(upstream:short)%00%(objectname)%00%(upstream:track)%00%(upstream:remotename)%00%(upstream:remoteref) refs/heads/main refs/remotes/main [6ms]
2024-05-01 22:17:28.481 [info] > git status -z -uall [13ms]
2024-05-01 22:17:30.225 [info] > git show --textconv :public/index.html [48ms]
2024-05-01 22:17:30.234 [info] > git ls-files --stage -- /home/opc/OCI-Project/public/index.html [16ms]
2024-05-01 22:17:30.277 [info] > git cat-file -s 643cac612e99b74fb5abce2ed500d14f35d0780c [8ms]
2024-05-01 22:17:34.365 [info] > git show --textconv :server/schema.SQL [25ms]
2024-05-01 22:17:34.369 [info] > git ls-files --stage -- /home/opc/OCI-Project/server/schema.SQL [6ms]
2024-05-01 22:17:34.390 [info] > git cat-file -s 73575d29cc657af56689df9d9008421250c06f02 [3ms]
2024-05-01 22:17:35.784 [info] > git show --textconv :server/app.js [26ms]
2024-05-01 22:17:35.791 [info] > git ls-files --stage -- /home/opc/OCI-Project/server/app.js [11ms]
2024-05-01 22:17:35.833 [info] > git cat-file -s c715ec63680c5a81bf2cd1a3bb4f7ae5ee724fb7 [24ms]
2024-05-01 22:19:39.078 [info] > git config --get commit.template [19ms]
2024-05-01 22:19:39.082 [info] > git for-each-ref --format=%(refname)%00%(upstream:short)%00%(objectname)%00%(upstream:track)%00%(upstream:remotename)%00%(upstream:remoteref) refs/heads/main refs/remotes/main [6ms]
2024-05-01 22:19:39.108 [info] > git status -z -uall [12ms]
2024-05-01 22:19:49.783 [info] > git config --get commit.template [20ms]
2024-05-01 22:19:49.786 [info] > git for-each-ref --format=%(refname)%00%(upstream:short)%00%(objectname)%00%(upstream:track)%00%(upstream:remotename)%00%(upstream:remoteref) refs/heads/main refs/remotes/main [6ms]
2024-05-01 22:19:49.814 [info] > git status -z -uall [12ms]
2024-05-01 22:19:55.744 [info] > git show --textconv :server/app.js [18ms]
2024-05-01 22:19:55.753 [info] > git ls-files --stage -- /home/opc/OCI-Project/server/app.js [10ms]
2024-05-01 22:19:55.772 [info] > git cat-file -s c715ec63680c5a81bf2cd1a3bb4f7ae5ee724fb7 [3ms]
2024-05-01 22:21:05.360 [info] > git show --textconv :server/app.js [19ms]
2024-05-01 22:21:05.364 [info] > git ls-files --stage -- /home/opc/OCI-Project/server/app.js [5ms]
2024-05-01 22:21:05.387 [info] > git cat-file -s c715ec63680c5a81bf2cd1a3bb4f7ae5ee724fb7 [9ms]
2024-05-01 22:21:18.458 [info] > git config --get commit.template [20ms]
2024-05-01 22:21:18.461 [info] > git for-each-ref --format=%(refname)%00%(upstream:short)%00%(objectname)%00%(upstream:track)%00%(upstream:remotename)%00%(upstream:remoteref) refs/heads/main refs/remotes/main [4ms]
2024-05-01 22:21:18.490 [info] > git status -z -uall [13ms]
2024-05-01 22:22:30.020 [info] > git config --get commit.template [24ms]
2024-05-01 22:22:30.027 [info] > git for-each-ref --format=%(refname)%00%(upstream:short)%00%(objectname)%00%(upstream:track)%00%(upstream:remotename)%00%(upstream:remoteref) refs/heads/main refs/remotes/main [8ms]
2024-05-01 22:22:30.062 [info] > git status -z -uall [19ms]
2024-05-01 22:22:34.719 [info] > git show --textconv :server/app.js [41ms]
2024-05-01 22:22:34.722 [info] > git ls-files --stage -- /home/opc/OCI-Project/server/app.js [24ms]
2024-05-01 22:22:34.745 [info] > git cat-file -s c715ec63680c5a81bf2cd1a3bb4f7ae5ee724fb7 [6ms]
2024-05-01 22:23:18.714 [info] > git config --get commit.template [15ms]
2024-05-01 22:23:18.717 [info] > git for-each-ref --format=%(refname)%00%(upstream:short)%00%(objectname)%00%(upstream:track)%00%(upstream:remotename)%00%(upstream:remoteref) refs/heads/main refs/remotes/main [4ms]
2024-05-01 22:23:18.740 [info] > git status -z -uall [12ms]
2024-05-01 22:23:30.065 [info] > git show --textconv :server/app.js [21ms]
2024-05-01 22:23:30.076 [info] > git ls-files --stage -- /home/opc/OCI-Project/server/app.js [17ms]
2024-05-01 22:23:30.117 [info] > git cat-file -s c715ec63680c5a81bf2cd1a3bb4f7ae5ee724fb7 [15ms]
2024-05-01 22:23:34.675 [info] > git config --get commit.template [20ms]
2024-05-01 22:23:34.678 [info] > git for-each-ref --format=%(refname)%00%(upstream:short)%00%(objectname)%00%(upstream:track)%00%(upstream:remotename)%00%(upstream:remoteref) refs/heads/main refs/remotes/main [4ms]
2024-05-01 22:23:34.708 [info] > git status -z -uall [13ms]
2024-05-01 22:23:47.784 [info] > git show --textconv :server/app.js [24ms]
2024-05-01 22:23:47.789 [info] > git ls-files --stage -- /home/opc/OCI-Project/server/app.js [9ms]
2024-05-01 22:23:47.815 [info] > git cat-file -s c715ec63680c5a81bf2cd1a3bb4f7ae5ee724fb7 [8ms]
2024-05-01 22:24:49.602 [info] > git show --textconv :server/db.js [30ms]
2024-05-01 22:24:49.611 [info] > git ls-files --stage -- /home/opc/OCI-Project/server/db.js [11ms]
2024-05-01 22:24:57.855 [info] > git show --textconv :server/app.js [20ms]
2024-05-01 22:24:57.859 [info] > git ls-files --stage -- /home/opc/OCI-Project/server/app.js [5ms]
2024-05-01 22:24:57.880 [info] > git cat-file -s c715ec63680c5a81bf2cd1a3bb4f7ae5ee724fb7 [7ms]
2024-05-01 22:25:08.628 [info] > git config --get commit.template [20ms]
2024-05-01 22:25:08.632 [info] > git for-each-ref --format=%(refname)%00%(upstream:short)%00%(objectname)%00%(upstream:track)%00%(upstream:remotename)%00%(upstream:remoteref) refs/heads/main refs/remotes/main [4ms]
2024-05-01 22:25:08.664 [info] > git status -z -uall [13ms]
2024-05-01 22:25:28.673 [info] > git config --get commit.template [21ms]
2024-05-01 22:25:28.676 [info] > git for-each-ref --format=%(refname)%00%(upstream:short)%00%(objectname)%00%(upstream:track)%00%(upstream:remotename)%00%(upstream:remoteref) refs/heads/main refs/remotes/main [4ms]
2024-05-01 22:25:28.706 [info] > git status -z -uall [13ms]
2024-05-01 22:26:00.517 [info] > git config --get commit.template [18ms]
2024-05-01 22:26:00.520 [info] > git for-each-ref --format=%(refname)%00%(upstream:short)%00%(objectname)%00%(upstream:track)%00%(upstream:remotename)%00%(upstream:remoteref) refs/heads/main refs/remotes/main [4ms]
2024-05-01 22:26:00.550 [info] > git status -z -uall [12ms]
2024-05-01 22:26:15.083 [info] > git show --textconv :server/db.js [22ms]
2024-05-01 22:26:15.088 [info] > git ls-files --stage -- /home/opc/OCI-Project/server/db.js [6ms]
2024-05-01 22:26:27.954 [info] > git show --textconv :server/app.js [29ms]
2024-05-01 22:26:27.964 [info] > git ls-files --stage -- /home/opc/OCI-Project/server/app.js [16ms]
2024-05-01 22:26:28.001 [info] > git cat-file -s c715ec63680c5a81bf2cd1a3bb4f7ae5ee724fb7 [16ms]
2024-05-01 22:27:08.845 [info] > git config --get commit.template [16ms]
2024-05-01 22:27:08.847 [info] > git for-each-ref --format=%(refname)%00%(upstream:short)%00%(objectname)%00%(upstream:track)%00%(upstream:remotename)%00%(upstream:remoteref) refs/heads/main refs/remotes/main [4ms]
2024-05-01 22:27:08.877 [info] > git status -z -uall [11ms]
2024-05-01 22:27:26.633 [info] > git show --textconv :server/app.js [31ms]
2024-05-01 22:27:26.638 [info] > git ls-files --stage -- /home/opc/OCI-Project/server/app.js [14ms]
2024-05-01 22:27:26.667 [info] > git cat-file -s c715ec63680c5a81bf2cd1a3bb4f7ae5ee724fb7 [10ms]
2024-05-01 22:28:42.443 [info] > git config --get commit.template [54ms]
2024-05-01 22:28:42.450 [info] > git for-each-ref --format=%(refname)%00%(upstream:short)%00%(objectname)%00%(upstream:track)%00%(upstream:remotename)%00%(upstream:remoteref) refs/heads/main refs/remotes/main [17ms]
2024-05-01 22:28:42.487 [info] > git status -z -uall [12ms]
2024-05-01 22:29:02.193 [info] > git config --get commit.template [18ms]
2024-05-01 22:29:02.197 [info] > git for-each-ref --format=%(refname)%00%(upstream:short)%00%(objectname)%00%(upstream:track)%00%(upstream:remotename)%00%(upstream:remoteref) refs/heads/main refs/remotes/main [5ms]
2024-05-01 22:29:02.221 [info] > git status -z -uall [11ms]
2024-05-01 22:29:22.062 [info] > git config --get commit.template [26ms]
2024-05-01 22:29:22.067 [info] > git for-each-ref --format=%(refname)%00%(upstream:short)%00%(objectname)%00%(upstream:track)%00%(upstream:remotename)%00%(upstream:remoteref) refs/heads/main refs/remotes/main [6ms]
2024-05-01 22:29:22.099 [info] > git status -z -uall [15ms]
2024-05-01 22:29:31.741 [info] > git show --textconv :server/db.js [16ms]
2024-05-01 22:29:31.754 [info] > git ls-files --stage -- /home/opc/OCI-Project/server/db.js [10ms]
2024-05-01 22:29:38.649 [info] > git show --textconv :server/db.js [21ms]
2024-05-01 22:29:38.654 [info] > git ls-files --stage -- /home/opc/OCI-Project/server/db.js [7ms]
2024-05-01 22:31:41.911 [info] > git config --get commit.template [26ms]
2024-05-01 22:31:41.916 [info] > git for-each-ref --format=%(refname)%00%(upstream:short)%00%(objectname)%00%(upstream:track)%00%(upstream:remotename)%00%(upstream:remoteref) refs/heads/main refs/remotes/main [7ms]
2024-05-01 22:31:41.948 [info] > git status -z -uall [14ms]
2024-05-01 22:32:15.442 [info] > git config --get commit.template [20ms]
2024-05-01 22:32:15.445 [info] > git for-each-ref --format=%(refname)%00%(upstream:short)%00%(objectname)%00%(upstream:track)%00%(upstream:remotename)%00%(upstream:remoteref) refs/heads/main refs/remotes/main [4ms]
2024-05-01 22:32:15.474 [info] > git status -z -uall [12ms]
2024-05-01 22:32:31.262 [info] > git config --get commit.template [20ms]
2024-05-01 22:32:31.265 [info] > git for-each-ref --format=%(refname)%00%(upstream:short)%00%(objectname)%00%(upstream:track)%00%(upstream:remotename)%00%(upstream:remoteref) refs/heads/main refs/remotes/main [4ms]
2024-05-01 22:32:31.293 [info] > git status -z -uall [12ms]
2024-05-01 22:33:00.645 [info] > git show --textconv :server/db.js [27ms]
2024-05-01 22:33:00.652 [info] > git ls-files --stage -- /home/opc/OCI-Project/server/db.js [14ms]
2024-05-01 22:33:03.446 [info] > git show --textconv :server/app.js [20ms]
2024-05-01 22:33:03.458 [info] > git ls-files --stage -- /home/opc/OCI-Project/server/app.js [14ms]
2024-05-01 22:33:03.507 [info] > git cat-file -s c715ec63680c5a81bf2cd1a3bb4f7ae5ee724fb7 [14ms]
2024-05-01 22:33:16.637 [info] > git config --get commit.template [23ms]
2024-05-01 22:33:16.640 [info] > git for-each-ref --format=%(refname)%00%(upstream:short)%00%(objectname)%00%(upstream:track)%00%(upstream:remotename)%00%(upstream:remoteref) refs/heads/main refs/remotes/main [5ms]
2024-05-01 22:33:16.675 [info] > git status -z -uall [16ms]
2024-05-01 22:34:16.902 [info] > git config --get commit.template [26ms]
2024-05-01 22:34:16.905 [info] > git for-each-ref --format=%(refname)%00%(upstream:short)%00%(objectname)%00%(upstream:track)%00%(upstream:remotename)%00%(upstream:remoteref) refs/heads/main refs/remotes/main [5ms]
2024-05-01 22:34:16.940 [info] > git status -z -uall [15ms]
2024-05-01 22:34:43.256 [info] > git config --get commit.template [20ms]
2024-05-01 22:34:43.260 [info] > git for-each-ref --format=%(refname)%00%(upstream:short)%00%(objectname)%00%(upstream:track)%00%(upstream:remotename)%00%(upstream:remoteref) refs/heads/main refs/remotes/main [6ms]
2024-05-01 22:34:43.286 [info] > git status -z -uall [12ms]
2024-05-01 22:35:04.104 [info] > git config --get commit.template [21ms]
2024-05-01 22:35:04.112 [info] > git for-each-ref --format=%(refname)%00%(upstream:short)%00%(objectname)%00%(upstream:track)%00%(upstream:remotename)%00%(upstream:remoteref) refs/heads/main refs/remotes/main [10ms]
2024-05-01 22:35:04.142 [info] > git status -z -uall [15ms]
2024-05-01 22:35:29.208 [info] > git show --textconv :server/db.js [21ms]
2024-05-01 22:35:29.213 [info] > git ls-files --stage -- /home/opc/OCI-Project/server/db.js [6ms]
2024-05-01 22:35:43.813 [info] > git config --get commit.template [26ms]
2024-05-01 22:35:43.818 [info] > git for-each-ref --format=%(refname)%00%(upstream:short)%00%(objectname)%00%(upstream:track)%00%(upstream:remotename)%00%(upstream:remoteref) refs/heads/main refs/remotes/main [8ms]
2024-05-01 22:35:43.852 [info] > git status -z -uall [14ms]
2024-05-01 22:35:52.852 [info] > git config --get commit.template [20ms]
2024-05-01 22:35:52.855 [info] > git for-each-ref --format=%(refname)%00%(upstream:short)%00%(objectname)%00%(upstream:track)%00%(upstream:remotename)%00%(upstream:remoteref) refs/heads/main refs/remotes/main [4ms]
2024-05-01 22:35:52.884 [info] > git status -z -uall [12ms]
2024-05-01 22:36:10.117 [info] > git show --textconv :server/app.js [20ms]
2024-05-01 22:36:10.130 [info] > git ls-files --stage -- /home/opc/OCI-Project/server/app.js [16ms]
2024-05-01 22:36:10.149 [info] > git cat-file -s c715ec63680c5a81bf2cd1a3bb4f7ae5ee724fb7 [4ms]
2024-05-01 22:36:40.931 [info] > git config --get commit.template [24ms]
2024-05-01 22:36:40.934 [info] > git for-each-ref --format=%(refname)%00%(upstream:short)%00%(objectname)%00%(upstream:track)%00%(upstream:remotename)%00%(upstream:remoteref) refs/heads/main refs/remotes/main [5ms]
2024-05-01 22:36:40.965 [info] > git status -z -uall [14ms]
2024-05-01 22:37:07.556 [info] > git config --get commit.template [20ms]
2024-05-01 22:37:07.560 [info] > git for-each-ref --format=%(refname)%00%(upstream:short)%00%(objectname)%00%(upstream:track)%00%(upstream:remotename)%00%(upstream:remoteref) refs/heads/main refs/remotes/main [5ms]
2024-05-01 22:37:07.588 [info] > git status -z -uall [12ms]
2024-05-01 22:37:56.058 [info] > git config --get commit.template [19ms]
2024-05-01 22:37:56.061 [info] > git for-each-ref --format=%(refname)%00%(upstream:short)%00%(objectname)%00%(upstream:track)%00%(upstream:remotename)%00%(upstream:remoteref) refs/heads/main refs/remotes/main [5ms]
2024-05-01 22:37:56.090 [info] > git status -z -uall [13ms]
2024-05-01 22:38:13.315 [info] > git config --get commit.template [30ms]
2024-05-01 22:38:13.319 [info] > git for-each-ref --format=%(refname)%00%(upstream:short)%00%(objectname)%00%(upstream:track)%00%(upstream:remotename)%00%(upstream:remoteref) refs/heads/main refs/remotes/main [5ms]
2024-05-01 22:38:13.347 [info] > git status -z -uall [12ms]
2024-05-01 22:38:26.123 [info] > git show --textconv :server/db.js [103ms]
2024-05-01 22:38:26.144 [info] > git ls-files --stage -- /home/opc/OCI-Project/server/db.js [29ms]
2024-05-01 22:38:27.377 [info] > git show --textconv :server/app.js [22ms]
2024-05-01 22:38:27.391 [info] > git ls-files --stage -- /home/opc/OCI-Project/server/app.js [14ms]
2024-05-01 22:38:27.416 [info] > git cat-file -s c715ec63680c5a81bf2cd1a3bb4f7ae5ee724fb7 [8ms]
2024-05-01 22:38:39.578 [info] > git config --get commit.template [21ms]
2024-05-01 22:38:39.581 [info] > git for-each-ref --format=%(refname)%00%(upstream:short)%00%(objectname)%00%(upstream:track)%00%(upstream:remotename)%00%(upstream:remoteref) refs/heads/main refs/remotes/main [5ms]
2024-05-01 22:38:39.610 [info] > git status -z -uall [12ms]
2024-05-01 22:38:43.523 [info] > git show --textconv :server/app.js [22ms]
2024-05-01 22:38:43.529 [info] > git ls-files --stage -- /home/opc/OCI-Project/server/app.js [8ms]
2024-05-01 22:38:43.550 [info] > git cat-file -s c715ec63680c5a81bf2cd1a3bb4f7ae5ee724fb7 [4ms]
2024-05-01 22:39:14.329 [info] > git config --get commit.template [18ms]
2024-05-01 22:39:14.332 [info] > git for-each-ref --format=%(refname)%00%(upstream:short)%00%(objectname)%00%(upstream:track)%00%(upstream:remotename)%00%(upstream:remoteref) refs/heads/main refs/remotes/main [4ms]
2024-05-01 22:39:14.362 [info] > git status -z -uall [12ms]
2024-05-01 22:39:21.104 [info] > git show --textconv :server/app.js [26ms]
2024-05-01 22:39:21.109 [info] > git ls-files --stage -- /home/opc/OCI-Project/server/app.js [9ms]
2024-05-01 22:39:21.132 [info] > git cat-file -s c715ec63680c5a81bf2cd1a3bb4f7ae5ee724fb7 [3ms]
2024-05-01 22:39:41.003 [info] > git config --get commit.template [26ms]
2024-05-01 22:39:41.009 [info] > git for-each-ref --format=%(refname)%00%(upstream:short)%00%(objectname)%00%(upstream:track)%00%(upstream:remotename)%00%(upstream:remoteref) refs/heads/main refs/remotes/main [8ms]
2024-05-01 22:39:41.041 [info] > git status -z -uall [14ms]
2024-05-01 22:40:34.413 [info] > git config --get commit.template [26ms]
2024-05-01 22:40:34.418 [info] > git for-each-ref --format=%(refname)%00%(upstream:short)%00%(objectname)%00%(upstream:track)%00%(upstream:remotename)%00%(upstream:remoteref) refs/heads/main refs/remotes/main [8ms]
2024-05-01 22:40:34.450 [info] > git status -z -uall [14ms]
2024-05-01 22:41:10.674 [info] > git check-ignore -v -z --stdin [4ms]
2024-05-01 22:41:11.162 [info] > git config --get commit.template [23ms]
2024-05-01 22:41:11.165 [info] > git for-each-ref --format=%(refname)%00%(upstream:short)%00%(objectname)%00%(upstream:track)%00%(upstream:remotename)%00%(upstream:remoteref) refs/heads/main refs/remotes/main [4ms]
2024-05-01 22:41:11.195 [info] > git status -z -uall [12ms]
2024-05-01 22:41:14.849 [info] > git show --textconv :server/routes/index.js [20ms]
2024-05-01 22:41:14.856 [info] > git ls-files --stage -- /home/opc/OCI-Project/server/routes/index.js [8ms]
2024-05-01 22:41:14.913 [info] > git check-ignore -v -z --stdin [10ms]
2024-05-01 22:41:16.268 [info] > git show --textconv :server/app.js [31ms]
2024-05-01 22:41:16.273 [info] > git config --get commit.template [57ms]
2024-05-01 22:41:16.292 [info] > git ls-files --stage -- /home/opc/OCI-Project/server/app.js [34ms]
2024-05-01 22:41:16.315 [info] > git for-each-ref --format=%(refname)%00%(upstream:short)%00%(objectname)%00%(upstream:track)%00%(upstream:remotename)%00%(upstream:remoteref) refs/heads/main refs/remotes/main [27ms]
2024-05-01 22:41:16.336 [info] > git cat-file -s c715ec63680c5a81bf2cd1a3bb4f7ae5ee724fb7 [23ms]
2024-05-01 22:41:16.351 [info] > git status -z -uall [16ms]
2024-05-01 22:41:22.723 [info] > git show --textconv :server/routes/index.js [22ms]
2024-05-01 22:41:22.728 [info] > git ls-files --stage -- /home/opc/OCI-Project/server/routes/index.js [5ms]
2024-05-01 22:41:26.168 [info] > git config --get commit.template [21ms]
2024-05-01 22:41:26.175 [info] > git for-each-ref --format=%(refname)%00%(upstream:short)%00%(objectname)%00%(upstream:track)%00%(upstream:remotename)%00%(upstream:remoteref) refs/heads/main refs/remotes/main [11ms]
2024-05-01 22:41:26.203 [info] > git status -z -uall [11ms]
2024-05-01 22:41:47.920 [info] > git show --textconv :server/app.js [19ms]
2024-05-01 22:41:47.929 [info] > git ls-files --stage -- /home/opc/OCI-Project/server/app.js [10ms]
2024-05-01 22:41:47.956 [info] > git cat-file -s c715ec63680c5a81bf2cd1a3bb4f7ae5ee724fb7 [11ms]
2024-05-01 22:41:53.425 [info] > git config --get commit.template [26ms]
2024-05-01 22:41:53.428 [info] > git for-each-ref --format=%(refname)%00%(upstream:short)%00%(objectname)%00%(upstream:track)%00%(upstream:remotename)%00%(upstream:remoteref) refs/heads/main refs/remotes/main [4ms]
2024-05-01 22:41:53.455 [info] > git status -z -uall [12ms]
2024-05-01 22:42:11.665 [info] > git config --get commit.template [18ms]
2024-05-01 22:42:11.668 [info] > git for-each-ref --format=%(refname)%00%(upstream:short)%00%(objectname)%00%(upstream:track)%00%(upstream:remotename)%00%(upstream:remoteref) refs/heads/main refs/remotes/main [5ms]
2024-05-01 22:42:11.698 [info] > git status -z -uall [15ms]
2024-05-01 22:42:43.480 [info] > git config --get commit.template [24ms]
2024-05-01 22:42:43.485 [info] > git for-each-ref --format=%(refname)%00%(upstream:short)%00%(objectname)%00%(upstream:track)%00%(upstream:remotename)%00%(upstream:remoteref) refs/heads/main refs/remotes/main [10ms]
2024-05-01 22:42:43.510 [info] > git status -z -uall [12ms]
2024-05-01 22:43:35.790 [info] > git show --textconv :server/server.js [32ms]
2024-05-01 22:43:35.797 [info] > git ls-files --stage -- /home/opc/OCI-Project/server/server.js [20ms]
2024-05-01 22:43:35.842 [info] > git cat-file -s b852ab1b0cafdb5bd6d6dc375828daa7fe338d68 [4ms]
2024-05-01 22:43:50.525 [info] > git config --get commit.template [21ms]
2024-05-01 22:43:50.527 [info] > git for-each-ref --format=%(refname)%00%(upstream:short)%00%(objectname)%00%(upstream:track)%00%(upstream:remotename)%00%(upstream:remoteref) refs/heads/main refs/remotes/main [4ms]
2024-05-01 22:43:50.555 [info] > git status -z -uall [11ms]
2024-05-01 22:44:17.674 [info] > git config --get commit.template [20ms]
2024-05-01 22:44:17.677 [info] > git for-each-ref --format=%(refname)%00%(upstream:short)%00%(objectname)%00%(upstream:track)%00%(upstream:remotename)%00%(upstream:remoteref) refs/heads/main refs/remotes/main [4ms]
2024-05-01 22:44:17.713 [info] > git status -z -uall [19ms]
2024-05-01 22:44:57.359 [info] > git config --get commit.template [18ms]
2024-05-01 22:44:57.368 [info] > git for-each-ref --format=%(refname)%00%(upstream:short)%00%(objectname)%00%(upstream:track)%00%(upstream:remotename)%00%(upstream:remoteref) refs/heads/main refs/remotes/main [10ms]
2024-05-01 22:44:57.393 [info] > git status -z -uall [12ms]
2024-05-01 22:45:15.749 [info] > git config --get commit.template [16ms]
2024-05-01 22:45:15.752 [info] > git for-each-ref --format=%(refname)%00%(upstream:short)%00%(objectname)%00%(upstream:track)%00%(upstream:remotename)%00%(upstream:remoteref) refs/heads/main refs/remotes/main [5ms]
2024-05-01 22:45:15.783 [info] > git status -z -uall [13ms]
2024-05-01 22:45:26.064 [info] > git show --textconv :server/app.js [17ms]
2024-05-01 22:45:26.069 [info] > git ls-files --stage -- /home/opc/OCI-Project/server/app.js [6ms]
2024-05-01 22:45:26.090 [info] > git cat-file -s c715ec63680c5a81bf2cd1a3bb4f7ae5ee724fb7 [8ms]
2024-05-01 22:45:38.301 [info] > git show --textconv :server/server.js [18ms]
2024-05-01 22:45:38.305 [info] > git ls-files --stage -- /home/opc/OCI-Project/server/server.js [6ms]
2024-05-01 22:45:38.326 [info] > git cat-file -s b852ab1b0cafdb5bd6d6dc375828daa7fe338d68 [7ms]
2024-05-01 22:45:49.704 [info] > git config --get commit.template [20ms]
2024-05-01 22:45:49.707 [info] > git for-each-ref --format=%(refname)%00%(upstream:short)%00%(objectname)%00%(upstream:track)%00%(upstream:remotename)%00%(upstream:remoteref) refs/heads/main refs/remotes/main [4ms]
2024-05-01 22:45:49.735 [info] > git status -z -uall [12ms]
2024-05-01 22:46:00.163 [info] > git show --textconv :server/app.js [20ms]
2024-05-01 22:46:00.167 [info] > git ls-files --stage -- /home/opc/OCI-Project/server/app.js [6ms]
2024-05-01 22:46:00.189 [info] > git cat-file -s c715ec63680c5a81bf2cd1a3bb4f7ae5ee724fb7 [7ms]
2024-05-01 22:46:24.488 [info] > git config --get commit.template [18ms]
2024-05-01 22:46:24.491 [info] > git for-each-ref --format=%(refname)%00%(upstream:short)%00%(objectname)%00%(upstream:track)%00%(upstream:remotename)%00%(upstream:remoteref) refs/heads/main refs/remotes/main [4ms]
2024-05-01 22:46:24.519 [info] > git status -z -uall [13ms]
2024-05-01 22:46:55.323 [info] > git config --get commit.template [20ms]
2024-05-01 22:46:55.329 [info] > git for-each-ref --format=%(refname)%00%(upstream:short)%00%(objectname)%00%(upstream:track)%00%(upstream:remotename)%00%(upstream:remoteref) refs/heads/main refs/remotes/main [7ms]
2024-05-01 22:46:55.357 [info] > git status -z -uall [14ms]
2024-05-01 22:47:17.271 [info] > git config --get commit.template [22ms]
2024-05-01 22:47:17.276 [info] > git for-each-ref --format=%(refname)%00%(upstream:short)%00%(objectname)%00%(upstream:track)%00%(upstream:remotename)%00%(upstream:remoteref) refs/heads/main refs/remotes/main [7ms]
2024-05-01 22:47:17.307 [info] > git status -z -uall [15ms]
2024-05-01 22:47:31.386 [info] > git config --get commit.template [20ms]
2024-05-01 22:47:31.389 [info] > git for-each-ref --format=%(refname)%00%(upstream:short)%00%(objectname)%00%(upstream:track)%00%(upstream:remotename)%00%(upstream:remoteref) refs/heads/main refs/remotes/main [4ms]
2024-05-01 22:47:31.415 [info] > git status -z -uall [11ms]
2024-05-01 22:47:41.912 [info] > git config --get commit.template [18ms]
2024-05-01 22:47:41.916 [info] > git for-each-ref --format=%(refname)%00%(upstream:short)%00%(objectname)%00%(upstream:track)%00%(upstream:remotename)%00%(upstream:remoteref) refs/heads/main refs/remotes/main [6ms]
2024-05-01 22:47:41.943 [info] > git status -z -uall [12ms]
2024-05-01 22:48:38.166 [info] > git config --get commit.template [19ms]
2024-05-01 22:48:38.169 [info] > git for-each-ref --format=%(refname)%00%(upstream:short)%00%(objectname)%00%(upstream:track)%00%(upstream:remotename)%00%(upstream:remoteref) refs/heads/main refs/remotes/main [3ms]
2024-05-01 22:48:38.194 [info] > git status -z -uall [11ms]
2024-05-01 22:48:47.163 [info] > git show --textconv :server/server.js [21ms]
2024-05-01 22:48:47.181 [info] > git ls-files --stage -- /home/opc/OCI-Project/server/server.js [19ms]
2024-05-01 22:48:47.205 [info] > git cat-file -s b852ab1b0cafdb5bd6d6dc375828daa7fe338d68 [9ms]
2024-05-01 22:49:47.031 [info] > git config --get commit.template [18ms]
2024-05-01 22:49:47.034 [info] > git for-each-ref --format=%(refname)%00%(upstream:short)%00%(objectname)%00%(upstream:track)%00%(upstream:remotename)%00%(upstream:remoteref) refs/heads/main refs/remotes/main [4ms]
2024-05-01 22:49:47.062 [info] > git status -z -uall [12ms]
2024-05-02 00:34:23.943 [info] > git config --get commit.template [26ms]
2024-05-02 00:34:23.951 [info] > git for-each-ref --format=%(refname)%00%(upstream:short)%00%(objectname)%00%(upstream:track)%00%(upstream:remotename)%00%(upstream:remoteref) refs/heads/main refs/remotes/main [12ms]
2024-05-02 00:34:23.982 [info] > git status -z -uall [16ms]
2024-05-02 00:34:30.654 [info] > git show --textconv :server/app.js [22ms]
2024-05-02 00:34:30.664 [info] > git ls-files --stage -- /home/opc/OCI-Project/server/app.js [15ms]
2024-05-02 00:34:30.687 [info] > git cat-file -s c715ec63680c5a81bf2cd1a3bb4f7ae5ee724fb7 [7ms]
2024-05-02 00:34:56.429 [info] > git config --get commit.template [17ms]
2024-05-02 00:34:56.432 [info] > git for-each-ref --format=%(refname)%00%(upstream:short)%00%(objectname)%00%(upstream:track)%00%(upstream:remotename)%00%(upstream:remoteref) refs/heads/main refs/remotes/main [4ms]
2024-05-02 00:34:56.456 [info] > git status -z -uall [10ms]
2024-05-02 00:35:24.291 [info] > git config --get commit.template [15ms]
2024-05-02 00:35:24.293 [info] > git for-each-ref --format=%(refname)%00%(upstream:short)%00%(objectname)%00%(upstream:track)%00%(upstream:remotename)%00%(upstream:remoteref) refs/heads/main refs/remotes/main [4ms]
2024-05-02 00:35:24.318 [info] > git status -z -uall [11ms]
2024-05-02 00:35:35.246 [info] > git show --textconv :server/server.js [19ms]
2024-05-02 00:35:35.250 [info] > git ls-files --stage -- /home/opc/OCI-Project/server/server.js [6ms]
2024-05-02 00:35:35.273 [info] > git cat-file -s b852ab1b0cafdb5bd6d6dc375828daa7fe338d68 [9ms]
2024-05-02 00:36:36.134 [info] > git show --textconv :server/app.js [30ms]
2024-05-02 00:36:36.138 [info] > git ls-files --stage -- /home/opc/OCI-Project/server/app.js [10ms]
2024-05-02 00:36:36.166 [info] > git cat-file -s c715ec63680c5a81bf2cd1a3bb4f7ae5ee724fb7 [14ms]
2024-05-02 00:36:41.933 [info] > git show --textconv :server/server.js [21ms]
2024-05-02 00:36:41.940 [info] > git ls-files --stage -- /home/opc/OCI-Project/server/server.js [10ms]
2024-05-02 00:36:41.963 [info] > git cat-file -s b852ab1b0cafdb5bd6d6dc375828daa7fe338d68 [7ms]
2024-05-02 00:36:47.487 [info] > git config --get commit.template [25ms]
2024-05-02 00:36:47.492 [info] > git for-each-ref --format=%(refname)%00%(upstream:short)%00%(objectname)%00%(upstream:track)%00%(upstream:remotename)%00%(upstream:remoteref) refs/heads/main refs/remotes/main [7ms]
2024-05-02 00:36:47.521 [info] > git status -z -uall [13ms]
2024-05-02 00:37:02.606 [info] > git show --textconv :server/app.js [23ms]
2024-05-02 00:37:02.619 [info] > git ls-files --stage -- /home/opc/OCI-Project/server/app.js [15ms]
2024-05-02 00:37:02.684 [info] > git cat-file -s c715ec63680c5a81bf2cd1a3bb4f7ae5ee724fb7 [26ms]
2024-05-02 00:37:47.857 [info] > git config --get commit.template [16ms]
2024-05-02 00:37:47.860 [info] > git for-each-ref --format=%(refname)%00%(upstream:short)%00%(objectname)%00%(upstream:track)%00%(upstream:remotename)%00%(upstream:remoteref) refs/heads/main refs/remotes/main [4ms]
2024-05-02 00:37:47.888 [info] > git status -z -uall [15ms]
2024-05-02 00:38:10.243 [info] > git config --get commit.template [19ms]
2024-05-02 00:38:10.246 [info] > git for-each-ref --format=%(refname)%00%(upstream:short)%00%(objectname)%00%(upstream:track)%00%(upstream:remotename)%00%(upstream:remoteref) refs/heads/main refs/remotes/main [4ms]
2024-05-02 00:38:10.274 [info] > git status -z -uall [13ms]
2024-05-02 00:39:28.859 [info] > git config --get commit.template [18ms]
2024-05-02 00:39:28.862 [info] > git for-each-ref --format=%(refname)%00%(upstream:short)%00%(objectname)%00%(upstream:track)%00%(upstream:remotename)%00%(upstream:remoteref) refs/heads/main refs/remotes/main [4ms]
2024-05-02 00:39:28.890 [info] > git status -z -uall [12ms]
2024-05-02 00:39:39.936 [info] > git config --get commit.template [19ms]
2024-05-02 00:39:39.940 [info] > git for-each-ref --format=%(refname)%00%(upstream:short)%00%(objectname)%00%(upstream:track)%00%(upstream:remotename)%00%(upstream:remoteref) refs/heads/main refs/remotes/main [5ms]
2024-05-02 00:39:39.966 [info] > git status -z -uall [12ms]
2024-05-02 00:39:50.418 [info] > git show --textconv :server/app.js [41ms]
2024-05-02 00:39:50.433 [info] > git ls-files --stage -- /home/opc/OCI-Project/server/app.js [25ms]
2024-05-02 00:39:50.474 [info] > git cat-file -s c715ec63680c5a81bf2cd1a3bb4f7ae5ee724fb7 [5ms]
2024-05-02 00:40:57.659 [info] > git config --get commit.template [22ms]
2024-05-02 00:40:57.662 [info] > git for-each-ref --format=%(refname)%00%(upstream:short)%00%(objectname)%00%(upstream:track)%00%(upstream:remotename)%00%(upstream:remoteref) refs/heads/main refs/remotes/main [6ms]
2024-05-02 00:40:57.690 [info] > git status -z -uall [12ms]
2024-05-02 00:41:12.781 [info] > git show --textconv :server/server.js [23ms]
2024-05-02 00:41:12.791 [info] > git ls-files --stage -- /home/opc/OCI-Project/server/server.js [14ms]
2024-05-02 00:41:12.818 [info] > git cat-file -s b852ab1b0cafdb5bd6d6dc375828daa7fe338d68 [11ms]
2024-05-02 00:42:29.430 [info] > git show --textconv :server/app.js [31ms]
2024-05-02 00:42:29.439 [info] > git ls-files --stage -- /home/opc/OCI-Project/server/app.js [14ms]
2024-05-02 00:42:29.475 [info] > git cat-file -s c715ec63680c5a81bf2cd1a3bb4f7ae5ee724fb7 [17ms]
2024-05-02 00:42:41.809 [info] > git config --get commit.template [23ms]
2024-05-02 00:42:41.815 [info] > git for-each-ref --format=%(refname)%00%(upstream:short)%00%(objectname)%00%(upstream:track)%00%(upstream:remotename)%00%(upstream:remoteref) refs/heads/main refs/remotes/main [8ms]
2024-05-02 00:42:41.845 [info] > git status -z -uall [15ms]
2024-05-02 00:43:37.558 [info] > git show --textconv :server/server.js [23ms]
2024-05-02 00:43:37.564 [info] > git ls-files --stage -- /home/opc/OCI-Project/server/server.js [11ms]
2024-05-02 00:43:37.590 [info] > git cat-file -s b852ab1b0cafdb5bd6d6dc375828daa7fe338d68 [9ms]
2024-05-02 00:44:28.658 [info] > git config --get commit.template [19ms]
2024-05-02 00:44:28.661 [info] > git for-each-ref --format=%(refname)%00%(upstream:short)%00%(objectname)%00%(upstream:track)%00%(upstream:remotename)%00%(upstream:remoteref) refs/heads/main refs/remotes/main [4ms]
2024-05-02 00:44:28.687 [info] > git status -z -uall [11ms]
2024-05-02 00:44:32.297 [info] > git show --textconv :server/app.js [21ms]
2024-05-02 00:44:32.301 [info] > git ls-files --stage -- /home/opc/OCI-Project/server/app.js [5ms]
2024-05-02 00:44:32.333 [info] > git cat-file -s c715ec63680c5a81bf2cd1a3bb4f7ae5ee724fb7 [16ms]
2024-05-02 00:44:53.923 [info] > git show --textconv :server/server.js [19ms]
2024-05-02 00:44:53.927 [info] > git ls-files --stage -- /home/opc/OCI-Project/server/server.js [6ms]
2024-05-02 00:44:53.951 [info] > git cat-file -s b852ab1b0cafdb5bd6d6dc375828daa7fe338d68 [8ms]
2024-05-02 00:45:18.308 [info] > git config --get commit.template [20ms]
2024-05-02 00:45:18.311 [info] > git for-each-ref --format=%(refname)%00%(upstream:short)%00%(objectname)%00%(upstream:track)%00%(upstream:remotename)%00%(upstream:remoteref) refs/heads/main refs/remotes/main [4ms]
2024-05-02 00:45:18.340 [info] > git status -z -uall [12ms]
2024-05-02 00:45:57.606 [info] > git config --get commit.template [19ms]
2024-05-02 00:45:57.609 [info] > git for-each-ref --format=%(refname)%00%(upstream:short)%00%(objectname)%00%(upstream:track)%00%(upstream:remotename)%00%(upstream:remoteref) refs/heads/main refs/remotes/main [5ms]
2024-05-02 00:45:57.638 [info] > git status -z -uall [13ms]
2024-05-02 00:46:14.216 [info] > git config --get commit.template [19ms]
2024-05-02 00:46:14.220 [info] > git for-each-ref --format=%(refname)%00%(upstream:short)%00%(objectname)%00%(upstream:track)%00%(upstream:remotename)%00%(upstream:remoteref) refs/heads/main refs/remotes/main [4ms]
2024-05-02 00:46:14.244 [info] > git status -z -uall [11ms]
2024-05-02 00:47:04.815 [info] > git show --textconv :server/app.js [20ms]
2024-05-02 00:47:04.820 [info] > git ls-files --stage -- /home/opc/OCI-Project/server/app.js [5ms]
2024-05-02 00:47:04.849 [info] > git cat-file -s c715ec63680c5a81bf2cd1a3bb4f7ae5ee724fb7 [13ms]
2024-05-02 00:49:11.861 [info] > git config --get commit.template [27ms]
2024-05-02 00:49:11.865 [info] > git for-each-ref --format=%(refname)%00%(upstream:short)%00%(objectname)%00%(upstream:track)%00%(upstream:remotename)%00%(upstream:remoteref) refs/heads/main refs/remotes/main [5ms]
2024-05-02 00:49:11.894 [info] > git status -z -uall [12ms]
2024-05-02 00:49:32.910 [info] > git config --get commit.template [21ms]
2024-05-02 00:49:32.915 [info] > git for-each-ref --format=%(refname)%00%(upstream:short)%00%(objectname)%00%(upstream:track)%00%(upstream:remotename)%00%(upstream:remoteref) refs/heads/main refs/remotes/main [8ms]
2024-05-02 00:49:32.947 [info] > git status -z -uall [16ms]
2024-05-02 00:50:03.762 [info] > git config --get commit.template [22ms]
2024-05-02 00:50:03.766 [info] > git for-each-ref --format=%(refname)%00%(upstream:short)%00%(objectname)%00%(upstream:track)%00%(upstream:remotename)%00%(upstream:remoteref) refs/heads/main refs/remotes/main [6ms]
2024-05-02 00:50:03.795 [info] > git status -z -uall [13ms]
2024-05-02 00:51:21.081 [info] > git config --get commit.template [28ms]
2024-05-02 00:51:21.089 [info] > git for-each-ref --format=%(refname)%00%(upstream:short)%00%(objectname)%00%(upstream:track)%00%(upstream:remotename)%00%(upstream:remoteref) refs/heads/main refs/remotes/main [10ms]
2024-05-02 00:51:21.121 [info] > git status -z -uall [15ms]
2024-05-02 00:51:30.510 [info] > git config --get commit.template [20ms]
2024-05-02 00:51:30.513 [info] > git for-each-ref --format=%(refname)%00%(upstream:short)%00%(objectname)%00%(upstream:track)%00%(upstream:remotename)%00%(upstream:remoteref) refs/heads/main refs/remotes/main [4ms]
2024-05-02 00:51:30.542 [info] > git status -z -uall [12ms]
2024-05-02 00:51:44.400 [info] > git show --textconv :server/server.js [28ms]
2024-05-02 00:51:44.406 [info] > git ls-files --stage -- /home/opc/OCI-Project/server/server.js [12ms]
2024-05-02 00:51:44.437 [info] > git cat-file -s b852ab1b0cafdb5bd6d6dc375828daa7fe338d68 [10ms]
2024-05-02 00:51:54.596 [info] > git show --textconv :server/app.js [18ms]
2024-05-02 00:51:54.606 [info] > git ls-files --stage -- /home/opc/OCI-Project/server/app.js [9ms]
2024-05-02 00:51:54.627 [info] > git cat-file -s c715ec63680c5a81bf2cd1a3bb4f7ae5ee724fb7 [7ms]
2024-05-02 00:52:16.702 [info] > git config --get commit.template [22ms]
2024-05-02 00:52:16.705 [info] > git for-each-ref --format=%(refname)%00%(upstream:short)%00%(objectname)%00%(upstream:track)%00%(upstream:remotename)%00%(upstream:remoteref) refs/heads/main refs/remotes/main [4ms]
2024-05-02 00:52:16.735 [info] > git status -z -uall [13ms]
2024-05-02 00:52:34.085 [info] > git config --get commit.template [19ms]
2024-05-02 00:52:34.094 [info] > git for-each-ref --format=%(refname)%00%(upstream:short)%00%(objectname)%00%(upstream:track)%00%(upstream:remotename)%00%(upstream:remoteref) refs/heads/main refs/remotes/main [10ms]
2024-05-02 00:52:34.124 [info] > git status -z -uall [12ms]
2024-05-02 00:52:49.843 [info] > git config --get commit.template [21ms]
2024-05-02 00:52:49.845 [info] > git for-each-ref --format=%(refname)%00%(upstream:short)%00%(objectname)%00%(upstream:track)%00%(upstream:remotename)%00%(upstream:remoteref) refs/heads/main refs/remotes/main [4ms]
2024-05-02 00:52:49.873 [info] > git status -z -uall [12ms]
2024-05-02 00:52:54.912 [info] > git config --get commit.template [19ms]
2024-05-02 00:52:54.915 [info] > git for-each-ref --format=%(refname)%00%(upstream:short)%00%(objectname)%00%(upstream:track)%00%(upstream:remotename)%00%(upstream:remoteref) refs/heads/main refs/remotes/main [4ms]
2024-05-02 00:52:54.944 [info] > git status -z -uall [14ms]
2024-05-02 00:53:43.784 [info] > git show --textconv :server/app.js [21ms]
2024-05-02 00:53:43.789 [info] > git ls-files --stage -- /home/opc/OCI-Project/server/app.js [8ms]
2024-05-02 00:53:43.816 [info] > git cat-file -s c715ec63680c5a81bf2cd1a3bb4f7ae5ee724fb7 [9ms]
2024-05-02 00:53:57.696 [info] > git show --textconv :server/db.js [23ms]
2024-05-02 00:53:57.710 [info] > git ls-files --stage -- /home/opc/OCI-Project/server/db.js [17ms]
2024-05-02 00:53:59.157 [info] > git show --textconv :server/server.js [21ms]
2024-05-02 00:53:59.162 [info] > git ls-files --stage -- /home/opc/OCI-Project/server/server.js [6ms]
2024-05-02 00:53:59.198 [info] > git cat-file -s b852ab1b0cafdb5bd6d6dc375828daa7fe338d68 [18ms]
2024-05-02 00:54:13.817 [info] > git show --textconv :server/app.js [24ms]
2024-05-02 00:54:13.822 [info] > git ls-files --stage -- /home/opc/OCI-Project/server/app.js [8ms]
2024-05-02 00:54:13.865 [info] > git cat-file -s c715ec63680c5a81bf2cd1a3bb4f7ae5ee724fb7 [20ms]
2024-05-02 00:56:21.939 [info] > git config --get commit.template [20ms]
2024-05-02 00:56:21.940 [info] > git for-each-ref --format=%(refname)%00%(upstream:short)%00%(objectname)%00%(upstream:track)%00%(upstream:remotename)%00%(upstream:remoteref) refs/heads/main refs/remotes/main [7ms]
2024-05-02 00:56:21.969 [info] > git status -z -uall [13ms]
2024-05-02 00:56:29.083 [info] > git config --get commit.template [20ms]
2024-05-02 00:56:29.086 [info] > git for-each-ref --format=%(refname)%00%(upstream:short)%00%(objectname)%00%(upstream:track)%00%(upstream:remotename)%00%(upstream:remoteref) refs/heads/main refs/remotes/main [4ms]
2024-05-02 00:56:29.117 [info] > git status -z -uall [13ms]
2024-05-02 00:56:31.748 [info] > git show --textconv :server/db.js [20ms]
2024-05-02 00:56:31.752 [info] > git ls-files --stage -- /home/opc/OCI-Project/server/db.js [5ms]
2024-05-02 00:56:36.785 [info] > git show --textconv :server/app.js [31ms]
2024-05-02 00:56:36.790 [info] > git ls-files --stage -- /home/opc/OCI-Project/server/app.js [9ms]
2024-05-02 00:56:36.816 [info] > git cat-file -s c715ec63680c5a81bf2cd1a3bb4f7ae5ee724fb7 [8ms]
2024-05-02 00:56:41.997 [info] > git config --get commit.template [19ms]
2024-05-02 00:56:42.004 [info] > git for-each-ref --format=%(refname)%00%(upstream:short)%00%(objectname)%00%(upstream:track)%00%(upstream:remotename)%00%(upstream:remoteref) refs/heads/main refs/remotes/main [8ms]
2024-05-02 00:56:42.033 [info] > git status -z -uall [12ms]
2024-05-02 00:57:06.137 [info] > git config --get commit.template [123ms]
2024-05-02 00:57:06.142 [info] > git for-each-ref --format=%(refname)%00%(upstream:short)%00%(objectname)%00%(upstream:track)%00%(upstream:remotename)%00%(upstream:remoteref) refs/heads/main refs/remotes/main [9ms]
2024-05-02 00:57:06.269 [info] > git status -z -uall [43ms]
2024-05-02 00:57:11.309 [info] > git config --get commit.template [17ms]
2024-05-02 00:57:11.313 [info] > git for-each-ref --format=%(refname)%00%(upstream:short)%00%(objectname)%00%(upstream:track)%00%(upstream:remotename)%00%(upstream:remoteref) refs/heads/main refs/remotes/main [6ms]
2024-05-02 00:57:11.338 [info] > git status -z -uall [12ms]
2024-05-02 00:57:17.490 [info] > git config --get commit.template [20ms]
2024-05-02 00:57:17.493 [info] > git for-each-ref --format=%(refname)%00%(upstream:short)%00%(objectname)%00%(upstream:track)%00%(upstream:remotename)%00%(upstream:remoteref) refs/heads/main refs/remotes/main [4ms]
2024-05-02 00:57:17.526 [info] > git status -z -uall [14ms]
2024-05-02 00:57:31.304 [info] > git show --textconv :server/db.js [18ms]
2024-05-02 00:57:31.308 [info] > git ls-files --stage -- /home/opc/OCI-Project/server/db.js [7ms]
2024-05-02 00:57:37.838 [info] > git show --textconv :server/app.js [22ms]
2024-05-02 00:57:37.846 [info] > git ls-files --stage -- /home/opc/OCI-Project/server/app.js [12ms]
2024-05-02 00:57:37.874 [info] > git cat-file -s c715ec63680c5a81bf2cd1a3bb4f7ae5ee724fb7 [12ms]
2024-05-02 00:57:44.409 [info] > git config --get commit.template [19ms]
2024-05-02 00:57:44.412 [info] > git for-each-ref --format=%(refname)%00%(upstream:short)%00%(objectname)%00%(upstream:track)%00%(upstream:remotename)%00%(upstream:remoteref) refs/heads/main refs/remotes/main [4ms]
2024-05-02 00:57:44.445 [info] > git status -z -uall [11ms]
2024-05-02 00:58:01.404 [info] > git config --get commit.template [27ms]
2024-05-02 00:58:01.412 [info] > git for-each-ref --format=%(refname)%00%(upstream:short)%00%(objectname)%00%(upstream:track)%00%(upstream:remotename)%00%(upstream:remoteref) refs/heads/main refs/remotes/main [10ms]
2024-05-02 00:58:01.451 [info] > git status -z -uall [16ms]
2024-05-02 00:58:18.344 [info] > git show --textconv :server/db.js [22ms]
2024-05-02 00:58:18.348 [info] > git ls-files --stage -- /home/opc/OCI-Project/server/db.js [6ms]
2024-05-02 00:58:19.310 [info] > git show --textconv :server/app.js [28ms]
2024-05-02 00:58:19.325 [info] > git ls-files --stage -- /home/opc/OCI-Project/server/app.js [24ms]
2024-05-02 00:58:19.366 [info] > git cat-file -s c715ec63680c5a81bf2cd1a3bb4f7ae5ee724fb7 [8ms]
2024-05-02 00:58:22.871 [info] > git config --get commit.template [19ms]
2024-05-02 00:58:22.874 [info] > git for-each-ref --format=%(refname)%00%(upstream:short)%00%(objectname)%00%(upstream:track)%00%(upstream:remotename)%00%(upstream:remoteref) refs/heads/main refs/remotes/main [3ms]
2024-05-02 00:58:22.903 [info] > git status -z -uall [12ms]
2024-05-02 00:58:30.402 [info] > git show --textconv :server/db.js [23ms]
2024-05-02 00:58:30.407 [info] > git ls-files --stage -- /home/opc/OCI-Project/server/db.js [7ms]
2024-05-02 00:58:43.010 [info] > git show --textconv :server/app.js [26ms]
2024-05-02 00:58:43.021 [info] > git ls-files --stage -- /home/opc/OCI-Project/server/app.js [16ms]
2024-05-02 00:58:43.043 [info] > git cat-file -s c715ec63680c5a81bf2cd1a3bb4f7ae5ee724fb7 [4ms]
2024-05-02 00:59:02.884 [info] > git config --get commit.template [22ms]
2024-05-02 00:59:02.886 [info] > git for-each-ref --format=%(refname)%00%(upstream:short)%00%(objectname)%00%(upstream:track)%00%(upstream:remotename)%00%(upstream:remoteref) refs/heads/main refs/remotes/main [4ms]
2024-05-02 00:59:02.916 [info] > git status -z -uall [12ms]
2024-05-02 00:59:12.302 [info] > git show --textconv :server/app.js [22ms]
2024-05-02 00:59:12.307 [info] > git ls-files --stage -- /home/opc/OCI-Project/server/app.js [6ms]
2024-05-02 00:59:12.324 [info] > git cat-file -s c715ec63680c5a81bf2cd1a3bb4f7ae5ee724fb7 [3ms]
2024-05-02 00:59:16.215 [info] > git show --textconv :server/app.js [28ms]
2024-05-02 00:59:16.219 [info] > git ls-files --stage -- /home/opc/OCI-Project/server/app.js [7ms]
2024-05-02 00:59:16.247 [info] > git cat-file -s c715ec63680c5a81bf2cd1a3bb4f7ae5ee724fb7 [9ms]
2024-05-02 00:59:36.080 [info] > git config --get commit.template [19ms]
2024-05-02 00:59:36.083 [info] > git for-each-ref --format=%(refname)%00%(upstream:short)%00%(objectname)%00%(upstream:track)%00%(upstream:remotename)%00%(upstream:remoteref) refs/heads/main refs/remotes/main [5ms]
2024-05-02 00:59:36.113 [info] > git status -z -uall [13ms]
2024-05-02 01:00:02.317 [info] > git config --get commit.template [25ms]
2024-05-02 01:00:02.320 [info] > git for-each-ref --format=%(refname)%00%(upstream:short)%00%(objectname)%00%(upstream:track)%00%(upstream:remotename)%00%(upstream:remoteref) refs/heads/main refs/remotes/main [4ms]
2024-05-02 01:00:02.351 [info] > git status -z -uall [12ms]
2024-05-02 01:00:42.094 [info] > git show --textconv :server/server.js [24ms]
2024-05-02 01:00:42.101 [info] > git ls-files --stage -- /home/opc/OCI-Project/server/server.js [10ms]
2024-05-02 01:00:42.126 [info] > git cat-file -s b852ab1b0cafdb5bd6d6dc375828daa7fe338d68 [6ms]
2024-05-02 01:00:57.595 [info] > git config --get commit.template [10ms]
2024-05-02 01:00:57.618 [info] > git for-each-ref --format=%(refname)%00%(upstream:short)%00%(objectname)%00%(upstream:track)%00%(upstream:remotename)%00%(upstream:remoteref) refs/heads/main refs/remotes/main [5ms]
2024-05-02 01:00:57.651 [info] > git status -z -uall [12ms]
2024-05-02 01:01:23.843 [info] > git show --textconv :server/app.js [21ms]
2024-05-02 01:01:23.848 [info] > git ls-files --stage -- /home/opc/OCI-Project/server/app.js [7ms]
2024-05-02 01:01:23.876 [info] > git cat-file -s c715ec63680c5a81bf2cd1a3bb4f7ae5ee724fb7 [11ms]
2024-05-02 01:01:35.958 [info] > git config --get commit.template [21ms]
2024-05-02 01:01:35.961 [info] > git for-each-ref --format=%(refname)%00%(upstream:short)%00%(objectname)%00%(upstream:track)%00%(upstream:remotename)%00%(upstream:remoteref) refs/heads/main refs/remotes/main [4ms]
2024-05-02 01:01:35.992 [info] > git status -z -uall [12ms]
2024-05-02 01:01:36.098 [info] > git ls-files --stage -- /home/opc/OCI-Project/server/app.js [4ms]
2024-05-02 01:01:36.114 [info] > git cat-file -s 7f75974c44142a345d4089fd55b6afeccb03f470 [3ms]
2024-05-02 01:01:36.206 [info] > git show --textconv :server/app.js [4ms]
2024-05-02 01:06:06.238 [info] > git config --get commit.template [24ms]
2024-05-02 01:06:06.242 [info] > git for-each-ref --format=%(refname)%00%(upstream:short)%00%(objectname)%00%(upstream:track)%00%(upstream:remotename)%00%(upstream:remoteref) refs/heads/main refs/remotes/main [5ms]
2024-05-02 01:06:06.275 [info] > git status -z -uall [13ms]
2024-05-02 01:06:06.303 [info] > git merge-base refs/heads/main refs/remotes/origin/main [7ms]
2024-05-02 01:06:06.325 [info] > git rev-list --count --left-right refs/heads/main...refs/remotes/origin/main [5ms]
2024-05-02 01:06:06.349 [info] > git diff --name-status -z --diff-filter=ADMR 31e8ea585b56ed255c3f581d914d2831061d19be...refs/remotes/origin/main [4ms]
2024-05-02 01:06:06.387 [info] > git ls-files --stage -- /home/opc/OCI-Project/server/app.js [4ms]
2024-05-02 01:06:06.410 [info] > git cat-file -s 7f75974c44142a345d4089fd55b6afeccb03f470 [4ms]
2024-05-02 01:06:06.478 [info] > git show --textconv :server/app.js [4ms]
2024-05-02 01:06:11.891 [info] > git config --get commit.template [24ms]
2024-05-02 01:06:11.895 [info] > git for-each-ref --format=%(refname)%00%(upstream:short)%00%(objectname)%00%(upstream:track)%00%(upstream:remotename)%00%(upstream:remoteref) refs/heads/main refs/remotes/main [5ms]
2024-05-02 01:06:11.931 [info] > git status -z -uall [16ms]
2024-05-02 01:06:11.958 [info] > git merge-base refs/heads/main refs/remotes/origin/main [8ms]
2024-05-02 01:06:11.979 [info] > git rev-list --count --left-right refs/heads/main...refs/remotes/origin/main [4ms]
2024-05-02 01:06:11.999 [info] > git diff --name-status -z --diff-filter=ADMR a5b3e9e45ec83ac463a53777e11a5cf345dbe7f7...refs/remotes/origin/main [4ms]
2024-05-02 01:06:12.048 [info] > git ls-files --stage -- /home/opc/OCI-Project/server/app.js [4ms]
2024-05-02 01:06:12.071 [info] > git cat-file -s 7f75974c44142a345d4089fd55b6afeccb03f470 [3ms]
2024-05-02 01:06:12.156 [info] > git show --textconv :server/app.js [7ms]
