2024-05-06 23:59:54.792 [info] Log level: Info
2024-05-06 23:59:54.792 [info] Validating found git in: "git"
2024-05-06 23:59:54.792 [info] Using git "2.39.3" from "git"
2024-05-06 23:59:54.792 [info] > git rev-parse --show-toplevel [969ms]
2024-05-06 23:59:54.792 [info] > git rev-parse --git-dir --git-common-dir [7ms]
2024-05-06 23:59:54.792 [info] Open repository: /home/opc/OCI-Project
2024-05-06 23:59:54.873 [info] > git rev-parse --show-toplevel [60ms]
2024-05-06 23:59:54.874 [info] > git config --get commit.template [72ms]
2024-05-06 23:59:54.918 [info] > git rev-parse --show-toplevel [32ms]
2024-05-06 23:59:54.927 [info] > git for-each-ref --format=%(refname)%00%(upstream:short)%00%(objectname)%00%(upstream:track)%00%(upstream:remotename)%00%(upstream:remoteref) refs/heads/main refs/remotes/main [25ms]
2024-05-06 23:59:54.942 [info] > git rev-parse --show-toplevel [16ms]
2024-05-06 23:59:54.982 [info] > git status -z -uall [42ms]
2024-05-06 23:59:55.019 [info] > git merge-base refs/heads/main refs/remotes/origin/main [24ms]
2024-05-06 23:59:55.039 [info] > git config --get commit.template [16ms]
2024-05-06 23:59:55.040 [info] > git rev-list --count --left-right refs/heads/main...refs/remotes/origin/main [9ms]
2024-05-06 23:59:55.063 [info] > git diff --name-status -z --diff-filter=ADMR 75047e1471969f5f7e4c01f848e9ca8eb550a952...refs/remotes/origin/main [14ms]
2024-05-06 23:59:55.073 [info] > git for-each-ref --format=%(refname)%00%(upstream:short)%00%(objectname)%00%(upstream:track)%00%(upstream:remotename)%00%(upstream:remoteref) refs/heads/main refs/remotes/main [14ms]
2024-05-06 23:59:55.097 [info] > git status -z -uall [15ms]
2024-05-06 23:59:55.490 [info] > git show --textconv :public/index.html [56ms]
2024-05-06 23:59:55.490 [info] > git ls-files --stage -- /home/opc/OCI-Project/public/index.html [31ms]
2024-05-06 23:59:55.537 [info] > git check-ignore -v -z --stdin [50ms]
2024-05-06 23:59:55.544 [info] > git cat-file -s 643cac612e99b74fb5abce2ed500d14f35d0780c [25ms]
2024-05-07 02:19:51.250 [info] > git config --get commit.template [21ms]
2024-05-07 02:19:51.256 [info] > git for-each-ref --format=%(refname)%00%(upstream:short)%00%(objectname)%00%(upstream:track)%00%(upstream:remotename)%00%(upstream:remoteref) refs/heads/main refs/remotes/main [13ms]
2024-05-07 02:19:51.283 [info] > git status -z -uall [17ms]
2024-05-07 02:19:56.317 [info] > git config --get commit.template [14ms]
2024-05-07 02:19:56.320 [info] > git for-each-ref --format=%(refname)%00%(upstream:short)%00%(objectname)%00%(upstream:track)%00%(upstream:remotename)%00%(upstream:remoteref) refs/heads/main refs/remotes/main [7ms]
2024-05-07 02:19:56.345 [info] > git status -z -uall [13ms]
2024-05-07 02:20:09.782 [info] > git show --textconv :public/style.css [28ms]
2024-05-07 02:20:09.790 [info] > git ls-files --stage -- /home/opc/OCI-Project/public/style.css [10ms]
2024-05-07 02:20:09.858 [info] > git check-ignore -v -z --stdin [10ms]
2024-05-07 02:20:10.281 [info] > git config --get commit.template [19ms]
2024-05-07 02:20:10.284 [info] > git for-each-ref --format=%(refname)%00%(upstream:short)%00%(objectname)%00%(upstream:track)%00%(upstream:remotename)%00%(upstream:remoteref) refs/heads/main refs/remotes/main [5ms]
2024-05-07 02:20:10.309 [info] > git status -z -uall [14ms]
2024-05-07 02:20:15.956 [info] > git check-ignore -v -z --stdin [4ms]
2024-05-07 02:20:16.322 [info] > git config --get commit.template [12ms]
2024-05-07 02:20:16.324 [info] > git for-each-ref --format=%(refname)%00%(upstream:short)%00%(objectname)%00%(upstream:track)%00%(upstream:remotename)%00%(upstream:remoteref) refs/heads/main refs/remotes/main [3ms]
2024-05-07 02:20:16.344 [info] > git status -z -uall [11ms]
2024-05-07 02:20:23.376 [info] > git check-ignore -v -z --stdin [4ms]
2024-05-07 02:20:23.731 [info] > git config --get commit.template [11ms]
2024-05-07 02:20:23.733 [info] > git for-each-ref --format=%(refname)%00%(upstream:short)%00%(objectname)%00%(upstream:track)%00%(upstream:remotename)%00%(upstream:remoteref) refs/heads/main refs/remotes/main [3ms]
2024-05-07 02:20:23.753 [info] > git status -z -uall [11ms]
2024-05-07 02:20:38.090 [info] > git config --get commit.template [13ms]
2024-05-07 02:20:38.093 [info] > git for-each-ref --format=%(refname)%00%(upstream:short)%00%(objectname)%00%(upstream:track)%00%(upstream:remotename)%00%(upstream:remoteref) refs/heads/main refs/remotes/main [4ms]
2024-05-07 02:20:38.114 [info] > git status -z -uall [11ms]
2024-05-07 02:23:31.634 [info] > git check-ignore -v -z --stdin [120ms]
2024-05-07 02:23:31.644 [info] > git show --textconv :public/react/category.jsx [82ms]
2024-05-07 02:23:31.696 [info] > git ls-files --stage -- /home/opc/OCI-Project/public/react/category.jsx [98ms]
2024-05-07 02:23:31.826 [info] > git config --get commit.template [64ms]
2024-05-07 02:23:31.868 [info] > git for-each-ref --format=%(refname)%00%(upstream:short)%00%(objectname)%00%(upstream:track)%00%(upstream:remotename)%00%(upstream:remoteref) refs/heads/main refs/remotes/main [6ms]
2024-05-07 02:23:31.960 [info] > git status -z -uall [33ms]
2024-05-07 02:24:25.903 [info] > git config --get commit.template [22ms]
2024-05-07 02:24:25.912 [info] > git for-each-ref --format=%(refname)%00%(upstream:short)%00%(objectname)%00%(upstream:track)%00%(upstream:remotename)%00%(upstream:remoteref) refs/heads/main refs/remotes/main [11ms]
2024-05-07 02:24:25.939 [info] > git status -z -uall [16ms]
2024-05-07 02:26:53.219 [info] > git config --get commit.template [15ms]
2024-05-07 02:26:53.221 [info] > git for-each-ref --format=%(refname)%00%(upstream:short)%00%(objectname)%00%(upstream:track)%00%(upstream:remotename)%00%(upstream:remoteref) refs/heads/main refs/remotes/main [4ms]
2024-05-07 02:26:53.242 [info] > git status -z -uall [11ms]
2024-05-07 02:27:24.240 [info] > git show --textconv :server/server.js [31ms]
2024-05-07 02:27:24.249 [info] > git ls-files --stage -- /home/opc/OCI-Project/server/server.js [14ms]
2024-05-07 02:27:24.301 [info] > git cat-file -s 48d81c1665f49649caecbb0bcb3d8dcfb79d2ebc [24ms]
2024-05-07 02:27:30.606 [info] > git config --get commit.template [10ms]
2024-05-07 02:27:30.609 [info] > git for-each-ref --format=%(refname)%00%(upstream:short)%00%(objectname)%00%(upstream:track)%00%(upstream:remotename)%00%(upstream:remoteref) refs/heads/main refs/remotes/main [6ms]
2024-05-07 02:27:30.629 [info] > git status -z -uall [11ms]
2024-05-07 02:27:40.375 [info] > git config --get commit.template [13ms]
2024-05-07 02:27:40.378 [info] > git for-each-ref --format=%(refname)%00%(upstream:short)%00%(objectname)%00%(upstream:track)%00%(upstream:remotename)%00%(upstream:remoteref) refs/heads/main refs/remotes/main [5ms]
2024-05-07 02:27:40.398 [info] > git status -z -uall [11ms]
2024-05-07 02:28:34.655 [info] > git show --textconv :server/app.js [30ms]
2024-05-07 02:28:34.675 [info] > git ls-files --stage -- /home/opc/OCI-Project/server/app.js [21ms]
2024-05-07 02:28:34.727 [info] > git cat-file -s 03a635c1600194af3f84f9c3587797183ae24427 [3ms]
2024-05-07 02:28:39.657 [info] > git show --textconv :server/server.js [14ms]
2024-05-07 02:28:39.662 [info] > git ls-files --stage -- /home/opc/OCI-Project/server/server.js [8ms]
2024-05-07 02:28:39.676 [info] > git cat-file -s 48d81c1665f49649caecbb0bcb3d8dcfb79d2ebc [6ms]
2024-05-07 02:29:29.692 [info] > git config --get commit.template [13ms]
2024-05-07 02:29:29.695 [info] > git for-each-ref --format=%(refname)%00%(upstream:short)%00%(objectname)%00%(upstream:track)%00%(upstream:remotename)%00%(upstream:remoteref) refs/heads/main refs/remotes/main [5ms]
2024-05-07 02:29:29.716 [info] > git status -z -uall [12ms]
2024-05-07 02:30:06.089 [info] > git config --get commit.template [17ms]
2024-05-07 02:30:06.092 [info] > git for-each-ref --format=%(refname)%00%(upstream:short)%00%(objectname)%00%(upstream:track)%00%(upstream:remotename)%00%(upstream:remoteref) refs/heads/main refs/remotes/main [6ms]
2024-05-07 02:30:06.113 [info] > git status -z -uall [11ms]
2024-05-07 02:30:13.793 [info] > git config --get commit.template [11ms]
2024-05-07 02:30:13.796 [info] > git for-each-ref --format=%(refname)%00%(upstream:short)%00%(objectname)%00%(upstream:track)%00%(upstream:remotename)%00%(upstream:remoteref) refs/heads/main refs/remotes/main [4ms]
2024-05-07 02:30:13.815 [info] > git status -z -uall [10ms]
2024-05-07 02:32:32.122 [info] > git show --textconv :server/app.js [17ms]
2024-05-07 02:32:32.131 [info] > git ls-files --stage -- /home/opc/OCI-Project/server/app.js [13ms]
2024-05-07 02:32:32.143 [info] > git cat-file -s 03a635c1600194af3f84f9c3587797183ae24427 [3ms]
2024-05-07 02:32:44.209 [info] > git config --get commit.template [15ms]
2024-05-07 02:32:44.213 [info] > git for-each-ref --format=%(refname)%00%(upstream:short)%00%(objectname)%00%(upstream:track)%00%(upstream:remotename)%00%(upstream:remoteref) refs/heads/main refs/remotes/main [5ms]
2024-05-07 02:32:44.235 [info] > git status -z -uall [12ms]
2024-05-07 02:33:47.487 [info] > git config --get commit.template [17ms]
2024-05-07 02:33:47.492 [info] > git for-each-ref --format=%(refname)%00%(upstream:short)%00%(objectname)%00%(upstream:track)%00%(upstream:remotename)%00%(upstream:remoteref) refs/heads/main refs/remotes/main [6ms]
2024-05-07 02:33:47.522 [info] > git status -z -uall [19ms]
2024-05-07 02:34:38.609 [info] > git show --textconv :public/index.html [23ms]
2024-05-07 02:34:38.613 [info] > git ls-files --stage -- /home/opc/OCI-Project/public/index.html [6ms]
2024-05-07 02:34:38.630 [info] > git cat-file -s 643cac612e99b74fb5abce2ed500d14f35d0780c [8ms]
2024-05-07 02:35:08.041 [info] > git config --get commit.template [11ms]
2024-05-07 02:35:08.045 [info] > git for-each-ref --format=%(refname)%00%(upstream:short)%00%(objectname)%00%(upstream:track)%00%(upstream:remotename)%00%(upstream:remoteref) refs/heads/main refs/remotes/main [6ms]
2024-05-07 02:35:08.065 [info] > git status -z -uall [12ms]
2024-05-07 02:36:01.432 [info] > git show --textconv :public/style.css [11ms]
2024-05-07 02:36:01.436 [info] > git ls-files --stage -- /home/opc/OCI-Project/public/style.css [5ms]
2024-05-07 02:36:03.378 [info] > git show --textconv :public/index.html [11ms]
2024-05-07 02:36:03.385 [info] > git ls-files --stage -- /home/opc/OCI-Project/public/index.html [7ms]
2024-05-07 02:36:03.395 [info] > git cat-file -s 643cac612e99b74fb5abce2ed500d14f35d0780c [2ms]
2024-05-07 02:36:46.079 [info] > git show --textconv :public/react/index.js [15ms]
2024-05-07 02:36:46.084 [info] > git ls-files --stage -- /home/opc/OCI-Project/public/react/index.js [6ms]
2024-05-07 02:36:46.113 [info] > git check-ignore -v -z --stdin [4ms]
2024-05-07 02:36:46.651 [info] > git config --get commit.template [20ms]
2024-05-07 02:36:46.672 [info] > git for-each-ref --format=%(refname)%00%(upstream:short)%00%(objectname)%00%(upstream:track)%00%(upstream:remotename)%00%(upstream:remoteref) refs/heads/main refs/remotes/main [22ms]
2024-05-07 02:36:46.709 [info] > git status -z -uall [12ms]
2024-05-07 02:36:51.769 [info] > git config --get commit.template [13ms]
2024-05-07 02:36:51.774 [info] > git for-each-ref --format=%(refname)%00%(upstream:short)%00%(objectname)%00%(upstream:track)%00%(upstream:remotename)%00%(upstream:remoteref) refs/heads/main refs/remotes/main [5ms]
2024-05-07 02:36:51.798 [info] > git status -z -uall [12ms]
2024-05-07 02:37:18.314 [info] > git config --get commit.template [11ms]
2024-05-07 02:37:18.316 [info] > git for-each-ref --format=%(refname)%00%(upstream:short)%00%(objectname)%00%(upstream:track)%00%(upstream:remotename)%00%(upstream:remoteref) refs/heads/main refs/remotes/main [4ms]
2024-05-07 02:37:18.336 [info] > git status -z -uall [10ms]
2024-05-07 02:37:32.720 [info] > git show --textconv :public/index.html [39ms]
2024-05-07 02:37:32.732 [info] > git ls-files --stage -- /home/opc/OCI-Project/public/index.html [22ms]
2024-05-07 02:37:32.763 [info] > git cat-file -s 643cac612e99b74fb5abce2ed500d14f35d0780c [7ms]
2024-05-07 02:37:33.485 [info] > git config --get commit.template [13ms]
2024-05-07 02:37:33.488 [info] > git for-each-ref --format=%(refname)%00%(upstream:short)%00%(objectname)%00%(upstream:track)%00%(upstream:remotename)%00%(upstream:remoteref) refs/heads/main refs/remotes/main [4ms]
2024-05-07 02:37:33.509 [info] > git status -z -uall [11ms]
2024-05-07 02:40:27.279 [info] > git show --textconv :public/react/category.jsx [13ms]
2024-05-07 02:40:27.283 [info] > git ls-files --stage -- /home/opc/OCI-Project/public/react/category.jsx [4ms]
2024-05-07 02:40:59.320 [info] > git config --get commit.template [13ms]
2024-05-07 02:40:59.323 [info] > git for-each-ref --format=%(refname)%00%(upstream:short)%00%(objectname)%00%(upstream:track)%00%(upstream:remotename)%00%(upstream:remoteref) refs/heads/main refs/remotes/main [5ms]
2024-05-07 02:40:59.347 [info] > git status -z -uall [14ms]
2024-05-07 02:41:44.570 [info] > git show --textconv :public/react/App.js [16ms]
2024-05-07 02:41:44.574 [info] > git ls-files --stage -- /home/opc/OCI-Project/public/react/App.js [7ms]
2024-05-07 02:41:44.704 [info] > git check-ignore -v -z --stdin [6ms]
2024-05-07 02:41:45.164 [info] > git config --get commit.template [22ms]
2024-05-07 02:41:45.167 [info] > git for-each-ref --format=%(refname)%00%(upstream:short)%00%(objectname)%00%(upstream:track)%00%(upstream:remotename)%00%(upstream:remoteref) refs/heads/main refs/remotes/main [5ms]
2024-05-07 02:41:45.188 [info] > git status -z -uall [10ms]
2024-05-07 02:43:28.606 [info] > git config --get commit.template [25ms]
2024-05-07 02:43:28.611 [info] > git for-each-ref --format=%(refname)%00%(upstream:short)%00%(objectname)%00%(upstream:track)%00%(upstream:remotename)%00%(upstream:remoteref) refs/heads/main refs/remotes/main [13ms]
2024-05-07 02:43:28.636 [info] > git status -z -uall [15ms]
2024-05-07 02:44:27.680 [info] > git show --textconv :public/index.html [13ms]
2024-05-07 02:44:27.688 [info] > git ls-files --stage -- /home/opc/OCI-Project/public/index.html [10ms]
2024-05-07 02:44:27.701 [info] > git cat-file -s 643cac612e99b74fb5abce2ed500d14f35d0780c [3ms]
2024-05-07 02:44:42.449 [info] > git config --get commit.template [11ms]
2024-05-07 02:44:42.452 [info] > git for-each-ref --format=%(refname)%00%(upstream:short)%00%(objectname)%00%(upstream:track)%00%(upstream:remotename)%00%(upstream:remoteref) refs/heads/main refs/remotes/main [4ms]
2024-05-07 02:44:42.472 [info] > git status -z -uall [12ms]
2024-05-07 02:45:26.352 [info] > git check-ignore -v -z --stdin [3ms]
2024-05-07 02:45:26.799 [info] > git config --get commit.template [12ms]
2024-05-07 02:45:26.801 [info] > git for-each-ref --format=%(refname)%00%(upstream:short)%00%(objectname)%00%(upstream:track)%00%(upstream:remotename)%00%(upstream:remoteref) refs/heads/main refs/remotes/main [3ms]
2024-05-07 02:45:26.822 [info] > git status -z -uall [11ms]
2024-05-07 02:45:35.502 [info] > git config --get commit.template [11ms]
2024-05-07 02:45:35.504 [info] > git for-each-ref --format=%(refname)%00%(upstream:short)%00%(objectname)%00%(upstream:track)%00%(upstream:remotename)%00%(upstream:remoteref) refs/heads/main refs/remotes/main [3ms]
2024-05-07 02:45:35.525 [info] > git status -z -uall [11ms]
2024-05-07 02:45:42.256 [info] > git check-ignore -v -z --stdin [11ms]
2024-05-07 02:45:45.296 [info] > git config --get commit.template [12ms]
2024-05-07 02:45:45.299 [info] > git for-each-ref --format=%(refname)%00%(upstream:short)%00%(objectname)%00%(upstream:track)%00%(upstream:remotename)%00%(upstream:remoteref) refs/heads/main refs/remotes/main [5ms]
2024-05-07 02:45:45.324 [info] > git status -z -uall [15ms]
2024-05-07 02:45:59.906 [info] > git show --textconv :public/react/App.js [18ms]
2024-05-07 02:45:59.910 [info] > git ls-files --stage -- /home/opc/OCI-Project/public/react/App.js [9ms]
2024-05-07 02:46:43.301 [info] > git show --textconv :public/react/index.js [20ms]
2024-05-07 02:46:43.308 [info] > git ls-files --stage -- /home/opc/OCI-Project/public/react/index.js [13ms]
2024-05-07 02:46:43.953 [info] > git config --get commit.template [12ms]
2024-05-07 02:46:43.957 [info] > git for-each-ref --format=%(refname)%00%(upstream:short)%00%(objectname)%00%(upstream:track)%00%(upstream:remotename)%00%(upstream:remoteref) refs/heads/main refs/remotes/main [5ms]
2024-05-07 02:46:43.981 [info] > git status -z -uall [11ms]
2024-05-07 02:47:37.197 [info] > git config --get commit.template [22ms]
2024-05-07 02:47:37.202 [info] > git for-each-ref --format=%(refname)%00%(upstream:short)%00%(objectname)%00%(upstream:track)%00%(upstream:remotename)%00%(upstream:remoteref) refs/heads/main refs/remotes/main [11ms]
2024-05-07 02:47:37.227 [info] > git status -z -uall [15ms]
2024-05-07 02:48:23.037 [info] > git show --textconv :public/react/components/category.jsx [16ms]
2024-05-07 02:48:23.041 [info] > git ls-files --stage -- /home/opc/OCI-Project/public/react/components/category.jsx [7ms]
2024-05-07 02:48:35.559 [info] > git show --textconv :public/react/components/Category.js [18ms]
2024-05-07 02:48:35.568 [info] > git ls-files --stage -- /home/opc/OCI-Project/public/react/components/Category.js [10ms]
2024-05-07 02:48:35.680 [info] > git check-ignore -v -z --stdin [14ms]
2024-05-07 02:48:38.165 [info] > git config --get commit.template [12ms]
2024-05-07 02:48:38.168 [info] > git for-each-ref --format=%(refname)%00%(upstream:short)%00%(objectname)%00%(upstream:track)%00%(upstream:remotename)%00%(upstream:remoteref) refs/heads/main refs/remotes/main [5ms]
2024-05-07 02:48:38.191 [info] > git status -z -uall [12ms]
2024-05-07 02:49:11.085 [info] > git config --get commit.template [15ms]
2024-05-07 02:49:11.088 [info] > git for-each-ref --format=%(refname)%00%(upstream:short)%00%(objectname)%00%(upstream:track)%00%(upstream:remotename)%00%(upstream:remoteref) refs/heads/main refs/remotes/main [5ms]
2024-05-07 02:49:11.109 [info] > git status -z -uall [11ms]
2024-05-07 02:53:43.895 [info] > git config --get commit.template [25ms]
2024-05-07 02:53:43.917 [info] > git for-each-ref --format=%(refname)%00%(upstream:short)%00%(objectname)%00%(upstream:track)%00%(upstream:remotename)%00%(upstream:remoteref) refs/heads/main refs/remotes/main [29ms]
2024-05-07 02:53:43.963 [info] > git status -z -uall [23ms]
2024-05-07 02:59:16.060 [info] > git config --get commit.template [21ms]
2024-05-07 02:59:16.069 [info] > git for-each-ref --format=%(refname)%00%(upstream:short)%00%(objectname)%00%(upstream:track)%00%(upstream:remotename)%00%(upstream:remoteref) refs/heads/main refs/remotes/main [11ms]
2024-05-07 02:59:16.095 [info] > git status -z -uall [15ms]
2024-05-07 02:59:33.751 [info] > git config --get commit.template [14ms]
2024-05-07 02:59:33.755 [info] > git for-each-ref --format=%(refname)%00%(upstream:short)%00%(objectname)%00%(upstream:track)%00%(upstream:remotename)%00%(upstream:remoteref) refs/heads/main refs/remotes/main [5ms]
2024-05-07 02:59:33.778 [info] > git status -z -uall [11ms]
2024-05-07 03:01:33.097 [info] > git show --textconv :server/server.js [23ms]
2024-05-07 03:01:33.104 [info] > git ls-files --stage -- /home/opc/OCI-Project/server/server.js [11ms]
2024-05-07 03:01:33.129 [info] > git cat-file -s 48d81c1665f49649caecbb0bcb3d8dcfb79d2ebc [8ms]
2024-05-07 03:01:38.302 [info] > git show --textconv :server/app.js [17ms]
2024-05-07 03:01:38.316 [info] > git ls-files --stage -- /home/opc/OCI-Project/server/app.js [18ms]
2024-05-07 03:01:38.337 [info] > git cat-file -s 03a635c1600194af3f84f9c3587797183ae24427 [7ms]
2024-05-07 03:01:52.581 [info] > git show --textconv :public/react/components/Category.js [17ms]
2024-05-07 03:01:52.590 [info] > git ls-files --stage -- /home/opc/OCI-Project/public/react/components/Category.js [10ms]
2024-05-07 03:01:59.915 [info] > git show --textconv :server/app.js [25ms]
2024-05-07 03:01:59.923 [info] > git ls-files --stage -- /home/opc/OCI-Project/server/app.js [18ms]
2024-05-07 03:01:59.939 [info] > git cat-file -s 03a635c1600194af3f84f9c3587797183ae24427 [4ms]
2024-05-07 03:02:03.428 [info] > git show --textconv :public/react/components/Category.js [14ms]
2024-05-07 03:02:03.432 [info] > git ls-files --stage -- /home/opc/OCI-Project/public/react/components/Category.js [4ms]
2024-05-07 03:02:06.737 [info] > git show --textconv :public/react/index.js [17ms]
2024-05-07 03:02:06.741 [info] > git ls-files --stage -- /home/opc/OCI-Project/public/react/index.js [7ms]
2024-05-07 03:02:19.912 [info] > git config --get commit.template [16ms]
2024-05-07 03:02:19.918 [info] > git for-each-ref --format=%(refname)%00%(upstream:short)%00%(objectname)%00%(upstream:track)%00%(upstream:remotename)%00%(upstream:remoteref) refs/heads/main refs/remotes/main [8ms]
2024-05-07 03:02:19.943 [info] > git status -z -uall [14ms]
2024-05-07 03:02:55.772 [info] > git config --get commit.template [17ms]
2024-05-07 03:02:55.775 [info] > git for-each-ref --format=%(refname)%00%(upstream:short)%00%(objectname)%00%(upstream:track)%00%(upstream:remotename)%00%(upstream:remoteref) refs/heads/main refs/remotes/main [7ms]
2024-05-07 03:02:55.797 [info] > git status -z -uall [12ms]
2024-05-07 03:02:56.001 [info] > git ls-files --stage -- /home/opc/OCI-Project/public/react/index.js [4ms]
2024-05-07 03:02:56.016 [info] > git cat-file -s 9b83bf4a9270811da65a73f03790ffe41a870f6b [3ms]
2024-05-07 03:02:56.100 [info] > git show --textconv :public/react/index.js [5ms]
2024-05-07 03:03:05.638 [info] > git config --get commit.template [14ms]
2024-05-07 03:03:05.641 [info] > git for-each-ref --format=%(refname)%00%(upstream:short)%00%(objectname)%00%(upstream:track)%00%(upstream:remotename)%00%(upstream:remoteref) refs/heads/main refs/remotes/main [4ms]
2024-05-07 03:03:05.667 [info] > git status -z -uall [13ms]
2024-05-07 03:03:05.689 [info] > git merge-base refs/heads/main refs/remotes/origin/main [9ms]
2024-05-07 03:03:05.704 [info] > git rev-list --count --left-right refs/heads/main...refs/remotes/origin/main [4ms]
2024-05-07 03:03:05.721 [info] > git diff --name-status -z --diff-filter=ADMR 75047e1471969f5f7e4c01f848e9ca8eb550a952...refs/remotes/origin/main [4ms]
2024-05-07 03:03:05.819 [info] > git ls-files --stage -- /home/opc/OCI-Project/public/react/index.js [4ms]
2024-05-07 03:03:05.832 [info] > git cat-file -s 9b83bf4a9270811da65a73f03790ffe41a870f6b [3ms]
2024-05-07 03:03:05.901 [info] > git show --textconv :public/react/index.js [4ms]
2024-05-07 03:03:16.351 [info] > git config --get commit.template [12ms]
2024-05-07 03:03:16.353 [info] > git for-each-ref --format=%(refname)%00%(upstream:short)%00%(objectname)%00%(upstream:track)%00%(upstream:remotename)%00%(upstream:remoteref) refs/heads/main refs/remotes/main [3ms]
2024-05-07 03:03:16.376 [info] > git status -z -uall [13ms]
2024-05-07 03:03:16.396 [info] > git merge-base refs/heads/main refs/remotes/origin/main [8ms]
2024-05-07 03:03:16.410 [info] > git rev-list --count --left-right refs/heads/main...refs/remotes/origin/main [4ms]
2024-05-07 03:03:16.424 [info] > git diff --name-status -z --diff-filter=ADMR bf2c71650d77baac4562b3b3be7284f8740deffb...refs/remotes/origin/main [4ms]
2024-05-07 03:03:16.508 [info] > git ls-files --stage -- /home/opc/OCI-Project/public/react/index.js [3ms]
2024-05-07 03:03:16.520 [info] > git cat-file -s 9b83bf4a9270811da65a73f03790ffe41a870f6b [2ms]
2024-05-07 03:03:16.925 [info] > git show --textconv :public/react/index.js [9ms]
2024-05-07 03:06:47.585 [info] > git show --textconv :server/app.js [14ms]
2024-05-07 03:06:47.589 [info] > git ls-files --stage -- /home/opc/OCI-Project/server/app.js [5ms]
2024-05-07 03:06:47.616 [info] > git cat-file -s 25b829389ce7987bce81c5a6117737af40ef16de [16ms]
2024-05-07 03:07:09.206 [info] > git config --get commit.template [13ms]
2024-05-07 03:07:09.209 [info] > git for-each-ref --format=%(refname)%00%(upstream:short)%00%(objectname)%00%(upstream:track)%00%(upstream:remotename)%00%(upstream:remoteref) refs/heads/main refs/remotes/main [4ms]
2024-05-07 03:07:09.231 [info] > git status -z -uall [12ms]
2024-05-07 03:08:07.609 [info] > git show --textconv :server/server.js [18ms]
2024-05-07 03:08:07.615 [info] > git ls-files --stage -- /home/opc/OCI-Project/server/server.js [8ms]
2024-05-07 03:08:07.629 [info] > git cat-file -s 4c629e1e44060bcb011d66e3cbe880354df3a352 [3ms]
2024-05-07 03:09:14.776 [info] > git show --textconv :public/react/components/Category.js [13ms]
2024-05-07 03:09:14.780 [info] > git ls-files --stage -- /home/opc/OCI-Project/public/react/components/Category.js [6ms]
2024-05-07 03:09:14.791 [info] > git cat-file -s 499c663c82b1a190e6005f8ee660631071ba4d1d [2ms]
2024-05-07 03:09:36.555 [info] > git config --get commit.template [13ms]
2024-05-07 03:09:36.558 [info] > git for-each-ref --format=%(refname)%00%(upstream:short)%00%(objectname)%00%(upstream:track)%00%(upstream:remotename)%00%(upstream:remoteref) refs/heads/main refs/remotes/main [4ms]
2024-05-07 03:09:36.578 [info] > git status -z -uall [11ms]
2024-05-07 03:09:44.146 [info] > git show --textconv :public/react/index.js [14ms]
2024-05-07 03:09:44.150 [info] > git ls-files --stage -- /home/opc/OCI-Project/public/react/index.js [5ms]
2024-05-07 03:09:44.162 [info] > git cat-file -s 9b83bf4a9270811da65a73f03790ffe41a870f6b [3ms]
2024-05-07 03:10:17.603 [info] > git config --get commit.template [12ms]
2024-05-07 03:10:17.605 [info] > git for-each-ref --format=%(refname)%00%(upstream:short)%00%(objectname)%00%(upstream:track)%00%(upstream:remotename)%00%(upstream:remoteref) refs/heads/main refs/remotes/main [3ms]
2024-05-07 03:10:17.627 [info] > git status -z -uall [11ms]
2024-05-07 03:10:24.779 [info] > git show --textconv :public/index.html [16ms]
2024-05-07 03:10:24.784 [info] > git ls-files --stage -- /home/opc/OCI-Project/public/index.html [8ms]
2024-05-07 03:10:24.798 [info] > git cat-file -s aa9b9550689832aafaeed916c8667564290f6a54 [3ms]
2024-05-07 03:10:29.484 [info] > git show --textconv :public/index.html [12ms]
2024-05-07 03:10:29.489 [info] > git ls-files --stage -- /home/opc/OCI-Project/public/index.html [6ms]
2024-05-07 03:10:29.500 [info] > git cat-file -s aa9b9550689832aafaeed916c8667564290f6a54 [2ms]
2024-05-07 03:11:26.546 [info] > git config --get commit.template [15ms]
2024-05-07 03:11:26.549 [info] > git for-each-ref --format=%(refname)%00%(upstream:short)%00%(objectname)%00%(upstream:track)%00%(upstream:remotename)%00%(upstream:remoteref) refs/heads/main refs/remotes/main [5ms]
2024-05-07 03:11:26.570 [info] > git status -z -uall [11ms]
2024-05-07 03:13:25.188 [info] > git show --textconv :public/react/index.js [12ms]
2024-05-07 03:13:25.192 [info] > git ls-files --stage -- /home/opc/OCI-Project/public/react/index.js [4ms]
2024-05-07 03:13:25.207 [info] > git cat-file -s 9b83bf4a9270811da65a73f03790ffe41a870f6b [5ms]
2024-05-07 03:14:08.418 [info] > git show --textconv :public/index.html [19ms]
2024-05-07 03:14:08.423 [info] > git ls-files --stage -- /home/opc/OCI-Project/public/index.html [8ms]
2024-05-07 03:14:08.438 [info] > git cat-file -s aa9b9550689832aafaeed916c8667564290f6a54 [4ms]
2024-05-07 03:14:15.352 [info] > git config --get commit.template [15ms]
2024-05-07 03:14:15.355 [info] > git for-each-ref --format=%(refname)%00%(upstream:short)%00%(objectname)%00%(upstream:track)%00%(upstream:remotename)%00%(upstream:remoteref) refs/heads/main refs/remotes/main [4ms]
2024-05-07 03:14:15.380 [info] > git status -z -uall [13ms]
2024-05-07 03:14:18.817 [info] > git show --textconv :public/react/index.js [20ms]
2024-05-07 03:14:18.821 [info] > git ls-files --stage -- /home/opc/OCI-Project/public/react/index.js [10ms]
2024-05-07 03:14:18.842 [info] > git cat-file -s 9b83bf4a9270811da65a73f03790ffe41a870f6b [9ms]
2024-05-07 03:16:04.450 [info] > git show --textconv :.gitignore [13ms]
2024-05-07 03:16:04.454 [info] > git ls-files --stage -- /home/opc/OCI-Project/.gitignore [5ms]
2024-05-07 03:16:04.467 [info] > git cat-file -s c966d7d1c8fdecea809e55782e5a52c6c9433c9b [2ms]
2024-05-07 03:16:05.885 [info] > git show --textconv :server/app.js [22ms]
2024-05-07 03:16:05.892 [info] > git ls-files --stage -- /home/opc/OCI-Project/server/app.js [15ms]
2024-05-07 03:16:05.909 [info] > git cat-file -s 25b829389ce7987bce81c5a6117737af40ef16de [4ms]
2024-05-07 03:16:08.290 [info] > git show --textconv :server/server.js [14ms]
2024-05-07 03:16:08.294 [info] > git ls-files --stage -- /home/opc/OCI-Project/server/server.js [5ms]
2024-05-07 03:16:08.311 [info] > git cat-file -s 4c629e1e44060bcb011d66e3cbe880354df3a352 [8ms]
2024-05-07 03:17:14.794 [info] > git show --textconv :public/react/index.js [13ms]
2024-05-07 03:17:14.797 [info] > git ls-files --stage -- /home/opc/OCI-Project/public/react/index.js [4ms]
2024-05-07 03:17:14.818 [info] > git cat-file -s 9b83bf4a9270811da65a73f03790ffe41a870f6b [10ms]
2024-05-07 03:17:21.083 [info] > git show --textconv :server/server.js [14ms]
2024-05-07 03:17:21.088 [info] > git ls-files --stage -- /home/opc/OCI-Project/server/server.js [5ms]
2024-05-07 03:17:21.101 [info] > git cat-file -s 4c629e1e44060bcb011d66e3cbe880354df3a352 [2ms]
2024-05-07 03:17:23.500 [info] > git show --textconv :public/react/index.js [26ms]
2024-05-07 03:17:23.505 [info] > git ls-files --stage -- /home/opc/OCI-Project/public/react/index.js [8ms]
2024-05-07 03:17:23.517 [info] > git cat-file -s 9b83bf4a9270811da65a73f03790ffe41a870f6b [3ms]
2024-05-07 03:17:24.899 [info] > git show --textconv :server/db.js [14ms]
2024-05-07 03:17:24.903 [info] > git ls-files --stage -- /home/opc/OCI-Project/server/db.js [5ms]
2024-05-07 03:17:26.493 [info] > git show --textconv :public/react/index.js [17ms]
2024-05-07 03:17:26.497 [info] > git ls-files --stage -- /home/opc/OCI-Project/public/react/index.js [5ms]
2024-05-07 03:17:26.515 [info] > git cat-file -s 9b83bf4a9270811da65a73f03790ffe41a870f6b [7ms]
2024-05-07 03:17:27.528 [info] > git show --textconv :public/react/components/Category.js [14ms]
2024-05-07 03:17:27.533 [info] > git ls-files --stage -- /home/opc/OCI-Project/public/react/components/Category.js [6ms]
2024-05-07 03:17:27.545 [info] > git cat-file -s 499c663c82b1a190e6005f8ee660631071ba4d1d [3ms]
2024-05-07 03:17:35.248 [info] > git show --textconv :public/index.html [13ms]
2024-05-07 03:17:35.252 [info] > git ls-files --stage -- /home/opc/OCI-Project/public/index.html [4ms]
2024-05-07 03:17:35.263 [info] > git cat-file -s aa9b9550689832aafaeed916c8667564290f6a54 [3ms]
2024-05-07 03:17:38.350 [info] > git show --textconv :public/react/index.js [15ms]
2024-05-07 03:17:38.358 [info] > git ls-files --stage -- /home/opc/OCI-Project/public/react/index.js [9ms]
2024-05-07 03:17:38.373 [info] > git cat-file -s 9b83bf4a9270811da65a73f03790ffe41a870f6b [3ms]
2024-05-07 03:17:48.986 [info] > git show --textconv :public/index.html [19ms]
2024-05-07 03:17:48.993 [info] > git ls-files --stage -- /home/opc/OCI-Project/public/index.html [8ms]
2024-05-07 03:17:49.005 [info] > git cat-file -s aa9b9550689832aafaeed916c8667564290f6a54 [2ms]
2024-05-07 03:18:18.762 [info] > git config --get commit.template [13ms]
2024-05-07 03:18:18.766 [info] > git for-each-ref --format=%(refname)%00%(upstream:short)%00%(objectname)%00%(upstream:track)%00%(upstream:remotename)%00%(upstream:remoteref) refs/heads/main refs/remotes/main [5ms]
2024-05-07 03:18:18.790 [info] > git status -z -uall [14ms]
2024-05-07 03:18:19.804 [info] > git show --textconv :server/app.js [28ms]
2024-05-07 03:18:19.813 [info] > git ls-files --stage -- /home/opc/OCI-Project/server/app.js [22ms]
2024-05-07 03:18:20.045 [info] > git cat-file -s 25b829389ce7987bce81c5a6117737af40ef16de [217ms]
2024-05-07 03:18:49.845 [info] > git show --textconv :server/server.js [49ms]
2024-05-07 03:18:49.852 [info] > git ls-files --stage -- /home/opc/OCI-Project/server/server.js [23ms]
2024-05-07 03:18:49.882 [info] > git cat-file -s 4c629e1e44060bcb011d66e3cbe880354df3a352 [10ms]
2024-05-07 03:18:52.942 [info] > git show --textconv :server/app.js [15ms]
2024-05-07 03:18:52.946 [info] > git ls-files --stage -- /home/opc/OCI-Project/server/app.js [6ms]
2024-05-07 03:18:52.973 [info] > git cat-file -s 25b829389ce7987bce81c5a6117737af40ef16de [19ms]
2024-05-07 03:19:13.835 [info] > git show --textconv :server/server.js [18ms]
2024-05-07 03:19:13.839 [info] > git ls-files --stage -- /home/opc/OCI-Project/server/server.js [5ms]
2024-05-07 03:19:13.854 [info] > git cat-file -s 4c629e1e44060bcb011d66e3cbe880354df3a352 [2ms]
2024-05-07 03:19:28.048 [info] > git config --get commit.template [14ms]
2024-05-07 03:19:28.051 [info] > git for-each-ref --format=%(refname)%00%(upstream:short)%00%(objectname)%00%(upstream:track)%00%(upstream:remotename)%00%(upstream:remoteref) refs/heads/main refs/remotes/main [5ms]
2024-05-07 03:19:28.073 [info] > git status -z -uall [12ms]
2024-05-07 03:19:52.678 [info] > git show --textconv :public/react/index.js [20ms]
2024-05-07 03:19:52.682 [info] > git ls-files --stage -- /home/opc/OCI-Project/public/react/index.js [7ms]
2024-05-07 03:19:52.708 [info] > git cat-file -s 9b83bf4a9270811da65a73f03790ffe41a870f6b [15ms]
2024-05-07 03:19:56.630 [info] > git show --textconv :public/index.html [14ms]
2024-05-07 03:19:56.635 [info] > git ls-files --stage -- /home/opc/OCI-Project/public/index.html [6ms]
2024-05-07 03:19:56.654 [info] > git cat-file -s aa9b9550689832aafaeed916c8667564290f6a54 [7ms]
2024-05-07 03:20:00.835 [info] > git show --textconv :public/react/index.js [15ms]
2024-05-07 03:20:00.839 [info] > git ls-files --stage -- /home/opc/OCI-Project/public/react/index.js [7ms]
2024-05-07 03:20:00.855 [info] > git cat-file -s 9b83bf4a9270811da65a73f03790ffe41a870f6b [8ms]
2024-05-07 03:20:08.602 [info] > git config --get commit.template [17ms]
2024-05-07 03:20:08.605 [info] > git for-each-ref --format=%(refname)%00%(upstream:short)%00%(objectname)%00%(upstream:track)%00%(upstream:remotename)%00%(upstream:remoteref) refs/heads/main refs/remotes/main [5ms]
2024-05-07 03:20:08.630 [info] > git status -z -uall [13ms]
2024-05-07 03:21:03.153 [info] > git show --textconv :public/react/components/Category.js [18ms]
2024-05-07 03:21:03.158 [info] > git ls-files --stage -- /home/opc/OCI-Project/public/react/components/Category.js [8ms]
2024-05-07 03:21:03.171 [info] > git cat-file -s 499c663c82b1a190e6005f8ee660631071ba4d1d [2ms]
2024-05-07 03:21:19.999 [info] > git config --get commit.template [16ms]
2024-05-07 03:21:20.002 [info] > git for-each-ref --format=%(refname)%00%(upstream:short)%00%(objectname)%00%(upstream:track)%00%(upstream:remotename)%00%(upstream:remoteref) refs/heads/main refs/remotes/main [5ms]
2024-05-07 03:21:20.025 [info] > git status -z -uall [13ms]
2024-05-07 03:22:04.863 [info] > git config --get commit.template [22ms]
2024-05-07 03:22:04.865 [info] > git for-each-ref --format=%(refname)%00%(upstream:short)%00%(objectname)%00%(upstream:track)%00%(upstream:remotename)%00%(upstream:remoteref) refs/heads/main refs/remotes/main [4ms]
2024-05-07 03:22:04.886 [info] > git status -z -uall [11ms]
2024-05-07 03:22:06.766 [info] > git show --textconv :server/server.js [20ms]
2024-05-07 03:22:06.773 [info] > git ls-files --stage -- /home/opc/OCI-Project/server/server.js [9ms]
2024-05-07 03:22:06.796 [info] > git cat-file -s 4c629e1e44060bcb011d66e3cbe880354df3a352 [10ms]
2024-05-07 03:22:18.682 [info] > git show --textconv :server/app.js [17ms]
2024-05-07 03:22:18.692 [info] > git ls-files --stage -- /home/opc/OCI-Project/server/app.js [14ms]
2024-05-07 03:22:18.713 [info] > git cat-file -s 25b829389ce7987bce81c5a6117737af40ef16de [10ms]
2024-05-07 03:22:33.779 [info] > git config --get commit.template [15ms]
2024-05-07 03:22:33.782 [info] > git for-each-ref --format=%(refname)%00%(upstream:short)%00%(objectname)%00%(upstream:track)%00%(upstream:remotename)%00%(upstream:remoteref) refs/heads/main refs/remotes/main [4ms]
2024-05-07 03:22:33.804 [info] > git status -z -uall [11ms]
2024-05-07 03:23:23.618 [info] > git show --textconv :public/react/components/Category.js [17ms]
2024-05-07 03:23:23.620 [info] > git ls-files --stage -- /home/opc/OCI-Project/public/react/components/Category.js [9ms]
2024-05-07 03:23:23.647 [info] > git cat-file -s 499c663c82b1a190e6005f8ee660631071ba4d1d [14ms]
2024-05-07 03:23:30.034 [info] > git show --textconv :public/index.html [16ms]
2024-05-07 03:23:30.038 [info] > git ls-files --stage -- /home/opc/OCI-Project/public/index.html [5ms]
2024-05-07 03:23:30.052 [info] > git cat-file -s aa9b9550689832aafaeed916c8667564290f6a54 [3ms]
2024-05-07 03:25:30.729 [info] > git show --textconv :server/server.js [15ms]
2024-05-07 03:25:30.734 [info] > git ls-files --stage -- /home/opc/OCI-Project/server/server.js [6ms]
2024-05-07 03:25:30.759 [info] > git cat-file -s 4c629e1e44060bcb011d66e3cbe880354df3a352 [12ms]
2024-05-07 03:25:32.776 [info] > git show --textconv :server/app.js [13ms]
2024-05-07 03:25:32.783 [info] > git ls-files --stage -- /home/opc/OCI-Project/server/app.js [8ms]
2024-05-07 03:25:32.795 [info] > git cat-file -s 25b829389ce7987bce81c5a6117737af40ef16de [3ms]
2024-05-07 03:25:34.854 [info] > git show --textconv :public/react/components/Category.js [15ms]
2024-05-07 03:25:34.858 [info] > git ls-files --stage -- /home/opc/OCI-Project/public/react/components/Category.js [7ms]
2024-05-07 03:25:34.869 [info] > git cat-file -s 499c663c82b1a190e6005f8ee660631071ba4d1d [3ms]
2024-05-07 03:25:53.110 [info] > git config --get commit.template [17ms]
2024-05-07 03:25:53.115 [info] > git for-each-ref --format=%(refname)%00%(upstream:short)%00%(objectname)%00%(upstream:track)%00%(upstream:remotename)%00%(upstream:remoteref) refs/heads/main refs/remotes/main [5ms]
2024-05-07 03:25:53.140 [info] > git status -z -uall [13ms]
2024-05-07 03:26:36.398 [info] > git show --textconv :public/react/components/Category.js [23ms]
2024-05-07 03:26:36.404 [info] > git ls-files --stage -- /home/opc/OCI-Project/public/react/components/Category.js [8ms]
2024-05-07 03:26:36.419 [info] > git cat-file -s 499c663c82b1a190e6005f8ee660631071ba4d1d [3ms]
2024-05-07 03:27:09.668 [info] > git config --get commit.template [16ms]
2024-05-07 03:27:09.673 [info] > git for-each-ref --format=%(refname)%00%(upstream:short)%00%(objectname)%00%(upstream:track)%00%(upstream:remotename)%00%(upstream:remoteref) refs/heads/main refs/remotes/main [7ms]
2024-05-07 03:27:09.698 [info] > git status -z -uall [12ms]
2024-05-07 03:27:13.673 [info] > git ls-files --stage -- /home/opc/OCI-Project/public/react/components/Category.js [3ms]
2024-05-07 03:27:13.688 [info] > git cat-file -s c874c0519e492642e3f398cfa9c2410bf212abfc [3ms]
2024-05-07 03:27:13.750 [info] > git show --textconv :public/react/components/Category.js [4ms]
2024-05-07 03:27:14.736 [info] > git config --get commit.template [17ms]
2024-05-07 03:27:14.738 [info] > git for-each-ref --format=%(refname)%00%(upstream:short)%00%(objectname)%00%(upstream:track)%00%(upstream:remotename)%00%(upstream:remoteref) refs/heads/main refs/remotes/main [4ms]
2024-05-07 03:27:14.768 [info] > git status -z -uall [13ms]
2024-05-07 03:27:25.485 [info] > git config --get commit.template [16ms]
2024-05-07 03:27:25.488 [info] > git for-each-ref --format=%(refname)%00%(upstream:short)%00%(objectname)%00%(upstream:track)%00%(upstream:remotename)%00%(upstream:remoteref) refs/heads/main refs/remotes/main [5ms]
2024-05-07 03:27:25.513 [info] > git status -z -uall [12ms]
2024-05-07 03:27:25.540 [info] > git merge-base refs/heads/main refs/remotes/origin/main [10ms]
2024-05-07 03:27:25.557 [info] > git rev-list --count --left-right refs/heads/main...refs/remotes/origin/main [4ms]
2024-05-07 03:27:25.576 [info] > git diff --name-status -z --diff-filter=ADMR bf2c71650d77baac4562b3b3be7284f8740deffb...refs/remotes/origin/main [4ms]
2024-05-07 03:27:25.644 [info] > git ls-files --stage -- /home/opc/OCI-Project/public/react/components/Category.js [4ms]
2024-05-07 03:27:25.664 [info] > git cat-file -s c874c0519e492642e3f398cfa9c2410bf212abfc [4ms]
2024-05-07 03:27:25.732 [info] > git show --textconv :public/react/components/Category.js [5ms]
2024-05-07 03:27:28.773 [info] > git ls-files --stage -- /home/opc/OCI-Project/public/react/components/Category.js [4ms]
2024-05-07 03:27:28.790 [info] > git cat-file -s c874c0519e492642e3f398cfa9c2410bf212abfc [3ms]
2024-05-07 03:27:28.867 [info] > git show --textconv :public/react/components/Category.js [4ms]
2024-05-07 03:27:30.568 [info] > git config --get commit.template [14ms]
2024-05-07 03:27:30.571 [info] > git for-each-ref --format=%(refname)%00%(upstream:short)%00%(objectname)%00%(upstream:track)%00%(upstream:remotename)%00%(upstream:remoteref) refs/heads/main refs/remotes/main [3ms]
2024-05-07 03:27:30.593 [info] > git status -z -uall [10ms]
2024-05-07 03:27:30.620 [info] > git merge-base refs/heads/main refs/remotes/origin/main [13ms]
2024-05-07 03:27:30.646 [info] > git rev-list --count --left-right refs/heads/main...refs/remotes/origin/main [3ms]
2024-05-07 03:27:30.661 [info] > git diff --name-status -z --diff-filter=ADMR 0d2cd2d2df1302779bd282aeb4873daabcece476...refs/remotes/origin/main [3ms]
2024-05-07 03:30:33.251 [info] > git config --get commit.template [20ms]
2024-05-07 03:30:33.260 [info] > git for-each-ref --format=%(refname)%00%(upstream:short)%00%(objectname)%00%(upstream:track)%00%(upstream:remotename)%00%(upstream:remoteref) refs/heads/main refs/remotes/main [9ms]
2024-05-07 03:30:33.289 [info] > git status -z -uall [16ms]
2024-05-07 03:31:03.108 [info] > git config --get commit.template [25ms]
2024-05-07 03:31:03.111 [info] > git for-each-ref --format=%(refname)%00%(upstream:short)%00%(objectname)%00%(upstream:track)%00%(upstream:remotename)%00%(upstream:remoteref) refs/heads/main refs/remotes/main [9ms]
2024-05-07 03:31:03.135 [info] > git status -z -uall [12ms]
2024-05-07 03:32:55.365 [info] > git show --textconv :public/react/index.js [21ms]
2024-05-07 03:32:55.378 [info] > git ls-files --stage -- /home/opc/OCI-Project/public/react/index.js [18ms]
2024-05-07 03:32:55.401 [info] > git cat-file -s cf3d119cd97a7c308180eea9116a66b820bba906 [8ms]
2024-05-07 03:33:40.228 [info] > git merge-base refs/heads/main refs/remotes/origin/main [4ms]
2024-05-07 03:33:40.244 [info] > git rev-list --count --left-right refs/heads/main...refs/remotes/origin/main [3ms]
2024-05-07 03:33:43.144 [info] > git show --textconv :server/app.js [17ms]
2024-05-07 03:33:43.148 [info] > git ls-files --stage -- /home/opc/OCI-Project/server/app.js [7ms]
2024-05-07 03:33:43.162 [info] > git cat-file -s b18b4362f6bceb270ba16e046226cb19d8105480 [2ms]
2024-05-07 03:33:54.118 [info] > git show --textconv :public/index.html [13ms]
2024-05-07 03:33:54.124 [info] > git ls-files --stage -- /home/opc/OCI-Project/public/index.html [6ms]
2024-05-07 03:33:54.136 [info] > git cat-file -s 025947635702d6a86da4ec7d5944c19c19dbe5fc [3ms]
2024-05-07 03:34:00.051 [info] > git show --textconv :public/react/components/Category.js [14ms]
2024-05-07 03:34:00.055 [info] > git ls-files --stage -- /home/opc/OCI-Project/public/react/components/Category.js [5ms]
2024-05-07 03:34:00.076 [info] > git cat-file -s c874c0519e492642e3f398cfa9c2410bf212abfc [9ms]
2024-05-07 03:34:19.797 [info] > git config --get commit.template [18ms]
2024-05-07 03:34:19.801 [info] > git for-each-ref --format=%(refname)%00%(upstream:short)%00%(objectname)%00%(upstream:track)%00%(upstream:remotename)%00%(upstream:remoteref) refs/heads/main refs/remotes/main [5ms]
2024-05-07 03:34:19.826 [info] > git status -z -uall [12ms]
2024-05-07 03:34:41.421 [info] > git show --textconv :public/react/components/Category.jsx [31ms]
2024-05-07 03:34:41.427 [info] > git ls-files --stage -- /home/opc/OCI-Project/public/react/components/Category.jsx [15ms]
2024-05-07 03:34:41.572 [info] > git check-ignore -v -z --stdin [14ms]
2024-05-07 03:34:42.099 [info] > git config --get commit.template [39ms]
2024-05-07 03:34:42.106 [info] > git for-each-ref --format=%(refname)%00%(upstream:short)%00%(objectname)%00%(upstream:track)%00%(upstream:remotename)%00%(upstream:remoteref) refs/heads/main refs/remotes/main [8ms]
2024-05-07 03:34:42.149 [info] > git status -z -uall [19ms]
2024-05-07 03:35:05.723 [info] > git show --textconv :public/react/components/Category.js [21ms]
2024-05-07 03:35:05.734 [info] > git ls-files --stage -- /home/opc/OCI-Project/public/react/components/Category.js [17ms]
2024-05-07 03:35:05.800 [info] > git cat-file -s c874c0519e492642e3f398cfa9c2410bf212abfc [14ms]
2024-05-07 03:35:06.396 [info] > git config --get commit.template [21ms]
2024-05-07 03:35:06.400 [info] > git for-each-ref --format=%(refname)%00%(upstream:short)%00%(objectname)%00%(upstream:track)%00%(upstream:remotename)%00%(upstream:remoteref) refs/heads/main refs/remotes/main [9ms]
2024-05-07 03:35:06.426 [info] > git status -z -uall [12ms]
2024-05-07 03:35:13.439 [info] > git show --textconv :public/index.html [14ms]
2024-05-07 03:35:13.444 [info] > git ls-files --stage -- /home/opc/OCI-Project/public/index.html [5ms]
2024-05-07 03:35:13.457 [info] > git cat-file -s 025947635702d6a86da4ec7d5944c19c19dbe5fc [3ms]
2024-05-07 03:35:16.088 [info] > git show --textconv :public/react/index.js [16ms]
2024-05-07 03:35:16.092 [info] > git ls-files --stage -- /home/opc/OCI-Project/public/react/index.js [4ms]
2024-05-07 03:35:16.112 [info] > git cat-file -s cf3d119cd97a7c308180eea9116a66b820bba906 [8ms]
2024-05-07 03:35:28.661 [info] > git show --textconv :public/react/components/Category.js [16ms]
2024-05-07 03:35:28.666 [info] > git ls-files --stage -- /home/opc/OCI-Project/public/react/components/Category.js [5ms]
2024-05-07 03:35:28.692 [info] > git cat-file -s c874c0519e492642e3f398cfa9c2410bf212abfc [15ms]
2024-05-07 03:35:54.785 [info] > git show --textconv :server/app.js [17ms]
2024-05-07 03:35:54.789 [info] > git ls-files --stage -- /home/opc/OCI-Project/server/app.js [5ms]
2024-05-07 03:35:54.821 [info] > git cat-file -s b18b4362f6bceb270ba16e046226cb19d8105480 [21ms]
2024-05-07 03:35:57.045 [info] > git show --textconv :server/server.js [15ms]
2024-05-07 03:35:57.050 [info] > git ls-files --stage -- /home/opc/OCI-Project/server/server.js [6ms]
2024-05-07 03:35:57.063 [info] > git cat-file -s 48d81c1665f49649caecbb0bcb3d8dcfb79d2ebc [3ms]
2024-05-07 03:35:57.901 [info] > git show --textconv :public/index.html [17ms]
2024-05-07 03:35:57.906 [info] > git ls-files --stage -- /home/opc/OCI-Project/public/index.html [8ms]
2024-05-07 03:35:57.919 [info] > git cat-file -s 025947635702d6a86da4ec7d5944c19c19dbe5fc [3ms]
2024-05-07 03:35:58.980 [info] > git show --textconv :public/react/components/Category.js [17ms]
2024-05-07 03:35:58.984 [info] > git ls-files --stage -- /home/opc/OCI-Project/public/react/components/Category.js [6ms]
2024-05-07 03:35:59.012 [info] > git cat-file -s c874c0519e492642e3f398cfa9c2410bf212abfc [15ms]
2024-05-07 03:35:59.715 [info] > git show --textconv :public/react/index.js [22ms]
2024-05-07 03:35:59.722 [info] > git ls-files --stage -- /home/opc/OCI-Project/public/react/index.js [16ms]
2024-05-07 03:35:59.741 [info] > git cat-file -s cf3d119cd97a7c308180eea9116a66b820bba906 [4ms]
2024-05-07 03:36:00.813 [info] > git show --textconv :server/app.js [18ms]
2024-05-07 03:36:00.820 [info] > git ls-files --stage -- /home/opc/OCI-Project/server/app.js [12ms]
2024-05-07 03:36:00.833 [info] > git cat-file -s b18b4362f6bceb270ba16e046226cb19d8105480 [2ms]
2024-05-07 03:36:05.161 [info] > git show --textconv :public/react/components/Category.js [14ms]
2024-05-07 03:36:05.170 [info] > git ls-files --stage -- /home/opc/OCI-Project/public/react/components/Category.js [10ms]
2024-05-07 03:36:05.189 [info] > git cat-file -s c874c0519e492642e3f398cfa9c2410bf212abfc [6ms]
2024-05-07 03:36:07.451 [info] > git show --textconv :server/app.js [16ms]
2024-05-07 03:36:07.454 [info] > git ls-files --stage -- /home/opc/OCI-Project/server/app.js [5ms]
2024-05-07 03:36:07.468 [info] > git cat-file -s b18b4362f6bceb270ba16e046226cb19d8105480 [2ms]
2024-05-07 03:36:09.317 [info] > git show --textconv :public/react/components/Category.js [19ms]
2024-05-07 03:36:09.321 [info] > git ls-files --stage -- /home/opc/OCI-Project/public/react/components/Category.js [9ms]
2024-05-07 03:36:09.336 [info] > git cat-file -s c874c0519e492642e3f398cfa9c2410bf212abfc [2ms]
2024-05-07 03:38:37.413 [info] > git show --textconv :public/react/components/Category.mjs [20ms]
2024-05-07 03:38:37.419 [info] > git ls-files --stage -- /home/opc/OCI-Project/public/react/components/Category.mjs [9ms]
2024-05-07 03:38:37.530 [info] > git check-ignore -v -z --stdin [17ms]
2024-05-07 03:38:39.016 [info] > git config --get commit.template [15ms]
2024-05-07 03:38:39.019 [info] > git for-each-ref --format=%(refname)%00%(upstream:short)%00%(objectname)%00%(upstream:track)%00%(upstream:remotename)%00%(upstream:remoteref) refs/heads/main refs/remotes/main [5ms]
2024-05-07 03:38:39.047 [info] > git status -z -uall [14ms]
2024-05-07 03:39:00.458 [info] > git show --textconv :public/index.html [14ms]
2024-05-07 03:39:00.466 [info] > git ls-files --stage -- /home/opc/OCI-Project/public/index.html [6ms]
2024-05-07 03:39:00.481 [info] > git cat-file -s 025947635702d6a86da4ec7d5944c19c19dbe5fc [3ms]
2024-05-07 03:39:03.919 [info] > git show --textconv :public/react/index.js [14ms]
2024-05-07 03:39:03.923 [info] > git ls-files --stage -- /home/opc/OCI-Project/public/react/index.js [5ms]
2024-05-07 03:39:03.941 [info] > git cat-file -s cf3d119cd97a7c308180eea9116a66b820bba906 [6ms]
2024-05-07 03:39:08.945 [info] > git config --get commit.template [12ms]
2024-05-07 03:39:08.948 [info] > git for-each-ref --format=%(refname)%00%(upstream:short)%00%(objectname)%00%(upstream:track)%00%(upstream:remotename)%00%(upstream:remoteref) refs/heads/main refs/remotes/main [4ms]
2024-05-07 03:39:08.970 [info] > git status -z -uall [11ms]
2024-05-07 03:39:17.512 [info] > git show --textconv :public/index.html [15ms]
2024-05-07 03:39:17.519 [info] > git ls-files --stage -- /home/opc/OCI-Project/public/index.html [8ms]
2024-05-07 03:39:17.536 [info] > git cat-file -s 025947635702d6a86da4ec7d5944c19c19dbe5fc [6ms]
2024-05-07 03:39:20.226 [info] > git show --textconv :public/react/index.js [16ms]
2024-05-07 03:39:20.230 [info] > git ls-files --stage -- /home/opc/OCI-Project/public/react/index.js [6ms]
2024-05-07 03:39:20.247 [info] > git cat-file -s cf3d119cd97a7c308180eea9116a66b820bba906 [5ms]
2024-05-07 03:39:25.026 [info] > git show --textconv :public/react/components/Category.mjs [16ms]
2024-05-07 03:39:25.031 [info] > git ls-files --stage -- /home/opc/OCI-Project/public/react/components/Category.mjs [7ms]
2024-05-07 03:39:56.373 [info] > git show --textconv :public/react/components/Category.js [43ms]
2024-05-07 03:39:56.383 [info] > git ls-files --stage -- /home/opc/OCI-Project/public/react/components/Category.js [17ms]
2024-05-07 03:39:56.423 [info] > git cat-file -s c874c0519e492642e3f398cfa9c2410bf212abfc [7ms]
2024-05-07 03:39:57.623 [info] > git config --get commit.template [15ms]
2024-05-07 03:39:57.626 [info] > git for-each-ref --format=%(refname)%00%(upstream:short)%00%(objectname)%00%(upstream:track)%00%(upstream:remotename)%00%(upstream:remoteref) refs/heads/main refs/remotes/main [5ms]
2024-05-07 03:39:57.659 [info] > git status -z -uall [20ms]
2024-05-07 03:42:06.759 [info] > git config --get commit.template [22ms]
2024-05-07 03:42:06.765 [info] > git for-each-ref --format=%(refname)%00%(upstream:short)%00%(objectname)%00%(upstream:track)%00%(upstream:remotename)%00%(upstream:remoteref) refs/heads/main refs/remotes/main [10ms]
2024-05-07 03:42:06.795 [info] > git status -z -uall [15ms]
2024-05-07 03:43:13.956 [info] > git config --get commit.template [16ms]
2024-05-07 03:43:13.958 [info] > git for-each-ref --format=%(refname)%00%(upstream:short)%00%(objectname)%00%(upstream:track)%00%(upstream:remotename)%00%(upstream:remoteref) refs/heads/main refs/remotes/main [4ms]
2024-05-07 03:43:13.984 [info] > git status -z -uall [12ms]
2024-05-07 03:44:26.224 [info] > git show --textconv :package-lock.json [29ms]
2024-05-07 03:44:26.236 [info] > git ls-files --stage -- /home/opc/OCI-Project/package-lock.json [13ms]
2024-05-07 03:44:26.270 [info] > git cat-file -s 9323612f3e1f1836483ed66071d9cce0f93582ca [8ms]
2024-05-07 03:44:40.546 [info] > git show --textconv :package.json [48ms]
2024-05-07 03:44:40.548 [info] > git ls-files --stage -- /home/opc/OCI-Project/package.json [17ms]
2024-05-07 03:44:40.565 [info] > git cat-file -s 563d41271e335624c01c85181f4b2a68309fe9d2 [4ms]
2024-05-07 03:45:00.349 [info] > git config --get commit.template [14ms]
2024-05-07 03:45:00.352 [info] > git for-each-ref --format=%(refname)%00%(upstream:short)%00%(objectname)%00%(upstream:track)%00%(upstream:remotename)%00%(upstream:remoteref) refs/heads/main refs/remotes/main [4ms]
2024-05-07 03:45:00.374 [info] > git status -z -uall [12ms]
2024-05-07 03:45:16.100 [info] > git config --get commit.template [30ms]
2024-05-07 03:45:16.102 [info] > git for-each-ref --format=%(refname)%00%(upstream:short)%00%(objectname)%00%(upstream:track)%00%(upstream:remotename)%00%(upstream:remoteref) refs/heads/main refs/remotes/main [5ms]
2024-05-07 03:45:16.129 [info] > git status -z -uall [11ms]
2024-05-07 03:45:31.708 [info] > git config --get commit.template [17ms]
2024-05-07 03:45:31.711 [info] > git for-each-ref --format=%(refname)%00%(upstream:short)%00%(objectname)%00%(upstream:track)%00%(upstream:remotename)%00%(upstream:remoteref) refs/heads/main refs/remotes/main [4ms]
2024-05-07 03:45:31.748 [info] > git status -z -uall [23ms]
2024-05-07 03:45:46.614 [info] > git config --get commit.template [16ms]
2024-05-07 03:45:46.618 [info] > git for-each-ref --format=%(refname)%00%(upstream:short)%00%(objectname)%00%(upstream:track)%00%(upstream:remotename)%00%(upstream:remoteref) refs/heads/main refs/remotes/main [7ms]
2024-05-07 03:45:46.643 [info] > git status -z -uall [12ms]
2024-05-07 03:45:50.721 [info] > git show --textconv :package-lock.json [21ms]
2024-05-07 03:45:50.745 [info] > git ls-files --stage -- /home/opc/OCI-Project/package-lock.json [27ms]
2024-05-07 03:45:50.761 [info] > git cat-file -s 9323612f3e1f1836483ed66071d9cce0f93582ca [3ms]
2024-05-07 03:45:51.679 [info] > git config --get commit.template [16ms]
2024-05-07 03:45:51.682 [info] > git for-each-ref --format=%(refname)%00%(upstream:short)%00%(objectname)%00%(upstream:track)%00%(upstream:remotename)%00%(upstream:remoteref) refs/heads/main refs/remotes/main [4ms]
2024-05-07 03:45:51.707 [info] > git status -z -uall [11ms]
2024-05-07 03:46:44.784 [info] > git show --textconv :package.json [19ms]
2024-05-07 03:46:44.791 [info] > git ls-files --stage -- /home/opc/OCI-Project/package.json [6ms]
2024-05-07 03:46:44.813 [info] > git cat-file -s 563d41271e335624c01c85181f4b2a68309fe9d2 [6ms]
2024-05-07 03:46:48.845 [info] > git show --textconv :package-lock.json [17ms]
2024-05-07 03:46:48.850 [info] > git ls-files --stage -- /home/opc/OCI-Project/package-lock.json [6ms]
2024-05-07 03:46:48.876 [info] > git cat-file -s 9323612f3e1f1836483ed66071d9cce0f93582ca [12ms]
2024-05-07 03:47:09.069 [info] > git show --textconv :package.json [18ms]
2024-05-07 03:47:09.084 [info] > git ls-files --stage -- /home/opc/OCI-Project/package.json [17ms]
2024-05-07 03:47:09.109 [info] > git cat-file -s 563d41271e335624c01c85181f4b2a68309fe9d2 [4ms]
2024-05-07 03:47:57.512 [info] > git config --get commit.template [20ms]
2024-05-07 03:47:57.515 [info] > git for-each-ref --format=%(refname)%00%(upstream:short)%00%(objectname)%00%(upstream:track)%00%(upstream:remotename)%00%(upstream:remoteref) refs/heads/main refs/remotes/main [5ms]
2024-05-07 03:47:57.541 [info] > git status -z -uall [13ms]
2024-05-07 03:48:16.879 [info] > git config --get commit.template [21ms]
2024-05-07 03:48:16.882 [info] > git for-each-ref --format=%(refname)%00%(upstream:short)%00%(objectname)%00%(upstream:track)%00%(upstream:remotename)%00%(upstream:remoteref) refs/heads/main refs/remotes/main [4ms]
2024-05-07 03:48:16.908 [info] > git status -z -uall [12ms]
2024-05-07 03:48:22.518 [info] > git show --textconv :public/react/components/Category.js [17ms]
2024-05-07 03:48:22.531 [info] > git ls-files --stage -- /home/opc/OCI-Project/public/react/components/Category.js [14ms]
2024-05-07 03:48:22.548 [info] > git cat-file -s c874c0519e492642e3f398cfa9c2410bf212abfc [4ms]
2024-05-07 03:49:19.566 [info] > git config --get commit.template [16ms]
2024-05-07 03:49:19.569 [info] > git for-each-ref --format=%(refname)%00%(upstream:short)%00%(objectname)%00%(upstream:track)%00%(upstream:remotename)%00%(upstream:remoteref) refs/heads/main refs/remotes/main [5ms]
2024-05-07 03:49:19.613 [info] > git status -z -uall [29ms]
2024-05-07 03:50:29.772 [info] > git show --textconv :public/index.html [45ms]
2024-05-07 03:50:29.783 [info] > git ls-files --stage -- /home/opc/OCI-Project/public/index.html [20ms]
2024-05-07 03:50:29.825 [info] > git cat-file -s 025947635702d6a86da4ec7d5944c19c19dbe5fc [8ms]
2024-05-07 03:50:30.527 [info] > git config --get commit.template [14ms]
2024-05-07 03:50:30.531 [info] > git for-each-ref --format=%(refname)%00%(upstream:short)%00%(objectname)%00%(upstream:track)%00%(upstream:remotename)%00%(upstream:remoteref) refs/heads/main refs/remotes/main [5ms]
2024-05-07 03:50:30.556 [info] > git status -z -uall [13ms]
2024-05-07 03:50:58.813 [info] > git config --get commit.template [18ms]
2024-05-07 03:50:58.820 [info] > git for-each-ref --format=%(refname)%00%(upstream:short)%00%(objectname)%00%(upstream:track)%00%(upstream:remotename)%00%(upstream:remoteref) refs/heads/main refs/remotes/main [8ms]
2024-05-07 03:50:58.851 [info] > git status -z -uall [13ms]
2024-05-07 03:54:11.609 [info] > git show --textconv :public/index.html [28ms]
2024-05-07 03:54:11.613 [info] > git ls-files --stage -- /home/opc/OCI-Project/public/index.html [10ms]
2024-05-07 03:54:11.629 [info] > git cat-file -s 025947635702d6a86da4ec7d5944c19c19dbe5fc [2ms]
2024-05-07 03:54:32.760 [info] > git config --get commit.template [17ms]
2024-05-07 03:54:32.764 [info] > git for-each-ref --format=%(refname)%00%(upstream:short)%00%(objectname)%00%(upstream:track)%00%(upstream:remotename)%00%(upstream:remoteref) refs/heads/main refs/remotes/main [5ms]
2024-05-07 03:54:32.794 [info] > git status -z -uall [13ms]
2024-05-07 03:55:18.269 [info] > git config --get commit.template [17ms]
2024-05-07 03:55:18.272 [info] > git for-each-ref --format=%(refname)%00%(upstream:short)%00%(objectname)%00%(upstream:track)%00%(upstream:remotename)%00%(upstream:remoteref) refs/heads/main refs/remotes/main [5ms]
2024-05-07 03:55:18.298 [info] > git status -z -uall [12ms]
2024-05-07 03:55:26.382 [info] > git show --textconv :public/script.js [22ms]
2024-05-07 03:55:26.387 [info] > git ls-files --stage -- /home/opc/OCI-Project/public/script.js [9ms]
2024-05-07 03:55:26.449 [info] > git check-ignore -v -z --stdin [18ms]
2024-05-07 03:55:27.006 [info] > git config --get commit.template [20ms]
2024-05-07 03:55:27.009 [info] > git for-each-ref --format=%(refname)%00%(upstream:short)%00%(objectname)%00%(upstream:track)%00%(upstream:remotename)%00%(upstream:remoteref) refs/heads/main refs/remotes/main [4ms]
2024-05-07 03:55:27.036 [info] > git status -z -uall [12ms]
2024-05-07 03:55:35.640 [info] > git show --textconv :public/style.css [19ms]
2024-05-07 03:55:35.644 [info] > git ls-files --stage -- /home/opc/OCI-Project/public/style.css [6ms]
2024-05-07 03:55:35.662 [info] > git cat-file -s e69de29bb2d1d6434b8b29ae775ad8c2e48c5391 [3ms]
2024-05-07 03:56:44.885 [info] > git config --get commit.template [16ms]
2024-05-07 03:56:44.888 [info] > git for-each-ref --format=%(refname)%00%(upstream:short)%00%(objectname)%00%(upstream:track)%00%(upstream:remotename)%00%(upstream:remoteref) refs/heads/main refs/remotes/main [5ms]
2024-05-07 03:56:44.912 [info] > git status -z -uall [11ms]
2024-05-07 03:56:57.719 [info] > git config --get commit.template [12ms]
2024-05-07 03:56:57.723 [info] > git for-each-ref --format=%(refname)%00%(upstream:short)%00%(objectname)%00%(upstream:track)%00%(upstream:remotename)%00%(upstream:remoteref) refs/heads/main refs/remotes/main [6ms]
2024-05-07 03:56:57.747 [info] > git status -z -uall [14ms]
2024-05-07 03:57:02.785 [info] > git config --get commit.template [20ms]
2024-05-07 03:57:02.788 [info] > git for-each-ref --format=%(refname)%00%(upstream:short)%00%(objectname)%00%(upstream:track)%00%(upstream:remotename)%00%(upstream:remoteref) refs/heads/main refs/remotes/main [4ms]
2024-05-07 03:57:02.816 [info] > git status -z -uall [12ms]
2024-05-07 03:57:07.406 [info] > git show --textconv :public/script.js [17ms]
2024-05-07 03:57:07.411 [info] > git ls-files --stage -- /home/opc/OCI-Project/public/script.js [5ms]
2024-05-07 03:57:52.781 [info] > git show --textconv :public/index.html [16ms]
2024-05-07 03:57:52.791 [info] > git ls-files --stage -- /home/opc/OCI-Project/public/index.html [10ms]
2024-05-07 03:57:52.809 [info] > git cat-file -s 025947635702d6a86da4ec7d5944c19c19dbe5fc [6ms]
2024-05-07 03:57:55.365 [info] > git show --textconv :public/script.js [18ms]
2024-05-07 03:57:55.369 [info] > git ls-files --stage -- /home/opc/OCI-Project/public/script.js [9ms]
2024-05-07 03:57:57.645 [info] > git show --textconv :public/index.html [14ms]
2024-05-07 03:57:57.649 [info] > git ls-files --stage -- /home/opc/OCI-Project/public/index.html [5ms]
2024-05-07 03:57:57.665 [info] > git cat-file -s 025947635702d6a86da4ec7d5944c19c19dbe5fc [6ms]
2024-05-07 03:57:59.336 [info] > git show --textconv :public/script.js [16ms]
2024-05-07 03:57:59.341 [info] > git ls-files --stage -- /home/opc/OCI-Project/public/script.js [6ms]
2024-05-07 03:58:25.520 [info] > git show --textconv :public/style.css [44ms]
2024-05-07 03:58:25.521 [info] > git ls-files --stage -- /home/opc/OCI-Project/public/style.css [23ms]
2024-05-07 03:58:25.537 [info] > git config --get commit.template [18ms]
2024-05-07 03:58:25.554 [info] > git cat-file -s e69de29bb2d1d6434b8b29ae775ad8c2e48c5391 [19ms]
2024-05-07 03:58:25.561 [info] > git for-each-ref --format=%(refname)%00%(upstream:short)%00%(objectname)%00%(upstream:track)%00%(upstream:remotename)%00%(upstream:remoteref) refs/heads/main refs/remotes/main [9ms]
2024-05-07 03:58:25.588 [info] > git status -z -uall [14ms]
2024-05-07 03:58:27.429 [info] > git show --textconv :public/script.js [19ms]
2024-05-07 03:58:27.434 [info] > git ls-files --stage -- /home/opc/OCI-Project/public/script.js [5ms]
2024-05-07 03:58:30.619 [info] > git config --get commit.template [13ms]
2024-05-07 03:58:30.623 [info] > git for-each-ref --format=%(refname)%00%(upstream:short)%00%(objectname)%00%(upstream:track)%00%(upstream:remotename)%00%(upstream:remoteref) refs/heads/main refs/remotes/main [5ms]
2024-05-07 03:58:30.646 [info] > git status -z -uall [13ms]
2024-05-07 04:06:32.706 [info] > git config --get commit.template [24ms]
2024-05-07 04:06:32.716 [info] > git for-each-ref --format=%(refname)%00%(upstream:short)%00%(objectname)%00%(upstream:track)%00%(upstream:remotename)%00%(upstream:remoteref) refs/heads/main refs/remotes/main [13ms]
2024-05-07 04:06:32.748 [info] > git status -z -uall [17ms]
2024-05-07 04:07:18.118 [info] > git config --get commit.template [14ms]
2024-05-07 04:07:18.121 [info] > git for-each-ref --format=%(refname)%00%(upstream:short)%00%(objectname)%00%(upstream:track)%00%(upstream:remotename)%00%(upstream:remoteref) refs/heads/main refs/remotes/main [4ms]
2024-05-07 04:07:18.144 [info] > git status -z -uall [12ms]
2024-05-07 04:08:06.664 [info] > git config --get commit.template [15ms]
2024-05-07 04:08:06.667 [info] > git for-each-ref --format=%(refname)%00%(upstream:short)%00%(objectname)%00%(upstream:track)%00%(upstream:remotename)%00%(upstream:remoteref) refs/heads/main refs/remotes/main [3ms]
2024-05-07 04:08:06.696 [info] > git status -z -uall [17ms]
2024-05-07 04:08:06.834 [info] > git ls-files --stage -- /home/opc/OCI-Project/public/script.js [4ms]
2024-05-07 04:08:06.848 [info] > git cat-file -s b95c52847e317182d2065e320c28818fd2241647 [3ms]
2024-05-07 04:08:06.957 [info] > git show --textconv :public/script.js [5ms]
2024-05-07 04:08:23.860 [info] > git config --get commit.template [16ms]
2024-05-07 04:08:23.863 [info] > git for-each-ref --format=%(refname)%00%(upstream:short)%00%(objectname)%00%(upstream:track)%00%(upstream:remotename)%00%(upstream:remoteref) refs/heads/main refs/remotes/main [4ms]
2024-05-07 04:08:23.888 [info] > git status -z -uall [11ms]
2024-05-07 04:08:23.910 [info] > git merge-base refs/heads/main refs/remotes/origin/main [7ms]
2024-05-07 04:08:23.926 [info] > git rev-list --count --left-right refs/heads/main...refs/remotes/origin/main [3ms]
2024-05-07 04:08:23.945 [info] > git diff --name-status -z --diff-filter=ADMR 0d2cd2d2df1302779bd282aeb4873daabcece476...refs/remotes/origin/main [5ms]
2024-05-07 04:08:24.018 [info] > git ls-files --stage -- /home/opc/OCI-Project/public/script.js [3ms]
2024-05-07 04:08:24.032 [info] > git cat-file -s b95c52847e317182d2065e320c28818fd2241647 [3ms]
2024-05-07 04:08:24.110 [info] > git show --textconv :public/script.js [4ms]
2024-05-07 04:08:28.327 [info] > git ls-files --stage -- /home/opc/OCI-Project/public/script.js [4ms]
2024-05-07 04:08:28.341 [info] > git cat-file -s b95c52847e317182d2065e320c28818fd2241647 [3ms]
2024-05-07 04:08:28.410 [info] > git show --textconv :public/script.js [3ms]
2024-05-07 04:08:28.935 [info] > git config --get commit.template [15ms]
2024-05-07 04:08:28.938 [info] > git for-each-ref --format=%(refname)%00%(upstream:short)%00%(objectname)%00%(upstream:track)%00%(upstream:remotename)%00%(upstream:remoteref) refs/heads/main refs/remotes/main [4ms]
2024-05-07 04:08:28.961 [info] > git status -z -uall [11ms]
2024-05-07 04:08:28.987 [info] > git merge-base refs/heads/main refs/remotes/origin/main [9ms]
2024-05-07 04:08:29.003 [info] > git rev-list --count --left-right refs/heads/main...refs/remotes/origin/main [4ms]
2024-05-07 04:08:29.018 [info] > git diff --name-status -z --diff-filter=ADMR 801b32014a85ab20441ab0512caae8316134b109...refs/remotes/origin/main [3ms]
2024-05-07 04:09:15.541 [info] > git config --get commit.template [17ms]
2024-05-07 04:09:15.544 [info] > git for-each-ref --format=%(refname)%00%(upstream:short)%00%(objectname)%00%(upstream:track)%00%(upstream:remotename)%00%(upstream:remoteref) refs/heads/main refs/remotes/main [4ms]
2024-05-07 04:09:15.569 [info] > git status -z -uall [13ms]
2024-05-07 04:10:14.802 [info] > git config --get commit.template [14ms]
2024-05-07 04:10:14.806 [info] > git for-each-ref --format=%(refname)%00%(upstream:short)%00%(objectname)%00%(upstream:track)%00%(upstream:remotename)%00%(upstream:remoteref) refs/heads/main refs/remotes/main [3ms]
2024-05-07 04:10:14.828 [info] > git status -z -uall [11ms]
2024-05-07 04:11:15.974 [info] > git show --textconv :public/index.html [17ms]
2024-05-07 04:11:15.984 [info] > git ls-files --stage -- /home/opc/OCI-Project/public/index.html [11ms]
2024-05-07 04:11:16.016 [info] > git cat-file -s 44f3de75c4848b6596fe7d30d7e7333406a70e97 [11ms]
2024-05-07 04:11:27.532 [info] > git show --textconv :public/script.js [16ms]
2024-05-07 04:11:27.542 [info] > git ls-files --stage -- /home/opc/OCI-Project/public/script.js [11ms]
2024-05-07 04:11:27.559 [info] > git cat-file -s b95c52847e317182d2065e320c28818fd2241647 [3ms]
2024-05-07 04:12:28.969 [info] > git show --textconv :public/index.html [39ms]
2024-05-07 04:12:28.971 [info] > git ls-files --stage -- /home/opc/OCI-Project/public/index.html [16ms]
2024-05-07 04:12:28.986 [info] > git cat-file -s 44f3de75c4848b6596fe7d30d7e7333406a70e97 [3ms]
2024-05-07 04:12:49.384 [info] > git config --get commit.template [17ms]
2024-05-07 04:12:49.388 [info] > git for-each-ref --format=%(refname)%00%(upstream:short)%00%(objectname)%00%(upstream:track)%00%(upstream:remotename)%00%(upstream:remoteref) refs/heads/main refs/remotes/main [6ms]
2024-05-07 04:12:49.415 [info] > git status -z -uall [12ms]
2024-05-07 04:13:14.427 [info] > git config --get commit.template [16ms]
2024-05-07 04:13:14.429 [info] > git for-each-ref --format=%(refname)%00%(upstream:short)%00%(objectname)%00%(upstream:track)%00%(upstream:remotename)%00%(upstream:remoteref) refs/heads/main refs/remotes/main [4ms]
2024-05-07 04:13:14.458 [info] > git status -z -uall [11ms]
2024-05-07 04:13:58.514 [info] > git show --textconv :public/script.js [23ms]
2024-05-07 04:13:58.516 [info] > git ls-files --stage -- /home/opc/OCI-Project/public/script.js [12ms]
2024-05-07 04:13:58.552 [info] > git cat-file -s b95c52847e317182d2065e320c28818fd2241647 [16ms]
2024-05-07 04:14:07.009 [info] > git config --get commit.template [17ms]
2024-05-07 04:14:07.013 [info] > git for-each-ref --format=%(refname)%00%(upstream:short)%00%(objectname)%00%(upstream:track)%00%(upstream:remotename)%00%(upstream:remoteref) refs/heads/main refs/remotes/main [4ms]
2024-05-07 04:14:07.036 [info] > git status -z -uall [12ms]
2024-05-07 04:16:42.505 [info] > git config --get commit.template [22ms]
2024-05-07 04:16:42.508 [info] > git for-each-ref --format=%(refname)%00%(upstream:short)%00%(objectname)%00%(upstream:track)%00%(upstream:remotename)%00%(upstream:remoteref) refs/heads/main refs/remotes/main [6ms]
2024-05-07 04:16:42.538 [info] > git status -z -uall [14ms]
2024-05-07 04:17:35.324 [info] > git config --get commit.template [14ms]
2024-05-07 04:17:35.327 [info] > git for-each-ref --format=%(refname)%00%(upstream:short)%00%(objectname)%00%(upstream:track)%00%(upstream:remotename)%00%(upstream:remoteref) refs/heads/main refs/remotes/main [3ms]
2024-05-07 04:17:35.352 [info] > git status -z -uall [12ms]
2024-05-07 04:19:43.221 [info] > git config --get commit.template [20ms]
2024-05-07 04:19:43.225 [info] > git for-each-ref --format=%(refname)%00%(upstream:short)%00%(objectname)%00%(upstream:track)%00%(upstream:remotename)%00%(upstream:remoteref) refs/heads/main refs/remotes/main [5ms]
2024-05-07 04:19:43.253 [info] > git status -z -uall [13ms]
2024-05-07 04:20:08.606 [info] > git config --get commit.template [18ms]
2024-05-07 04:20:08.609 [info] > git for-each-ref --format=%(refname)%00%(upstream:short)%00%(objectname)%00%(upstream:track)%00%(upstream:remotename)%00%(upstream:remoteref) refs/heads/main refs/remotes/main [6ms]
2024-05-07 04:20:08.635 [info] > git status -z -uall [12ms]
2024-05-07 04:20:08.757 [info] > git ls-files --stage -- /home/opc/OCI-Project/public/script.js [7ms]
2024-05-07 04:20:08.774 [info] > git cat-file -s 99e94a1c38e22f567b4f1553bfa1dbca519e223c [3ms]
2024-05-07 04:20:08.849 [info] > git show --textconv :public/script.js [4ms]
2024-05-07 04:20:23.588 [info] > git config --get commit.template [21ms]
2024-05-07 04:20:23.591 [info] > git for-each-ref --format=%(refname)%00%(upstream:short)%00%(objectname)%00%(upstream:track)%00%(upstream:remotename)%00%(upstream:remoteref) refs/heads/main refs/remotes/main [5ms]
2024-05-07 04:20:23.618 [info] > git status -z -uall [11ms]
2024-05-07 04:20:23.642 [info] > git merge-base refs/heads/main refs/remotes/origin/main [5ms]
2024-05-07 04:20:23.661 [info] > git rev-list --count --left-right refs/heads/main...refs/remotes/origin/main [4ms]
2024-05-07 04:20:23.685 [info] > git diff --name-status -z --diff-filter=ADMR 801b32014a85ab20441ab0512caae8316134b109...refs/remotes/origin/main [4ms]
2024-05-07 04:20:23.739 [info] > git ls-files --stage -- /home/opc/OCI-Project/public/script.js [4ms]
2024-05-07 04:20:23.757 [info] > git cat-file -s 99e94a1c38e22f567b4f1553bfa1dbca519e223c [3ms]
2024-05-07 04:20:23.825 [info] > git show --textconv :public/script.js [4ms]
2024-05-07 04:20:27.251 [info] > git ls-files --stage -- /home/opc/OCI-Project/public/script.js [4ms]
2024-05-07 04:20:27.267 [info] > git cat-file -s 99e94a1c38e22f567b4f1553bfa1dbca519e223c [3ms]
2024-05-07 04:20:27.338 [info] > git show --textconv :public/script.js [4ms]
2024-05-07 04:20:28.673 [info] > git config --get commit.template [17ms]
2024-05-07 04:20:28.676 [info] > git for-each-ref --format=%(refname)%00%(upstream:short)%00%(objectname)%00%(upstream:track)%00%(upstream:remotename)%00%(upstream:remoteref) refs/heads/main refs/remotes/main [4ms]
2024-05-07 04:20:28.703 [info] > git status -z -uall [11ms]
2024-05-07 04:20:28.728 [info] > git merge-base refs/heads/main refs/remotes/origin/main [9ms]
2024-05-07 04:20:28.745 [info] > git rev-list --count --left-right refs/heads/main...refs/remotes/origin/main [3ms]
2024-05-07 04:20:28.763 [info] > git diff --name-status -z --diff-filter=ADMR 566b1d5a5faad4712e4d4fbd1c8f02bde656a352...refs/remotes/origin/main [3ms]
