2024-05-03 15:25:40.214 [info] Log level: Info
2024-05-03 15:25:40.214 [info] Validating found git in: "git"
2024-05-03 15:25:40.214 [info] Using git "2.39.3" from "git"
2024-05-03 15:25:40.214 [info] > git rev-parse --show-toplevel [200ms]
2024-05-03 15:25:40.214 [info] > git rev-parse --git-dir --git-common-dir [3753ms]
2024-05-03 15:25:40.215 [info] Open repository: /home/opc/OCI-Project
2024-05-03 15:25:40.286 [info] > git config --get commit.template [112ms]
2024-05-03 15:25:40.299 [info] > git rev-parse --show-toplevel [93ms]
2024-05-03 15:25:40.435 [info] > git for-each-ref --format=%(refname)%00%(upstream:short)%00%(objectname)%00%(upstream:track)%00%(upstream:remotename)%00%(upstream:remoteref) refs/heads/main refs/remotes/main [76ms]
2024-05-03 15:25:40.450 [info] > git rev-parse --show-toplevel [37ms]
2024-05-03 15:25:40.560 [info] > git status -z -uall [35ms]
2024-05-03 15:25:40.560 [info] > git rev-parse --show-toplevel [66ms]
2024-05-03 15:25:40.683 [info] > git merge-base refs/heads/main refs/remotes/origin/main [68ms]
2024-05-03 15:25:40.867 [info] > git show --textconv :server/app.js [41ms]
2024-05-03 15:25:40.874 [info] > git config --get commit.template [202ms]
2024-05-03 15:25:40.995 [info] > git check-ignore -v -z --stdin [72ms]
2024-05-03 15:25:40.998 [info] > git ls-files --stage -- /home/opc/OCI-Project/server/app.js [134ms]
2024-05-03 15:25:41.024 [info] > git rev-list --count --left-right refs/heads/main...refs/remotes/origin/main [283ms]
2024-05-03 15:25:41.101 [info] > git cat-file -s 03a635c1600194af3f84f9c3587797183ae24427 [80ms]
2024-05-03 15:25:41.113 [info] > git diff --name-status -z --diff-filter=ADMR 75047e1471969f5f7e4c01f848e9ca8eb550a952...refs/remotes/origin/main [57ms]
2024-05-03 15:25:41.131 [info] > git for-each-ref --format=%(refname)%00%(upstream:short)%00%(objectname)%00%(upstream:track)%00%(upstream:remotename)%00%(upstream:remoteref) refs/heads/main refs/remotes/main [33ms]
2024-05-03 15:25:41.200 [info] > git status -z -uall [25ms]
2024-05-03 15:31:20.043 [info] > git show --textconv :README.md [141ms]
2024-05-03 15:31:20.045 [info] > git ls-files --stage -- /home/opc/OCI-Project/README.md [119ms]
2024-05-03 15:31:20.082 [info] > git cat-file -s 26db0b84f3bc4ddef91ddeee42813cbc0731bd2b [13ms]
2024-05-03 15:31:46.937 [info] > git show --textconv :node_modules/pg-pool/index.js [167ms]
2024-05-03 15:31:46.938 [info] > git check-ignore -v -z --stdin [31ms]
2024-05-03 15:31:46.939 [info] > git ls-files --stage -- /home/opc/OCI-Project/node_modules/pg-pool/index.js [93ms]
2024-05-03 15:31:47.032 [info] > git cat-file -s 94004e03178d692dd289acbb8cbceea062da5846 [47ms]
2024-05-03 15:32:01.205 [info] > git show --textconv :server/app.js [24ms]
2024-05-03 15:32:01.212 [info] > git ls-files --stage -- /home/opc/OCI-Project/server/app.js [15ms]
2024-05-03 15:32:01.252 [info] > git cat-file -s 03a635c1600194af3f84f9c3587797183ae24427 [12ms]
2024-05-03 15:48:44.880 [info] > git config --get commit.template [41ms]
2024-05-03 15:48:44.898 [info] > git for-each-ref --format=%(refname)%00%(upstream:short)%00%(objectname)%00%(upstream:track)%00%(upstream:remotename)%00%(upstream:remoteref) refs/heads/main refs/remotes/main [46ms]
2024-05-03 15:48:44.940 [info] > git status -z -uall [18ms]
2024-05-03 16:26:29.778 [info] > git ls-files --stage -- /home/opc/OCI-Project/server/app.js [13ms]
2024-05-03 16:26:29.792 [info] > git show --textconv :server/app.js [53ms]
2024-05-03 16:26:29.797 [info] > git cat-file -s 03a635c1600194af3f84f9c3587797183ae24427 [8ms]
2024-05-03 16:26:59.065 [info] > git show --textconv :server/app.js [19ms]
2024-05-03 16:26:59.078 [info] > git ls-files --stage -- /home/opc/OCI-Project/server/app.js [13ms]
2024-05-03 16:26:59.097 [info] > git cat-file -s 03a635c1600194af3f84f9c3587797183ae24427 [4ms]
2024-05-03 16:29:29.835 [info] > git show --textconv :server/app.js [22ms]
2024-05-03 16:29:29.838 [info] > git ls-files --stage -- /home/opc/OCI-Project/server/app.js [9ms]
2024-05-03 16:29:29.860 [info] > git cat-file -s 03a635c1600194af3f84f9c3587797183ae24427 [10ms]
2024-05-03 16:33:48.431 [info] > git config --get commit.template [22ms]
2024-05-03 16:33:48.440 [info] > git for-each-ref --format=%(refname)%00%(upstream:short)%00%(objectname)%00%(upstream:track)%00%(upstream:remotename)%00%(upstream:remoteref) refs/heads/main refs/remotes/main [10ms]
2024-05-03 16:33:48.469 [info] > git status -z -uall [19ms]
2024-05-03 16:36:29.121 [info] > git show --textconv :server/app.js [16ms]
2024-05-03 16:36:29.126 [info] > git ls-files --stage -- /home/opc/OCI-Project/server/app.js [6ms]
2024-05-03 16:36:29.139 [info] > git cat-file -s 03a635c1600194af3f84f9c3587797183ae24427 [3ms]
2024-05-03 16:38:35.014 [info] > git config --get commit.template [17ms]
2024-05-03 16:38:35.021 [info] > git for-each-ref --format=%(refname)%00%(upstream:short)%00%(objectname)%00%(upstream:track)%00%(upstream:remotename)%00%(upstream:remoteref) refs/heads/main refs/remotes/main [10ms]
2024-05-03 16:38:35.045 [info] > git status -z -uall [12ms]
2024-05-03 16:38:42.299 [info] > git config --get commit.template [15ms]
2024-05-03 16:38:42.299 [info] > git for-each-ref --format=%(refname)%00%(upstream:short)%00%(objectname)%00%(upstream:track)%00%(upstream:remotename)%00%(upstream:remoteref) refs/heads/main refs/remotes/main [7ms]
2024-05-03 16:38:42.321 [info] > git status -z -uall [12ms]
2024-05-03 16:39:38.075 [info] > git config --get commit.template [17ms]
2024-05-03 16:39:38.078 [info] > git for-each-ref --format=%(refname)%00%(upstream:short)%00%(objectname)%00%(upstream:track)%00%(upstream:remotename)%00%(upstream:remoteref) refs/heads/main refs/remotes/main [6ms]
2024-05-03 16:39:38.103 [info] > git status -z -uall [13ms]
2024-05-03 16:40:05.692 [info] > git config --get commit.template [16ms]
2024-05-03 16:40:05.696 [info] > git for-each-ref --format=%(refname)%00%(upstream:short)%00%(objectname)%00%(upstream:track)%00%(upstream:remotename)%00%(upstream:remoteref) refs/heads/main refs/remotes/main [5ms]
2024-05-03 16:40:05.719 [info] > git status -z -uall [11ms]
2024-05-03 16:40:33.242 [info] > git show --textconv :server/app.js [19ms]
2024-05-03 16:40:33.247 [info] > git ls-files --stage -- /home/opc/OCI-Project/server/app.js [8ms]
2024-05-03 16:40:33.280 [info] > git cat-file -s 03a635c1600194af3f84f9c3587797183ae24427 [6ms]
2024-05-03 16:40:59.307 [info] > git config --get commit.template [25ms]
2024-05-03 16:40:59.315 [info] > git for-each-ref --format=%(refname)%00%(upstream:short)%00%(objectname)%00%(upstream:track)%00%(upstream:remotename)%00%(upstream:remoteref) refs/heads/main refs/remotes/main [13ms]
2024-05-03 16:40:59.344 [info] > git status -z -uall [17ms]
2024-05-03 16:41:14.252 [info] > git config --get commit.template [18ms]
2024-05-03 16:41:14.254 [info] > git for-each-ref --format=%(refname)%00%(upstream:short)%00%(objectname)%00%(upstream:track)%00%(upstream:remotename)%00%(upstream:remoteref) refs/heads/main refs/remotes/main [12ms]
2024-05-03 16:41:14.279 [info] > git status -z -uall [13ms]
2024-05-03 16:41:22.442 [info] > git config --get commit.template [12ms]
2024-05-03 16:41:22.445 [info] > git for-each-ref --format=%(refname)%00%(upstream:short)%00%(objectname)%00%(upstream:track)%00%(upstream:remotename)%00%(upstream:remoteref) refs/heads/main refs/remotes/main [4ms]
2024-05-03 16:41:22.470 [info] > git status -z -uall [11ms]
2024-05-03 16:42:12.706 [info] > git show --textconv :server/app.js [18ms]
2024-05-03 16:42:12.712 [info] > git ls-files --stage -- /home/opc/OCI-Project/server/app.js [6ms]
2024-05-03 16:42:12.726 [info] > git cat-file -s 03a635c1600194af3f84f9c3587797183ae24427 [3ms]
2024-05-03 16:43:13.964 [info] > git show --textconv :server/app.js [18ms]
2024-05-03 16:43:13.969 [info] > git ls-files --stage -- /home/opc/OCI-Project/server/app.js [11ms]
2024-05-03 16:43:13.984 [info] > git cat-file -s 03a635c1600194af3f84f9c3587797183ae24427 [3ms]
2024-05-03 16:43:43.029 [info] > git config --get commit.template [20ms]
2024-05-03 16:43:43.032 [info] > git for-each-ref --format=%(refname)%00%(upstream:short)%00%(objectname)%00%(upstream:track)%00%(upstream:remotename)%00%(upstream:remoteref) refs/heads/main refs/remotes/main [6ms]
2024-05-03 16:43:43.057 [info] > git status -z -uall [12ms]
2024-05-03 16:44:44.007 [info] > git show --textconv :server/app.js [21ms]
2024-05-03 16:44:44.014 [info] > git ls-files --stage -- /home/opc/OCI-Project/server/app.js [12ms]
2024-05-03 16:44:44.031 [info] > git cat-file -s 03a635c1600194af3f84f9c3587797183ae24427 [4ms]
