2024-05-02 14:28:58.290 [info] Log level: Info
2024-05-02 14:28:58.290 [info] Validating found git in: "git"
2024-05-02 14:28:58.290 [info] Using git "2.39.3" from "git"
2024-05-02 14:28:58.290 [info] > git rev-parse --show-toplevel [3478ms]
2024-05-02 14:28:58.323 [info] > git rev-parse --git-dir --git-common-dir [213ms]
2024-05-02 14:28:58.366 [info] Open repository: /home/opc/OCI-Project
2024-05-02 14:28:58.773 [info] > git rev-parse --show-toplevel [56ms]
2024-05-02 14:28:58.774 [info] > git config --get commit.template [83ms]
2024-05-02 14:28:58.892 [info] > git rev-parse --show-toplevel [85ms]
2024-05-02 14:28:58.942 [info] > git for-each-ref --format=%(refname)%00%(upstream:short)%00%(objectname)%00%(upstream:track)%00%(upstream:remotename)%00%(upstream:remoteref) refs/heads/main refs/remotes/main [81ms]
2024-05-02 14:28:58.961 [info] > git rev-parse --show-toplevel [36ms]
2024-05-02 14:28:59.052 [info] > git show --textconv :server/app.js [35ms]
2024-05-02 14:28:59.062 [info] > git ls-files --stage -- /home/opc/OCI-Project/server/app.js [12ms]
2024-05-02 14:28:59.143 [info] > git cat-file -s 7f75974c44142a345d4089fd55b6afeccb03f470 [41ms]
2024-05-02 14:28:59.176 [info] > git status -z -uall [36ms]
2024-05-02 14:28:59.315 [info] > git check-ignore -v -z --stdin [36ms]
2024-05-02 14:28:59.318 [info] > git merge-base refs/heads/main refs/remotes/origin/main [103ms]
2024-05-02 14:28:59.383 [info] > git config --get commit.template [57ms]
2024-05-02 14:28:59.390 [info] > git rev-list --count --left-right refs/heads/main...refs/remotes/origin/main [25ms]
2024-05-02 14:28:59.572 [info] > git for-each-ref --format=%(refname)%00%(upstream:short)%00%(objectname)%00%(upstream:track)%00%(upstream:remotename)%00%(upstream:remoteref) refs/heads/main refs/remotes/main [94ms]
2024-05-02 14:28:59.573 [info] > git diff --name-status -z --diff-filter=ADMR a5b3e9e45ec83ac463a53777e11a5cf345dbe7f7...refs/remotes/origin/main [143ms]
2024-05-02 14:28:59.658 [info] > git status -z -uall [24ms]
2024-05-02 16:10:29.854 [info] > git config --get commit.template [23ms]
2024-05-02 16:10:29.858 [info] > git for-each-ref --format=%(refname)%00%(upstream:short)%00%(objectname)%00%(upstream:track)%00%(upstream:remotename)%00%(upstream:remoteref) refs/heads/main refs/remotes/main [13ms]
2024-05-02 16:10:29.884 [info] > git status -z -uall [16ms]
2024-05-02 16:10:41.388 [info] > git show --textconv :server/app.js [17ms]
2024-05-02 16:10:41.397 [info] > git ls-files --stage -- /home/opc/OCI-Project/server/app.js [10ms]
2024-05-02 16:10:41.413 [info] > git cat-file -s 7f75974c44142a345d4089fd55b6afeccb03f470 [4ms]
2024-05-02 16:16:01.896 [info] > git config --get commit.template [29ms]
2024-05-02 16:16:01.899 [info] > git for-each-ref --format=%(refname)%00%(upstream:short)%00%(objectname)%00%(upstream:track)%00%(upstream:remotename)%00%(upstream:remoteref) refs/heads/main refs/remotes/main [13ms]
2024-05-02 16:16:01.931 [info] > git status -z -uall [19ms]
2024-05-02 16:18:11.057 [info] > git config --get commit.template [23ms]
2024-05-02 16:18:11.066 [info] > git for-each-ref --format=%(refname)%00%(upstream:short)%00%(objectname)%00%(upstream:track)%00%(upstream:remotename)%00%(upstream:remoteref) refs/heads/main refs/remotes/main [12ms]
2024-05-02 16:18:11.094 [info] > git status -z -uall [16ms]
2024-05-02 16:18:40.257 [info] > git show --textconv :server/app.js [17ms]
2024-05-02 16:18:40.262 [info] > git ls-files --stage -- /home/opc/OCI-Project/server/app.js [6ms]
2024-05-02 16:18:40.288 [info] > git cat-file -s 7f75974c44142a345d4089fd55b6afeccb03f470 [14ms]
2024-05-02 16:18:55.282 [info] > git config --get commit.template [14ms]
2024-05-02 16:18:55.285 [info] > git for-each-ref --format=%(refname)%00%(upstream:short)%00%(objectname)%00%(upstream:track)%00%(upstream:remotename)%00%(upstream:remoteref) refs/heads/main refs/remotes/main [5ms]
2024-05-02 16:18:55.307 [info] > git status -z -uall [12ms]
2024-05-02 16:19:00.055 [info] > git show --textconv :server/app.js [19ms]
2024-05-02 16:19:00.059 [info] > git ls-files --stage -- /home/opc/OCI-Project/server/app.js [6ms]
2024-05-02 16:19:00.076 [info] > git cat-file -s 7f75974c44142a345d4089fd55b6afeccb03f470 [3ms]
2024-05-02 16:19:09.125 [info] > git show --textconv :server/app.js [16ms]
2024-05-02 16:19:09.129 [info] > git ls-files --stage -- /home/opc/OCI-Project/server/app.js [5ms]
2024-05-02 16:19:09.147 [info] > git cat-file -s 7f75974c44142a345d4089fd55b6afeccb03f470 [6ms]
2024-05-02 16:19:13.323 [info] > git show --textconv :server/app.js [16ms]
2024-05-02 16:19:13.327 [info] > git ls-files --stage -- /home/opc/OCI-Project/server/app.js [5ms]
2024-05-02 16:19:13.348 [info] > git cat-file -s 7f75974c44142a345d4089fd55b6afeccb03f470 [6ms]
2024-05-02 16:19:24.790 [info] > git show --textconv :server/app.js [18ms]
2024-05-02 16:19:24.794 [info] > git ls-files --stage -- /home/opc/OCI-Project/server/app.js [7ms]
2024-05-02 16:19:24.820 [info] > git cat-file -s 7f75974c44142a345d4089fd55b6afeccb03f470 [15ms]
2024-05-02 16:20:31.128 [info] > git config --get commit.template [17ms]
2024-05-02 16:20:31.131 [info] > git for-each-ref --format=%(refname)%00%(upstream:short)%00%(objectname)%00%(upstream:track)%00%(upstream:remotename)%00%(upstream:remoteref) refs/heads/main refs/remotes/main [6ms]
2024-05-02 16:20:31.181 [info] > git status -z -uall [31ms]
2024-05-02 16:20:36.216 [info] > git config --get commit.template [14ms]
2024-05-02 16:20:36.219 [info] > git for-each-ref --format=%(refname)%00%(upstream:short)%00%(objectname)%00%(upstream:track)%00%(upstream:remotename)%00%(upstream:remoteref) refs/heads/main refs/remotes/main [5ms]
2024-05-02 16:20:36.243 [info] > git status -z -uall [13ms]
2024-05-02 16:20:41.273 [info] > git config --get commit.template [15ms]
2024-05-02 16:20:41.277 [info] > git for-each-ref --format=%(refname)%00%(upstream:short)%00%(objectname)%00%(upstream:track)%00%(upstream:remotename)%00%(upstream:remoteref) refs/heads/main refs/remotes/main [5ms]
2024-05-02 16:20:41.300 [info] > git status -z -uall [11ms]
2024-05-02 16:21:48.121 [info] > git config --get commit.template [19ms]
2024-05-02 16:21:48.125 [info] > git for-each-ref --format=%(refname)%00%(upstream:short)%00%(objectname)%00%(upstream:track)%00%(upstream:remotename)%00%(upstream:remoteref) refs/heads/main refs/remotes/main [8ms]
2024-05-02 16:21:48.167 [info] > git status -z -uall [12ms]
2024-05-02 16:21:56.682 [info] > git config --get commit.template [17ms]
2024-05-02 16:21:56.686 [info] > git for-each-ref --format=%(refname)%00%(upstream:short)%00%(objectname)%00%(upstream:track)%00%(upstream:remotename)%00%(upstream:remoteref) refs/heads/main refs/remotes/main [4ms]
2024-05-02 16:21:56.712 [info] > git status -z -uall [13ms]
2024-05-02 16:22:09.465 [info] > git config --get commit.template [15ms]
2024-05-02 16:22:09.468 [info] > git for-each-ref --format=%(refname)%00%(upstream:short)%00%(objectname)%00%(upstream:track)%00%(upstream:remotename)%00%(upstream:remoteref) refs/heads/main refs/remotes/main [3ms]
2024-05-02 16:22:09.491 [info] > git status -z -uall [11ms]
2024-05-02 16:22:20.209 [info] > git show --textconv :server/app.js [20ms]
2024-05-02 16:22:20.214 [info] > git ls-files --stage -- /home/opc/OCI-Project/server/app.js [5ms]
2024-05-02 16:22:20.236 [info] > git cat-file -s 7f75974c44142a345d4089fd55b6afeccb03f470 [8ms]
2024-05-02 16:23:52.110 [info] > git show --textconv :server/app.js [19ms]
2024-05-02 16:23:52.117 [info] > git ls-files --stage -- /home/opc/OCI-Project/server/app.js [8ms]
2024-05-02 16:23:52.132 [info] > git cat-file -s 7f75974c44142a345d4089fd55b6afeccb03f470 [3ms]
2024-05-02 16:24:03.198 [info] > git show --textconv :server/app.js [22ms]
2024-05-02 16:24:03.202 [info] > git ls-files --stage -- /home/opc/OCI-Project/server/app.js [7ms]
2024-05-02 16:24:03.224 [info] > git cat-file -s 7f75974c44142a345d4089fd55b6afeccb03f470 [7ms]
2024-05-02 16:24:49.888 [info] > git show --textconv :server/app.js [19ms]
2024-05-02 16:24:49.892 [info] > git ls-files --stage -- /home/opc/OCI-Project/server/app.js [7ms]
2024-05-02 16:24:49.913 [info] > git cat-file -s 7f75974c44142a345d4089fd55b6afeccb03f470 [7ms]
2024-05-02 16:25:27.343 [info] > git config --get commit.template [21ms]
2024-05-02 16:25:27.348 [info] > git for-each-ref --format=%(refname)%00%(upstream:short)%00%(objectname)%00%(upstream:track)%00%(upstream:remotename)%00%(upstream:remoteref) refs/heads/main refs/remotes/main [13ms]
2024-05-02 16:25:27.409 [info] > git status -z -uall [27ms]
2024-05-02 16:25:32.449 [info] > git config --get commit.template [17ms]
2024-05-02 16:25:32.452 [info] > git for-each-ref --format=%(refname)%00%(upstream:short)%00%(objectname)%00%(upstream:track)%00%(upstream:remotename)%00%(upstream:remoteref) refs/heads/main refs/remotes/main [6ms]
2024-05-02 16:25:32.477 [info] > git status -z -uall [11ms]
2024-05-02 16:26:16.878 [info] > git config --get commit.template [18ms]
2024-05-02 16:26:16.883 [info] > git for-each-ref --format=%(refname)%00%(upstream:short)%00%(objectname)%00%(upstream:track)%00%(upstream:remotename)%00%(upstream:remoteref) refs/heads/main refs/remotes/main [7ms]
2024-05-02 16:26:16.906 [info] > git status -z -uall [13ms]
2024-05-02 16:26:35.335 [info] > git config --get commit.template [16ms]
2024-05-02 16:26:35.338 [info] > git for-each-ref --format=%(refname)%00%(upstream:short)%00%(objectname)%00%(upstream:track)%00%(upstream:remotename)%00%(upstream:remoteref) refs/heads/main refs/remotes/main [4ms]
2024-05-02 16:26:35.362 [info] > git status -z -uall [11ms]
2024-05-02 16:28:21.760 [info] > git check-ignore -v -z --stdin [9ms]
2024-05-02 16:28:29.290 [info] > git show --textconv :server/app.js [27ms]
2024-05-02 16:28:29.294 [info] > git ls-files --stage -- /home/opc/OCI-Project/server/app.js [10ms]
2024-05-02 16:28:29.309 [info] > git cat-file -s 7f75974c44142a345d4089fd55b6afeccb03f470 [3ms]
2024-05-02 16:28:57.937 [info] > git show --textconv :server/app.js [16ms]
2024-05-02 16:28:57.944 [info] > git ls-files --stage -- /home/opc/OCI-Project/server/app.js [8ms]
2024-05-02 16:28:57.959 [info] > git cat-file -s 7f75974c44142a345d4089fd55b6afeccb03f470 [3ms]
2024-05-02 16:29:34.271 [info] > git config --get commit.template [15ms]
2024-05-02 16:29:34.274 [info] > git for-each-ref --format=%(refname)%00%(upstream:short)%00%(objectname)%00%(upstream:track)%00%(upstream:remotename)%00%(upstream:remoteref) refs/heads/main refs/remotes/main [5ms]
2024-05-02 16:29:34.299 [info] > git status -z -uall [12ms]
2024-05-02 16:30:00.690 [info] > git show --textconv :server/app.js [20ms]
2024-05-02 16:30:00.692 [info] > git ls-files --stage -- /home/opc/OCI-Project/server/app.js [8ms]
2024-05-02 16:30:00.705 [info] > git cat-file -s 7f75974c44142a345d4089fd55b6afeccb03f470 [3ms]
2024-05-02 16:30:15.058 [info] > git show --textconv :server/app.js [18ms]
2024-05-02 16:30:15.068 [info] > git ls-files --stage -- /home/opc/OCI-Project/server/app.js [11ms]
2024-05-02 16:30:15.084 [info] > git cat-file -s 7f75974c44142a345d4089fd55b6afeccb03f470 [3ms]
2024-05-02 16:30:34.932 [info] > git config --get commit.template [18ms]
2024-05-02 16:30:34.937 [info] > git for-each-ref --format=%(refname)%00%(upstream:short)%00%(objectname)%00%(upstream:track)%00%(upstream:remotename)%00%(upstream:remoteref) refs/heads/main refs/remotes/main [7ms]
2024-05-02 16:30:34.963 [info] > git status -z -uall [13ms]
2024-05-02 16:30:40.970 [info] > git config --get commit.template [16ms]
2024-05-02 16:30:40.971 [info] > git for-each-ref --format=%(refname)%00%(upstream:short)%00%(objectname)%00%(upstream:track)%00%(upstream:remotename)%00%(upstream:remoteref) refs/heads/main refs/remotes/main [7ms]
2024-05-02 16:30:40.996 [info] > git status -z -uall [12ms]
2024-05-02 16:34:24.466 [info] > git config --get commit.template [17ms]
2024-05-02 16:34:24.468 [info] > git for-each-ref --format=%(refname)%00%(upstream:short)%00%(objectname)%00%(upstream:track)%00%(upstream:remotename)%00%(upstream:remoteref) refs/heads/main refs/remotes/main [7ms]
2024-05-02 16:34:24.494 [info] > git status -z -uall [12ms]
2024-05-02 16:34:58.082 [info] > git show --textconv :server/app.js [18ms]
2024-05-02 16:34:58.089 [info] > git ls-files --stage -- /home/opc/OCI-Project/server/app.js [10ms]
2024-05-02 16:34:58.104 [info] > git cat-file -s 7f75974c44142a345d4089fd55b6afeccb03f470 [3ms]
2024-05-02 16:35:06.837 [info] > git show --textconv :server/app.js [16ms]
2024-05-02 16:35:06.844 [info] > git ls-files --stage -- /home/opc/OCI-Project/server/app.js [8ms]
2024-05-02 16:35:06.861 [info] > git cat-file -s 7f75974c44142a345d4089fd55b6afeccb03f470 [3ms]
2024-05-02 16:35:14.510 [info] > git show --textconv :server/server.js [22ms]
2024-05-02 16:35:14.515 [info] > git ls-files --stage -- /home/opc/OCI-Project/server/server.js [9ms]
2024-05-02 16:35:14.533 [info] > git cat-file -s 48d81c1665f49649caecbb0bcb3d8dcfb79d2ebc [3ms]
2024-05-02 16:35:21.803 [info] > git show --textconv :server/app.js [21ms]
2024-05-02 16:35:21.811 [info] > git ls-files --stage -- /home/opc/OCI-Project/server/app.js [10ms]
2024-05-02 16:35:21.828 [info] > git cat-file -s 7f75974c44142a345d4089fd55b6afeccb03f470 [3ms]
2024-05-02 16:35:39.861 [info] > git config --get commit.template [19ms]
2024-05-02 16:35:39.864 [info] > git for-each-ref --format=%(refname)%00%(upstream:short)%00%(objectname)%00%(upstream:track)%00%(upstream:remotename)%00%(upstream:remoteref) refs/heads/main refs/remotes/main [5ms]
2024-05-02 16:35:39.900 [info] > git status -z -uall [22ms]
2024-05-02 16:35:41.424 [info] > git show --textconv :server/db.js [19ms]
2024-05-02 16:35:41.430 [info] > git ls-files --stage -- /home/opc/OCI-Project/server/db.js [9ms]
2024-05-02 16:35:49.983 [info] > git config --get commit.template [14ms]
2024-05-02 16:35:49.987 [info] > git for-each-ref --format=%(refname)%00%(upstream:short)%00%(objectname)%00%(upstream:track)%00%(upstream:remotename)%00%(upstream:remoteref) refs/heads/main refs/remotes/main [7ms]
2024-05-02 16:35:50.010 [info] > git status -z -uall [11ms]
2024-05-02 16:36:07.313 [info] > git show --textconv :server/app.js [20ms]
2024-05-02 16:36:07.318 [info] > git ls-files --stage -- /home/opc/OCI-Project/server/app.js [7ms]
2024-05-02 16:36:07.340 [info] > git cat-file -s 7f75974c44142a345d4089fd55b6afeccb03f470 [9ms]
2024-05-02 16:36:44.582 [info] > git show --textconv :server/app.js [29ms]
2024-05-02 16:36:44.588 [info] > git ls-files --stage -- /home/opc/OCI-Project/server/app.js [12ms]
2024-05-02 16:36:44.606 [info] > git cat-file -s 7f75974c44142a345d4089fd55b6afeccb03f470 [4ms]
2024-05-02 16:36:52.565 [info] > git config --get commit.template [21ms]
2024-05-02 16:36:52.569 [info] > git for-each-ref --format=%(refname)%00%(upstream:short)%00%(objectname)%00%(upstream:track)%00%(upstream:remotename)%00%(upstream:remoteref) refs/heads/main refs/remotes/main [8ms]
2024-05-02 16:36:52.597 [info] > git status -z -uall [13ms]
2024-05-02 16:36:57.638 [info] > git config --get commit.template [18ms]
2024-05-02 16:36:57.639 [info] > git for-each-ref --format=%(refname)%00%(upstream:short)%00%(objectname)%00%(upstream:track)%00%(upstream:remotename)%00%(upstream:remoteref) refs/heads/main refs/remotes/main [6ms]
2024-05-02 16:36:57.668 [info] > git status -z -uall [11ms]
2024-05-02 16:38:16.953 [info] > git show --textconv :server/app.js [35ms]
2024-05-02 16:38:16.959 [info] > git ls-files --stage -- /home/opc/OCI-Project/server/app.js [21ms]
2024-05-02 16:38:16.975 [info] > git cat-file -s 7f75974c44142a345d4089fd55b6afeccb03f470 [3ms]
2024-05-02 16:53:31.079 [info] > git config --get commit.template [24ms]
2024-05-02 16:53:31.087 [info] > git for-each-ref --format=%(refname)%00%(upstream:short)%00%(objectname)%00%(upstream:track)%00%(upstream:remotename)%00%(upstream:remoteref) refs/heads/main refs/remotes/main [12ms]
2024-05-02 16:53:31.120 [info] > git status -z -uall [19ms]
2024-05-02 16:55:05.443 [info] > git config --get commit.template [23ms]
2024-05-02 16:55:05.450 [info] > git for-each-ref --format=%(refname)%00%(upstream:short)%00%(objectname)%00%(upstream:track)%00%(upstream:remotename)%00%(upstream:remoteref) refs/heads/main refs/remotes/main [10ms]
2024-05-02 16:55:05.479 [info] > git status -z -uall [16ms]
2024-05-02 16:55:52.779 [info] > git show --textconv :server/server.js [18ms]
2024-05-02 16:55:52.784 [info] > git ls-files --stage -- /home/opc/OCI-Project/server/server.js [6ms]
2024-05-02 16:55:52.808 [info] > git cat-file -s 48d81c1665f49649caecbb0bcb3d8dcfb79d2ebc [11ms]
2024-05-02 16:55:54.802 [info] > git show --textconv :server/db.js [16ms]
2024-05-02 16:55:54.806 [info] > git ls-files --stage -- /home/opc/OCI-Project/server/db.js [5ms]
2024-05-02 16:55:58.526 [info] > git show --textconv :server/app.js [15ms]
2024-05-02 16:55:58.530 [info] > git ls-files --stage -- /home/opc/OCI-Project/server/app.js [5ms]
2024-05-02 16:55:58.550 [info] > git cat-file -s 7f75974c44142a345d4089fd55b6afeccb03f470 [9ms]
2024-05-02 16:56:09.807 [info] > git show --textconv :server/app.js [16ms]
2024-05-02 16:56:09.811 [info] > git ls-files --stage -- /home/opc/OCI-Project/server/app.js [6ms]
2024-05-02 16:56:09.834 [info] > git cat-file -s 7f75974c44142a345d4089fd55b6afeccb03f470 [11ms]
2024-05-02 16:56:37.752 [info] > git config --get commit.template [18ms]
2024-05-02 16:56:37.755 [info] > git for-each-ref --format=%(refname)%00%(upstream:short)%00%(objectname)%00%(upstream:track)%00%(upstream:remotename)%00%(upstream:remoteref) refs/heads/main refs/remotes/main [5ms]
2024-05-02 16:56:37.781 [info] > git status -z -uall [13ms]
2024-05-02 16:56:41.840 [info] > git show --textconv :server/app.js [15ms]
2024-05-02 16:56:41.847 [info] > git ls-files --stage -- /home/opc/OCI-Project/server/app.js [9ms]
2024-05-02 16:56:41.862 [info] > git cat-file -s 7f75974c44142a345d4089fd55b6afeccb03f470 [2ms]
2024-05-02 16:56:52.139 [info] > git config --get commit.template [33ms]
2024-05-02 16:56:52.142 [info] > git for-each-ref --format=%(refname)%00%(upstream:short)%00%(objectname)%00%(upstream:track)%00%(upstream:remotename)%00%(upstream:remoteref) refs/heads/main refs/remotes/main [8ms]
2024-05-02 16:56:52.182 [info] > git status -z -uall [12ms]
2024-05-02 16:57:08.223 [info] > git show --textconv :server/app.js [16ms]
2024-05-02 16:57:08.231 [info] > git ls-files --stage -- /home/opc/OCI-Project/server/app.js [8ms]
2024-05-02 16:57:08.252 [info] > git cat-file -s 7f75974c44142a345d4089fd55b6afeccb03f470 [10ms]
2024-05-02 16:58:09.335 [info] > git show --textconv :server/app.js [16ms]
2024-05-02 16:58:09.342 [info] > git ls-files --stage -- /home/opc/OCI-Project/server/app.js [9ms]
2024-05-02 16:58:09.356 [info] > git cat-file -s 7f75974c44142a345d4089fd55b6afeccb03f470 [3ms]
2024-05-02 16:58:18.909 [info] > git config --get commit.template [19ms]
2024-05-02 16:58:18.914 [info] > git for-each-ref --format=%(refname)%00%(upstream:short)%00%(objectname)%00%(upstream:track)%00%(upstream:remotename)%00%(upstream:remoteref) refs/heads/main refs/remotes/main [7ms]
2024-05-02 16:58:18.939 [info] > git status -z -uall [13ms]
2024-05-02 16:58:22.409 [info] > git show --textconv :server/app.js [75ms]
2024-05-02 16:58:22.436 [info] > git ls-files --stage -- /home/opc/OCI-Project/server/app.js [34ms]
2024-05-02 16:58:22.513 [info] > git cat-file -s 7f75974c44142a345d4089fd55b6afeccb03f470 [18ms]
2024-05-02 16:58:33.803 [info] > git show --textconv :server/app.js [24ms]
2024-05-02 16:58:33.813 [info] > git ls-files --stage -- /home/opc/OCI-Project/server/app.js [12ms]
2024-05-02 16:58:33.828 [info] > git cat-file -s 7f75974c44142a345d4089fd55b6afeccb03f470 [4ms]
2024-05-02 17:01:04.403 [info] > git config --get commit.template [16ms]
2024-05-02 17:01:04.406 [info] > git for-each-ref --format=%(refname)%00%(upstream:short)%00%(objectname)%00%(upstream:track)%00%(upstream:remotename)%00%(upstream:remoteref) refs/heads/main refs/remotes/main [5ms]
2024-05-02 17:01:04.456 [info] > git status -z -uall [30ms]
2024-05-02 17:01:31.360 [info] > git show --textconv :server/app.js [16ms]
2024-05-02 17:01:31.364 [info] > git ls-files --stage -- /home/opc/OCI-Project/server/app.js [7ms]
2024-05-02 17:01:31.383 [info] > git cat-file -s 7f75974c44142a345d4089fd55b6afeccb03f470 [7ms]
2024-05-02 17:01:40.870 [info] > git config --get commit.template [16ms]
2024-05-02 17:01:40.873 [info] > git for-each-ref --format=%(refname)%00%(upstream:short)%00%(objectname)%00%(upstream:track)%00%(upstream:remotename)%00%(upstream:remoteref) refs/heads/main refs/remotes/main [4ms]
2024-05-02 17:01:40.897 [info] > git status -z -uall [12ms]
2024-05-02 17:01:44.611 [info] > git show --textconv :server/app.js [18ms]
2024-05-02 17:01:44.615 [info] > git ls-files --stage -- /home/opc/OCI-Project/server/app.js [5ms]
2024-05-02 17:01:44.642 [info] > git cat-file -s 7f75974c44142a345d4089fd55b6afeccb03f470 [11ms]
2024-05-02 17:03:00.194 [info] > git show --textconv :server/app.js [16ms]
2024-05-02 17:03:00.198 [info] > git ls-files --stage -- /home/opc/OCI-Project/server/app.js [5ms]
2024-05-02 17:03:00.220 [info] > git cat-file -s 7f75974c44142a345d4089fd55b6afeccb03f470 [7ms]
2024-05-02 17:06:30.856 [info] > git config --get commit.template [16ms]
2024-05-02 17:06:30.860 [info] > git for-each-ref --format=%(refname)%00%(upstream:short)%00%(objectname)%00%(upstream:track)%00%(upstream:remotename)%00%(upstream:remoteref) refs/heads/main refs/remotes/main [5ms]
2024-05-02 17:06:30.886 [info] > git status -z -uall [13ms]
2024-05-02 17:06:43.626 [info] > git config --get commit.template [18ms]
2024-05-02 17:06:43.629 [info] > git for-each-ref --format=%(refname)%00%(upstream:short)%00%(objectname)%00%(upstream:track)%00%(upstream:remotename)%00%(upstream:remoteref) refs/heads/main refs/remotes/main [5ms]
2024-05-02 17:06:43.655 [info] > git status -z -uall [12ms]
2024-05-02 17:11:42.348 [info] > git show --textconv :server/app.js [16ms]
2024-05-02 17:11:42.361 [info] > git ls-files --stage -- /home/opc/OCI-Project/server/app.js [15ms]
2024-05-02 17:11:42.387 [info] > git cat-file -s 7f75974c44142a345d4089fd55b6afeccb03f470 [9ms]
2024-05-02 17:14:37.202 [info] > git config --get commit.template [13ms]
2024-05-02 17:14:37.206 [info] > git for-each-ref --format=%(refname)%00%(upstream:short)%00%(objectname)%00%(upstream:track)%00%(upstream:remotename)%00%(upstream:remoteref) refs/heads/main refs/remotes/main [6ms]
2024-05-02 17:14:37.230 [info] > git status -z -uall [12ms]
2024-05-02 17:14:53.569 [info] > git config --get commit.template [18ms]
2024-05-02 17:14:53.572 [info] > git for-each-ref --format=%(refname)%00%(upstream:short)%00%(objectname)%00%(upstream:track)%00%(upstream:remotename)%00%(upstream:remoteref) refs/heads/main refs/remotes/main [6ms]
2024-05-02 17:14:53.595 [info] > git status -z -uall [12ms]
2024-05-02 17:15:47.894 [info] > git show --textconv :server/app.js [20ms]
2024-05-02 17:15:47.899 [info] > git ls-files --stage -- /home/opc/OCI-Project/server/app.js [7ms]
2024-05-02 17:15:47.924 [info] > git cat-file -s 7f75974c44142a345d4089fd55b6afeccb03f470 [13ms]
2024-05-02 17:16:03.444 [info] > git config --get commit.template [18ms]
2024-05-02 17:16:03.448 [info] > git for-each-ref --format=%(refname)%00%(upstream:short)%00%(objectname)%00%(upstream:track)%00%(upstream:remotename)%00%(upstream:remoteref) refs/heads/main refs/remotes/main [6ms]
2024-05-02 17:16:03.474 [info] > git status -z -uall [13ms]
2024-05-02 17:16:25.410 [info] > git show --textconv :server/app.js [45ms]
2024-05-02 17:16:25.426 [info] > git ls-files --stage -- /home/opc/OCI-Project/server/app.js [32ms]
2024-05-02 17:16:25.464 [info] > git cat-file -s 7f75974c44142a345d4089fd55b6afeccb03f470 [3ms]
2024-05-02 17:16:29.569 [info] > git show --textconv :server/app.js [27ms]
2024-05-02 17:16:29.573 [info] > git ls-files --stage -- /home/opc/OCI-Project/server/app.js [9ms]
2024-05-02 17:16:29.601 [info] > git cat-file -s 7f75974c44142a345d4089fd55b6afeccb03f470 [5ms]
2024-05-02 17:16:51.318 [info] > git show --textconv :server/app.js [23ms]
2024-05-02 17:16:51.322 [info] > git ls-files --stage -- /home/opc/OCI-Project/server/app.js [8ms]
2024-05-02 17:16:51.346 [info] > git cat-file -s 7f75974c44142a345d4089fd55b6afeccb03f470 [8ms]
2024-05-02 17:19:20.405 [info] > git config --get commit.template [17ms]
2024-05-02 17:19:20.409 [info] > git for-each-ref --format=%(refname)%00%(upstream:short)%00%(objectname)%00%(upstream:track)%00%(upstream:remotename)%00%(upstream:remoteref) refs/heads/main refs/remotes/main [7ms]
2024-05-02 17:19:20.433 [info] > git status -z -uall [13ms]
2024-05-02 17:19:46.837 [info] > git config --get commit.template [15ms]
2024-05-02 17:19:46.841 [info] > git for-each-ref --format=%(refname)%00%(upstream:short)%00%(objectname)%00%(upstream:track)%00%(upstream:remotename)%00%(upstream:remoteref) refs/heads/main refs/remotes/main [8ms]
2024-05-02 17:19:46.864 [info] > git status -z -uall [11ms]
2024-05-02 17:23:44.199 [info] > git config --get commit.template [17ms]
2024-05-02 17:23:44.203 [info] > git for-each-ref --format=%(refname)%00%(upstream:short)%00%(objectname)%00%(upstream:track)%00%(upstream:remotename)%00%(upstream:remoteref) refs/heads/main refs/remotes/main [6ms]
2024-05-02 17:23:44.228 [info] > git status -z -uall [12ms]
2024-05-02 17:24:07.607 [info] > git show --textconv :server/app.js [17ms]
2024-05-02 17:24:07.612 [info] > git ls-files --stage -- /home/opc/OCI-Project/server/app.js [5ms]
2024-05-02 17:24:07.633 [info] > git cat-file -s 7f75974c44142a345d4089fd55b6afeccb03f470 [9ms]
2024-05-02 17:30:00.677 [info] > git show --textconv :server/app.js [29ms]
2024-05-02 17:30:00.682 [info] > git ls-files --stage -- /home/opc/OCI-Project/server/app.js [10ms]
2024-05-02 17:30:00.700 [info] > git cat-file -s 7f75974c44142a345d4089fd55b6afeccb03f470 [4ms]
2024-05-02 17:32:29.198 [info] > git config --get commit.template [17ms]
2024-05-02 17:32:29.203 [info] > git for-each-ref --format=%(refname)%00%(upstream:short)%00%(objectname)%00%(upstream:track)%00%(upstream:remotename)%00%(upstream:remoteref) refs/heads/main refs/remotes/main [8ms]
2024-05-02 17:32:29.230 [info] > git status -z -uall [16ms]
2024-05-02 17:34:01.018 [info] > git show --textconv :server/app.js [19ms]
2024-05-02 17:34:01.023 [info] > git ls-files --stage -- /home/opc/OCI-Project/server/app.js [7ms]
2024-05-02 17:34:01.045 [info] > git cat-file -s 7f75974c44142a345d4089fd55b6afeccb03f470 [7ms]
2024-05-02 17:35:56.358 [info] > git config --get commit.template [22ms]
2024-05-02 17:35:56.361 [info] > git for-each-ref --format=%(refname)%00%(upstream:short)%00%(objectname)%00%(upstream:track)%00%(upstream:remotename)%00%(upstream:remoteref) refs/heads/main refs/remotes/main [5ms]
2024-05-02 17:35:56.386 [info] > git status -z -uall [13ms]
2024-05-02 17:38:25.263 [info] > git config --get commit.template [26ms]
2024-05-02 17:38:25.271 [info] > git for-each-ref --format=%(refname)%00%(upstream:short)%00%(objectname)%00%(upstream:track)%00%(upstream:remotename)%00%(upstream:remoteref) refs/heads/main refs/remotes/main [13ms]
2024-05-02 17:38:25.302 [info] > git status -z -uall [16ms]
2024-05-02 17:39:07.742 [info] > git show --textconv :server/app.js [21ms]
2024-05-02 17:39:07.755 [info] > git ls-files --stage -- /home/opc/OCI-Project/server/app.js [14ms]
2024-05-02 17:39:07.773 [info] > git cat-file -s 7f75974c44142a345d4089fd55b6afeccb03f470 [4ms]
2024-05-02 17:41:07.834 [info] > git config --get commit.template [29ms]
2024-05-02 17:41:07.841 [info] > git for-each-ref --format=%(refname)%00%(upstream:short)%00%(objectname)%00%(upstream:track)%00%(upstream:remotename)%00%(upstream:remoteref) refs/heads/main refs/remotes/main [11ms]
2024-05-02 17:41:07.871 [info] > git status -z -uall [15ms]
2024-05-02 17:41:13.570 [info] > git config --get commit.template [20ms]
2024-05-02 17:41:13.573 [info] > git for-each-ref --format=%(refname)%00%(upstream:short)%00%(objectname)%00%(upstream:track)%00%(upstream:remotename)%00%(upstream:remoteref) refs/heads/main refs/remotes/main [6ms]
2024-05-02 17:41:13.621 [info] > git status -z -uall [29ms]
2024-05-02 17:43:24.874 [info] > git config --get commit.template [18ms]
2024-05-02 17:43:24.877 [info] > git for-each-ref --format=%(refname)%00%(upstream:short)%00%(objectname)%00%(upstream:track)%00%(upstream:remotename)%00%(upstream:remoteref) refs/heads/main refs/remotes/main [7ms]
2024-05-02 17:43:24.904 [info] > git status -z -uall [12ms]
2024-05-02 17:45:38.153 [info] > git config --get commit.template [17ms]
2024-05-02 17:45:38.157 [info] > git for-each-ref --format=%(refname)%00%(upstream:short)%00%(objectname)%00%(upstream:track)%00%(upstream:remotename)%00%(upstream:remoteref) refs/heads/main refs/remotes/main [7ms]
2024-05-02 17:45:38.182 [info] > git status -z -uall [11ms]
2024-05-02 17:45:53.108 [info] > git show --textconv :server/app.js [19ms]
2024-05-02 17:45:53.112 [info] > git ls-files --stage -- /home/opc/OCI-Project/server/app.js [5ms]
2024-05-02 17:45:53.134 [info] > git cat-file -s 7f75974c44142a345d4089fd55b6afeccb03f470 [7ms]
2024-05-02 17:46:03.267 [info] > git config --get commit.template [18ms]
2024-05-02 17:46:03.271 [info] > git for-each-ref --format=%(refname)%00%(upstream:short)%00%(objectname)%00%(upstream:track)%00%(upstream:remotename)%00%(upstream:remoteref) refs/heads/main refs/remotes/main [6ms]
2024-05-02 17:46:03.299 [info] > git status -z -uall [12ms]
2024-05-02 17:46:08.338 [info] > git config --get commit.template [18ms]
2024-05-02 17:46:08.341 [info] > git for-each-ref --format=%(refname)%00%(upstream:short)%00%(objectname)%00%(upstream:track)%00%(upstream:remotename)%00%(upstream:remoteref) refs/heads/main refs/remotes/main [6ms]
2024-05-02 17:46:08.369 [info] > git status -z -uall [12ms]
2024-05-02 17:46:46.797 [info] > git config --get commit.template [16ms]
2024-05-02 17:46:46.801 [info] > git for-each-ref --format=%(refname)%00%(upstream:short)%00%(objectname)%00%(upstream:track)%00%(upstream:remotename)%00%(upstream:remoteref) refs/heads/main refs/remotes/main [7ms]
2024-05-02 17:46:46.825 [info] > git status -z -uall [11ms]
2024-05-02 17:47:24.592 [info] > git show --textconv :server/app.js [29ms]
2024-05-02 17:47:24.597 [info] > git ls-files --stage -- /home/opc/OCI-Project/server/app.js [11ms]
2024-05-02 17:47:24.614 [info] > git cat-file -s 7f75974c44142a345d4089fd55b6afeccb03f470 [3ms]
2024-05-02 17:47:36.013 [info] > git config --get commit.template [27ms]
2024-05-02 17:47:36.018 [info] > git for-each-ref --format=%(refname)%00%(upstream:short)%00%(objectname)%00%(upstream:track)%00%(upstream:remotename)%00%(upstream:remoteref) refs/heads/main refs/remotes/main [10ms]
2024-05-02 17:47:36.049 [info] > git status -z -uall [15ms]
2024-05-02 17:47:39.751 [info] > git show --textconv :server/app.js [19ms]
2024-05-02 17:47:39.755 [info] > git ls-files --stage -- /home/opc/OCI-Project/server/app.js [6ms]
2024-05-02 17:47:39.777 [info] > git cat-file -s 7f75974c44142a345d4089fd55b6afeccb03f470 [7ms]
2024-05-02 17:47:45.001 [info] > git config --get commit.template [17ms]
2024-05-02 17:47:45.005 [info] > git for-each-ref --format=%(refname)%00%(upstream:short)%00%(objectname)%00%(upstream:track)%00%(upstream:remotename)%00%(upstream:remoteref) refs/heads/main refs/remotes/main [5ms]
2024-05-02 17:47:45.029 [info] > git status -z -uall [11ms]
2024-05-02 17:48:24.454 [info] > git config --get commit.template [18ms]
2024-05-02 17:48:24.457 [info] > git for-each-ref --format=%(refname)%00%(upstream:short)%00%(objectname)%00%(upstream:track)%00%(upstream:remotename)%00%(upstream:remoteref) refs/heads/main refs/remotes/main [6ms]
2024-05-02 17:48:24.482 [info] > git status -z -uall [11ms]
2024-05-02 17:48:43.780 [info] > git show --textconv :server/app.js [23ms]
2024-05-02 17:48:43.785 [info] > git ls-files --stage -- /home/opc/OCI-Project/server/app.js [8ms]
2024-05-02 17:48:43.807 [info] > git cat-file -s 7f75974c44142a345d4089fd55b6afeccb03f470 [4ms]
2024-05-02 17:48:53.361 [info] > git config --get commit.template [19ms]
2024-05-02 17:48:53.364 [info] > git for-each-ref --format=%(refname)%00%(upstream:short)%00%(objectname)%00%(upstream:track)%00%(upstream:remotename)%00%(upstream:remoteref) refs/heads/main refs/remotes/main [4ms]
2024-05-02 17:48:53.391 [info] > git status -z -uall [12ms]
2024-05-02 17:50:05.382 [info] > git show --textconv :server/app.js [18ms]
2024-05-02 17:50:05.392 [info] > git ls-files --stage -- /home/opc/OCI-Project/server/app.js [11ms]
2024-05-02 17:50:05.408 [info] > git cat-file -s 7f75974c44142a345d4089fd55b6afeccb03f470 [3ms]
2024-05-02 17:50:44.802 [info] > git config --get commit.template [23ms]
2024-05-02 17:50:44.806 [info] > git for-each-ref --format=%(refname)%00%(upstream:short)%00%(objectname)%00%(upstream:track)%00%(upstream:remotename)%00%(upstream:remoteref) refs/heads/main refs/remotes/main [7ms]
2024-05-02 17:50:44.838 [info] > git status -z -uall [13ms]
2024-05-02 17:52:01.983 [info] > git config --get commit.template [21ms]
2024-05-02 17:52:01.986 [info] > git for-each-ref --format=%(refname)%00%(upstream:short)%00%(objectname)%00%(upstream:track)%00%(upstream:remotename)%00%(upstream:remoteref) refs/heads/main refs/remotes/main [7ms]
2024-05-02 17:52:02.016 [info] > git status -z -uall [13ms]
2024-05-02 17:52:52.834 [info] > git show --textconv :server/app.js [22ms]
2024-05-02 17:52:52.842 [info] > git ls-files --stage -- /home/opc/OCI-Project/server/app.js [10ms]
2024-05-02 17:52:52.862 [info] > git cat-file -s 7f75974c44142a345d4089fd55b6afeccb03f470 [3ms]
2024-05-02 17:53:19.345 [info] > git show --textconv :server/app.js [29ms]
2024-05-02 17:53:19.350 [info] > git ls-files --stage -- /home/opc/OCI-Project/server/app.js [11ms]
2024-05-02 17:53:19.372 [info] > git cat-file -s 7f75974c44142a345d4089fd55b6afeccb03f470 [4ms]
2024-05-02 17:53:23.910 [info] > git config --get commit.template [31ms]
2024-05-02 17:53:23.914 [info] > git for-each-ref --format=%(refname)%00%(upstream:short)%00%(objectname)%00%(upstream:track)%00%(upstream:remotename)%00%(upstream:remoteref) refs/heads/main refs/remotes/main [14ms]
2024-05-02 17:53:23.946 [info] > git status -z -uall [13ms]
2024-05-02 17:53:56.290 [info] > git show --textconv :server/app.js [29ms]
2024-05-02 17:53:56.295 [info] > git ls-files --stage -- /home/opc/OCI-Project/server/app.js [11ms]
2024-05-02 17:53:56.322 [info] > git cat-file -s 7f75974c44142a345d4089fd55b6afeccb03f470 [10ms]
2024-05-02 17:54:05.202 [info] > git config --get commit.template [27ms]
2024-05-02 17:54:05.207 [info] > git for-each-ref --format=%(refname)%00%(upstream:short)%00%(objectname)%00%(upstream:track)%00%(upstream:remotename)%00%(upstream:remoteref) refs/heads/main refs/remotes/main [9ms]
2024-05-02 17:54:05.237 [info] > git status -z -uall [14ms]
2024-05-02 17:54:27.498 [info] > git config --get commit.template [20ms]
2024-05-02 17:54:27.501 [info] > git for-each-ref --format=%(refname)%00%(upstream:short)%00%(objectname)%00%(upstream:track)%00%(upstream:remotename)%00%(upstream:remoteref) refs/heads/main refs/remotes/main [5ms]
2024-05-02 17:54:27.526 [info] > git status -z -uall [11ms]
2024-05-02 17:54:35.547 [info] > git config --get commit.template [17ms]
2024-05-02 17:54:35.550 [info] > git for-each-ref --format=%(refname)%00%(upstream:short)%00%(objectname)%00%(upstream:track)%00%(upstream:remotename)%00%(upstream:remoteref) refs/heads/main refs/remotes/main [7ms]
2024-05-02 17:54:35.576 [info] > git status -z -uall [12ms]
2024-05-02 17:55:05.252 [info] > git show --textconv :server/app.js [30ms]
2024-05-02 17:55:05.260 [info] > git ls-files --stage -- /home/opc/OCI-Project/server/app.js [11ms]
2024-05-02 17:55:05.279 [info] > git cat-file -s 7f75974c44142a345d4089fd55b6afeccb03f470 [3ms]
2024-05-02 17:55:17.101 [info] > git show --textconv :server/app.js [19ms]
2024-05-02 17:55:17.106 [info] > git ls-files --stage -- /home/opc/OCI-Project/server/app.js [6ms]
2024-05-02 17:55:17.129 [info] > git cat-file -s 7f75974c44142a345d4089fd55b6afeccb03f470 [10ms]
2024-05-02 18:17:32.527 [info] > git config --get commit.template [21ms]
2024-05-02 18:17:32.528 [info] > git for-each-ref --format=%(refname)%00%(upstream:short)%00%(objectname)%00%(upstream:track)%00%(upstream:remotename)%00%(upstream:remoteref) refs/heads/main refs/remotes/main [8ms]
2024-05-02 18:17:32.556 [info] > git status -z -uall [14ms]
2024-05-02 18:18:49.439 [info] > git config --get commit.template [16ms]
2024-05-02 18:18:49.442 [info] > git for-each-ref --format=%(refname)%00%(upstream:short)%00%(objectname)%00%(upstream:track)%00%(upstream:remotename)%00%(upstream:remoteref) refs/heads/main refs/remotes/main [6ms]
2024-05-02 18:18:49.468 [info] > git status -z -uall [11ms]
2024-05-02 18:19:06.250 [info] > git show --textconv :server/app.js [24ms]
2024-05-02 18:19:06.254 [info] > git ls-files --stage -- /home/opc/OCI-Project/server/app.js [6ms]
2024-05-02 18:19:06.278 [info] > git cat-file -s 7f75974c44142a345d4089fd55b6afeccb03f470 [9ms]
2024-05-02 18:22:36.537 [info] > git config --get commit.template [20ms]
2024-05-02 18:22:36.541 [info] > git for-each-ref --format=%(refname)%00%(upstream:short)%00%(objectname)%00%(upstream:track)%00%(upstream:remotename)%00%(upstream:remoteref) refs/heads/main refs/remotes/main [7ms]
2024-05-02 18:22:36.573 [info] > git status -z -uall [16ms]
2024-05-02 18:22:36.673 [info] > git ls-files --stage -- /home/opc/OCI-Project/server/app.js [4ms]
2024-05-02 18:22:36.692 [info] > git cat-file -s 03a635c1600194af3f84f9c3587797183ae24427 [5ms]
2024-05-02 18:22:36.775 [info] > git show --textconv :server/app.js [4ms]
2024-05-02 18:23:37.590 [info] > git config --get commit.template [16ms]
2024-05-02 18:23:37.593 [info] > git for-each-ref --format=%(refname)%00%(upstream:short)%00%(objectname)%00%(upstream:track)%00%(upstream:remotename)%00%(upstream:remoteref) refs/heads/main refs/remotes/main [6ms]
2024-05-02 18:23:37.619 [info] > git status -z -uall [13ms]
2024-05-02 18:23:37.640 [info] > git merge-base refs/heads/main refs/remotes/origin/main [6ms]
2024-05-02 18:23:37.656 [info] > git rev-list --count --left-right refs/heads/main...refs/remotes/origin/main [4ms]
2024-05-02 18:23:37.673 [info] > git diff --name-status -z --diff-filter=ADMR a5b3e9e45ec83ac463a53777e11a5cf345dbe7f7...refs/remotes/origin/main [4ms]
2024-05-02 18:23:37.738 [info] > git ls-files --stage -- /home/opc/OCI-Project/server/app.js [4ms]
2024-05-02 18:23:37.753 [info] > git cat-file -s 03a635c1600194af3f84f9c3587797183ae24427 [3ms]
2024-05-02 18:23:37.822 [info] > git show --textconv :server/app.js [4ms]
2024-05-02 18:23:44.365 [info] > git config --get commit.template [17ms]
2024-05-02 18:23:44.369 [info] > git for-each-ref --format=%(refname)%00%(upstream:short)%00%(objectname)%00%(upstream:track)%00%(upstream:remotename)%00%(upstream:remoteref) refs/heads/main refs/remotes/main [4ms]
2024-05-02 18:23:44.395 [info] > git status -z -uall [11ms]
2024-05-02 18:23:44.424 [info] > git merge-base refs/heads/main refs/remotes/origin/main [12ms]
2024-05-02 18:23:44.442 [info] > git rev-list --count --left-right refs/heads/main...refs/remotes/origin/main [4ms]
2024-05-02 18:23:44.466 [info] > git diff --name-status -z --diff-filter=ADMR 75047e1471969f5f7e4c01f848e9ca8eb550a952...refs/remotes/origin/main [4ms]
2024-05-02 18:23:44.506 [info] > git ls-files --stage -- /home/opc/OCI-Project/server/app.js [4ms]
2024-05-02 18:23:44.532 [info] > git cat-file -s 03a635c1600194af3f84f9c3587797183ae24427 [10ms]
2024-05-02 18:23:44.600 [info] > git show --textconv :server/app.js [4ms]
2024-05-02 18:55:12.925 [info] > git config --get commit.template [23ms]
2024-05-02 18:55:12.933 [info] > git for-each-ref --format=%(refname)%00%(upstream:short)%00%(objectname)%00%(upstream:track)%00%(upstream:remotename)%00%(upstream:remoteref) refs/heads/main refs/remotes/main [11ms]
2024-05-02 18:55:12.963 [info] > git status -z -uall [16ms]
2024-05-02 18:55:17.592 [info] > git show --textconv :server/app.js [33ms]
2024-05-02 18:55:17.596 [info] > git ls-files --stage -- /home/opc/OCI-Project/server/app.js [18ms]
2024-05-02 18:55:17.620 [info] > git cat-file -s 03a635c1600194af3f84f9c3587797183ae24427 [9ms]
2024-05-02 18:56:35.462 [info] > git show --textconv :server/app.js [24ms]
2024-05-02 18:56:35.467 [info] > git ls-files --stage -- /home/opc/OCI-Project/server/app.js [10ms]
2024-05-02 18:56:35.488 [info] > git cat-file -s 03a635c1600194af3f84f9c3587797183ae24427 [6ms]
2024-05-02 18:56:57.405 [info] > git show --textconv :server/app.js [18ms]
2024-05-02 18:56:57.409 [info] > git ls-files --stage -- /home/opc/OCI-Project/server/app.js [5ms]
2024-05-02 18:56:57.428 [info] > git cat-file -s 03a635c1600194af3f84f9c3587797183ae24427 [6ms]
2024-05-02 18:57:01.696 [info] > git config --get commit.template [18ms]
2024-05-02 18:57:01.699 [info] > git for-each-ref --format=%(refname)%00%(upstream:short)%00%(objectname)%00%(upstream:track)%00%(upstream:remotename)%00%(upstream:remoteref) refs/heads/main refs/remotes/main [5ms]
2024-05-02 18:57:01.728 [info] > git status -z -uall [13ms]
2024-05-02 18:59:36.129 [info] > git show --textconv :server/app.js [20ms]
2024-05-02 18:59:36.134 [info] > git ls-files --stage -- /home/opc/OCI-Project/server/app.js [7ms]
2024-05-02 18:59:36.159 [info] > git cat-file -s 03a635c1600194af3f84f9c3587797183ae24427 [12ms]
2024-05-02 19:00:35.138 [info] > git config --get commit.template [22ms]
2024-05-02 19:00:35.141 [info] > git for-each-ref --format=%(refname)%00%(upstream:short)%00%(objectname)%00%(upstream:track)%00%(upstream:remotename)%00%(upstream:remoteref) refs/heads/main refs/remotes/main [7ms]
2024-05-02 19:00:35.165 [info] > git status -z -uall [12ms]
2024-05-02 19:00:40.215 [info] > git config --get commit.template [24ms]
2024-05-02 19:00:40.216 [info] > git for-each-ref --format=%(refname)%00%(upstream:short)%00%(objectname)%00%(upstream:track)%00%(upstream:remotename)%00%(upstream:remoteref) refs/heads/main refs/remotes/main [8ms]
2024-05-02 19:00:40.245 [info] > git status -z -uall [12ms]
2024-05-02 19:00:50.455 [info] > git show --textconv :server/app.js [19ms]
2024-05-02 19:00:50.460 [info] > git ls-files --stage -- /home/opc/OCI-Project/server/app.js [6ms]
2024-05-02 19:00:50.481 [info] > git cat-file -s 03a635c1600194af3f84f9c3587797183ae24427 [7ms]
2024-05-02 19:01:00.500 [info] > git config --get commit.template [14ms]
2024-05-02 19:01:00.503 [info] > git for-each-ref --format=%(refname)%00%(upstream:short)%00%(objectname)%00%(upstream:track)%00%(upstream:remotename)%00%(upstream:remoteref) refs/heads/main refs/remotes/main [5ms]
2024-05-02 19:01:00.526 [info] > git status -z -uall [11ms]
2024-05-02 19:03:42.550 [info] > git config --get commit.template [17ms]
2024-05-02 19:03:42.551 [info] > git for-each-ref --format=%(refname)%00%(upstream:short)%00%(objectname)%00%(upstream:track)%00%(upstream:remotename)%00%(upstream:remoteref) refs/heads/main refs/remotes/main [5ms]
2024-05-02 19:03:42.576 [info] > git status -z -uall [11ms]
2024-05-02 19:04:03.523 [info] > git show --textconv :server/app.js [18ms]
2024-05-02 19:04:03.527 [info] > git ls-files --stage -- /home/opc/OCI-Project/server/app.js [5ms]
2024-05-02 19:04:03.556 [info] > git cat-file -s 03a635c1600194af3f84f9c3587797183ae24427 [15ms]
2024-05-02 19:04:15.656 [info] > git config --get commit.template [16ms]
2024-05-02 19:04:15.664 [info] > git for-each-ref --format=%(refname)%00%(upstream:short)%00%(objectname)%00%(upstream:track)%00%(upstream:remotename)%00%(upstream:remoteref) refs/heads/main refs/remotes/main [10ms]
2024-05-02 19:04:15.689 [info] > git status -z -uall [12ms]
2024-05-02 19:08:24.349 [info] > git config --get commit.template [22ms]
2024-05-02 19:08:24.356 [info] > git for-each-ref --format=%(refname)%00%(upstream:short)%00%(objectname)%00%(upstream:track)%00%(upstream:remotename)%00%(upstream:remoteref) refs/heads/main refs/remotes/main [10ms]
2024-05-02 19:08:24.384 [info] > git status -z -uall [16ms]
2024-05-02 19:09:30.404 [info] > git show --textconv :server/app.js [27ms]
2024-05-02 19:09:30.410 [info] > git ls-files --stage -- /home/opc/OCI-Project/server/app.js [14ms]
2024-05-02 19:09:30.426 [info] > git cat-file -s 03a635c1600194af3f84f9c3587797183ae24427 [3ms]
2024-05-02 19:09:39.847 [info] > git show --textconv :server/app.js [17ms]
2024-05-02 19:09:39.850 [info] > git ls-files --stage -- /home/opc/OCI-Project/server/app.js [6ms]
2024-05-02 19:09:39.871 [info] > git cat-file -s 03a635c1600194af3f84f9c3587797183ae24427 [6ms]
