2024-05-08 02:54:30.028 [info] Log level: Info
2024-05-08 02:54:30.028 [info] Validating found git in: "git"
2024-05-08 02:54:30.028 [info] Using git "2.39.3" from "git"
2024-05-08 02:54:30.028 [info] > git rev-parse --show-toplevel [136ms]
2024-05-08 02:54:30.053 [info] > git rev-parse --git-dir --git-common-dir [3337ms]
2024-05-08 02:54:30.122 [info] Open repository: /home/opc/OCI-Project
2024-05-08 02:54:30.483 [info] > git rev-parse --show-toplevel [240ms]
2024-05-08 02:54:30.488 [info] > git config --get commit.template [310ms]
2024-05-08 02:54:30.587 [info] > git rev-parse --show-toplevel [70ms]
2024-05-08 02:54:30.653 [info] > git for-each-ref --format=%(refname)%00%(upstream:short)%00%(objectname)%00%(upstream:track)%00%(upstream:remotename)%00%(upstream:remoteref) refs/heads/main refs/remotes/main [84ms]
2024-05-08 02:54:30.683 [info] > git rev-parse --show-toplevel [34ms]
2024-05-08 02:54:30.841 [info] > git show --textconv :public/script.js [99ms]
2024-05-08 02:54:30.842 [info] > git check-ignore -v -z --stdin [37ms]
2024-05-08 02:54:30.882 [info] > git ls-files --stage -- /home/opc/OCI-Project/public/script.js [108ms]
2024-05-08 02:54:30.976 [info] > git cat-file -s 99e94a1c38e22f567b4f1553bfa1dbca519e223c [58ms]
2024-05-08 02:54:31.010 [info] > git status -z -uall [38ms]
2024-05-08 02:54:31.130 [info] > git merge-base refs/heads/main refs/remotes/origin/main [84ms]
2024-05-08 02:54:31.175 [info] > git config --get commit.template [47ms]
2024-05-08 02:54:31.184 [info] > git rev-list --count --left-right refs/heads/main...refs/remotes/origin/main [22ms]
2024-05-08 02:54:31.355 [info] > git for-each-ref --format=%(refname)%00%(upstream:short)%00%(objectname)%00%(upstream:track)%00%(upstream:remotename)%00%(upstream:remoteref) refs/heads/main refs/remotes/main [97ms]
2024-05-08 02:54:31.358 [info] > git diff --name-status -z --diff-filter=ADMR 566b1d5a5faad4712e4d4fbd1c8f02bde656a352...refs/remotes/origin/main [138ms]
2024-05-08 02:54:31.577 [info] > git status -z -uall [115ms]
2024-05-08 02:54:55.264 [info] > git show --textconv :public/style.css [29ms]
2024-05-08 02:54:55.273 [info] > git ls-files --stage -- /home/opc/OCI-Project/public/style.css [10ms]
2024-05-08 02:54:55.327 [info] > git cat-file -s c13ca8c3c7a305cd46ff337940490390c4fdbe21 [39ms]
2024-05-08 02:55:34.302 [info] > git config --get commit.template [16ms]
2024-05-08 02:55:34.305 [info] > git for-each-ref --format=%(refname)%00%(upstream:short)%00%(objectname)%00%(upstream:track)%00%(upstream:remotename)%00%(upstream:remoteref) refs/heads/main refs/remotes/main [5ms]
2024-05-08 02:55:34.329 [info] > git status -z -uall [12ms]
2024-05-08 02:55:46.682 [info] > git show --textconv :public/script.js [13ms]
2024-05-08 02:55:46.686 [info] > git ls-files --stage -- /home/opc/OCI-Project/public/script.js [6ms]
2024-05-08 02:55:46.706 [info] > git cat-file -s 99e94a1c38e22f567b4f1553bfa1dbca519e223c [11ms]
2024-05-08 02:55:53.380 [info] > git show --textconv :public/index.html [26ms]
2024-05-08 02:55:53.391 [info] > git ls-files --stage -- /home/opc/OCI-Project/public/index.html [12ms]
2024-05-08 02:55:53.422 [info] > git cat-file -s c6373369ffc93ef899dba0cb9384814674024325 [8ms]
2024-05-08 02:56:01.051 [info] > git show --textconv :public/style.css [18ms]
2024-05-08 02:56:01.056 [info] > git ls-files --stage -- /home/opc/OCI-Project/public/style.css [10ms]
2024-05-08 02:56:01.069 [info] > git cat-file -s c13ca8c3c7a305cd46ff337940490390c4fdbe21 [4ms]
2024-05-08 02:57:02.910 [info] > git config --get commit.template [19ms]
2024-05-08 02:57:02.911 [info] > git for-each-ref --format=%(refname)%00%(upstream:short)%00%(objectname)%00%(upstream:track)%00%(upstream:remotename)%00%(upstream:remoteref) refs/heads/main refs/remotes/main [5ms]
2024-05-08 02:57:02.937 [info] > git status -z -uall [13ms]
2024-05-08 02:57:19.858 [info] > git config --get commit.template [15ms]
2024-05-08 02:57:19.861 [info] > git for-each-ref --format=%(refname)%00%(upstream:short)%00%(objectname)%00%(upstream:track)%00%(upstream:remotename)%00%(upstream:remoteref) refs/heads/main refs/remotes/main [6ms]
2024-05-08 02:57:19.887 [info] > git status -z -uall [12ms]
2024-05-08 02:57:34.636 [info] > git config --get commit.template [15ms]
2024-05-08 02:57:34.639 [info] > git for-each-ref --format=%(refname)%00%(upstream:short)%00%(objectname)%00%(upstream:track)%00%(upstream:remotename)%00%(upstream:remoteref) refs/heads/main refs/remotes/main [5ms]
2024-05-08 02:57:34.667 [info] > git status -z -uall [13ms]
2024-05-08 02:57:41.406 [info] > git config --get commit.template [15ms]
2024-05-08 02:57:41.409 [info] > git for-each-ref --format=%(refname)%00%(upstream:short)%00%(objectname)%00%(upstream:track)%00%(upstream:remotename)%00%(upstream:remoteref) refs/heads/main refs/remotes/main [5ms]
2024-05-08 02:57:41.435 [info] > git status -z -uall [12ms]
2024-05-08 02:57:51.415 [info] > git show --textconv :public/index.html [15ms]
2024-05-08 02:57:51.420 [info] > git ls-files --stage -- /home/opc/OCI-Project/public/index.html [7ms]
2024-05-08 02:57:51.440 [info] > git cat-file -s c6373369ffc93ef899dba0cb9384814674024325 [9ms]
2024-05-08 02:58:07.686 [info] > git config --get commit.template [17ms]
2024-05-08 02:58:07.690 [info] > git for-each-ref --format=%(refname)%00%(upstream:short)%00%(objectname)%00%(upstream:track)%00%(upstream:remotename)%00%(upstream:remoteref) refs/heads/main refs/remotes/main [7ms]
2024-05-08 02:58:07.715 [info] > git status -z -uall [12ms]
2024-05-08 02:58:13.519 [info] > git show --textconv :public/script.js [21ms]
2024-05-08 02:58:13.523 [info] > git ls-files --stage -- /home/opc/OCI-Project/public/script.js [7ms]
2024-05-08 02:58:13.553 [info] > git cat-file -s 99e94a1c38e22f567b4f1553bfa1dbca519e223c [17ms]
2024-05-08 02:58:14.224 [info] > git show --textconv :public/style.css [18ms]
2024-05-08 02:58:14.228 [info] > git ls-files --stage -- /home/opc/OCI-Project/public/style.css [7ms]
2024-05-08 02:58:14.242 [info] > git cat-file -s c13ca8c3c7a305cd46ff337940490390c4fdbe21 [3ms]
2024-05-08 02:58:23.085 [info] > git config --get commit.template [32ms]
2024-05-08 02:58:23.099 [info] > git for-each-ref --format=%(refname)%00%(upstream:short)%00%(objectname)%00%(upstream:track)%00%(upstream:remotename)%00%(upstream:remoteref) refs/heads/main refs/remotes/main [21ms]
2024-05-08 02:58:23.204 [info] > git status -z -uall [38ms]
2024-05-08 02:58:36.074 [info] > git show --textconv :public/script.js [24ms]
2024-05-08 02:58:36.080 [info] > git ls-files --stage -- /home/opc/OCI-Project/public/script.js [13ms]
2024-05-08 02:58:36.093 [info] > git cat-file -s 99e94a1c38e22f567b4f1553bfa1dbca519e223c [3ms]
2024-05-08 02:58:38.024 [info] > git show --textconv :public/index.html [13ms]
2024-05-08 02:58:38.029 [info] > git ls-files --stage -- /home/opc/OCI-Project/public/index.html [6ms]
2024-05-08 02:58:38.046 [info] > git cat-file -s c6373369ffc93ef899dba0cb9384814674024325 [7ms]
2024-05-08 02:58:50.339 [info] > git config --get commit.template [13ms]
2024-05-08 02:58:50.342 [info] > git for-each-ref --format=%(refname)%00%(upstream:short)%00%(objectname)%00%(upstream:track)%00%(upstream:remotename)%00%(upstream:remoteref) refs/heads/main refs/remotes/main [7ms]
2024-05-08 02:58:50.366 [info] > git status -z -uall [14ms]
2024-05-08 02:59:24.162 [info] > git config --get commit.template [15ms]
2024-05-08 02:59:24.165 [info] > git for-each-ref --format=%(refname)%00%(upstream:short)%00%(objectname)%00%(upstream:track)%00%(upstream:remotename)%00%(upstream:remoteref) refs/heads/main refs/remotes/main [5ms]
2024-05-08 02:59:24.190 [info] > git status -z -uall [12ms]
2024-05-08 02:59:28.355 [info] > git show --textconv :public/style.css [20ms]
2024-05-08 02:59:28.360 [info] > git ls-files --stage -- /home/opc/OCI-Project/public/style.css [8ms]
2024-05-08 02:59:28.379 [info] > git cat-file -s c13ca8c3c7a305cd46ff337940490390c4fdbe21 [5ms]
2024-05-08 02:59:34.327 [info] > git config --get commit.template [17ms]
2024-05-08 02:59:34.330 [info] > git for-each-ref --format=%(refname)%00%(upstream:short)%00%(objectname)%00%(upstream:track)%00%(upstream:remotename)%00%(upstream:remoteref) refs/heads/main refs/remotes/main [4ms]
2024-05-08 02:59:34.355 [info] > git status -z -uall [13ms]
2024-05-08 03:00:43.522 [info] > git config --get commit.template [12ms]
2024-05-08 03:00:43.525 [info] > git for-each-ref --format=%(refname)%00%(upstream:short)%00%(objectname)%00%(upstream:track)%00%(upstream:remotename)%00%(upstream:remoteref) refs/heads/main refs/remotes/main [4ms]
2024-05-08 03:00:43.547 [info] > git status -z -uall [11ms]
2024-05-08 03:01:20.148 [info] > git config --get commit.template [12ms]
2024-05-08 03:01:20.151 [info] > git for-each-ref --format=%(refname)%00%(upstream:short)%00%(objectname)%00%(upstream:track)%00%(upstream:remotename)%00%(upstream:remoteref) refs/heads/main refs/remotes/main [4ms]
2024-05-08 03:01:20.171 [info] > git status -z -uall [11ms]
2024-05-08 03:02:31.291 [info] > git config --get commit.template [14ms]
2024-05-08 03:02:31.293 [info] > git for-each-ref --format=%(refname)%00%(upstream:short)%00%(objectname)%00%(upstream:track)%00%(upstream:remotename)%00%(upstream:remoteref) refs/heads/main refs/remotes/main [4ms]
2024-05-08 03:02:31.319 [info] > git status -z -uall [14ms]
2024-05-08 03:02:46.598 [info] > git config --get commit.template [13ms]
2024-05-08 03:02:46.601 [info] > git for-each-ref --format=%(refname)%00%(upstream:short)%00%(objectname)%00%(upstream:track)%00%(upstream:remotename)%00%(upstream:remoteref) refs/heads/main refs/remotes/main [4ms]
2024-05-08 03:02:46.622 [info] > git status -z -uall [12ms]
2024-05-08 03:03:15.184 [info] > git config --get commit.template [14ms]
2024-05-08 03:03:15.187 [info] > git for-each-ref --format=%(refname)%00%(upstream:short)%00%(objectname)%00%(upstream:track)%00%(upstream:remotename)%00%(upstream:remoteref) refs/heads/main refs/remotes/main [4ms]
2024-05-08 03:03:15.210 [info] > git status -z -uall [11ms]
2024-05-08 03:05:41.061 [info] > git config --get commit.template [22ms]
2024-05-08 03:05:41.070 [info] > git for-each-ref --format=%(refname)%00%(upstream:short)%00%(objectname)%00%(upstream:track)%00%(upstream:remotename)%00%(upstream:remoteref) refs/heads/main refs/remotes/main [11ms]
2024-05-08 03:05:41.100 [info] > git status -z -uall [17ms]
2024-05-08 03:07:48.840 [info] > git show --textconv :public/script.js [15ms]
2024-05-08 03:07:48.845 [info] > git ls-files --stage -- /home/opc/OCI-Project/public/script.js [5ms]
2024-05-08 03:07:48.870 [info] > git cat-file -s 99e94a1c38e22f567b4f1553bfa1dbca519e223c [15ms]
2024-05-08 03:13:18.795 [info] > git config --get commit.template [24ms]
2024-05-08 03:13:18.803 [info] > git for-each-ref --format=%(refname)%00%(upstream:short)%00%(objectname)%00%(upstream:track)%00%(upstream:remotename)%00%(upstream:remoteref) refs/heads/main refs/remotes/main [12ms]
2024-05-08 03:13:18.831 [info] > git status -z -uall [17ms]
2024-05-08 03:13:18.927 [info] > git show --textconv :public/style.css [16ms]
2024-05-08 03:13:18.935 [info] > git ls-files --stage -- /home/opc/OCI-Project/public/style.css [10ms]
2024-05-08 03:13:18.957 [info] > git cat-file -s c13ca8c3c7a305cd46ff337940490390c4fdbe21 [11ms]
2024-05-08 03:14:43.628 [info] > git config --get commit.template [14ms]
2024-05-08 03:14:43.631 [info] > git for-each-ref --format=%(refname)%00%(upstream:short)%00%(objectname)%00%(upstream:track)%00%(upstream:remotename)%00%(upstream:remoteref) refs/heads/main refs/remotes/main [6ms]
2024-05-08 03:14:43.654 [info] > git status -z -uall [12ms]
2024-05-08 03:14:45.065 [info] > git show --textconv :public/index.html [17ms]
2024-05-08 03:14:45.069 [info] > git ls-files --stage -- /home/opc/OCI-Project/public/index.html [8ms]
2024-05-08 03:14:45.090 [info] > git cat-file -s c6373369ffc93ef899dba0cb9384814674024325 [10ms]
2024-05-08 03:14:59.217 [info] > git show --textconv :public/script.js [14ms]
2024-05-08 03:14:59.222 [info] > git ls-files --stage -- /home/opc/OCI-Project/public/script.js [6ms]
2024-05-08 03:14:59.241 [info] > git cat-file -s 99e94a1c38e22f567b4f1553bfa1dbca519e223c [9ms]
2024-05-08 03:15:01.039 [info] > git show --textconv :public/style.css [14ms]
2024-05-08 03:15:01.043 [info] > git ls-files --stage -- /home/opc/OCI-Project/public/style.css [5ms]
2024-05-08 03:15:01.061 [info] > git cat-file -s c13ca8c3c7a305cd46ff337940490390c4fdbe21 [7ms]
2024-05-08 03:15:40.080 [info] > git config --get commit.template [16ms]
2024-05-08 03:15:40.083 [info] > git for-each-ref --format=%(refname)%00%(upstream:short)%00%(objectname)%00%(upstream:track)%00%(upstream:remotename)%00%(upstream:remoteref) refs/heads/main refs/remotes/main [6ms]
2024-05-08 03:15:40.108 [info] > git status -z -uall [13ms]
2024-05-08 03:16:48.645 [info] > git config --get commit.template [15ms]
2024-05-08 03:16:48.648 [info] > git for-each-ref --format=%(refname)%00%(upstream:short)%00%(objectname)%00%(upstream:track)%00%(upstream:remotename)%00%(upstream:remoteref) refs/heads/main refs/remotes/main [4ms]
2024-05-08 03:16:48.669 [info] > git status -z -uall [12ms]
2024-05-08 03:17:10.583 [info] > git show --textconv :public/index.html [12ms]
2024-05-08 03:17:10.587 [info] > git ls-files --stage -- /home/opc/OCI-Project/public/index.html [5ms]
2024-05-08 03:17:10.599 [info] > git cat-file -s c6373369ffc93ef899dba0cb9384814674024325 [2ms]
2024-05-08 03:17:12.996 [info] > git show --textconv :public/style.css [16ms]
2024-05-08 03:17:13.000 [info] > git ls-files --stage -- /home/opc/OCI-Project/public/style.css [6ms]
2024-05-08 03:17:13.029 [info] > git cat-file -s c13ca8c3c7a305cd46ff337940490390c4fdbe21 [9ms]
2024-05-08 03:17:53.410 [info] > git config --get commit.template [16ms]
2024-05-08 03:17:53.413 [info] > git for-each-ref --format=%(refname)%00%(upstream:short)%00%(objectname)%00%(upstream:track)%00%(upstream:remotename)%00%(upstream:remoteref) refs/heads/main refs/remotes/main [5ms]
2024-05-08 03:17:53.438 [info] > git status -z -uall [11ms]
2024-05-08 03:18:05.306 [info] > git config --get commit.template [16ms]
2024-05-08 03:18:05.309 [info] > git for-each-ref --format=%(refname)%00%(upstream:short)%00%(objectname)%00%(upstream:track)%00%(upstream:remotename)%00%(upstream:remoteref) refs/heads/main refs/remotes/main [5ms]
2024-05-08 03:18:05.334 [info] > git status -z -uall [12ms]
2024-05-08 03:18:13.681 [info] > git config --get commit.template [12ms]
2024-05-08 03:18:13.683 [info] > git for-each-ref --format=%(refname)%00%(upstream:short)%00%(objectname)%00%(upstream:track)%00%(upstream:remotename)%00%(upstream:remoteref) refs/heads/main refs/remotes/main [3ms]
2024-05-08 03:18:13.704 [info] > git status -z -uall [11ms]
2024-05-08 03:19:28.083 [info] > git config --get commit.template [18ms]
2024-05-08 03:19:28.084 [info] > git for-each-ref --format=%(refname)%00%(upstream:short)%00%(objectname)%00%(upstream:track)%00%(upstream:remotename)%00%(upstream:remoteref) refs/heads/main refs/remotes/main [7ms]
2024-05-08 03:19:28.134 [info] > git status -z -uall [26ms]
2024-05-08 03:19:55.366 [info] > git config --get commit.template [14ms]
2024-05-08 03:19:55.369 [info] > git for-each-ref --format=%(refname)%00%(upstream:short)%00%(objectname)%00%(upstream:track)%00%(upstream:remotename)%00%(upstream:remoteref) refs/heads/main refs/remotes/main [4ms]
2024-05-08 03:19:55.396 [info] > git status -z -uall [14ms]
2024-05-08 03:20:02.632 [info] > git config --get commit.template [16ms]
2024-05-08 03:20:02.636 [info] > git for-each-ref --format=%(refname)%00%(upstream:short)%00%(objectname)%00%(upstream:track)%00%(upstream:remotename)%00%(upstream:remoteref) refs/heads/main refs/remotes/main [6ms]
2024-05-08 03:20:02.659 [info] > git status -z -uall [12ms]
2024-05-08 03:20:21.936 [info] > git config --get commit.template [16ms]
2024-05-08 03:20:21.939 [info] > git for-each-ref --format=%(refname)%00%(upstream:short)%00%(objectname)%00%(upstream:track)%00%(upstream:remotename)%00%(upstream:remoteref) refs/heads/main refs/remotes/main [8ms]
2024-05-08 03:20:21.965 [info] > git status -z -uall [13ms]
2024-05-08 03:20:41.144 [info] > git config --get commit.template [12ms]
2024-05-08 03:20:41.146 [info] > git for-each-ref --format=%(refname)%00%(upstream:short)%00%(objectname)%00%(upstream:track)%00%(upstream:remotename)%00%(upstream:remoteref) refs/heads/main refs/remotes/main [4ms]
2024-05-08 03:20:41.173 [info] > git status -z -uall [15ms]
2024-05-08 03:21:10.332 [info] > git config --get commit.template [13ms]
2024-05-08 03:21:10.335 [info] > git for-each-ref --format=%(refname)%00%(upstream:short)%00%(objectname)%00%(upstream:track)%00%(upstream:remotename)%00%(upstream:remoteref) refs/heads/main refs/remotes/main [5ms]
2024-05-08 03:21:10.358 [info] > git status -z -uall [14ms]
2024-05-08 03:21:24.020 [info] > git config --get commit.template [11ms]
2024-05-08 03:21:24.022 [info] > git for-each-ref --format=%(refname)%00%(upstream:short)%00%(objectname)%00%(upstream:track)%00%(upstream:remotename)%00%(upstream:remoteref) refs/heads/main refs/remotes/main [4ms]
2024-05-08 03:21:24.042 [info] > git status -z -uall [11ms]
2024-05-08 03:21:47.964 [info] > git config --get commit.template [14ms]
2024-05-08 03:21:47.967 [info] > git for-each-ref --format=%(refname)%00%(upstream:short)%00%(objectname)%00%(upstream:track)%00%(upstream:remotename)%00%(upstream:remoteref) refs/heads/main refs/remotes/main [4ms]
2024-05-08 03:21:47.991 [info] > git status -z -uall [12ms]
2024-05-08 03:23:13.269 [info] > git config --get commit.template [17ms]
2024-05-08 03:23:13.274 [info] > git for-each-ref --format=%(refname)%00%(upstream:short)%00%(objectname)%00%(upstream:track)%00%(upstream:remotename)%00%(upstream:remoteref) refs/heads/main refs/remotes/main [7ms]
2024-05-08 03:23:13.299 [info] > git status -z -uall [12ms]
2024-05-08 03:23:37.962 [info] > git config --get commit.template [12ms]
2024-05-08 03:23:37.965 [info] > git for-each-ref --format=%(refname)%00%(upstream:short)%00%(objectname)%00%(upstream:track)%00%(upstream:remotename)%00%(upstream:remoteref) refs/heads/main refs/remotes/main [4ms]
2024-05-08 03:23:37.987 [info] > git status -z -uall [12ms]
2024-05-08 03:24:00.631 [info] > git config --get commit.template [15ms]
2024-05-08 03:24:00.634 [info] > git for-each-ref --format=%(refname)%00%(upstream:short)%00%(objectname)%00%(upstream:track)%00%(upstream:remotename)%00%(upstream:remoteref) refs/heads/main refs/remotes/main [5ms]
2024-05-08 03:24:00.657 [info] > git status -z -uall [13ms]
2024-05-08 03:25:38.901 [info] > git config --get commit.template [17ms]
2024-05-08 03:25:38.906 [info] > git for-each-ref --format=%(refname)%00%(upstream:short)%00%(objectname)%00%(upstream:track)%00%(upstream:remotename)%00%(upstream:remoteref) refs/heads/main refs/remotes/main [6ms]
2024-05-08 03:25:38.932 [info] > git status -z -uall [15ms]
2024-05-08 03:25:44.015 [info] > git show --textconv :public/index.html [15ms]
2024-05-08 03:25:44.020 [info] > git ls-files --stage -- /home/opc/OCI-Project/public/index.html [5ms]
2024-05-08 03:25:44.032 [info] > git cat-file -s c6373369ffc93ef899dba0cb9384814674024325 [4ms]
2024-05-08 03:26:18.444 [info] > git config --get commit.template [14ms]
2024-05-08 03:26:18.449 [info] > git for-each-ref --format=%(refname)%00%(upstream:short)%00%(objectname)%00%(upstream:track)%00%(upstream:remotename)%00%(upstream:remoteref) refs/heads/main refs/remotes/main [6ms]
2024-05-08 03:26:18.473 [info] > git status -z -uall [14ms]
2024-05-08 03:26:18.617 [info] > git show --textconv :public/style.css [12ms]
2024-05-08 03:26:18.622 [info] > git ls-files --stage -- /home/opc/OCI-Project/public/style.css [6ms]
2024-05-08 03:26:18.633 [info] > git cat-file -s c13ca8c3c7a305cd46ff337940490390c4fdbe21 [2ms]
2024-05-08 03:26:59.982 [info] > git config --get commit.template [13ms]
2024-05-08 03:26:59.985 [info] > git for-each-ref --format=%(refname)%00%(upstream:short)%00%(objectname)%00%(upstream:track)%00%(upstream:remotename)%00%(upstream:remoteref) refs/heads/main refs/remotes/main [4ms]
2024-05-08 03:27:00.008 [info] > git status -z -uall [11ms]
2024-05-08 03:27:46.442 [info] > git config --get commit.template [11ms]
2024-05-08 03:27:46.444 [info] > git for-each-ref --format=%(refname)%00%(upstream:short)%00%(objectname)%00%(upstream:track)%00%(upstream:remotename)%00%(upstream:remoteref) refs/heads/main refs/remotes/main [4ms]
2024-05-08 03:27:46.466 [info] > git status -z -uall [11ms]
2024-05-08 03:28:59.642 [info] > git show --textconv :public/index.html [15ms]
2024-05-08 03:28:59.652 [info] > git ls-files --stage -- /home/opc/OCI-Project/public/index.html [11ms]
2024-05-08 03:28:59.666 [info] > git cat-file -s c6373369ffc93ef899dba0cb9384814674024325 [4ms]
2024-05-08 03:29:08.446 [info] > git config --get commit.template [13ms]
2024-05-08 03:29:08.448 [info] > git for-each-ref --format=%(refname)%00%(upstream:short)%00%(objectname)%00%(upstream:track)%00%(upstream:remotename)%00%(upstream:remoteref) refs/heads/main refs/remotes/main [4ms]
2024-05-08 03:29:08.469 [info] > git status -z -uall [11ms]
2024-05-08 03:29:14.763 [info] > git show --textconv :public/style.css [16ms]
2024-05-08 03:29:14.767 [info] > git ls-files --stage -- /home/opc/OCI-Project/public/style.css [8ms]
2024-05-08 03:29:14.782 [info] > git cat-file -s c13ca8c3c7a305cd46ff337940490390c4fdbe21 [6ms]
2024-05-08 03:29:28.111 [info] > git config --get commit.template [17ms]
2024-05-08 03:29:28.114 [info] > git for-each-ref --format=%(refname)%00%(upstream:short)%00%(objectname)%00%(upstream:track)%00%(upstream:remotename)%00%(upstream:remoteref) refs/heads/main refs/remotes/main [4ms]
2024-05-08 03:29:28.137 [info] > git status -z -uall [11ms]
2024-05-08 03:29:57.940 [info] > git config --get commit.template [12ms]
2024-05-08 03:29:57.943 [info] > git for-each-ref --format=%(refname)%00%(upstream:short)%00%(objectname)%00%(upstream:track)%00%(upstream:remotename)%00%(upstream:remoteref) refs/heads/main refs/remotes/main [5ms]
2024-05-08 03:29:57.966 [info] > git status -z -uall [13ms]
2024-05-08 03:30:06.409 [info] > git config --get commit.template [13ms]
2024-05-08 03:30:06.412 [info] > git for-each-ref --format=%(refname)%00%(upstream:short)%00%(objectname)%00%(upstream:track)%00%(upstream:remotename)%00%(upstream:remoteref) refs/heads/main refs/remotes/main [5ms]
2024-05-08 03:30:06.433 [info] > git status -z -uall [11ms]
2024-05-08 03:31:37.552 [info] > git config --get commit.template [12ms]
2024-05-08 03:31:37.554 [info] > git for-each-ref --format=%(refname)%00%(upstream:short)%00%(objectname)%00%(upstream:track)%00%(upstream:remotename)%00%(upstream:remoteref) refs/heads/main refs/remotes/main [3ms]
2024-05-08 03:31:37.574 [info] > git status -z -uall [11ms]
2024-05-08 03:32:21.597 [info] > git config --get commit.template [17ms]
2024-05-08 03:32:21.601 [info] > git for-each-ref --format=%(refname)%00%(upstream:short)%00%(objectname)%00%(upstream:track)%00%(upstream:remotename)%00%(upstream:remoteref) refs/heads/main refs/remotes/main [6ms]
2024-05-08 03:32:21.628 [info] > git status -z -uall [13ms]
2024-05-08 03:32:24.342 [info] > git show --textconv :public/index.html [12ms]
2024-05-08 03:32:24.346 [info] > git ls-files --stage -- /home/opc/OCI-Project/public/index.html [5ms]
2024-05-08 03:32:24.356 [info] > git cat-file -s c6373369ffc93ef899dba0cb9384814674024325 [3ms]
2024-05-08 03:32:30.692 [info] > git show --textconv :public/style.css [11ms]
2024-05-08 03:32:30.697 [info] > git ls-files --stage -- /home/opc/OCI-Project/public/style.css [6ms]
2024-05-08 03:32:30.707 [info] > git cat-file -s c13ca8c3c7a305cd46ff337940490390c4fdbe21 [2ms]
2024-05-08 03:32:44.757 [info] > git config --get commit.template [12ms]
2024-05-08 03:32:44.759 [info] > git for-each-ref --format=%(refname)%00%(upstream:short)%00%(objectname)%00%(upstream:track)%00%(upstream:remotename)%00%(upstream:remoteref) refs/heads/main refs/remotes/main [3ms]
2024-05-08 03:32:44.783 [info] > git status -z -uall [14ms]
2024-05-08 03:32:52.356 [info] > git config --get commit.template [14ms]
2024-05-08 03:32:52.359 [info] > git for-each-ref --format=%(refname)%00%(upstream:short)%00%(objectname)%00%(upstream:track)%00%(upstream:remotename)%00%(upstream:remoteref) refs/heads/main refs/remotes/main [4ms]
2024-05-08 03:32:52.383 [info] > git status -z -uall [13ms]
2024-05-08 03:34:13.073 [info] > git config --get commit.template [12ms]
2024-05-08 03:34:13.076 [info] > git for-each-ref --format=%(refname)%00%(upstream:short)%00%(objectname)%00%(upstream:track)%00%(upstream:remotename)%00%(upstream:remoteref) refs/heads/main refs/remotes/main [5ms]
2024-05-08 03:34:13.098 [info] > git status -z -uall [11ms]
2024-05-08 03:34:14.699 [info] > git show --textconv :public/script.js [16ms]
2024-05-08 03:34:14.706 [info] > git ls-files --stage -- /home/opc/OCI-Project/public/script.js [8ms]
2024-05-08 03:34:14.732 [info] > git cat-file -s 99e94a1c38e22f567b4f1553bfa1dbca519e223c [14ms]
2024-05-08 03:35:04.531 [info] > git config --get commit.template [24ms]
2024-05-08 03:35:04.621 [info] > git for-each-ref --format=%(refname)%00%(upstream:short)%00%(objectname)%00%(upstream:track)%00%(upstream:remotename)%00%(upstream:remoteref) refs/heads/main refs/remotes/main [17ms]
2024-05-08 03:35:04.725 [info] > git status -z -uall [42ms]
2024-05-08 03:35:05.718 [info] > git show --textconv :public/style.css [13ms]
2024-05-08 03:35:05.723 [info] > git ls-files --stage -- /home/opc/OCI-Project/public/style.css [5ms]
2024-05-08 03:35:05.734 [info] > git cat-file -s c13ca8c3c7a305cd46ff337940490390c4fdbe21 [3ms]
2024-05-08 03:35:20.827 [info] > git show --textconv :public/script.js [17ms]
2024-05-08 03:35:20.831 [info] > git ls-files --stage -- /home/opc/OCI-Project/public/script.js [7ms]
2024-05-08 03:35:20.844 [info] > git cat-file -s 99e94a1c38e22f567b4f1553bfa1dbca519e223c [2ms]
2024-05-08 03:35:24.730 [info] > git config --get commit.template [18ms]
2024-05-08 03:35:24.733 [info] > git for-each-ref --format=%(refname)%00%(upstream:short)%00%(objectname)%00%(upstream:track)%00%(upstream:remotename)%00%(upstream:remoteref) refs/heads/main refs/remotes/main [5ms]
2024-05-08 03:35:24.759 [info] > git status -z -uall [13ms]
2024-05-08 03:35:28.541 [info] > git show --textconv :public/style.css [20ms]
2024-05-08 03:35:28.549 [info] > git ls-files --stage -- /home/opc/OCI-Project/public/style.css [10ms]
2024-05-08 03:35:28.565 [info] > git cat-file -s c13ca8c3c7a305cd46ff337940490390c4fdbe21 [4ms]
2024-05-08 03:35:39.301 [info] > git show --textconv :public/index.html [15ms]
2024-05-08 03:35:39.306 [info] > git ls-files --stage -- /home/opc/OCI-Project/public/index.html [5ms]
2024-05-08 03:35:39.320 [info] > git cat-file -s c6373369ffc93ef899dba0cb9384814674024325 [3ms]
2024-05-08 03:37:12.935 [info] > git show --textconv :public/script.js [14ms]
2024-05-08 03:37:12.940 [info] > git ls-files --stage -- /home/opc/OCI-Project/public/script.js [6ms]
2024-05-08 03:37:12.952 [info] > git cat-file -s 99e94a1c38e22f567b4f1553bfa1dbca519e223c [3ms]
2024-05-08 03:37:28.602 [info] > git for-each-ref --format=%(refname)%00%(upstream:short)%00%(objectname)%00%(upstream:track)%00%(upstream:remotename)%00%(upstream:remoteref) refs/heads/main refs/remotes/main [11ms]
2024-05-08 03:37:28.603 [info] > git config --get commit.template [25ms]
2024-05-08 03:37:28.626 [info] > git status -z -uall [11ms]
2024-05-08 03:37:35.219 [info] > git config --get commit.template [14ms]
2024-05-08 03:37:35.222 [info] > git for-each-ref --format=%(refname)%00%(upstream:short)%00%(objectname)%00%(upstream:track)%00%(upstream:remotename)%00%(upstream:remoteref) refs/heads/main refs/remotes/main [4ms]
2024-05-08 03:37:35.245 [info] > git status -z -uall [11ms]
2024-05-08 03:37:35.840 [info] > git show --textconv :public/index.html [17ms]
2024-05-08 03:37:35.845 [info] > git ls-files --stage -- /home/opc/OCI-Project/public/index.html [5ms]
2024-05-08 03:37:35.861 [info] > git cat-file -s c6373369ffc93ef899dba0cb9384814674024325 [7ms]
2024-05-08 03:37:55.082 [info] > git config --get commit.template [13ms]
2024-05-08 03:37:55.085 [info] > git for-each-ref --format=%(refname)%00%(upstream:short)%00%(objectname)%00%(upstream:track)%00%(upstream:remotename)%00%(upstream:remoteref) refs/heads/main refs/remotes/main [4ms]
2024-05-08 03:37:55.109 [info] > git status -z -uall [11ms]
2024-05-08 03:37:56.402 [info] > git show --textconv :public/style.css [19ms]
2024-05-08 03:37:56.406 [info] > git ls-files --stage -- /home/opc/OCI-Project/public/style.css [5ms]
2024-05-08 03:37:56.420 [info] > git cat-file -s c13ca8c3c7a305cd46ff337940490390c4fdbe21 [3ms]
2024-05-08 03:38:38.006 [info] > git show --textconv :public/script.js [16ms]
2024-05-08 03:38:38.011 [info] > git ls-files --stage -- /home/opc/OCI-Project/public/script.js [7ms]
2024-05-08 03:38:38.029 [info] > git cat-file -s 99e94a1c38e22f567b4f1553bfa1dbca519e223c [8ms]
2024-05-08 03:38:38.951 [info] > git show --textconv :public/index.html [15ms]
2024-05-08 03:38:38.956 [info] > git ls-files --stage -- /home/opc/OCI-Project/public/index.html [5ms]
2024-05-08 03:38:38.970 [info] > git cat-file -s c6373369ffc93ef899dba0cb9384814674024325 [3ms]
2024-05-08 03:38:41.495 [info] > git show --textconv :public/script.js [16ms]
2024-05-08 03:38:41.500 [info] > git ls-files --stage -- /home/opc/OCI-Project/public/script.js [6ms]
2024-05-08 03:38:41.513 [info] > git cat-file -s 99e94a1c38e22f567b4f1553bfa1dbca519e223c [3ms]
2024-05-08 03:38:51.952 [info] > git config --get commit.template [12ms]
2024-05-08 03:38:51.955 [info] > git for-each-ref --format=%(refname)%00%(upstream:short)%00%(objectname)%00%(upstream:track)%00%(upstream:remotename)%00%(upstream:remoteref) refs/heads/main refs/remotes/main [4ms]
2024-05-08 03:38:51.977 [info] > git status -z -uall [12ms]
2024-05-08 03:38:55.266 [info] > git show --textconv :public/style.css [17ms]
2024-05-08 03:38:55.270 [info] > git ls-files --stage -- /home/opc/OCI-Project/public/style.css [6ms]
2024-05-08 03:38:55.295 [info] > git cat-file -s c13ca8c3c7a305cd46ff337940490390c4fdbe21 [9ms]
2024-05-08 03:39:07.001 [info] > git config --get commit.template [14ms]
2024-05-08 03:39:07.005 [info] > git for-each-ref --format=%(refname)%00%(upstream:short)%00%(objectname)%00%(upstream:track)%00%(upstream:remotename)%00%(upstream:remoteref) refs/heads/main refs/remotes/main [4ms]
2024-05-08 03:39:07.030 [info] > git status -z -uall [14ms]
2024-05-08 03:39:24.326 [info] > git show --textconv :public/script.js [18ms]
2024-05-08 03:39:24.330 [info] > git ls-files --stage -- /home/opc/OCI-Project/public/script.js [7ms]
2024-05-08 03:39:24.345 [info] > git cat-file -s 99e94a1c38e22f567b4f1553bfa1dbca519e223c [3ms]
2024-05-08 03:40:16.893 [info] > git config --get commit.template [18ms]
2024-05-08 03:40:16.900 [info] > git for-each-ref --format=%(refname)%00%(upstream:short)%00%(objectname)%00%(upstream:track)%00%(upstream:remotename)%00%(upstream:remoteref) refs/heads/main refs/remotes/main [9ms]
2024-05-08 03:40:16.925 [info] > git status -z -uall [13ms]
2024-05-08 03:41:53.347 [info] > git config --get commit.template [23ms]
2024-05-08 03:41:53.352 [info] > git for-each-ref --format=%(refname)%00%(upstream:short)%00%(objectname)%00%(upstream:track)%00%(upstream:remotename)%00%(upstream:remoteref) refs/heads/main refs/remotes/main [8ms]
2024-05-08 03:41:53.379 [info] > git status -z -uall [15ms]
2024-05-08 03:42:36.692 [info] > git config --get commit.template [19ms]
2024-05-08 03:42:36.697 [info] > git for-each-ref --format=%(refname)%00%(upstream:short)%00%(objectname)%00%(upstream:track)%00%(upstream:remotename)%00%(upstream:remoteref) refs/heads/main refs/remotes/main [6ms]
2024-05-08 03:42:36.724 [info] > git status -z -uall [14ms]
2024-05-08 03:43:27.435 [info] > git config --get commit.template [17ms]
2024-05-08 03:43:27.438 [info] > git for-each-ref --format=%(refname)%00%(upstream:short)%00%(objectname)%00%(upstream:track)%00%(upstream:remotename)%00%(upstream:remoteref) refs/heads/main refs/remotes/main [6ms]
2024-05-08 03:43:27.462 [info] > git status -z -uall [12ms]
2024-05-08 03:43:51.730 [info] > git show --textconv :public/style.css [15ms]
2024-05-08 03:43:51.735 [info] > git ls-files --stage -- /home/opc/OCI-Project/public/style.css [6ms]
2024-05-08 03:43:51.749 [info] > git cat-file -s c13ca8c3c7a305cd46ff337940490390c4fdbe21 [3ms]
2024-05-08 03:44:08.043 [info] > git config --get commit.template [15ms]
2024-05-08 03:44:08.045 [info] > git for-each-ref --format=%(refname)%00%(upstream:short)%00%(objectname)%00%(upstream:track)%00%(upstream:remotename)%00%(upstream:remoteref) refs/heads/main refs/remotes/main [3ms]
2024-05-08 03:44:08.072 [info] > git status -z -uall [15ms]
2024-05-08 03:44:40.312 [info] > git config --get commit.template [15ms]
2024-05-08 03:44:40.315 [info] > git for-each-ref --format=%(refname)%00%(upstream:short)%00%(objectname)%00%(upstream:track)%00%(upstream:remotename)%00%(upstream:remoteref) refs/heads/main refs/remotes/main [4ms]
2024-05-08 03:44:40.335 [info] > git status -z -uall [11ms]
2024-05-08 03:44:53.421 [info] > git show --textconv :public/script.js [16ms]
2024-05-08 03:44:53.426 [info] > git ls-files --stage -- /home/opc/OCI-Project/public/script.js [6ms]
2024-05-08 03:44:53.446 [info] > git cat-file -s 99e94a1c38e22f567b4f1553bfa1dbca519e223c [8ms]
2024-05-08 03:47:47.951 [info] > git config --get commit.template [15ms]
2024-05-08 03:47:47.954 [info] > git for-each-ref --format=%(refname)%00%(upstream:short)%00%(objectname)%00%(upstream:track)%00%(upstream:remotename)%00%(upstream:remoteref) refs/heads/main refs/remotes/main [5ms]
2024-05-08 03:47:47.981 [info] > git status -z -uall [13ms]
2024-05-08 03:47:49.710 [info] > git show --textconv :public/style.css [12ms]
2024-05-08 03:47:49.714 [info] > git ls-files --stage -- /home/opc/OCI-Project/public/style.css [6ms]
2024-05-08 03:47:49.727 [info] > git cat-file -s c13ca8c3c7a305cd46ff337940490390c4fdbe21 [6ms]
2024-05-08 03:48:09.788 [info] > git config --get commit.template [18ms]
2024-05-08 03:48:09.791 [info] > git for-each-ref --format=%(refname)%00%(upstream:short)%00%(objectname)%00%(upstream:track)%00%(upstream:remotename)%00%(upstream:remoteref) refs/heads/main refs/remotes/main [6ms]
2024-05-08 03:48:09.813 [info] > git status -z -uall [12ms]
2024-05-08 03:48:58.450 [info] > git config --get commit.template [12ms]
2024-05-08 03:48:58.452 [info] > git for-each-ref --format=%(refname)%00%(upstream:short)%00%(objectname)%00%(upstream:track)%00%(upstream:remotename)%00%(upstream:remoteref) refs/heads/main refs/remotes/main [3ms]
2024-05-08 03:48:58.473 [info] > git status -z -uall [12ms]
2024-05-08 03:49:26.988 [info] > git config --get commit.template [13ms]
2024-05-08 03:49:26.991 [info] > git for-each-ref --format=%(refname)%00%(upstream:short)%00%(objectname)%00%(upstream:track)%00%(upstream:remotename)%00%(upstream:remoteref) refs/heads/main refs/remotes/main [5ms]
2024-05-08 03:49:27.015 [info] > git status -z -uall [14ms]
2024-05-08 03:49:39.960 [info] > git config --get commit.template [13ms]
2024-05-08 03:49:39.963 [info] > git for-each-ref --format=%(refname)%00%(upstream:short)%00%(objectname)%00%(upstream:track)%00%(upstream:remotename)%00%(upstream:remoteref) refs/heads/main refs/remotes/main [4ms]
2024-05-08 03:49:39.987 [info] > git status -z -uall [13ms]
2024-05-08 03:49:40.195 [info] > git ls-files --stage -- /home/opc/OCI-Project/public/style.css [4ms]
2024-05-08 03:49:40.209 [info] > git cat-file -s 13f5b7cc33c6da9a4308a486e09d34dbb43aefc2 [3ms]
2024-05-08 03:49:40.272 [info] > git show --textconv :public/style.css [5ms]
2024-05-08 03:49:52.835 [info] > git config --get commit.template [18ms]
2024-05-08 03:49:52.838 [info] > git for-each-ref --format=%(refname)%00%(upstream:short)%00%(objectname)%00%(upstream:track)%00%(upstream:remotename)%00%(upstream:remoteref) refs/heads/main refs/remotes/main [6ms]
2024-05-08 03:49:52.861 [info] > git status -z -uall [12ms]
2024-05-08 03:49:52.884 [info] > git merge-base refs/heads/main refs/remotes/origin/main [6ms]
2024-05-08 03:49:52.898 [info] > git rev-list --count --left-right refs/heads/main...refs/remotes/origin/main [4ms]
2024-05-08 03:49:52.912 [info] > git diff --name-status -z --diff-filter=ADMR 566b1d5a5faad4712e4d4fbd1c8f02bde656a352...refs/remotes/origin/main [4ms]
2024-05-08 03:49:52.984 [info] > git ls-files --stage -- /home/opc/OCI-Project/public/style.css [4ms]
2024-05-08 03:49:52.998 [info] > git cat-file -s 13f5b7cc33c6da9a4308a486e09d34dbb43aefc2 [3ms]
2024-05-08 03:49:53.072 [info] > git show --textconv :public/style.css [4ms]
2024-05-08 03:49:57.230 [info] > git ls-files --stage -- /home/opc/OCI-Project/public/style.css [3ms]
2024-05-08 03:49:57.241 [info] > git cat-file -s 13f5b7cc33c6da9a4308a486e09d34dbb43aefc2 [3ms]
2024-05-08 03:49:57.299 [info] > git show --textconv :public/style.css [4ms]
2024-05-08 03:49:57.906 [info] > git config --get commit.template [13ms]
2024-05-08 03:49:57.909 [info] > git for-each-ref --format=%(refname)%00%(upstream:short)%00%(objectname)%00%(upstream:track)%00%(upstream:remotename)%00%(upstream:remoteref) refs/heads/main refs/remotes/main [6ms]
2024-05-08 03:49:57.929 [info] > git status -z -uall [11ms]
2024-05-08 03:49:57.947 [info] > git merge-base refs/heads/main refs/remotes/origin/main [7ms]
2024-05-08 03:49:57.960 [info] > git rev-list --count --left-right refs/heads/main...refs/remotes/origin/main [4ms]
2024-05-08 03:49:57.976 [info] > git diff --name-status -z --diff-filter=ADMR 67f27ab3373fb4f732d934560f611b19453bf24b...refs/remotes/origin/main [5ms]
